{"type":"operationStart","subtype":"profile","data":{"_id":"edyQkjUP4xs12DBX","timestamp":"2025-06-26T15:08:49.759Z","state":"queued","mode":"standard","creationDate":"2025-06-26T15:08:49.769Z","modificationDate":"2025-06-26T15:08:49.769Z","shortid":"_U7Fbzm","$entitySet":"profiles"},"doDiffs":false,"timestamp":1750950529766,"id":"8nl5nvxn0zvomy1","previousOperationId":null,"operationId":"1m57uvj3tfqy2qx"}
{"type":"log","level":"info","message":"Render request 5 queued for execution and waiting for available worker","previousOperationId":"1m57uvj3tfqy2qx","timestamp":1750950529767,"id":"cdq1i6ciqkfoqpo"}
{"type":"operationStart","subtype":"render","name":"historialCompras","previousOperationId":"1m57uvj3tfqy2qx","timestamp":1750950529862,"id":"woy5ubgm0fv2ii8","previousEventId":"8nl5nvxn0zvomy1","operationId":"t0xi5julg8pw1oe"}
{"type":"log","timestamp":1750950529867,"level":"info","message":"Starting rendering request 5","meta":{"rootId":"9phsqdls7zppiqj","id":"9phsqdls7zppiqj"},"id":"8vunl9htxx6f24r","previousOperationId":"t0xi5julg8pw1oe"}
{"type":"log","timestamp":1750950529871,"level":"info","message":"Rendering template { name: historialCompras, recipe: chrome-pdf, engine: jsrender, preview: false }","meta":{"rootId":"9phsqdls7zppiqj","id":"9phsqdls7zppiqj"},"id":"vvdfiys69nxn4g6","previousOperationId":"t0xi5julg8pw1oe"}
{"type":"log","timestamp":1750950529872,"level":"debug","message":"Inline data specified.","meta":{"rootId":"9phsqdls7zppiqj","id":"9phsqdls7zppiqj"},"id":"g4lxa54772ca0ds","previousOperationId":"t0xi5julg8pw1oe"}
{"type":"log","timestamp":1750950529881,"level":"debug","message":"Base url not specified, skipping its injection.","meta":{"rootId":"9phsqdls7zppiqj","id":"9phsqdls7zppiqj"},"id":"v584pih5tbjevow","previousOperationId":"t0xi5julg8pw1oe"}
{"type":"operationStart","subtype":"engine","name":"jsrender","timestamp":1750950529896,"id":"bnj7q39vlm5ua9r","previousEventId":"woy5ubgm0fv2ii8","operationId":"7cberq36ljr4qzr","previousOperationId":"t0xi5julg8pw1oe"}
{"type":"log","timestamp":1750950529896,"level":"debug","message":"Rendering engine jsrender","meta":{"rootId":"9phsqdls7zppiqj","id":"9phsqdls7zppiqj"},"id":"fbnw5v23n1kndfz","previousOperationId":"7cberq36ljr4qzr"}
{"type":"operationEnd","operationId":"7cberq36ljr4qzr","timestamp":1750950529955,"id":"z9oh4l37ajhg13j","previousEventId":"bnj7q39vlm5ua9r","previousOperationId":"7cberq36ljr4qzr"}
{"type":"operationStart","subtype":"recipe","name":"chrome-pdf","timestamp":1750950529957,"id":"qn6tvcyu3vqegqb","previousEventId":"z9oh4l37ajhg13j","operationId":"kbj3n0detuhdmxs","previousOperationId":"7cberq36ljr4qzr"}
{"type":"log","timestamp":1750950529957,"level":"debug","message":"Executing recipe chrome-pdf","meta":{"rootId":"9phsqdls7zppiqj","id":"9phsqdls7zppiqj"},"id":"e3jsgf9og7bro1y","previousOperationId":"kbj3n0detuhdmxs"}
{"type":"log","timestamp":1750950530002,"level":"debug","message":"Converting with chrome Chrome/136.0.7103.49 using chrome-pool strategy","meta":{"rootId":"9phsqdls7zppiqj","id":"9phsqdls7zppiqj"},"id":"kzjsani75ghdvro","previousOperationId":"kbj3n0detuhdmxs"}
{"type":"log","timestamp":1750950530626,"level":"debug","message":"Page request: GET (document) file:///C:/Users/josem/AppData/Local/Temp/jsreport/autocleanup/706b6427-eede-4025-8218-c1c870690e64-chrome-pdf.html","meta":{"rootId":"9phsqdls7zppiqj","id":"9phsqdls7zppiqj"},"id":"oaky3zpq08xmdcy","previousOperationId":"kbj3n0detuhdmxs"}
{"type":"log","timestamp":1750950530718,"level":"debug","message":"Page request finished: GET (document) 200 file:///C:/Users/josem/AppData/Local/Temp/jsreport/autocleanup/706b6427-eede-4025-8218-c1c870690e64-chrome-pdf.html","meta":{"rootId":"9phsqdls7zppiqj","id":"9phsqdls7zppiqj"},"id":"rpfwobm50r9ak6v","previousOperationId":"kbj3n0detuhdmxs"}
{"type":"log","timestamp":1750950530797,"level":"debug","message":"Running chrome with params {\"printBackground\":true,\"timeout\":59781,\"margin\":{}}","meta":{"rootId":"9phsqdls7zppiqj","id":"9phsqdls7zppiqj"},"id":"m8lbvuggj55huld","previousOperationId":"kbj3n0detuhdmxs"}
{"type":"operationEnd","operationId":"kbj3n0detuhdmxs","timestamp":1750950531328,"id":"0ucgh1489wojnmt","previousEventId":"qn6tvcyu3vqegqb","previousOperationId":"kbj3n0detuhdmxs"}
{"type":"log","timestamp":1750950531328,"level":"debug","message":"Skipping storing report.","meta":{"rootId":"9phsqdls7zppiqj","id":"9phsqdls7zppiqj"},"id":"56zwgutr7vjwp5b","previousOperationId":"kbj3n0detuhdmxs"}
{"type":"log","timestamp":1750950531328,"level":"info","message":"Rendering request 5 finished in 1579 ms","meta":{"rootId":"9phsqdls7zppiqj","id":"9phsqdls7zppiqj"},"id":"1duqvi2itf1tt8d","previousOperationId":"kbj3n0detuhdmxs"}
{"type":"operationEnd","subtype":"render","operationId":"t0xi5julg8pw1oe","timestamp":1750950531328,"id":"j02x8nr1hq4rrre","previousEventId":"0ucgh1489wojnmt","previousOperationId":"kbj3n0detuhdmxs"}
{"type":"operationEnd","doDiffs":false,"previousEventId":"8nl5nvxn0zvomy1","previousOperationId":"1m57uvj3tfqy2qx","operationId":"1m57uvj3tfqy2qx","timestamp":1750950531334,"id":"mqvv8x1rgnbykwe"}
