{"type":"operationStart","subtype":"profile","data":{"_id":"B75xuU5UgT97aV1H","timestamp":"2025-06-26T15:10:40.751Z","state":"queued","mode":"standard","creationDate":"2025-06-26T15:10:40.753Z","modificationDate":"2025-06-26T15:10:40.753Z","shortid":"sgWcnmG","$entitySet":"profiles"},"doDiffs":false,"timestamp":1750950640752,"id":"361688961qnrfhf","previousOperationId":null,"operationId":"k68zp6wzmqgnldf"}
{"type":"log","level":"info","message":"Render request 11 queued for execution and waiting for available worker","previousOperationId":"k68zp6wzmqgnldf","timestamp":1750950640752,"id":"enrukp9tjg4g4j4"}
{"type":"operationStart","subtype":"render","name":"historialCompras","previousOperationId":"k68zp6wzmqgnldf","timestamp":1750950640798,"id":"io0lkvy5dx1kf2x","previousEventId":"361688961qnrfhf","operationId":"djzqo2dttilrdg0"}
{"type":"log","timestamp":1750950640801,"level":"info","message":"Starting rendering request 11","meta":{"rootId":"a9bd3qhjdhur0fx","id":"a9bd3qhjdhur0fx"},"id":"eca5efv8imk2w9v","previousOperationId":"djzqo2dttilrdg0"}
{"type":"log","timestamp":1750950640803,"level":"info","message":"Rendering template { name: historialCompras, recipe: chrome-pdf, engine: jsrender, preview: false }","meta":{"rootId":"a9bd3qhjdhur0fx","id":"a9bd3qhjdhur0fx"},"id":"spnjml2y18vmrz2","previousOperationId":"djzqo2dttilrdg0"}
{"type":"log","timestamp":1750950640803,"level":"debug","message":"Inline data specified.","meta":{"rootId":"a9bd3qhjdhur0fx","id":"a9bd3qhjdhur0fx"},"id":"l1vc4c30l8er3zf","previousOperationId":"djzqo2dttilrdg0"}
{"type":"log","timestamp":1750950640807,"level":"debug","message":"Base url not specified, skipping its injection.","meta":{"rootId":"a9bd3qhjdhur0fx","id":"a9bd3qhjdhur0fx"},"id":"mi25mymshitqdv3","previousOperationId":"djzqo2dttilrdg0"}
{"type":"operationStart","subtype":"engine","name":"jsrender","timestamp":1750950640811,"id":"itwkbt5lvpolsn3","previousEventId":"io0lkvy5dx1kf2x","operationId":"tbgyeijxvkuibrh","previousOperationId":"djzqo2dttilrdg0"}
{"type":"log","timestamp":1750950640811,"level":"debug","message":"Rendering engine jsrender","meta":{"rootId":"a9bd3qhjdhur0fx","id":"a9bd3qhjdhur0fx"},"id":"mer776dgpco7bqd","previousOperationId":"tbgyeijxvkuibrh"}
{"type":"operationEnd","operationId":"tbgyeijxvkuibrh","timestamp":1750950640837,"id":"7zxfnoxbab7nsul","previousEventId":"itwkbt5lvpolsn3","previousOperationId":"tbgyeijxvkuibrh"}
{"type":"operationStart","subtype":"recipe","name":"chrome-pdf","timestamp":1750950640842,"id":"4g0epyzcbxldmrh","previousEventId":"7zxfnoxbab7nsul","operationId":"hwaeblgfg36mzt9","previousOperationId":"tbgyeijxvkuibrh"}
{"type":"log","timestamp":1750950640842,"level":"debug","message":"Executing recipe chrome-pdf","meta":{"rootId":"a9bd3qhjdhur0fx","id":"a9bd3qhjdhur0fx"},"id":"3wdkdtsh1tdks6f","previousOperationId":"hwaeblgfg36mzt9"}
{"type":"log","timestamp":1750950640869,"level":"debug","message":"Converting with chrome Chrome/136.0.7103.49 using chrome-pool strategy","meta":{"rootId":"a9bd3qhjdhur0fx","id":"a9bd3qhjdhur0fx"},"id":"sbzv4sypaubechu","previousOperationId":"hwaeblgfg36mzt9"}
{"type":"log","timestamp":1750950641257,"level":"debug","message":"Page request: GET (document) file:///C:/Users/josem/AppData/Local/Temp/jsreport/autocleanup/535eab45-3b05-415a-92fb-719914656251-chrome-pdf.html","meta":{"rootId":"a9bd3qhjdhur0fx","id":"a9bd3qhjdhur0fx"},"id":"u92172rh1di5mye","previousOperationId":"hwaeblgfg36mzt9"}
{"type":"log","timestamp":1750950641306,"level":"debug","message":"Page request finished: GET (document) 200 file:///C:/Users/josem/AppData/Local/Temp/jsreport/autocleanup/535eab45-3b05-415a-92fb-719914656251-chrome-pdf.html","meta":{"rootId":"a9bd3qhjdhur0fx","id":"a9bd3qhjdhur0fx"},"id":"n5f7qnfgpq85qod","previousOperationId":"hwaeblgfg36mzt9"}
{"type":"log","timestamp":1750950641358,"level":"debug","message":"Running chrome with params {\"printBackground\":true,\"timeout\":59898,\"margin\":{}}","meta":{"rootId":"a9bd3qhjdhur0fx","id":"a9bd3qhjdhur0fx"},"id":"r4tuqjmlt6lafpr","previousOperationId":"hwaeblgfg36mzt9"}
{"type":"operationEnd","operationId":"hwaeblgfg36mzt9","timestamp":1750950641934,"id":"q70gaqyyvi3rt2z","previousEventId":"4g0epyzcbxldmrh","previousOperationId":"hwaeblgfg36mzt9"}
{"type":"log","timestamp":1750950641934,"level":"debug","message":"Skipping storing report.","meta":{"rootId":"a9bd3qhjdhur0fx","id":"a9bd3qhjdhur0fx"},"id":"2outir1cm4fezga","previousOperationId":"hwaeblgfg36mzt9"}
{"type":"log","timestamp":1750950641934,"level":"info","message":"Rendering request 11 finished in 1190 ms","meta":{"rootId":"a9bd3qhjdhur0fx","id":"a9bd3qhjdhur0fx"},"id":"3hqqm5uhp202sc2","previousOperationId":"hwaeblgfg36mzt9"}
{"type":"operationEnd","subtype":"render","operationId":"djzqo2dttilrdg0","timestamp":1750950641934,"id":"almjwtb78gogc5o","previousEventId":"q70gaqyyvi3rt2z","previousOperationId":"hwaeblgfg36mzt9"}
{"type":"operationEnd","doDiffs":false,"previousEventId":"361688961qnrfhf","previousOperationId":"k68zp6wzmqgnldf","operationId":"k68zp6wzmqgnldf","timestamp":1750950641938,"id":"z70zldm4nlh0dhp"}
