{"type":"operationStart","subtype":"profile","data":{"_id":"2EQMQpxPWNp9wLDv","timestamp":"2025-06-26T15:05:11.333Z","state":"queued","mode":"standard","creationDate":"2025-06-26T15:05:11.366Z","modificationDate":"2025-06-26T15:05:11.366Z","shortid":"QUD-RZ9","$entitySet":"profiles"},"doDiffs":false,"timestamp":1750950311341,"id":"qz085rott76r0mi","previousOperationId":null,"operationId":"fxmvoip31pn3gb0"}
{"type":"log","level":"info","message":"Render request 3 queued for execution and waiting for available worker","previousOperationId":"fxmvoip31pn3gb0","timestamp":1750950311343,"id":"cummwc230025995"}
{"type":"operationStart","subtype":"render","name":"historialCompras","previousOperationId":"fxmvoip31pn3gb0","timestamp":1750950311480,"id":"vd6xf8nynbhkhk2","previousEventId":"qz085rott76r0mi","operationId":"xj6fbs5k0lba6dh"}
{"type":"log","timestamp":1750950311487,"level":"info","message":"Starting rendering request 3","meta":{"rootId":"cho6nqelnatwil6","id":"cho6nqelnatwil6"},"id":"f3gikaziggiiy7l","previousOperationId":"xj6fbs5k0lba6dh"}
{"type":"log","timestamp":1750950311494,"level":"info","message":"Rendering template { name: historialCompras, recipe: chrome-pdf, engine: jsrender, preview: false }","meta":{"rootId":"cho6nqelnatwil6","id":"cho6nqelnatwil6"},"id":"a890ljv7oxvb9a3","previousOperationId":"xj6fbs5k0lba6dh"}
{"type":"log","timestamp":1750950311494,"level":"debug","message":"Inline data specified.","meta":{"rootId":"cho6nqelnatwil6","id":"cho6nqelnatwil6"},"id":"7bzwbssqqfauy2c","previousOperationId":"xj6fbs5k0lba6dh"}
{"type":"log","timestamp":1750950311504,"level":"debug","message":"Base url not specified, skipping its injection.","meta":{"rootId":"cho6nqelnatwil6","id":"cho6nqelnatwil6"},"id":"5femfda2dzn6y7t","previousOperationId":"xj6fbs5k0lba6dh"}
{"type":"operationStart","subtype":"engine","name":"jsrender","timestamp":1750950311512,"id":"dzx8hz0jlatrl7w","previousEventId":"vd6xf8nynbhkhk2","operationId":"lx3xsv946ceekc5","previousOperationId":"xj6fbs5k0lba6dh"}
{"type":"log","timestamp":1750950311512,"level":"debug","message":"Rendering engine jsrender","meta":{"rootId":"cho6nqelnatwil6","id":"cho6nqelnatwil6"},"id":"oik1h82k3jw20os","previousOperationId":"lx3xsv946ceekc5"}
{"type":"operationEnd","operationId":"lx3xsv946ceekc5","timestamp":1750950311612,"id":"0hj6hkz046o0zqt","previousEventId":"dzx8hz0jlatrl7w","previousOperationId":"lx3xsv946ceekc5"}
{"type":"operationStart","subtype":"recipe","name":"chrome-pdf","timestamp":1750950311615,"id":"ir8k0n4mjkifl32","previousEventId":"0hj6hkz046o0zqt","operationId":"728tn7af2nq71dp","previousOperationId":"lx3xsv946ceekc5"}
{"type":"log","timestamp":1750950311615,"level":"debug","message":"Executing recipe chrome-pdf","meta":{"rootId":"cho6nqelnatwil6","id":"cho6nqelnatwil6"},"id":"haohsilbeu18rm2","previousOperationId":"728tn7af2nq71dp"}
{"type":"log","timestamp":1750950311676,"level":"debug","message":"Converting with chrome Chrome/136.0.7103.49 using chrome-pool strategy","meta":{"rootId":"cho6nqelnatwil6","id":"cho6nqelnatwil6"},"id":"j17abu6ym0jpkp3","previousOperationId":"728tn7af2nq71dp"}
{"type":"log","timestamp":1750950312365,"level":"debug","message":"Page request: GET (document) file:///C:/Users/josem/AppData/Local/Temp/jsreport/autocleanup/b1ffca01-b8e3-4666-9ba9-4a1686c8b895-chrome-pdf.html","meta":{"rootId":"cho6nqelnatwil6","id":"cho6nqelnatwil6"},"id":"liuy1f1o172yf0x","previousOperationId":"728tn7af2nq71dp"}
{"type":"log","timestamp":1750950312441,"level":"debug","message":"Page request finished: GET (document) 200 file:///C:/Users/josem/AppData/Local/Temp/jsreport/autocleanup/b1ffca01-b8e3-4666-9ba9-4a1686c8b895-chrome-pdf.html","meta":{"rootId":"cho6nqelnatwil6","id":"cho6nqelnatwil6"},"id":"onhieeoskjodt3y","previousOperationId":"728tn7af2nq71dp"}
{"type":"log","timestamp":1750950312540,"level":"debug","message":"Running chrome with params {\"printBackground\":true,\"timeout\":59687,\"margin\":{}}","meta":{"rootId":"cho6nqelnatwil6","id":"cho6nqelnatwil6"},"id":"rs369ruao1t6z5u","previousOperationId":"728tn7af2nq71dp"}
{"type":"operationEnd","operationId":"728tn7af2nq71dp","timestamp":1750950313030,"id":"rvhmlszc6ztj42z","previousEventId":"ir8k0n4mjkifl32","previousOperationId":"728tn7af2nq71dp"}
{"type":"log","timestamp":1750950313031,"level":"debug","message":"Skipping storing report.","meta":{"rootId":"cho6nqelnatwil6","id":"cho6nqelnatwil6"},"id":"4ksbt2cizj1tchh","previousOperationId":"728tn7af2nq71dp"}
{"type":"log","timestamp":1750950313031,"level":"info","message":"Rendering request 3 finished in 1715 ms","meta":{"rootId":"cho6nqelnatwil6","id":"cho6nqelnatwil6"},"id":"i0wq5fns7ayzh9m","previousOperationId":"728tn7af2nq71dp"}
{"type":"operationEnd","subtype":"render","operationId":"xj6fbs5k0lba6dh","timestamp":1750950313031,"id":"edu9n90bcorjv4k","previousEventId":"rvhmlszc6ztj42z","previousOperationId":"728tn7af2nq71dp"}
{"type":"operationEnd","doDiffs":false,"previousEventId":"qz085rott76r0mi","previousOperationId":"fxmvoip31pn3gb0","operationId":"fxmvoip31pn3gb0","timestamp":1750950313036,"id":"dnifjo7h79d9gic"}
