{"type":"operationStart","subtype":"profile","data":{"_id":"2qrm2tqYIzLIZYro","timestamp":"2025-06-26T15:08:57.167Z","state":"queued","mode":"standard","creationDate":"2025-06-26T15:08:57.180Z","modificationDate":"2025-06-26T15:08:57.180Z","shortid":"S8fIesf","$entitySet":"profiles"},"doDiffs":false,"timestamp":1750950537168,"id":"32ot5xrwu5ct9el","previousOperationId":null,"operationId":"t673ur46k54u43o"}
{"type":"log","level":"info","message":"Render request 6 queued for execution and waiting for available worker","previousOperationId":"t673ur46k54u43o","timestamp":1750950537178,"id":"a67fatg5vy9z8r5"}
{"type":"operationStart","subtype":"render","name":"historialCompras","previousOperationId":"t673ur46k54u43o","timestamp":1750950537229,"id":"nupavt6xo8ub9e8","previousEventId":"32ot5xrwu5ct9el","operationId":"cj64yu8fdm7oyb5"}
{"type":"log","timestamp":1750950537230,"level":"info","message":"Starting rendering request 6","meta":{"rootId":"j60y13auhspedv6","id":"j60y13auhspedv6"},"id":"nc204jx2kkfveru","previousOperationId":"cj64yu8fdm7oyb5"}
{"type":"log","timestamp":1750950537234,"level":"info","message":"Rendering template { name: historialCompras, recipe: chrome-pdf, engine: jsrender, preview: true }","meta":{"rootId":"j60y13auhspedv6","id":"j60y13auhspedv6"},"id":"4wux47v6zaa0fxm","previousOperationId":"cj64yu8fdm7oyb5"}
{"type":"log","timestamp":1750950537235,"level":"debug","message":"Data item not defined for this template.","meta":{"rootId":"j60y13auhspedv6","id":"j60y13auhspedv6"},"id":"cnejlqxwz0cgbky","previousOperationId":"cj64yu8fdm7oyb5"}
{"type":"log","timestamp":1750950537255,"level":"debug","message":"Base url not specified, skipping its injection.","meta":{"rootId":"j60y13auhspedv6","id":"j60y13auhspedv6"},"id":"f0bevoz5fca2qyf","previousOperationId":"cj64yu8fdm7oyb5"}
{"type":"operationStart","subtype":"engine","name":"jsrender","timestamp":1750950537258,"id":"zrrfsz9uuyzg7ij","previousEventId":"nupavt6xo8ub9e8","operationId":"2z2aqlxwmnadodz","previousOperationId":"cj64yu8fdm7oyb5"}
{"type":"log","timestamp":1750950537259,"level":"debug","message":"Rendering engine jsrender","meta":{"rootId":"j60y13auhspedv6","id":"j60y13auhspedv6"},"id":"g3tw89vrilw011g","previousOperationId":"2z2aqlxwmnadodz"}
{"type":"operationEnd","operationId":"2z2aqlxwmnadodz","timestamp":1750950537291,"id":"qxstai33scw3nif","previousEventId":"zrrfsz9uuyzg7ij","previousOperationId":"2z2aqlxwmnadodz"}
{"type":"operationStart","subtype":"recipe","name":"chrome-pdf","timestamp":1750950537292,"id":"fma8khwa4helg6x","previousEventId":"qxstai33scw3nif","operationId":"2liorh84v9n355q","previousOperationId":"2z2aqlxwmnadodz"}
{"type":"log","timestamp":1750950537292,"level":"debug","message":"Executing recipe chrome-pdf","meta":{"rootId":"j60y13auhspedv6","id":"j60y13auhspedv6"},"id":"vz8ki1g9ahvmrte","previousOperationId":"2liorh84v9n355q"}
{"type":"log","timestamp":1750950537307,"level":"debug","message":"Converting with chrome Chrome/136.0.7103.49 using chrome-pool strategy","meta":{"rootId":"j60y13auhspedv6","id":"j60y13auhspedv6"},"id":"vh0linsbf9qpjgs","previousOperationId":"2liorh84v9n355q"}
{"type":"log","timestamp":1750950537537,"level":"debug","message":"Page request: GET (document) file:///C:/Users/josem/AppData/Local/Temp/jsreport/autocleanup/e5f92337-7f66-4cd6-99ab-af3530239a7c-chrome-pdf.html","meta":{"rootId":"j60y13auhspedv6","id":"j60y13auhspedv6"},"id":"ebgi63h2xl8h738","previousOperationId":"2liorh84v9n355q"}
{"type":"log","timestamp":1750950537574,"level":"debug","message":"Page request finished: GET (document) 200 file:///C:/Users/josem/AppData/Local/Temp/jsreport/autocleanup/e5f92337-7f66-4cd6-99ab-af3530239a7c-chrome-pdf.html","meta":{"rootId":"j60y13auhspedv6","id":"j60y13auhspedv6"},"id":"7sn257mfwv4crc0","previousOperationId":"2liorh84v9n355q"}
{"type":"log","timestamp":1750950537586,"level":"debug","message":"Running chrome with params {\"printBackground\":true,\"timeout\":59870,\"margin\":{}}","meta":{"rootId":"j60y13auhspedv6","id":"j60y13auhspedv6"},"id":"84zphll69z1q9sp","previousOperationId":"2liorh84v9n355q"}
{"type":"operationEnd","operationId":"2liorh84v9n355q","timestamp":1750950537745,"id":"lh9zg0us7nxdzrq","previousEventId":"fma8khwa4helg6x","previousOperationId":"2liorh84v9n355q"}
{"type":"log","timestamp":1750950537745,"level":"debug","message":"Skipping storing report.","meta":{"rootId":"j60y13auhspedv6","id":"j60y13auhspedv6"},"id":"dfxxh4i475zuy7h","previousOperationId":"2liorh84v9n355q"}
{"type":"log","timestamp":1750950537746,"level":"info","message":"Rendering request 6 finished in 579 ms","meta":{"rootId":"j60y13auhspedv6","id":"j60y13auhspedv6"},"id":"7t8hxy9kae5m20l","previousOperationId":"2liorh84v9n355q"}
{"type":"operationEnd","subtype":"render","operationId":"cj64yu8fdm7oyb5","timestamp":1750950537746,"id":"n83jzan010sv3p1","previousEventId":"lh9zg0us7nxdzrq","previousOperationId":"2liorh84v9n355q"}
{"type":"operationEnd","doDiffs":false,"previousEventId":"32ot5xrwu5ct9el","previousOperationId":"t673ur46k54u43o","operationId":"t673ur46k54u43o","timestamp":1750950537749,"id":"9roqhs4hxhwnxoy"}
