{"type":"operationStart","subtype":"profile","data":{"_id":"pZXChqA0AaguanAD","timestamp":"2025-06-25T22:05:06.447Z","state":"queued","mode":"standard","creationDate":"2025-06-25T22:05:06.450Z","modificationDate":"2025-06-25T22:05:06.450Z","shortid":"kPGpmYA","$entitySet":"profiles"},"doDiffs":false,"timestamp":1750889106449,"id":"fx6x65z5oi6yipo","previousOperationId":null,"operationId":"8wtcn8c9jdy9gvx"}
{"type":"log","level":"info","message":"Render request 15 queued for execution and waiting for available worker","previousOperationId":"8wtcn8c9jdy9gvx","timestamp":1750889106449,"id":"jeizicb1e6yut6r"}
{"type":"operationStart","subtype":"render","name":"historialCompras","previousOperationId":"8wtcn8c9jdy9gvx","timestamp":1750889106486,"id":"ryzvq2ymuxwik8f","previousEventId":"fx6x65z5oi6yipo","operationId":"4he6b1bhabag7sn"}
{"type":"log","timestamp":1750889106486,"level":"info","message":"Starting rendering request 15","meta":{"rootId":"lx2bbrvlgwhxad7","id":"lx2bbrvlgwhxad7"},"id":"4ura6lw5eqai5em","previousOperationId":"4he6b1bhabag7sn"}
{"type":"log","timestamp":1750889106486,"level":"info","message":"Rendering template { name: historialCompras, recipe: chrome-pdf, engine: jsrender, preview: false }","meta":{"rootId":"lx2bbrvlgwhxad7","id":"lx2bbrvlgwhxad7"},"id":"8xixldspohof8xt","previousOperationId":"4he6b1bhabag7sn"}
{"type":"log","timestamp":1750889106486,"level":"debug","message":"Inline data specified.","meta":{"rootId":"lx2bbrvlgwhxad7","id":"lx2bbrvlgwhxad7"},"id":"40l7n74banz7wmo","previousOperationId":"4he6b1bhabag7sn"}
{"type":"log","timestamp":1750889106488,"level":"debug","message":"Base url not specified, skipping its injection.","meta":{"rootId":"lx2bbrvlgwhxad7","id":"lx2bbrvlgwhxad7"},"id":"i0bnfy3j63ezp6q","previousOperationId":"4he6b1bhabag7sn"}
{"type":"operationStart","subtype":"engine","name":"jsrender","timestamp":1750889106489,"id":"1qr5vsj4ut7wdw9","previousEventId":"ryzvq2ymuxwik8f","operationId":"wmsy7pnke15ztrd","previousOperationId":"4he6b1bhabag7sn"}
{"type":"log","timestamp":1750889106489,"level":"debug","message":"Rendering engine jsrender","meta":{"rootId":"lx2bbrvlgwhxad7","id":"lx2bbrvlgwhxad7"},"id":"10rh17z1cgkhypq","previousOperationId":"wmsy7pnke15ztrd"}
{"type":"operationEnd","operationId":"wmsy7pnke15ztrd","timestamp":1750889106508,"id":"1m42a7gr60y039p","previousEventId":"1qr5vsj4ut7wdw9","previousOperationId":"wmsy7pnke15ztrd"}
{"type":"operationStart","subtype":"recipe","name":"chrome-pdf","timestamp":1750889106508,"id":"wm0nw6be0ad1glp","previousEventId":"1m42a7gr60y039p","operationId":"s6sr2m4rkp7ojqm","previousOperationId":"wmsy7pnke15ztrd"}
{"type":"log","timestamp":1750889106508,"level":"debug","message":"Executing recipe chrome-pdf","meta":{"rootId":"lx2bbrvlgwhxad7","id":"lx2bbrvlgwhxad7"},"id":"0ht8pbuwmezmf23","previousOperationId":"s6sr2m4rkp7ojqm"}
{"type":"log","timestamp":1750889106512,"level":"debug","message":"Converting with chrome Chrome/136.0.7103.49 using chrome-pool strategy","meta":{"rootId":"lx2bbrvlgwhxad7","id":"lx2bbrvlgwhxad7"},"id":"bxfumhh7jbgf4r6","previousOperationId":"s6sr2m4rkp7ojqm"}
{"type":"log","timestamp":1750889106681,"level":"debug","message":"Page request: GET (document) file:///C:/Users/josem/AppData/Local/Temp/jsreport/autocleanup/e0589261-f44d-4f5d-91a1-936047d00a38-chrome-pdf.html","meta":{"rootId":"lx2bbrvlgwhxad7","id":"lx2bbrvlgwhxad7"},"id":"ihjtjnd7mdevhgy","previousOperationId":"s6sr2m4rkp7ojqm"}
{"type":"log","timestamp":1750889106720,"level":"debug","message":"Page request finished: GET (document) 200 file:///C:/Users/josem/AppData/Local/Temp/jsreport/autocleanup/e0589261-f44d-4f5d-91a1-936047d00a38-chrome-pdf.html","meta":{"rootId":"lx2bbrvlgwhxad7","id":"lx2bbrvlgwhxad7"},"id":"nji50ii2hx4b0wc","previousOperationId":"s6sr2m4rkp7ojqm"}
{"type":"log","timestamp":1750889106732,"level":"debug","message":"Running chrome with params {\"printBackground\":true,\"timeout\":59937,\"margin\":{}}","meta":{"rootId":"lx2bbrvlgwhxad7","id":"lx2bbrvlgwhxad7"},"id":"n15nltgcsfsa6fr","previousOperationId":"s6sr2m4rkp7ojqm"}
{"type":"operationEnd","operationId":"s6sr2m4rkp7ojqm","timestamp":1750889107009,"id":"5n804lu37uaww19","previousEventId":"wm0nw6be0ad1glp","previousOperationId":"s6sr2m4rkp7ojqm"}
{"type":"log","timestamp":1750889107009,"level":"debug","message":"Skipping storing report.","meta":{"rootId":"lx2bbrvlgwhxad7","id":"lx2bbrvlgwhxad7"},"id":"md96waf0doriyei","previousOperationId":"s6sr2m4rkp7ojqm"}
{"type":"log","timestamp":1750889107009,"level":"info","message":"Rendering request 15 finished in 562 ms","meta":{"rootId":"lx2bbrvlgwhxad7","id":"lx2bbrvlgwhxad7"},"id":"xiv6mnvtincrgvc","previousOperationId":"s6sr2m4rkp7ojqm"}
{"type":"operationEnd","subtype":"render","operationId":"4he6b1bhabag7sn","timestamp":1750889107009,"id":"gp6srkrgg3cft3l","previousEventId":"5n804lu37uaww19","previousOperationId":"s6sr2m4rkp7ojqm"}
{"type":"operationEnd","doDiffs":false,"previousEventId":"fx6x65z5oi6yipo","previousOperationId":"8wtcn8c9jdy9gvx","operationId":"8wtcn8c9jdy9gvx","timestamp":1750889107013,"id":"3d3zdbosho6pule"}
