{"type":"operationStart","subtype":"profile","data":{"_id":"U5mKa19tB0foqgs5","timestamp":"2025-06-26T15:09:01.871Z","state":"queued","mode":"standard","creationDate":"2025-06-26T15:09:01.874Z","modificationDate":"2025-06-26T15:09:01.874Z","shortid":"vluXykp","$entitySet":"profiles"},"doDiffs":false,"timestamp":1750950541872,"id":"gl7uygv2kq0u5xy","previousOperationId":null,"operationId":"zo5f9cjlvbunuyy"}
{"type":"log","level":"info","message":"Render request 7 queued for execution and waiting for available worker","previousOperationId":"zo5f9cjlvbunuyy","timestamp":1750950541873,"id":"xkq60itci70cpk4"}
{"type":"operationStart","subtype":"render","name":"historialCompras","previousOperationId":"zo5f9cjlvbunuyy","timestamp":1750950541910,"id":"ed0qai3lz0uq1mv","previousEventId":"gl7uygv2kq0u5xy","operationId":"9obp7x8kgcfjbeg"}
{"type":"log","timestamp":1750950541910,"level":"info","message":"Starting rendering request 7","meta":{"rootId":"p2dek5m6f3btj6z","id":"p2dek5m6f3btj6z"},"id":"tt1v0xco15ulths","previousOperationId":"9obp7x8kgcfjbeg"}
{"type":"log","timestamp":1750950541910,"level":"info","message":"Rendering template { name: historialCompras, recipe: chrome-pdf, engine: jsrender, preview: false }","meta":{"rootId":"p2dek5m6f3btj6z","id":"p2dek5m6f3btj6z"},"id":"hfileg0tjztch6i","previousOperationId":"9obp7x8kgcfjbeg"}
{"type":"log","timestamp":1750950541911,"level":"debug","message":"Inline data specified.","meta":{"rootId":"p2dek5m6f3btj6z","id":"p2dek5m6f3btj6z"},"id":"b43iz3h5atngcde","previousOperationId":"9obp7x8kgcfjbeg"}
{"type":"log","timestamp":1750950541912,"level":"debug","message":"Base url not specified, skipping its injection.","meta":{"rootId":"p2dek5m6f3btj6z","id":"p2dek5m6f3btj6z"},"id":"znz6kd7p50ba2n0","previousOperationId":"9obp7x8kgcfjbeg"}
{"type":"operationStart","subtype":"engine","name":"jsrender","timestamp":1750950541912,"id":"4jtfd95xhlu6q2b","previousEventId":"ed0qai3lz0uq1mv","operationId":"b06mud44r43xtsi","previousOperationId":"9obp7x8kgcfjbeg"}
{"type":"log","timestamp":1750950541912,"level":"debug","message":"Rendering engine jsrender","meta":{"rootId":"p2dek5m6f3btj6z","id":"p2dek5m6f3btj6z"},"id":"eqvyepqu23kv8ck","previousOperationId":"b06mud44r43xtsi"}
{"type":"operationEnd","operationId":"b06mud44r43xtsi","timestamp":1750950541927,"id":"5bjazkza454455e","previousEventId":"4jtfd95xhlu6q2b","previousOperationId":"b06mud44r43xtsi"}
{"type":"operationStart","subtype":"recipe","name":"chrome-pdf","timestamp":1750950541928,"id":"js4von2nj225mue","previousEventId":"5bjazkza454455e","operationId":"e0f62vro725f320","previousOperationId":"b06mud44r43xtsi"}
{"type":"log","timestamp":1750950541928,"level":"debug","message":"Executing recipe chrome-pdf","meta":{"rootId":"p2dek5m6f3btj6z","id":"p2dek5m6f3btj6z"},"id":"4zo5d0ntptrd5n3","previousOperationId":"e0f62vro725f320"}
{"type":"log","timestamp":1750950541932,"level":"debug","message":"Converting with chrome Chrome/136.0.7103.49 using chrome-pool strategy","meta":{"rootId":"p2dek5m6f3btj6z","id":"p2dek5m6f3btj6z"},"id":"q92f8whp3c3zn7l","previousOperationId":"e0f62vro725f320"}
{"type":"log","timestamp":1750950542070,"level":"debug","message":"Page request: GET (document) file:///C:/Users/josem/AppData/Local/Temp/jsreport/autocleanup/273e7632-1c6b-429d-ab66-28a1b0e61d33-chrome-pdf.html","meta":{"rootId":"p2dek5m6f3btj6z","id":"p2dek5m6f3btj6z"},"id":"sd8kxcufrrc175f","previousOperationId":"e0f62vro725f320"}
{"type":"log","timestamp":1750950542100,"level":"debug","message":"Page request finished: GET (document) 200 file:///C:/Users/josem/AppData/Local/Temp/jsreport/autocleanup/273e7632-1c6b-429d-ab66-28a1b0e61d33-chrome-pdf.html","meta":{"rootId":"p2dek5m6f3btj6z","id":"p2dek5m6f3btj6z"},"id":"dhdnj245c38opet","previousOperationId":"e0f62vro725f320"}
{"type":"log","timestamp":1750950542142,"level":"debug","message":"Running chrome with params {\"printBackground\":true,\"timeout\":59938,\"margin\":{}}","meta":{"rootId":"p2dek5m6f3btj6z","id":"p2dek5m6f3btj6z"},"id":"re482qa8tyucqcg","previousOperationId":"e0f62vro725f320"}
{"type":"operationEnd","operationId":"e0f62vro725f320","timestamp":1750950542501,"id":"kmbntgp0nojclkp","previousEventId":"js4von2nj225mue","previousOperationId":"e0f62vro725f320"}
{"type":"log","timestamp":1750950542501,"level":"debug","message":"Skipping storing report.","meta":{"rootId":"p2dek5m6f3btj6z","id":"p2dek5m6f3btj6z"},"id":"e4gv7aoxnh437mt","previousOperationId":"e0f62vro725f320"}
{"type":"log","timestamp":1750950542501,"level":"info","message":"Rendering request 7 finished in 632 ms","meta":{"rootId":"p2dek5m6f3btj6z","id":"p2dek5m6f3btj6z"},"id":"cenekl7h7ce0g6i","previousOperationId":"e0f62vro725f320"}
{"type":"operationEnd","subtype":"render","operationId":"9obp7x8kgcfjbeg","timestamp":1750950542501,"id":"nwefnyhwye1o04r","previousEventId":"kmbntgp0nojclkp","previousOperationId":"e0f62vro725f320"}
{"type":"operationEnd","doDiffs":false,"previousEventId":"gl7uygv2kq0u5xy","previousOperationId":"zo5f9cjlvbunuyy","operationId":"zo5f9cjlvbunuyy","timestamp":1750950542505,"id":"uthac11k3s3h6w9"}
