{"type":"operationStart","subtype":"profile","data":{"_id":"tNt1CcUvC2QAv3Uv","timestamp":"2025-06-26T15:09:15.059Z","state":"queued","mode":"standard","creationDate":"2025-06-26T15:09:15.062Z","modificationDate":"2025-06-26T15:09:15.062Z","shortid":"xw-n10Y","$entitySet":"profiles"},"doDiffs":false,"timestamp":1750950555061,"id":"ypw8qas02640o62","previousOperationId":null,"operationId":"trupdencpz2zmm6"}
{"type":"log","level":"info","message":"Render request 8 queued for execution and waiting for available worker","previousOperationId":"trupdencpz2zmm6","timestamp":1750950555061,"id":"3r11fqdsx8d0tgr"}
{"type":"operationStart","subtype":"render","name":"historialCompras","previousOperationId":"trupdencpz2zmm6","timestamp":1750950555094,"id":"08ddz0l63yhnq75","previousEventId":"ypw8qas02640o62","operationId":"t8r03tr5f52sz6f"}
{"type":"log","timestamp":1750950555094,"level":"info","message":"Starting rendering request 8","meta":{"rootId":"qq7nzgr6wo6rree","id":"qq7nzgr6wo6rree"},"id":"59q52c884kysv8t","previousOperationId":"t8r03tr5f52sz6f"}
{"type":"log","timestamp":1750950555094,"level":"info","message":"Rendering template { name: historialCompras, recipe: chrome-pdf, engine: jsrender, preview: false }","meta":{"rootId":"qq7nzgr6wo6rree","id":"qq7nzgr6wo6rree"},"id":"atilnq8378ouw0s","previousOperationId":"t8r03tr5f52sz6f"}
{"type":"log","timestamp":1750950555094,"level":"debug","message":"Inline data specified.","meta":{"rootId":"qq7nzgr6wo6rree","id":"qq7nzgr6wo6rree"},"id":"874klxespbhxjc6","previousOperationId":"t8r03tr5f52sz6f"}
{"type":"log","timestamp":1750950555096,"level":"debug","message":"Base url not specified, skipping its injection.","meta":{"rootId":"qq7nzgr6wo6rree","id":"qq7nzgr6wo6rree"},"id":"msx8jzjdkt5n8g5","previousOperationId":"t8r03tr5f52sz6f"}
{"type":"operationStart","subtype":"engine","name":"jsrender","timestamp":1750950555096,"id":"k94yy300k0qx2fu","previousEventId":"08ddz0l63yhnq75","operationId":"s918davriq7z5l2","previousOperationId":"t8r03tr5f52sz6f"}
{"type":"log","timestamp":1750950555096,"level":"debug","message":"Rendering engine jsrender","meta":{"rootId":"qq7nzgr6wo6rree","id":"qq7nzgr6wo6rree"},"id":"ly2tq0kp5ypcj0h","previousOperationId":"s918davriq7z5l2"}
{"type":"operationEnd","operationId":"s918davriq7z5l2","timestamp":1750950555112,"id":"mju8oh6x5xouv50","previousEventId":"k94yy300k0qx2fu","previousOperationId":"s918davriq7z5l2"}
{"type":"operationStart","subtype":"recipe","name":"chrome-pdf","timestamp":1750950555112,"id":"e4dl6rgv6m28885","previousEventId":"mju8oh6x5xouv50","operationId":"2wy7ae0b75lo65m","previousOperationId":"s918davriq7z5l2"}
{"type":"log","timestamp":1750950555112,"level":"debug","message":"Executing recipe chrome-pdf","meta":{"rootId":"qq7nzgr6wo6rree","id":"qq7nzgr6wo6rree"},"id":"366336vm0dobsgv","previousOperationId":"2wy7ae0b75lo65m"}
{"type":"log","timestamp":1750950555118,"level":"debug","message":"Converting with chrome Chrome/136.0.7103.49 using chrome-pool strategy","meta":{"rootId":"qq7nzgr6wo6rree","id":"qq7nzgr6wo6rree"},"id":"1inbwcwqoaj2pyz","previousOperationId":"2wy7ae0b75lo65m"}
{"type":"log","timestamp":1750950555291,"level":"debug","message":"Page request: GET (document) file:///C:/Users/josem/AppData/Local/Temp/jsreport/autocleanup/61296af3-82dd-4429-ae7e-4ea6fc4e460c-chrome-pdf.html","meta":{"rootId":"qq7nzgr6wo6rree","id":"qq7nzgr6wo6rree"},"id":"8kqetr1ppstcu2x","previousOperationId":"2wy7ae0b75lo65m"}
{"type":"log","timestamp":1750950555321,"level":"debug","message":"Page request finished: GET (document) 200 file:///C:/Users/josem/AppData/Local/Temp/jsreport/autocleanup/61296af3-82dd-4429-ae7e-4ea6fc4e460c-chrome-pdf.html","meta":{"rootId":"qq7nzgr6wo6rree","id":"qq7nzgr6wo6rree"},"id":"ycheux74273cteh","previousOperationId":"2wy7ae0b75lo65m"}
{"type":"log","timestamp":1750950555352,"level":"debug","message":"Running chrome with params {\"printBackground\":true,\"timeout\":59943,\"margin\":{}}","meta":{"rootId":"qq7nzgr6wo6rree","id":"qq7nzgr6wo6rree"},"id":"ieta00rhqg56x8y","previousOperationId":"2wy7ae0b75lo65m"}
{"type":"operationEnd","operationId":"2wy7ae0b75lo65m","timestamp":1750950555665,"id":"uanvmvt36l5opgw","previousEventId":"e4dl6rgv6m28885","previousOperationId":"2wy7ae0b75lo65m"}
{"type":"log","timestamp":1750950555665,"level":"debug","message":"Skipping storing report.","meta":{"rootId":"qq7nzgr6wo6rree","id":"qq7nzgr6wo6rree"},"id":"cfejdhh53drj4xh","previousOperationId":"2wy7ae0b75lo65m"}
{"type":"log","timestamp":1750950555665,"level":"info","message":"Rendering request 8 finished in 607 ms","meta":{"rootId":"qq7nzgr6wo6rree","id":"qq7nzgr6wo6rree"},"id":"isy7iafzoomal99","previousOperationId":"2wy7ae0b75lo65m"}
{"type":"operationEnd","subtype":"render","operationId":"t8r03tr5f52sz6f","timestamp":1750950555665,"id":"ftiaif5ri2at4mt","previousEventId":"uanvmvt36l5opgw","previousOperationId":"2wy7ae0b75lo65m"}
{"type":"operationEnd","doDiffs":false,"previousEventId":"ypw8qas02640o62","previousOperationId":"trupdencpz2zmm6","operationId":"trupdencpz2zmm6","timestamp":1750950555666,"id":"lirjf8rh2uavdi9"}
