{"type":"operationStart","subtype":"profile","data":{"_id":"2YoCHlUwIS6Xnv3y","timestamp":"2025-06-26T15:07:02.566Z","state":"queued","mode":"standard","creationDate":"2025-06-26T15:07:02.572Z","modificationDate":"2025-06-26T15:07:02.572Z","shortid":"DHWj4hX","$entitySet":"profiles"},"doDiffs":false,"timestamp":1750950422570,"id":"744bnt39kvnoso3","previousOperationId":null,"operationId":"obqhqj92xunwggx"}
{"type":"log","level":"info","message":"Render request 4 queued for execution and waiting for available worker","previousOperationId":"obqhqj92xunwggx","timestamp":1750950422571,"id":"bkcp2udq0huf86f"}
{"type":"operationStart","subtype":"render","name":"historialCompras","previousOperationId":"obqhqj92xunwggx","timestamp":1750950422649,"id":"xaf16p48ex6y15j","previousEventId":"744bnt39kvnoso3","operationId":"5cn1bryo7afg36f"}
{"type":"log","timestamp":1750950422653,"level":"info","message":"Starting rendering request 4","meta":{"rootId":"v5u1ycz6hkjetj3","id":"v5u1ycz6hkjetj3"},"id":"28j1yoc7xewf5q5","previousOperationId":"5cn1bryo7afg36f"}
{"type":"log","timestamp":1750950422659,"level":"info","message":"Rendering template { name: historialCompras, recipe: chrome-pdf, engine: jsrender, preview: false }","meta":{"rootId":"v5u1ycz6hkjetj3","id":"v5u1ycz6hkjetj3"},"id":"n0oyrlot8a4ulo1","previousOperationId":"5cn1bryo7afg36f"}
{"type":"log","timestamp":1750950422659,"level":"debug","message":"Inline data specified.","meta":{"rootId":"v5u1ycz6hkjetj3","id":"v5u1ycz6hkjetj3"},"id":"wwosszhr09q9z6j","previousOperationId":"5cn1bryo7afg36f"}
{"type":"log","timestamp":1750950422667,"level":"debug","message":"Base url not specified, skipping its injection.","meta":{"rootId":"v5u1ycz6hkjetj3","id":"v5u1ycz6hkjetj3"},"id":"y511y5zczp65m25","previousOperationId":"5cn1bryo7afg36f"}
{"type":"operationStart","subtype":"engine","name":"jsrender","timestamp":1750950422677,"id":"imohfey40he5n1h","previousEventId":"xaf16p48ex6y15j","operationId":"1pzj3jtvyrfae5z","previousOperationId":"5cn1bryo7afg36f"}
{"type":"log","timestamp":1750950422677,"level":"debug","message":"Rendering engine jsrender","meta":{"rootId":"v5u1ycz6hkjetj3","id":"v5u1ycz6hkjetj3"},"id":"fvg1ph2vc79j5e8","previousOperationId":"1pzj3jtvyrfae5z"}
{"type":"operationEnd","operationId":"1pzj3jtvyrfae5z","timestamp":1750950422746,"id":"ql3iyimk44yxufq","previousEventId":"imohfey40he5n1h","previousOperationId":"1pzj3jtvyrfae5z"}
{"type":"operationStart","subtype":"recipe","name":"chrome-pdf","timestamp":1750950422747,"id":"4t37ox2d8qdyzhi","previousEventId":"ql3iyimk44yxufq","operationId":"n30iiqeuo505oou","previousOperationId":"1pzj3jtvyrfae5z"}
{"type":"log","timestamp":1750950422747,"level":"debug","message":"Executing recipe chrome-pdf","meta":{"rootId":"v5u1ycz6hkjetj3","id":"v5u1ycz6hkjetj3"},"id":"98ugjfs2ma7rblb","previousOperationId":"n30iiqeuo505oou"}
{"type":"log","timestamp":1750950422787,"level":"debug","message":"Converting with chrome Chrome/136.0.7103.49 using chrome-pool strategy","meta":{"rootId":"v5u1ycz6hkjetj3","id":"v5u1ycz6hkjetj3"},"id":"hhj5dkhr8t0xx19","previousOperationId":"n30iiqeuo505oou"}
{"type":"log","timestamp":1750950423347,"level":"debug","message":"Page request: GET (document) file:///C:/Users/josem/AppData/Local/Temp/jsreport/autocleanup/c357ce1a-3a56-45ed-88a6-e93279ddc103-chrome-pdf.html","meta":{"rootId":"v5u1ycz6hkjetj3","id":"v5u1ycz6hkjetj3"},"id":"a7xhps0gylwljhk","previousOperationId":"n30iiqeuo505oou"}
{"type":"log","timestamp":1750950423411,"level":"debug","message":"Page request finished: GET (document) 200 file:///C:/Users/josem/AppData/Local/Temp/jsreport/autocleanup/c357ce1a-3a56-45ed-88a6-e93279ddc103-chrome-pdf.html","meta":{"rootId":"v5u1ycz6hkjetj3","id":"v5u1ycz6hkjetj3"},"id":"2xtfqrjkh1ybkc3","previousOperationId":"n30iiqeuo505oou"}
{"type":"log","timestamp":1750950423500,"level":"debug","message":"Running chrome with params {\"printBackground\":true,\"timeout\":59802,\"margin\":{}}","meta":{"rootId":"v5u1ycz6hkjetj3","id":"v5u1ycz6hkjetj3"},"id":"rps3gapyqgxdobc","previousOperationId":"n30iiqeuo505oou"}
{"type":"operationEnd","operationId":"n30iiqeuo505oou","timestamp":1750950423960,"id":"cydi510988cxhcc","previousEventId":"4t37ox2d8qdyzhi","previousOperationId":"n30iiqeuo505oou"}
{"type":"log","timestamp":1750950423961,"level":"debug","message":"Skipping storing report.","meta":{"rootId":"v5u1ycz6hkjetj3","id":"v5u1ycz6hkjetj3"},"id":"t84v3qlrdhujrns","previousOperationId":"n30iiqeuo505oou"}
{"type":"log","timestamp":1750950423961,"level":"info","message":"Rendering request 4 finished in 1403 ms","meta":{"rootId":"v5u1ycz6hkjetj3","id":"v5u1ycz6hkjetj3"},"id":"6q4qbezi1t2l70l","previousOperationId":"n30iiqeuo505oou"}
{"type":"operationEnd","subtype":"render","operationId":"5cn1bryo7afg36f","timestamp":1750950423961,"id":"knrmqm69luxwkxq","previousEventId":"cydi510988cxhcc","previousOperationId":"n30iiqeuo505oou"}
{"type":"operationEnd","doDiffs":false,"previousEventId":"744bnt39kvnoso3","previousOperationId":"obqhqj92xunwggx","operationId":"obqhqj92xunwggx","timestamp":1750950423970,"id":"8nszrd30df53ypm"}
