{"type":"operationStart","subtype":"profile","data":{"_id":"8nDdkzrfWYaZxsHz","timestamp":"2025-06-26T15:11:02.680Z","state":"queued","mode":"standard","creationDate":"2025-06-26T15:11:02.684Z","modificationDate":"2025-06-26T15:11:02.684Z","shortid":"9e8nY_7","$entitySet":"profiles"},"doDiffs":false,"timestamp":1750950662684,"id":"mhkl0mud1hfojzo","previousOperationId":null,"operationId":"kanj4eyhkk26tkj"}
{"type":"log","level":"info","message":"Render request 12 queued for execution and waiting for available worker","previousOperationId":"kanj4eyhkk26tkj","timestamp":1750950662684,"id":"ccmbipdliajemnx"}
{"type":"operationStart","subtype":"render","name":"historialCompras","previousOperationId":"kanj4eyhkk26tkj","timestamp":1750950662728,"id":"s0tx7fi3vhyl043","previousEventId":"mhkl0mud1hfojzo","operationId":"bcxi1s5z9biincx"}
{"type":"log","timestamp":1750950662730,"level":"info","message":"Starting rendering request 12","meta":{"rootId":"vxq42iryrqge4rt","id":"vxq42iryrqge4rt"},"id":"65dctm97lufrzsv","previousOperationId":"bcxi1s5z9biincx"}
{"type":"log","timestamp":1750950662732,"level":"info","message":"Rendering template { name: historialCompras, recipe: chrome-pdf, engine: jsrender, preview: false }","meta":{"rootId":"vxq42iryrqge4rt","id":"vxq42iryrqge4rt"},"id":"eoarpdxubvxfwoy","previousOperationId":"bcxi1s5z9biincx"}
{"type":"log","timestamp":1750950662732,"level":"debug","message":"Inline data specified.","meta":{"rootId":"vxq42iryrqge4rt","id":"vxq42iryrqge4rt"},"id":"f5e7vpm5buohq9d","previousOperationId":"bcxi1s5z9biincx"}
{"type":"log","timestamp":1750950662735,"level":"debug","message":"Base url not specified, skipping its injection.","meta":{"rootId":"vxq42iryrqge4rt","id":"vxq42iryrqge4rt"},"id":"oc315ha2fmjx4m6","previousOperationId":"bcxi1s5z9biincx"}
{"type":"operationStart","subtype":"engine","name":"jsrender","timestamp":1750950662743,"id":"x28u9tu78vobsxb","previousEventId":"s0tx7fi3vhyl043","operationId":"irpiftf67wu6s4q","previousOperationId":"bcxi1s5z9biincx"}
{"type":"log","timestamp":1750950662743,"level":"debug","message":"Rendering engine jsrender","meta":{"rootId":"vxq42iryrqge4rt","id":"vxq42iryrqge4rt"},"id":"dt4vweqplgvwc45","previousOperationId":"irpiftf67wu6s4q"}
{"type":"operationEnd","operationId":"irpiftf67wu6s4q","timestamp":1750950662789,"id":"t6hn9ytuepckcip","previousEventId":"x28u9tu78vobsxb","previousOperationId":"irpiftf67wu6s4q"}
{"type":"operationStart","subtype":"recipe","name":"chrome-pdf","timestamp":1750950662790,"id":"1hhyblorx1zn0nk","previousEventId":"t6hn9ytuepckcip","operationId":"mb6bgdut356es79","previousOperationId":"irpiftf67wu6s4q"}
{"type":"log","timestamp":1750950662791,"level":"debug","message":"Executing recipe chrome-pdf","meta":{"rootId":"vxq42iryrqge4rt","id":"vxq42iryrqge4rt"},"id":"3p42afpsj6dayff","previousOperationId":"mb6bgdut356es79"}
{"type":"log","timestamp":1750950662805,"level":"debug","message":"Converting with chrome Chrome/136.0.7103.49 using chrome-pool strategy","meta":{"rootId":"vxq42iryrqge4rt","id":"vxq42iryrqge4rt"},"id":"gbvo9o6y4ayr3d7","previousOperationId":"mb6bgdut356es79"}
{"type":"log","timestamp":1750950663014,"level":"debug","message":"Page request: GET (document) file:///C:/Users/josem/AppData/Local/Temp/jsreport/autocleanup/dbf0ca19-d8df-436d-baf5-982d6be51e26-chrome-pdf.html","meta":{"rootId":"vxq42iryrqge4rt","id":"vxq42iryrqge4rt"},"id":"wc8fm29wafhvn1b","previousOperationId":"mb6bgdut356es79"}
{"type":"log","timestamp":1750950663041,"level":"debug","message":"Page request finished: GET (document) 200 file:///C:/Users/josem/AppData/Local/Temp/jsreport/autocleanup/dbf0ca19-d8df-436d-baf5-982d6be51e26-chrome-pdf.html","meta":{"rootId":"vxq42iryrqge4rt","id":"vxq42iryrqge4rt"},"id":"wjbqrsw75pdmn5y","previousOperationId":"mb6bgdut356es79"}
{"type":"log","timestamp":1750950663092,"level":"debug","message":"Running chrome with params {\"printBackground\":true,\"timeout\":59885,\"margin\":{}}","meta":{"rootId":"vxq42iryrqge4rt","id":"vxq42iryrqge4rt"},"id":"574lpvefh2drxsp","previousOperationId":"mb6bgdut356es79"}
{"type":"operationEnd","operationId":"mb6bgdut356es79","timestamp":1750950663410,"id":"yuyhctylmjmut8z","previousEventId":"1hhyblorx1zn0nk","previousOperationId":"mb6bgdut356es79"}
{"type":"log","timestamp":1750950663411,"level":"debug","message":"Skipping storing report.","meta":{"rootId":"vxq42iryrqge4rt","id":"vxq42iryrqge4rt"},"id":"cmy1cjob3dd9xnu","previousOperationId":"mb6bgdut356es79"}
{"type":"log","timestamp":1750950663411,"level":"info","message":"Rendering request 12 finished in 731 ms","meta":{"rootId":"vxq42iryrqge4rt","id":"vxq42iryrqge4rt"},"id":"skg7jojvr03pptx","previousOperationId":"mb6bgdut356es79"}
{"type":"operationEnd","subtype":"render","operationId":"bcxi1s5z9biincx","timestamp":1750950663411,"id":"jw4sqpajzk2wa5q","previousEventId":"yuyhctylmjmut8z","previousOperationId":"mb6bgdut356es79"}
{"type":"operationEnd","doDiffs":false,"previousEventId":"mhkl0mud1hfojzo","previousOperationId":"kanj4eyhkk26tkj","operationId":"kanj4eyhkk26tkj","timestamp":1750950663414,"id":"nlojy8doei644x8"}
