{"type":"operationStart","subtype":"profile","data":{"_id":"OC2SWZvha1V0Yh3b","timestamp":"2025-06-26T15:09:45.486Z","state":"queued","mode":"standard","creationDate":"2025-06-26T15:09:45.490Z","modificationDate":"2025-06-26T15:09:45.490Z","shortid":"f_w8TJI","$entitySet":"profiles"},"doDiffs":false,"timestamp":1750950585488,"id":"7nea482mfc2gg89","previousOperationId":null,"operationId":"ne4vxsl4kx5mvy0"}
{"type":"log","level":"info","message":"Render request 9 queued for execution and waiting for available worker","previousOperationId":"ne4vxsl4kx5mvy0","timestamp":1750950585488,"id":"7rn1zjy23hpgjwq"}
{"type":"operationStart","subtype":"render","name":"historialCompras","previousOperationId":"ne4vxsl4kx5mvy0","timestamp":1750950585529,"id":"3gjvzf44e6udhoa","previousEventId":"7nea482mfc2gg89","operationId":"mzi4ik50lk5ir1b"}
{"type":"log","timestamp":1750950585529,"level":"info","message":"Starting rendering request 9","meta":{"rootId":"xd2luipis0o5ags","id":"xd2luipis0o5ags"},"id":"f8kgw24lzczsqlh","previousOperationId":"mzi4ik50lk5ir1b"}
{"type":"log","timestamp":1750950585530,"level":"info","message":"Rendering template { name: historialCompras, recipe: chrome-pdf, engine: jsrender, preview: false }","meta":{"rootId":"xd2luipis0o5ags","id":"xd2luipis0o5ags"},"id":"1ffpnxejs75yhyx","previousOperationId":"mzi4ik50lk5ir1b"}
{"type":"log","timestamp":1750950585530,"level":"debug","message":"Inline data specified.","meta":{"rootId":"xd2luipis0o5ags","id":"xd2luipis0o5ags"},"id":"cj6gtxf956z826o","previousOperationId":"mzi4ik50lk5ir1b"}
{"type":"log","timestamp":1750950585535,"level":"debug","message":"Base url not specified, skipping its injection.","meta":{"rootId":"xd2luipis0o5ags","id":"xd2luipis0o5ags"},"id":"hiv3qza9nu1bzi7","previousOperationId":"mzi4ik50lk5ir1b"}
{"type":"operationStart","subtype":"engine","name":"jsrender","timestamp":1750950585537,"id":"9izjpt93qdszqbe","previousEventId":"3gjvzf44e6udhoa","operationId":"m4hs3f7tsqsrtjy","previousOperationId":"mzi4ik50lk5ir1b"}
{"type":"log","timestamp":1750950585537,"level":"debug","message":"Rendering engine jsrender","meta":{"rootId":"xd2luipis0o5ags","id":"xd2luipis0o5ags"},"id":"bf08170o60ap2g3","previousOperationId":"m4hs3f7tsqsrtjy"}
{"type":"operationEnd","operationId":"m4hs3f7tsqsrtjy","timestamp":1750950585569,"id":"bbrad6pz3in3hzk","previousEventId":"9izjpt93qdszqbe","previousOperationId":"m4hs3f7tsqsrtjy"}
{"type":"operationStart","subtype":"recipe","name":"chrome-pdf","timestamp":1750950585570,"id":"4qly5ix891qjmdt","previousEventId":"bbrad6pz3in3hzk","operationId":"hxm24abfenppckn","previousOperationId":"m4hs3f7tsqsrtjy"}
{"type":"log","timestamp":1750950585570,"level":"debug","message":"Executing recipe chrome-pdf","meta":{"rootId":"xd2luipis0o5ags","id":"xd2luipis0o5ags"},"id":"z0c4af65pun4kgh","previousOperationId":"hxm24abfenppckn"}
{"type":"log","timestamp":1750950585581,"level":"debug","message":"Converting with chrome Chrome/136.0.7103.49 using chrome-pool strategy","meta":{"rootId":"xd2luipis0o5ags","id":"xd2luipis0o5ags"},"id":"7mumtufpxhg4pah","previousOperationId":"hxm24abfenppckn"}
{"type":"log","timestamp":1750950585937,"level":"debug","message":"Page request: GET (document) file:///C:/Users/josem/AppData/Local/Temp/jsreport/autocleanup/9e36330a-474a-4a5d-8a9d-8a55f68f6b9f-chrome-pdf.html","meta":{"rootId":"xd2luipis0o5ags","id":"xd2luipis0o5ags"},"id":"e38loyxpbarb9a8","previousOperationId":"hxm24abfenppckn"}
{"type":"log","timestamp":1750950586000,"level":"debug","message":"Page request finished: GET (document) 200 file:///C:/Users/josem/AppData/Local/Temp/jsreport/autocleanup/9e36330a-474a-4a5d-8a9d-8a55f68f6b9f-chrome-pdf.html","meta":{"rootId":"xd2luipis0o5ags","id":"xd2luipis0o5ags"},"id":"lqkig4f6aukh115","previousOperationId":"hxm24abfenppckn"}
{"type":"log","timestamp":1750950586094,"level":"debug","message":"Running chrome with params {\"printBackground\":true,\"timeout\":59911,\"margin\":{}}","meta":{"rootId":"xd2luipis0o5ags","id":"xd2luipis0o5ags"},"id":"kfbgsmss2qqsn39","previousOperationId":"hxm24abfenppckn"}
{"type":"operationEnd","operationId":"hxm24abfenppckn","timestamp":1750950586534,"id":"waoqdq4gvkvh8oi","previousEventId":"4qly5ix891qjmdt","previousOperationId":"hxm24abfenppckn"}
{"type":"log","timestamp":1750950586534,"level":"debug","message":"Skipping storing report.","meta":{"rootId":"xd2luipis0o5ags","id":"xd2luipis0o5ags"},"id":"ogub1z4l1ye1kk3","previousOperationId":"hxm24abfenppckn"}
{"type":"log","timestamp":1750950586534,"level":"info","message":"Rendering request 9 finished in 1049 ms","meta":{"rootId":"xd2luipis0o5ags","id":"xd2luipis0o5ags"},"id":"udadw0wot9z9o4o","previousOperationId":"hxm24abfenppckn"}
{"type":"operationEnd","subtype":"render","operationId":"mzi4ik50lk5ir1b","timestamp":1750950586534,"id":"wqxyzd803xz5848","previousEventId":"waoqdq4gvkvh8oi","previousOperationId":"hxm24abfenppckn"}
{"type":"operationEnd","doDiffs":false,"previousEventId":"7nea482mfc2gg89","previousOperationId":"ne4vxsl4kx5mvy0","operationId":"ne4vxsl4kx5mvy0","timestamp":1750950586536,"id":"b9auxge1pi3f82z"}
