{"type":"operationStart","subtype":"profile","data":{"_id":"iGG6oUkWKSNk3UMQ","timestamp":"2025-06-26T17:30:54.208Z","state":"queued","mode":"standard","creationDate":"2025-06-26T17:30:54.216Z","modificationDate":"2025-06-26T17:30:54.216Z","shortid":"G2_2UaU","$entitySet":"profiles"},"doDiffs":false,"timestamp":1750959054212,"id":"sntefh42zjir4ja","previousOperationId":null,"operationId":"yxtt3spgtdbw5nj"}
{"type":"log","level":"info","message":"Render request 14 queued for execution and waiting for available worker","previousOperationId":"yxtt3spgtdbw5nj","timestamp":1750959054212,"id":"p2ptrrsygsu7xn5"}
{"type":"operationStart","subtype":"render","name":"reposicionAnaqueles","previousOperationId":"yxtt3spgtdbw5nj","timestamp":1750959054309,"id":"yjeuri99kqhaajl","previousEventId":"sntefh42zjir4ja","operationId":"v2hcn47ohvku1ot"}
{"type":"log","timestamp":1750959054315,"level":"info","message":"Starting rendering request 14","meta":{"rootId":"45ps217gdtb101l","id":"45ps217gdtb101l"},"id":"3cku37ounz7mece","previousOperationId":"v2hcn47ohvku1ot"}
{"type":"log","timestamp":1750959054318,"level":"info","message":"Rendering template { name: reposicionAnaqueles, recipe: chrome-pdf, engine: jsrender, preview: false }","meta":{"rootId":"45ps217gdtb101l","id":"45ps217gdtb101l"},"id":"zeqcniq0ev0mx3f","previousOperationId":"v2hcn47ohvku1ot"}
{"type":"log","timestamp":1750959054319,"level":"debug","message":"Inline data specified.","meta":{"rootId":"45ps217gdtb101l","id":"45ps217gdtb101l"},"id":"mplfjmoansogpzj","previousOperationId":"v2hcn47ohvku1ot"}
{"type":"log","timestamp":1750959054329,"level":"debug","message":"Base url not specified, skipping its injection.","meta":{"rootId":"45ps217gdtb101l","id":"45ps217gdtb101l"},"id":"mk7qwl5np5qtece","previousOperationId":"v2hcn47ohvku1ot"}
{"type":"operationStart","subtype":"engine","name":"jsrender","timestamp":1750959054337,"id":"lamb6oql0nhw83w","previousEventId":"yjeuri99kqhaajl","operationId":"neiyqh8t7co4obq","previousOperationId":"v2hcn47ohvku1ot"}
{"type":"log","timestamp":1750959054337,"level":"debug","message":"Rendering engine jsrender","meta":{"rootId":"45ps217gdtb101l","id":"45ps217gdtb101l"},"id":"fnyvyt115ic1j6y","previousOperationId":"neiyqh8t7co4obq"}
{"type":"operationEnd","operationId":"neiyqh8t7co4obq","timestamp":1750959054396,"id":"ax45ti951fcz367","previousEventId":"lamb6oql0nhw83w","previousOperationId":"neiyqh8t7co4obq"}
{"type":"operationStart","subtype":"recipe","name":"chrome-pdf","timestamp":1750959054398,"id":"r5j0uby0r314vz7","previousEventId":"ax45ti951fcz367","operationId":"5tuhka2aiertw4h","previousOperationId":"neiyqh8t7co4obq"}
{"type":"log","timestamp":1750959054398,"level":"debug","message":"Executing recipe chrome-pdf","meta":{"rootId":"45ps217gdtb101l","id":"45ps217gdtb101l"},"id":"j7xy701zcl1sh3x","previousOperationId":"5tuhka2aiertw4h"}
{"type":"log","timestamp":1750959056225,"level":"debug","message":"Converting with chrome Chrome/136.0.7103.49 using chrome-pool strategy","meta":{"rootId":"45ps217gdtb101l","id":"45ps217gdtb101l"},"id":"wku2b945bdbxgre","previousOperationId":"5tuhka2aiertw4h"}
{"type":"log","timestamp":1750959056614,"level":"debug","message":"Page request: GET (document) file:///C:/Users/josem/AppData/Local/Temp/jsreport/autocleanup/1ade1799-9609-4312-90cc-52798c1df514-chrome-pdf.html","meta":{"rootId":"45ps217gdtb101l","id":"45ps217gdtb101l"},"id":"1phcww11qmjgm3h","previousOperationId":"5tuhka2aiertw4h"}
{"type":"log","timestamp":1750959056708,"level":"debug","message":"Page request finished: GET (document) 200 file:///C:/Users/josem/AppData/Local/Temp/jsreport/autocleanup/1ade1799-9609-4312-90cc-52798c1df514-chrome-pdf.html","meta":{"rootId":"45ps217gdtb101l","id":"45ps217gdtb101l"},"id":"e6jkgoz3bsxuq4m","previousOperationId":"5tuhka2aiertw4h"}
{"type":"log","timestamp":1750959056776,"level":"debug","message":"Running chrome with params {\"printBackground\":true,\"timeout\":59794,\"margin\":{}}","meta":{"rootId":"45ps217gdtb101l","id":"45ps217gdtb101l"},"id":"gk8t8la1z52iab6","previousOperationId":"5tuhka2aiertw4h"}
{"type":"operationEnd","operationId":"5tuhka2aiertw4h","timestamp":1750959057458,"id":"ujxezswsu7r7ew1","previousEventId":"r5j0uby0r314vz7","previousOperationId":"5tuhka2aiertw4h"}
{"type":"log","timestamp":1750959057458,"level":"debug","message":"Skipping storing report.","meta":{"rootId":"45ps217gdtb101l","id":"45ps217gdtb101l"},"id":"wx9t2uylsus8oig","previousOperationId":"5tuhka2aiertw4h"}
{"type":"log","timestamp":1750959057459,"level":"info","message":"Rendering request 14 finished in 3260 ms","meta":{"rootId":"45ps217gdtb101l","id":"45ps217gdtb101l"},"id":"bkbex0qxa0hq6lo","previousOperationId":"5tuhka2aiertw4h"}
{"type":"operationEnd","subtype":"render","operationId":"v2hcn47ohvku1ot","timestamp":1750959057459,"id":"r63bzthdl12edb9","previousEventId":"ujxezswsu7r7ew1","previousOperationId":"5tuhka2aiertw4h"}
{"type":"operationEnd","doDiffs":false,"previousEventId":"sntefh42zjir4ja","previousOperationId":"yxtt3spgtdbw5nj","operationId":"yxtt3spgtdbw5nj","timestamp":1750959057466,"id":"q9504fgkrppkdt6"}
