{"type":"operationStart","subtype":"profile","data":{"_id":"JaROkP5GwxCxb20W","timestamp":"2025-06-25T22:01:14.075Z","state":"queued","mode":"standard","creationDate":"2025-06-25T22:01:14.085Z","modificationDate":"2025-06-25T22:01:14.085Z","shortid":"bBoHkJE","$entitySet":"profiles"},"doDiffs":false,"timestamp":1750888874078,"id":"a5oyods4ppg4adb","previousOperationId":null,"operationId":"qyy349jh33ufx4m"}
{"type":"log","level":"info","message":"Render request 8 queued for execution and waiting for available worker","previousOperationId":"qyy349jh33ufx4m","timestamp":1750888874078,"id":"abp9mvv4qs6thla"}
{"type":"operationStart","subtype":"render","name":"reposicionAnaqueles","previousOperationId":"qyy349jh33ufx4m","timestamp":1750888874158,"id":"n8bn9ny74hh54k6","previousEventId":"a5oyods4ppg4adb","operationId":"ehwhe08amfvyj5l"}
{"type":"log","timestamp":1750888874161,"level":"info","message":"Starting rendering request 8","meta":{"rootId":"b2wvcjzvca1413s","id":"b2wvcjzvca1413s"},"id":"hdymotv6xlhyq0v","previousOperationId":"ehwhe08amfvyj5l"}
{"type":"log","timestamp":1750888874165,"level":"info","message":"Rendering template { name: reposicionAnaqueles, recipe: chrome-pdf, engine: jsrender, preview: false }","meta":{"rootId":"b2wvcjzvca1413s","id":"b2wvcjzvca1413s"},"id":"vbhlwfunfo5gud6","previousOperationId":"ehwhe08amfvyj5l"}
{"type":"log","timestamp":1750888874165,"level":"debug","message":"Inline data specified.","meta":{"rootId":"b2wvcjzvca1413s","id":"b2wvcjzvca1413s"},"id":"gpn91gdni7ctxe4","previousOperationId":"ehwhe08amfvyj5l"}
{"type":"log","timestamp":1750888874171,"level":"debug","message":"Base url not specified, skipping its injection.","meta":{"rootId":"b2wvcjzvca1413s","id":"b2wvcjzvca1413s"},"id":"1myr8lokl8hrz8l","previousOperationId":"ehwhe08amfvyj5l"}
{"type":"operationStart","subtype":"engine","name":"jsrender","timestamp":1750888874176,"id":"5ig070lgo452iac","previousEventId":"n8bn9ny74hh54k6","operationId":"3xcsp5dql7vsqq8","previousOperationId":"ehwhe08amfvyj5l"}
{"type":"log","timestamp":1750888874177,"level":"debug","message":"Rendering engine jsrender","meta":{"rootId":"b2wvcjzvca1413s","id":"b2wvcjzvca1413s"},"id":"zwzjsp89anlwkx7","previousOperationId":"3xcsp5dql7vsqq8"}
{"type":"operationEnd","operationId":"3xcsp5dql7vsqq8","timestamp":1750888874227,"id":"x24frr0ddtgdz1h","previousEventId":"5ig070lgo452iac","previousOperationId":"3xcsp5dql7vsqq8"}
{"type":"operationStart","subtype":"recipe","name":"chrome-pdf","timestamp":1750888874227,"id":"yglws6xv2hnisxb","previousEventId":"x24frr0ddtgdz1h","operationId":"hsm509ubz1yux5w","previousOperationId":"3xcsp5dql7vsqq8"}
{"type":"log","timestamp":1750888874227,"level":"debug","message":"Executing recipe chrome-pdf","meta":{"rootId":"b2wvcjzvca1413s","id":"b2wvcjzvca1413s"},"id":"ynd03fx2k5111fd","previousOperationId":"hsm509ubz1yux5w"}
{"type":"log","timestamp":1750888874945,"level":"debug","message":"Converting with chrome Chrome/136.0.7103.49 using chrome-pool strategy","meta":{"rootId":"b2wvcjzvca1413s","id":"b2wvcjzvca1413s"},"id":"gbdx031l6hz1ihv","previousOperationId":"hsm509ubz1yux5w"}
{"type":"log","timestamp":1750888875191,"level":"debug","message":"Page request: GET (document) file:///C:/Users/josem/AppData/Local/Temp/jsreport/autocleanup/62771fcd-ec5d-4933-b91a-36876c8a4218-chrome-pdf.html","meta":{"rootId":"b2wvcjzvca1413s","id":"b2wvcjzvca1413s"},"id":"xdoj0g4el7q18ll","previousOperationId":"hsm509ubz1yux5w"}
{"type":"log","timestamp":1750888875210,"level":"debug","message":"Page request finished: GET (document) 200 file:///C:/Users/josem/AppData/Local/Temp/jsreport/autocleanup/62771fcd-ec5d-4933-b91a-36876c8a4218-chrome-pdf.html","meta":{"rootId":"b2wvcjzvca1413s","id":"b2wvcjzvca1413s"},"id":"3tka72so1ctui64","previousOperationId":"hsm509ubz1yux5w"}
{"type":"log","timestamp":1750888875230,"level":"debug","message":"Running chrome with params {\"printBackground\":true,\"timeout\":59838,\"margin\":{}}","meta":{"rootId":"b2wvcjzvca1413s","id":"b2wvcjzvca1413s"},"id":"74h74o11avbq0n2","previousOperationId":"hsm509ubz1yux5w"}
{"type":"operationEnd","operationId":"hsm509ubz1yux5w","timestamp":1750888875511,"id":"55zjh3kaaqbqm43","previousEventId":"yglws6xv2hnisxb","previousOperationId":"hsm509ubz1yux5w"}
{"type":"log","timestamp":1750888875512,"level":"debug","message":"Skipping storing report.","meta":{"rootId":"b2wvcjzvca1413s","id":"b2wvcjzvca1413s"},"id":"pu8w3ux8rqg8pcq","previousOperationId":"hsm509ubz1yux5w"}
{"type":"log","timestamp":1750888875512,"level":"info","message":"Rendering request 8 finished in 1440 ms","meta":{"rootId":"b2wvcjzvca1413s","id":"b2wvcjzvca1413s"},"id":"vl2cwoatxczl2ey","previousOperationId":"hsm509ubz1yux5w"}
{"type":"operationEnd","subtype":"render","operationId":"ehwhe08amfvyj5l","timestamp":1750888875512,"id":"18uq565fkc2146t","previousEventId":"55zjh3kaaqbqm43","previousOperationId":"hsm509ubz1yux5w"}
{"type":"operationEnd","doDiffs":false,"previousEventId":"a5oyods4ppg4adb","previousOperationId":"qyy349jh33ufx4m","operationId":"qyy349jh33ufx4m","timestamp":1750888875518,"id":"p1x3f94xhe8m5a1"}
