{"type":"operationStart","subtype":"profile","data":{"_id":"shvHNZF8tjyZsIkM","timestamp":"2025-06-25T22:02:36.042Z","state":"queued","mode":"standard","creationDate":"2025-06-25T22:02:36.044Z","modificationDate":"2025-06-25T22:02:36.044Z","shortid":"QRQAxot","$entitySet":"profiles"},"doDiffs":false,"timestamp":1750888956043,"id":"esios47ne4csbyj","previousOperationId":null,"operationId":"i5vscgc1ldyk89z"}
{"type":"log","level":"info","message":"Render request 11 queued for execution and waiting for available worker","previousOperationId":"i5vscgc1ldyk89z","timestamp":1750888956043,"id":"nax3zc8paiibu3y"}
{"type":"operationStart","subtype":"render","name":"reposicionAnaqueles","previousOperationId":"i5vscgc1ldyk89z","timestamp":1750888956071,"id":"1ak32xcokvhs5hs","previousEventId":"esios47ne4csbyj","operationId":"6gzw3mjr6g9mnui"}
{"type":"log","timestamp":1750888956072,"level":"info","message":"Starting rendering request 11","meta":{"rootId":"cuuhapssfmicfjt","id":"cuuhapssfmicfjt"},"id":"mur99twz4m2ulh6","previousOperationId":"6gzw3mjr6g9mnui"}
{"type":"log","timestamp":1750888956072,"level":"info","message":"Rendering template { name: reposicionAnaqueles, recipe: chrome-pdf, engine: jsrender, preview: false }","meta":{"rootId":"cuuhapssfmicfjt","id":"cuuhapssfmicfjt"},"id":"ux4jna1vdbhprgz","previousOperationId":"6gzw3mjr6g9mnui"}
{"type":"log","timestamp":1750888956072,"level":"debug","message":"Inline data specified.","meta":{"rootId":"cuuhapssfmicfjt","id":"cuuhapssfmicfjt"},"id":"qiforwdd458jxyb","previousOperationId":"6gzw3mjr6g9mnui"}
{"type":"log","timestamp":1750888956073,"level":"debug","message":"Base url not specified, skipping its injection.","meta":{"rootId":"cuuhapssfmicfjt","id":"cuuhapssfmicfjt"},"id":"x4xvnlkkmvsh4wt","previousOperationId":"6gzw3mjr6g9mnui"}
{"type":"operationStart","subtype":"engine","name":"jsrender","timestamp":1750888956074,"id":"d9vg44rgad5wmxx","previousEventId":"1ak32xcokvhs5hs","operationId":"8ql49jixhrqllff","previousOperationId":"6gzw3mjr6g9mnui"}
{"type":"log","timestamp":1750888956074,"level":"debug","message":"Rendering engine jsrender","meta":{"rootId":"cuuhapssfmicfjt","id":"cuuhapssfmicfjt"},"id":"qxl3ky5q04c8blh","previousOperationId":"8ql49jixhrqllff"}
{"type":"operationEnd","operationId":"8ql49jixhrqllff","timestamp":1750888956086,"id":"z7kv77ki911mdn6","previousEventId":"d9vg44rgad5wmxx","previousOperationId":"8ql49jixhrqllff"}
{"type":"operationStart","subtype":"recipe","name":"chrome-pdf","timestamp":1750888956087,"id":"cxon7i6wvcfxyfs","previousEventId":"z7kv77ki911mdn6","operationId":"uft470jil8u6jy2","previousOperationId":"8ql49jixhrqllff"}
{"type":"log","timestamp":1750888956087,"level":"debug","message":"Executing recipe chrome-pdf","meta":{"rootId":"cuuhapssfmicfjt","id":"cuuhapssfmicfjt"},"id":"f3k97qtsqb1pz6n","previousOperationId":"uft470jil8u6jy2"}
{"type":"log","timestamp":1750888956089,"level":"debug","message":"Converting with chrome Chrome/136.0.7103.49 using chrome-pool strategy","meta":{"rootId":"cuuhapssfmicfjt","id":"cuuhapssfmicfjt"},"id":"d803g5jezz1894n","previousOperationId":"uft470jil8u6jy2"}
{"type":"log","timestamp":1750888956247,"level":"debug","message":"Page request: GET (document) file:///C:/Users/josem/AppData/Local/Temp/jsreport/autocleanup/d26dd7da-67d2-445a-8f13-50ff927e0767-chrome-pdf.html","meta":{"rootId":"cuuhapssfmicfjt","id":"cuuhapssfmicfjt"},"id":"sx8sp25ke77x2ax","previousOperationId":"uft470jil8u6jy2"}
{"type":"log","timestamp":1750888956281,"level":"debug","message":"Page request finished: GET (document) 200 file:///C:/Users/josem/AppData/Local/Temp/jsreport/autocleanup/d26dd7da-67d2-445a-8f13-50ff927e0767-chrome-pdf.html","meta":{"rootId":"cuuhapssfmicfjt","id":"cuuhapssfmicfjt"},"id":"97a1l7d594er8by","previousOperationId":"uft470jil8u6jy2"}
{"type":"log","timestamp":1750888956301,"level":"debug","message":"Running chrome with params {\"printBackground\":true,\"timeout\":59953,\"margin\":{}}","meta":{"rootId":"cuuhapssfmicfjt","id":"cuuhapssfmicfjt"},"id":"nrskgx403q0pjka","previousOperationId":"uft470jil8u6jy2"}
{"type":"operationEnd","operationId":"uft470jil8u6jy2","timestamp":1750888956587,"id":"3iz777gkp6chcgh","previousEventId":"cxon7i6wvcfxyfs","previousOperationId":"uft470jil8u6jy2"}
{"type":"log","timestamp":1750888956587,"level":"debug","message":"Skipping storing report.","meta":{"rootId":"cuuhapssfmicfjt","id":"cuuhapssfmicfjt"},"id":"opctjxryc61r8f7","previousOperationId":"uft470jil8u6jy2"}
{"type":"log","timestamp":1750888956587,"level":"info","message":"Rendering request 11 finished in 546 ms","meta":{"rootId":"cuuhapssfmicfjt","id":"cuuhapssfmicfjt"},"id":"9k7cm523bst1ceh","previousOperationId":"uft470jil8u6jy2"}
{"type":"operationEnd","subtype":"render","operationId":"6gzw3mjr6g9mnui","timestamp":1750888956587,"id":"4k5rpidmmq5wfb9","previousEventId":"3iz777gkp6chcgh","previousOperationId":"uft470jil8u6jy2"}
{"type":"operationEnd","doDiffs":false,"previousEventId":"esios47ne4csbyj","previousOperationId":"i5vscgc1ldyk89z","operationId":"i5vscgc1ldyk89z","timestamp":1750888956590,"id":"g4vl230dse63z5s"}
