{"type":"operationStart","subtype":"profile","data":{"_id":"FurxJTPiUlFGGhQH","timestamp":"2025-06-25T22:35:52.666Z","state":"queued","mode":"standard","creationDate":"2025-06-25T22:35:52.691Z","modificationDate":"2025-06-25T22:35:52.691Z","shortid":"3uaBz3P","$entitySet":"profiles"},"doDiffs":false,"timestamp":1750890952674,"id":"e184s7l7qns7iq1","previousOperationId":null,"operationId":"2sqcw62tu4icepv"}
{"type":"log","level":"info","message":"Render request 16 queued for execution and waiting for available worker","previousOperationId":"2sqcw62tu4icepv","timestamp":1750890952676,"id":"e60cp0oovg0fdeg"}
{"type":"operationStart","subtype":"render","name":"reposicionAnaqueles","previousOperationId":"2sqcw62tu4icepv","timestamp":1750890952779,"id":"mdo87yditvtgrzm","previousEventId":"e184s7l7qns7iq1","operationId":"c18nu94bp7e06i0"}
{"type":"log","timestamp":1750890952784,"level":"info","message":"Starting rendering request 16","meta":{"rootId":"gvaj8neo0u5i65h","id":"gvaj8neo0u5i65h"},"id":"49omk80duz4d2uh","previousOperationId":"c18nu94bp7e06i0"}
{"type":"log","timestamp":1750890952789,"level":"info","message":"Rendering template { name: reposicionAnaqueles, recipe: chrome-pdf, engine: jsrender, preview: false }","meta":{"rootId":"gvaj8neo0u5i65h","id":"gvaj8neo0u5i65h"},"id":"t3e5yyb1mm600wv","previousOperationId":"c18nu94bp7e06i0"}
{"type":"log","timestamp":1750890952789,"level":"debug","message":"Inline data specified.","meta":{"rootId":"gvaj8neo0u5i65h","id":"gvaj8neo0u5i65h"},"id":"6ns7swtm36cj6ee","previousOperationId":"c18nu94bp7e06i0"}
{"type":"log","timestamp":1750890952800,"level":"debug","message":"Base url not specified, skipping its injection.","meta":{"rootId":"gvaj8neo0u5i65h","id":"gvaj8neo0u5i65h"},"id":"7u5nfwfp928g38u","previousOperationId":"c18nu94bp7e06i0"}
{"type":"operationStart","subtype":"engine","name":"jsrender","timestamp":1750890952810,"id":"83eo7wl0snclcai","previousEventId":"mdo87yditvtgrzm","operationId":"w1s3zaeojtpybpx","previousOperationId":"c18nu94bp7e06i0"}
{"type":"log","timestamp":1750890952810,"level":"debug","message":"Rendering engine jsrender","meta":{"rootId":"gvaj8neo0u5i65h","id":"gvaj8neo0u5i65h"},"id":"dmu5rx1mbcf7927","previousOperationId":"w1s3zaeojtpybpx"}
{"type":"operationEnd","operationId":"w1s3zaeojtpybpx","timestamp":1750890952875,"id":"go3m6yjjzrzp025","previousEventId":"83eo7wl0snclcai","previousOperationId":"w1s3zaeojtpybpx"}
{"type":"operationStart","subtype":"recipe","name":"chrome-pdf","timestamp":1750890952876,"id":"58jbj3d26px86dl","previousEventId":"go3m6yjjzrzp025","operationId":"smgskjhq8iu7v3i","previousOperationId":"w1s3zaeojtpybpx"}
{"type":"log","timestamp":1750890952876,"level":"debug","message":"Executing recipe chrome-pdf","meta":{"rootId":"gvaj8neo0u5i65h","id":"gvaj8neo0u5i65h"},"id":"ysovvuo6yxnei2w","previousOperationId":"smgskjhq8iu7v3i"}
{"type":"log","timestamp":1750890953613,"level":"debug","message":"Converting with chrome Chrome/136.0.7103.49 using chrome-pool strategy","meta":{"rootId":"gvaj8neo0u5i65h","id":"gvaj8neo0u5i65h"},"id":"o4li73543lomoxp","previousOperationId":"smgskjhq8iu7v3i"}
{"type":"log","timestamp":1750890953768,"level":"debug","message":"Page request: GET (document) file:///C:/Users/josem/AppData/Local/Temp/jsreport/autocleanup/dc65912a-edd1-4843-8cee-f4c88292a2d1-chrome-pdf.html","meta":{"rootId":"gvaj8neo0u5i65h","id":"gvaj8neo0u5i65h"},"id":"edqi6wxbbzwgjf2","previousOperationId":"smgskjhq8iu7v3i"}
{"type":"log","timestamp":1750890953815,"level":"debug","message":"Page request finished: GET (document) 200 file:///C:/Users/josem/AppData/Local/Temp/jsreport/autocleanup/dc65912a-edd1-4843-8cee-f4c88292a2d1-chrome-pdf.html","meta":{"rootId":"gvaj8neo0u5i65h","id":"gvaj8neo0u5i65h"},"id":"vorgi4j0a4tw5ru","previousOperationId":"smgskjhq8iu7v3i"}
{"type":"log","timestamp":1750890953876,"level":"debug","message":"Running chrome with params {\"printBackground\":true,\"timeout\":59763,\"margin\":{}}","meta":{"rootId":"gvaj8neo0u5i65h","id":"gvaj8neo0u5i65h"},"id":"d4qq0hggdsm5tgl","previousOperationId":"smgskjhq8iu7v3i"}
{"type":"operationEnd","operationId":"smgskjhq8iu7v3i","timestamp":1750890954263,"id":"tvdzep33r37nu6o","previousEventId":"58jbj3d26px86dl","previousOperationId":"smgskjhq8iu7v3i"}
{"type":"log","timestamp":1750890954264,"level":"debug","message":"Skipping storing report.","meta":{"rootId":"gvaj8neo0u5i65h","id":"gvaj8neo0u5i65h"},"id":"lojxvfx09ciqbrh","previousOperationId":"smgskjhq8iu7v3i"}
{"type":"log","timestamp":1750890954264,"level":"info","message":"Rendering request 16 finished in 1610 ms","meta":{"rootId":"gvaj8neo0u5i65h","id":"gvaj8neo0u5i65h"},"id":"uti3z36j2oangww","previousOperationId":"smgskjhq8iu7v3i"}
{"type":"operationEnd","subtype":"render","operationId":"c18nu94bp7e06i0","timestamp":1750890954264,"id":"fwvntmfb51o4g6l","previousEventId":"tvdzep33r37nu6o","previousOperationId":"smgskjhq8iu7v3i"}
{"type":"operationEnd","doDiffs":false,"previousEventId":"e184s7l7qns7iq1","previousOperationId":"2sqcw62tu4icepv","operationId":"2sqcw62tu4icepv","timestamp":1750890954267,"id":"1z4pbb6pd694b3i"}
