{"type":"operationStart","subtype":"profile","data":{"_id":"wa5c5b8FG5mz8Vw4","timestamp":"2025-06-25T23:12:49.276Z","state":"queued","mode":"standard","creationDate":"2025-06-25T23:12:49.279Z","modificationDate":"2025-06-25T23:12:49.279Z","shortid":"BACynHy","$entitySet":"profiles"},"doDiffs":false,"timestamp":1750893169277,"id":"22sr6ayzx9un6x9","previousOperationId":null,"operationId":"k1pq35ln1zou748"}
{"type":"log","level":"info","message":"Render request 18 queued for execution and waiting for available worker","previousOperationId":"k1pq35ln1zou748","timestamp":1750893169277,"id":"524kgpq1xeamg8h"}
{"type":"operationStart","subtype":"render","name":"reposicionAnaqueles","previousOperationId":"k1pq35ln1zou748","timestamp":1750893169386,"id":"8uadq3cmvz2g1x4","previousEventId":"22sr6ayzx9un6x9","operationId":"tbvmopzwe9adx65"}
{"type":"log","timestamp":1750893169397,"level":"info","message":"Starting rendering request 18","meta":{"rootId":"l00mszb870o7ycz","id":"l00mszb870o7ycz"},"id":"oolay7h12iy2g0n","previousOperationId":"tbvmopzwe9adx65"}
{"type":"log","timestamp":1750893169406,"level":"info","message":"Rendering template { name: reposicionAnaqueles, recipe: chrome-pdf, engine: jsrender, preview: false }","meta":{"rootId":"l00mszb870o7ycz","id":"l00mszb870o7ycz"},"id":"oxtb5f6xwsb3qow","previousOperationId":"tbvmopzwe9adx65"}
{"type":"log","timestamp":1750893169407,"level":"debug","message":"Inline data specified.","meta":{"rootId":"l00mszb870o7ycz","id":"l00mszb870o7ycz"},"id":"0w7bsrwbb2nxe82","previousOperationId":"tbvmopzwe9adx65"}
{"type":"log","timestamp":1750893169415,"level":"debug","message":"Base url not specified, skipping its injection.","meta":{"rootId":"l00mszb870o7ycz","id":"l00mszb870o7ycz"},"id":"gmutsrglb6gpc77","previousOperationId":"tbvmopzwe9adx65"}
{"type":"operationStart","subtype":"engine","name":"jsrender","timestamp":1750893169425,"id":"mmhrwy51l7jm7s8","previousEventId":"8uadq3cmvz2g1x4","operationId":"8ra7df27s7pjrn2","previousOperationId":"tbvmopzwe9adx65"}
{"type":"log","timestamp":1750893169425,"level":"debug","message":"Rendering engine jsrender","meta":{"rootId":"l00mszb870o7ycz","id":"l00mszb870o7ycz"},"id":"gz5bblx7qyc9kzy","previousOperationId":"8ra7df27s7pjrn2"}
{"type":"operationEnd","operationId":"8ra7df27s7pjrn2","timestamp":1750893169473,"id":"b6fqf7yi08y698x","previousEventId":"mmhrwy51l7jm7s8","previousOperationId":"8ra7df27s7pjrn2"}
{"type":"operationStart","subtype":"recipe","name":"chrome-pdf","timestamp":1750893169474,"id":"a1u2p4u2oi4v64j","previousEventId":"b6fqf7yi08y698x","operationId":"34lrr3feby3n4wb","previousOperationId":"8ra7df27s7pjrn2"}
{"type":"log","timestamp":1750893169474,"level":"debug","message":"Executing recipe chrome-pdf","meta":{"rootId":"l00mszb870o7ycz","id":"l00mszb870o7ycz"},"id":"2kxy7s28jw2ht0l","previousOperationId":"34lrr3feby3n4wb"}
{"type":"log","timestamp":1750893170022,"level":"debug","message":"Converting with chrome Chrome/136.0.7103.49 using chrome-pool strategy","meta":{"rootId":"l00mszb870o7ycz","id":"l00mszb870o7ycz"},"id":"qf0gakbap5qmhl3","previousOperationId":"34lrr3feby3n4wb"}
{"type":"log","timestamp":1750893170190,"level":"debug","message":"Page request: GET (document) file:///C:/Users/josem/AppData/Local/Temp/jsreport/autocleanup/5c5125ba-3cf6-471e-8e4c-11e4b8c66d4b-chrome-pdf.html","meta":{"rootId":"l00mszb870o7ycz","id":"l00mszb870o7ycz"},"id":"hgqimvjj24gwx7o","previousOperationId":"34lrr3feby3n4wb"}
{"type":"log","timestamp":1750893170225,"level":"debug","message":"Page request finished: GET (document) 200 file:///C:/Users/josem/AppData/Local/Temp/jsreport/autocleanup/5c5125ba-3cf6-471e-8e4c-11e4b8c66d4b-chrome-pdf.html","meta":{"rootId":"l00mszb870o7ycz","id":"l00mszb870o7ycz"},"id":"j7abrnewqlyxyhh","previousOperationId":"34lrr3feby3n4wb"}
{"type":"log","timestamp":1750893170276,"level":"debug","message":"Running chrome with params {\"printBackground\":true,\"timeout\":59793,\"margin\":{}}","meta":{"rootId":"l00mszb870o7ycz","id":"l00mszb870o7ycz"},"id":"je02k1c2vel2t2g","previousOperationId":"34lrr3feby3n4wb"}
{"type":"operationEnd","operationId":"34lrr3feby3n4wb","timestamp":1750893170968,"id":"g4fwy8av29yjlsq","previousEventId":"a1u2p4u2oi4v64j","previousOperationId":"34lrr3feby3n4wb"}
{"type":"log","timestamp":1750893170969,"level":"debug","message":"Skipping storing report.","meta":{"rootId":"l00mszb870o7ycz","id":"l00mszb870o7ycz"},"id":"7mlmn3zga4pes0i","previousOperationId":"34lrr3feby3n4wb"}
{"type":"log","timestamp":1750893170969,"level":"info","message":"Rendering request 18 finished in 1694 ms","meta":{"rootId":"l00mszb870o7ycz","id":"l00mszb870o7ycz"},"id":"3ur6fbqa981v4ya","previousOperationId":"34lrr3feby3n4wb"}
{"type":"operationEnd","subtype":"render","operationId":"tbvmopzwe9adx65","timestamp":1750893170969,"id":"9hygdfhrborgmps","previousEventId":"g4fwy8av29yjlsq","previousOperationId":"34lrr3feby3n4wb"}
{"type":"operationEnd","doDiffs":false,"previousEventId":"22sr6ayzx9un6x9","previousOperationId":"k1pq35ln1zou748","operationId":"k1pq35ln1zou748","timestamp":1750893170974,"id":"25uw8pijjnwrtz4"}
