{"type":"operationStart","subtype":"profile","data":{"_id":"IC3BUypYLdir3Gs2","timestamp":"2025-06-25T22:02:09.957Z","state":"queued","mode":"standard","creationDate":"2025-06-25T22:02:09.964Z","modificationDate":"2025-06-25T22:02:09.964Z","shortid":"M5t-ljD","$entitySet":"profiles"},"doDiffs":false,"timestamp":1750888929962,"id":"7mtjcdml6fs279l","previousOperationId":null,"operationId":"txqhhfz2m9cdl4k"}
{"type":"log","level":"info","message":"Render request 9 queued for execution and waiting for available worker","previousOperationId":"txqhhfz2m9cdl4k","timestamp":1750888929963,"id":"kydae2ting8ss3n"}
{"type":"operationStart","subtype":"render","name":"reposicionAnaqueles","previousOperationId":"txqhhfz2m9cdl4k","timestamp":1750888930001,"id":"ep43l3a4ay64hns","previousEventId":"7mtjcdml6fs279l","operationId":"whst86z79xelctf"}
{"type":"log","timestamp":1750888930003,"level":"info","message":"Starting rendering request 9","meta":{"rootId":"o8wlgidd21wg1ff","id":"o8wlgidd21wg1ff"},"id":"u7y18k9sgrbw8xz","previousOperationId":"whst86z79xelctf"}
{"type":"log","timestamp":1750888930005,"level":"info","message":"Rendering template { name: reposicionAnaqueles, recipe: chrome-pdf, engine: jsrender, preview: false }","meta":{"rootId":"o8wlgidd21wg1ff","id":"o8wlgidd21wg1ff"},"id":"v2s9avamipqcvc7","previousOperationId":"whst86z79xelctf"}
{"type":"log","timestamp":1750888930005,"level":"debug","message":"Inline data specified.","meta":{"rootId":"o8wlgidd21wg1ff","id":"o8wlgidd21wg1ff"},"id":"d3ee129otiur7s7","previousOperationId":"whst86z79xelctf"}
{"type":"log","timestamp":1750888930008,"level":"debug","message":"Base url not specified, skipping its injection.","meta":{"rootId":"o8wlgidd21wg1ff","id":"o8wlgidd21wg1ff"},"id":"vrvceke3jb8p2hy","previousOperationId":"whst86z79xelctf"}
{"type":"operationStart","subtype":"engine","name":"jsrender","timestamp":1750888930011,"id":"1c6jfkshmt7pajc","previousEventId":"ep43l3a4ay64hns","operationId":"lohsnhpmxbcdcqg","previousOperationId":"whst86z79xelctf"}
{"type":"log","timestamp":1750888930011,"level":"debug","message":"Rendering engine jsrender","meta":{"rootId":"o8wlgidd21wg1ff","id":"o8wlgidd21wg1ff"},"id":"d4qs7f60z79bmrm","previousOperationId":"lohsnhpmxbcdcqg"}
{"type":"operationEnd","operationId":"lohsnhpmxbcdcqg","timestamp":1750888930045,"id":"naougyxkxq518iu","previousEventId":"1c6jfkshmt7pajc","previousOperationId":"lohsnhpmxbcdcqg"}
{"type":"operationStart","subtype":"recipe","name":"chrome-pdf","timestamp":1750888930045,"id":"z9g6kzojylucupb","previousEventId":"naougyxkxq518iu","operationId":"zuvm4c13mfm7bt6","previousOperationId":"lohsnhpmxbcdcqg"}
{"type":"log","timestamp":1750888930045,"level":"debug","message":"Executing recipe chrome-pdf","meta":{"rootId":"o8wlgidd21wg1ff","id":"o8wlgidd21wg1ff"},"id":"z0f5xz8aeq74b8r","previousOperationId":"zuvm4c13mfm7bt6"}
{"type":"log","timestamp":1750888930061,"level":"debug","message":"Converting with chrome Chrome/136.0.7103.49 using chrome-pool strategy","meta":{"rootId":"o8wlgidd21wg1ff","id":"o8wlgidd21wg1ff"},"id":"2pl2urv7dmehj7p","previousOperationId":"zuvm4c13mfm7bt6"}
{"type":"log","timestamp":1750888930313,"level":"debug","message":"Page request: GET (document) file:///C:/Users/josem/AppData/Local/Temp/jsreport/autocleanup/d81042a6-cd98-4a0e-a855-8c05a78bc947-chrome-pdf.html","meta":{"rootId":"o8wlgidd21wg1ff","id":"o8wlgidd21wg1ff"},"id":"m2rl73s7d1bazps","previousOperationId":"zuvm4c13mfm7bt6"}
{"type":"log","timestamp":1750888930357,"level":"debug","message":"Page request finished: GET (document) 200 file:///C:/Users/josem/AppData/Local/Temp/jsreport/autocleanup/d81042a6-cd98-4a0e-a855-8c05a78bc947-chrome-pdf.html","meta":{"rootId":"o8wlgidd21wg1ff","id":"o8wlgidd21wg1ff"},"id":"nf4wrhdr7qs6j8z","previousOperationId":"zuvm4c13mfm7bt6"}
{"type":"log","timestamp":1750888930422,"level":"debug","message":"Running chrome with params {\"printBackground\":true,\"timeout\":59907,\"margin\":{}}","meta":{"rootId":"o8wlgidd21wg1ff","id":"o8wlgidd21wg1ff"},"id":"w7wbl5kw85l0hgk","previousOperationId":"zuvm4c13mfm7bt6"}
{"type":"operationEnd","operationId":"zuvm4c13mfm7bt6","timestamp":1750888930755,"id":"218wnghewhqm65z","previousEventId":"z9g6kzojylucupb","previousOperationId":"zuvm4c13mfm7bt6"}
{"type":"log","timestamp":1750888930755,"level":"debug","message":"Skipping storing report.","meta":{"rootId":"o8wlgidd21wg1ff","id":"o8wlgidd21wg1ff"},"id":"lb53q7miut6awt9","previousOperationId":"zuvm4c13mfm7bt6"}
{"type":"log","timestamp":1750888930756,"level":"info","message":"Rendering request 9 finished in 799 ms","meta":{"rootId":"o8wlgidd21wg1ff","id":"o8wlgidd21wg1ff"},"id":"mwgnf4vmv7kmbt9","previousOperationId":"zuvm4c13mfm7bt6"}
{"type":"operationEnd","subtype":"render","operationId":"whst86z79xelctf","timestamp":1750888930756,"id":"ndv4w8424h26vbs","previousEventId":"218wnghewhqm65z","previousOperationId":"zuvm4c13mfm7bt6"}
{"type":"operationEnd","doDiffs":false,"previousEventId":"7mtjcdml6fs279l","previousOperationId":"txqhhfz2m9cdl4k","operationId":"txqhhfz2m9cdl4k","timestamp":1750888930759,"id":"3qncb4ed5n45grb"}
