{"type":"operationStart","subtype":"profile","data":{"_id":"LR0F4LI04yndN0Hz","timestamp":"2025-06-25T22:02:18.919Z","state":"queued","mode":"standard","creationDate":"2025-06-25T22:02:18.922Z","modificationDate":"2025-06-25T22:02:18.922Z","shortid":"PKw2coT","$entitySet":"profiles"},"doDiffs":false,"timestamp":1750888938921,"id":"408rdsi7f0eo3bo","previousOperationId":null,"operationId":"i7sb5z7qkfhogit"}
{"type":"log","level":"info","message":"Render request 10 queued for execution and waiting for available worker","previousOperationId":"i7sb5z7qkfhogit","timestamp":1750888938921,"id":"7wyuxzsbwfzw7yy"}
{"type":"operationStart","subtype":"render","name":"reposicionAnaqueles","previousOperationId":"i7sb5z7qkfhogit","timestamp":1750888938955,"id":"ueg71omyx9gphhj","previousEventId":"408rdsi7f0eo3bo","operationId":"z7qqfy2onb5fkdk"}
{"type":"log","timestamp":1750888938955,"level":"info","message":"Starting rendering request 10","meta":{"rootId":"rs4jdm0zf87fkth","id":"rs4jdm0zf87fkth"},"id":"wt4buel77ltp7no","previousOperationId":"z7qqfy2onb5fkdk"}
{"type":"log","timestamp":1750888938956,"level":"info","message":"Rendering template { name: reposicionAnaqueles, recipe: chrome-pdf, engine: jsrender, preview: false }","meta":{"rootId":"rs4jdm0zf87fkth","id":"rs4jdm0zf87fkth"},"id":"dxgcij9rgf16mf2","previousOperationId":"z7qqfy2onb5fkdk"}
{"type":"log","timestamp":1750888938956,"level":"debug","message":"Inline data specified.","meta":{"rootId":"rs4jdm0zf87fkth","id":"rs4jdm0zf87fkth"},"id":"2k0bycfqkxhdt4v","previousOperationId":"z7qqfy2onb5fkdk"}
{"type":"log","timestamp":1750888938958,"level":"debug","message":"Base url not specified, skipping its injection.","meta":{"rootId":"rs4jdm0zf87fkth","id":"rs4jdm0zf87fkth"},"id":"x25fs6sm1wt4sok","previousOperationId":"z7qqfy2onb5fkdk"}
{"type":"operationStart","subtype":"engine","name":"jsrender","timestamp":1750888938960,"id":"ie55owgobrfj8zs","previousEventId":"ueg71omyx9gphhj","operationId":"eahcb08bmjsbpu4","previousOperationId":"z7qqfy2onb5fkdk"}
{"type":"log","timestamp":1750888938961,"level":"debug","message":"Rendering engine jsrender","meta":{"rootId":"rs4jdm0zf87fkth","id":"rs4jdm0zf87fkth"},"id":"dc1qcg7f0cra1jy","previousOperationId":"eahcb08bmjsbpu4"}
{"type":"operationEnd","operationId":"eahcb08bmjsbpu4","timestamp":1750888938986,"id":"e8hgrx2hmkmox5m","previousEventId":"ie55owgobrfj8zs","previousOperationId":"eahcb08bmjsbpu4"}
{"type":"operationStart","subtype":"recipe","name":"chrome-pdf","timestamp":1750888938992,"id":"maaoybgutrwrsei","previousEventId":"e8hgrx2hmkmox5m","operationId":"hp63gm2nc308e0g","previousOperationId":"eahcb08bmjsbpu4"}
{"type":"log","timestamp":1750888938992,"level":"debug","message":"Executing recipe chrome-pdf","meta":{"rootId":"rs4jdm0zf87fkth","id":"rs4jdm0zf87fkth"},"id":"rzc9z6fr7ugsrxz","previousOperationId":"hp63gm2nc308e0g"}
{"type":"log","timestamp":1750888939001,"level":"debug","message":"Converting with chrome Chrome/136.0.7103.49 using chrome-pool strategy","meta":{"rootId":"rs4jdm0zf87fkth","id":"rs4jdm0zf87fkth"},"id":"nphlbv3yjzov0zf","previousOperationId":"hp63gm2nc308e0g"}
{"type":"log","timestamp":1750888939174,"level":"debug","message":"Page request: GET (document) file:///C:/Users/josem/AppData/Local/Temp/jsreport/autocleanup/8c89eae8-06e2-4dfa-bd88-69c9972c28cf-chrome-pdf.html","meta":{"rootId":"rs4jdm0zf87fkth","id":"rs4jdm0zf87fkth"},"id":"3v1seozrcubjj3b","previousOperationId":"hp63gm2nc308e0g"}
{"type":"log","timestamp":1750888939211,"level":"debug","message":"Page request finished: GET (document) 200 file:///C:/Users/josem/AppData/Local/Temp/jsreport/autocleanup/8c89eae8-06e2-4dfa-bd88-69c9972c28cf-chrome-pdf.html","meta":{"rootId":"rs4jdm0zf87fkth","id":"rs4jdm0zf87fkth"},"id":"irpqecqhasltm2h","previousOperationId":"hp63gm2nc308e0g"}
{"type":"log","timestamp":1750888939228,"level":"debug","message":"Running chrome with params {\"printBackground\":true,\"timeout\":59922,\"margin\":{}}","meta":{"rootId":"rs4jdm0zf87fkth","id":"rs4jdm0zf87fkth"},"id":"ndn4991tsi2pcmj","previousOperationId":"hp63gm2nc308e0g"}
{"type":"operationEnd","operationId":"hp63gm2nc308e0g","timestamp":1750888939499,"id":"nhck7fnal1rksvq","previousEventId":"maaoybgutrwrsei","previousOperationId":"hp63gm2nc308e0g"}
{"type":"log","timestamp":1750888939499,"level":"debug","message":"Skipping storing report.","meta":{"rootId":"rs4jdm0zf87fkth","id":"rs4jdm0zf87fkth"},"id":"kmyjmizadjph75v","previousOperationId":"hp63gm2nc308e0g"}
{"type":"log","timestamp":1750888939499,"level":"info","message":"Rendering request 10 finished in 581 ms","meta":{"rootId":"rs4jdm0zf87fkth","id":"rs4jdm0zf87fkth"},"id":"8ta32lezs4vh0qv","previousOperationId":"hp63gm2nc308e0g"}
{"type":"operationEnd","subtype":"render","operationId":"z7qqfy2onb5fkdk","timestamp":1750888939499,"id":"pvo6kzt1n72l8e1","previousEventId":"nhck7fnal1rksvq","previousOperationId":"hp63gm2nc308e0g"}
{"type":"operationEnd","doDiffs":false,"previousEventId":"408rdsi7f0eo3bo","previousOperationId":"i7sb5z7qkfhogit","operationId":"i7sb5z7qkfhogit","timestamp":1750888939502,"id":"pcyxfac9almnys0"}
