{"type":"operationStart","subtype":"profile","data":{"_id":"UMyt6nry3gYPTcxX","timestamp":"2025-06-25T22:04:21.899Z","state":"queued","mode":"standard","creationDate":"2025-06-25T22:04:21.903Z","modificationDate":"2025-06-25T22:04:21.903Z","shortid":"zLf4n8-","$entitySet":"profiles"},"doDiffs":false,"timestamp":1750889061902,"id":"5jax2eqbizyuzw5","previousOperationId":null,"operationId":"zmnvp2rva5rcou2"}
{"type":"log","level":"info","message":"Render request 12 queued for execution and waiting for available worker","previousOperationId":"zmnvp2rva5rcou2","timestamp":1750889061902,"id":"irfpdkwumuxafmk"}
{"type":"operationStart","subtype":"render","name":"reposicionAnaqueles","previousOperationId":"zmnvp2rva5rcou2","timestamp":1750889061939,"id":"po65pz84mouhgyd","previousEventId":"5jax2eqbizyuzw5","operationId":"824el2m9mzeakse"}
{"type":"log","timestamp":1750889061941,"level":"info","message":"Starting rendering request 12","meta":{"rootId":"xwkjk7gpfjpsz5i","id":"xwkjk7gpfjpsz5i"},"id":"by6zblkrntyb33y","previousOperationId":"824el2m9mzeakse"}
{"type":"log","timestamp":1750889061944,"level":"info","message":"Rendering template { name: reposicionAnaqueles, recipe: chrome-pdf, engine: jsrender, preview: false }","meta":{"rootId":"xwkjk7gpfjpsz5i","id":"xwkjk7gpfjpsz5i"},"id":"pyoq3pwanubfxqj","previousOperationId":"824el2m9mzeakse"}
{"type":"log","timestamp":1750889061944,"level":"debug","message":"Inline data specified.","meta":{"rootId":"xwkjk7gpfjpsz5i","id":"xwkjk7gpfjpsz5i"},"id":"2pfg6xps8u0lblj","previousOperationId":"824el2m9mzeakse"}
{"type":"log","timestamp":1750889061948,"level":"debug","message":"Base url not specified, skipping its injection.","meta":{"rootId":"xwkjk7gpfjpsz5i","id":"xwkjk7gpfjpsz5i"},"id":"5w82lx2zysnvigk","previousOperationId":"824el2m9mzeakse"}
{"type":"operationStart","subtype":"engine","name":"jsrender","timestamp":1750889061952,"id":"40jwhe4ov4ickpl","previousEventId":"po65pz84mouhgyd","operationId":"z1ix464ep1hzxx4","previousOperationId":"824el2m9mzeakse"}
{"type":"log","timestamp":1750889061952,"level":"debug","message":"Rendering engine jsrender","meta":{"rootId":"xwkjk7gpfjpsz5i","id":"xwkjk7gpfjpsz5i"},"id":"l8itv07p7oiy4cx","previousOperationId":"z1ix464ep1hzxx4"}
{"type":"operationEnd","operationId":"z1ix464ep1hzxx4","timestamp":1750889061999,"id":"ohfvjq1362e3hmx","previousEventId":"40jwhe4ov4ickpl","previousOperationId":"z1ix464ep1hzxx4"}
{"type":"operationStart","subtype":"recipe","name":"chrome-pdf","timestamp":1750889062000,"id":"orf36beijh7igr0","previousEventId":"ohfvjq1362e3hmx","operationId":"zf7gwtypxc2wxhd","previousOperationId":"z1ix464ep1hzxx4"}
{"type":"log","timestamp":1750889062000,"level":"debug","message":"Executing recipe chrome-pdf","meta":{"rootId":"xwkjk7gpfjpsz5i","id":"xwkjk7gpfjpsz5i"},"id":"hxxdae04pn8xpxf","previousOperationId":"zf7gwtypxc2wxhd"}
{"type":"log","timestamp":1750889062021,"level":"debug","message":"Converting with chrome Chrome/136.0.7103.49 using chrome-pool strategy","meta":{"rootId":"xwkjk7gpfjpsz5i","id":"xwkjk7gpfjpsz5i"},"id":"cqqdq8cgylcwdc2","previousOperationId":"zf7gwtypxc2wxhd"}
{"type":"log","timestamp":1750889062444,"level":"debug","message":"Page request: GET (document) file:///C:/Users/josem/AppData/Local/Temp/jsreport/autocleanup/15cba892-14f8-4087-854a-6db7b247484c-chrome-pdf.html","meta":{"rootId":"xwkjk7gpfjpsz5i","id":"xwkjk7gpfjpsz5i"},"id":"v4w7sn0vj77m1y9","previousOperationId":"zf7gwtypxc2wxhd"}
{"type":"log","timestamp":1750889062500,"level":"debug","message":"Page request finished: GET (document) 200 file:///C:/Users/josem/AppData/Local/Temp/jsreport/autocleanup/15cba892-14f8-4087-854a-6db7b247484c-chrome-pdf.html","meta":{"rootId":"xwkjk7gpfjpsz5i","id":"xwkjk7gpfjpsz5i"},"id":"9dlgedo9k4vm1wl","previousOperationId":"zf7gwtypxc2wxhd"}
{"type":"log","timestamp":1750889062561,"level":"debug","message":"Running chrome with params {\"printBackground\":true,\"timeout\":59886,\"margin\":{}}","meta":{"rootId":"xwkjk7gpfjpsz5i","id":"xwkjk7gpfjpsz5i"},"id":"8x992yrv4bzz5rt","previousOperationId":"zf7gwtypxc2wxhd"}
{"type":"operationEnd","operationId":"zf7gwtypxc2wxhd","timestamp":1750889062965,"id":"zs3o3p0fezl0pz1","previousEventId":"orf36beijh7igr0","previousOperationId":"zf7gwtypxc2wxhd"}
{"type":"log","timestamp":1750889062966,"level":"debug","message":"Skipping storing report.","meta":{"rootId":"xwkjk7gpfjpsz5i","id":"xwkjk7gpfjpsz5i"},"id":"d0a3agnqrkndneh","previousOperationId":"zf7gwtypxc2wxhd"}
{"type":"log","timestamp":1750889062966,"level":"info","message":"Rendering request 12 finished in 1076 ms","meta":{"rootId":"xwkjk7gpfjpsz5i","id":"xwkjk7gpfjpsz5i"},"id":"f6m0ql54n3fp3xx","previousOperationId":"zf7gwtypxc2wxhd"}
{"type":"operationEnd","subtype":"render","operationId":"824el2m9mzeakse","timestamp":1750889062966,"id":"f2ns1bymn6h98tf","previousEventId":"zs3o3p0fezl0pz1","previousOperationId":"zf7gwtypxc2wxhd"}
{"type":"operationEnd","doDiffs":false,"previousEventId":"5jax2eqbizyuzw5","previousOperationId":"zmnvp2rva5rcou2","operationId":"zmnvp2rva5rcou2","timestamp":1750889062969,"id":"djssm8gatvxbdq0"}
