{"type":"operationStart","subtype":"profile","data":{"_id":"2LyrhEAQU15KGhS4","timestamp":"2025-06-25T22:04:58.363Z","state":"queued","mode":"standard","creationDate":"2025-06-25T22:04:58.365Z","modificationDate":"2025-06-25T22:04:58.365Z","shortid":"NIYhQ5Z","$entitySet":"profiles"},"doDiffs":false,"timestamp":1750889098364,"id":"ekmwuk274fkxyau","previousOperationId":null,"operationId":"prqz8hneokb4rso"}
{"type":"log","level":"info","message":"Render request 14 queued for execution and waiting for available worker","previousOperationId":"prqz8hneokb4rso","timestamp":1750889098364,"id":"fi57ik5ht9onirm"}
{"type":"operationStart","subtype":"render","name":"nominaDepartamento","previousOperationId":"prqz8hneokb4rso","timestamp":1750889098397,"id":"9prhtrkvme9nx4v","previousEventId":"ekmwuk274fkxyau","operationId":"vom7y8jobcvewr8"}
{"type":"log","timestamp":1750889098398,"level":"info","message":"Starting rendering request 14","meta":{"rootId":"a2zfjvywwrctxcu","id":"a2zfjvywwrctxcu"},"id":"h1ecbzbajj5mg4j","previousOperationId":"vom7y8jobcvewr8"}
{"type":"log","timestamp":1750889098399,"level":"info","message":"Rendering template { name: nominaDepartamento, recipe: chrome-pdf, engine: jsrender, preview: false }","meta":{"rootId":"a2zfjvywwrctxcu","id":"a2zfjvywwrctxcu"},"id":"7oyiuep6c72etd1","previousOperationId":"vom7y8jobcvewr8"}
{"type":"log","timestamp":1750889098399,"level":"debug","message":"Inline data specified.","meta":{"rootId":"a2zfjvywwrctxcu","id":"a2zfjvywwrctxcu"},"id":"s764afavap0kuoe","previousOperationId":"vom7y8jobcvewr8"}
{"type":"log","timestamp":1750889098402,"level":"debug","message":"Base url not specified, skipping its injection.","meta":{"rootId":"a2zfjvywwrctxcu","id":"a2zfjvywwrctxcu"},"id":"39yc61i7f5pxq7m","previousOperationId":"vom7y8jobcvewr8"}
{"type":"operationStart","subtype":"engine","name":"jsrender","timestamp":1750889098404,"id":"cup2tz3synwflyy","previousEventId":"9prhtrkvme9nx4v","operationId":"zen04aax3keooyk","previousOperationId":"vom7y8jobcvewr8"}
{"type":"log","timestamp":1750889098404,"level":"debug","message":"Rendering engine jsrender","meta":{"rootId":"a2zfjvywwrctxcu","id":"a2zfjvywwrctxcu"},"id":"jio8fisz4egvs43","previousOperationId":"zen04aax3keooyk"}
{"type":"operationEnd","operationId":"zen04aax3keooyk","timestamp":1750889098428,"id":"7ks3dmjbwn4mn5q","previousEventId":"cup2tz3synwflyy","previousOperationId":"zen04aax3keooyk"}
{"type":"operationStart","subtype":"recipe","name":"chrome-pdf","timestamp":1750889098428,"id":"ln327ul90gligp9","previousEventId":"7ks3dmjbwn4mn5q","operationId":"l8u319dc5aeyx61","previousOperationId":"zen04aax3keooyk"}
{"type":"log","timestamp":1750889098428,"level":"debug","message":"Executing recipe chrome-pdf","meta":{"rootId":"a2zfjvywwrctxcu","id":"a2zfjvywwrctxcu"},"id":"wt87favbpii3s6n","previousOperationId":"l8u319dc5aeyx61"}
{"type":"log","timestamp":1750889098440,"level":"debug","message":"Converting with chrome Chrome/136.0.7103.49 using chrome-pool strategy","meta":{"rootId":"a2zfjvywwrctxcu","id":"a2zfjvywwrctxcu"},"id":"cj7qo7qakr97ffz","previousOperationId":"l8u319dc5aeyx61"}
{"type":"log","timestamp":1750889098607,"level":"debug","message":"Page request: GET (document) file:///C:/Users/josem/AppData/Local/Temp/jsreport/autocleanup/e3299b4e-800c-431f-a761-a80916084921-chrome-pdf.html","meta":{"rootId":"a2zfjvywwrctxcu","id":"a2zfjvywwrctxcu"},"id":"y0kled07mt476yy","previousOperationId":"l8u319dc5aeyx61"}
{"type":"log","timestamp":1750889098637,"level":"debug","message":"Page request finished: GET (document) 200 file:///C:/Users/josem/AppData/Local/Temp/jsreport/autocleanup/e3299b4e-800c-431f-a761-a80916084921-chrome-pdf.html","meta":{"rootId":"a2zfjvywwrctxcu","id":"a2zfjvywwrctxcu"},"id":"4ck7peq8j0it62r","previousOperationId":"l8u319dc5aeyx61"}
{"type":"log","timestamp":1750889098661,"level":"debug","message":"Running chrome with params {\"printBackground\":true,\"timeout\":59927,\"margin\":{}}","meta":{"rootId":"a2zfjvywwrctxcu","id":"a2zfjvywwrctxcu"},"id":"t0gib4ge7uy09q6","previousOperationId":"l8u319dc5aeyx61"}
{"type":"operationEnd","operationId":"l8u319dc5aeyx61","timestamp":1750889099000,"id":"cqk3wax0g0vrsnc","previousEventId":"ln327ul90gligp9","previousOperationId":"l8u319dc5aeyx61"}
{"type":"log","timestamp":1750889099000,"level":"debug","message":"Skipping storing report.","meta":{"rootId":"a2zfjvywwrctxcu","id":"a2zfjvywwrctxcu"},"id":"hsl4klnoeo9tdgg","previousOperationId":"l8u319dc5aeyx61"}
{"type":"log","timestamp":1750889099000,"level":"info","message":"Rendering request 14 finished in 637 ms","meta":{"rootId":"a2zfjvywwrctxcu","id":"a2zfjvywwrctxcu"},"id":"qizuvmwqby8zw13","previousOperationId":"l8u319dc5aeyx61"}
{"type":"operationEnd","subtype":"render","operationId":"vom7y8jobcvewr8","timestamp":1750889099000,"id":"0uo91sikugfo3e4","previousEventId":"cqk3wax0g0vrsnc","previousOperationId":"l8u319dc5aeyx61"}
{"type":"operationEnd","doDiffs":false,"previousEventId":"ekmwuk274fkxyau","previousOperationId":"prqz8hneokb4rso","operationId":"prqz8hneokb4rso","timestamp":1750889099002,"id":"gw3h032b1oy7yzt"}
