{"type":"operationStart","subtype":"profile","data":{"_id":"mxqlCOOPA34UHQWK","timestamp":"2025-06-26T17:33:25.566Z","state":"queued","mode":"standard","creationDate":"2025-06-26T17:33:25.572Z","modificationDate":"2025-06-26T17:33:25.572Z","shortid":"2udbT0D","$entitySet":"profiles"},"doDiffs":false,"timestamp":1750959205568,"id":"corkg2rpjzf3h3y","previousOperationId":null,"operationId":"t0i9cbakqvqakla"}
{"type":"log","level":"info","message":"Render request 16 queued for execution and waiting for available worker","previousOperationId":"t0i9cbakqvqakla","timestamp":1750959205568,"id":"5m8ywh7geokpvqb"}
{"type":"operationStart","subtype":"render","name":"nominaDepartamento","previousOperationId":"t0i9cbakqvqakla","timestamp":1750959205620,"id":"ux3k3pbagydfl1j","previousEventId":"corkg2rpjzf3h3y","operationId":"ols2p16ve2dzfsg"}
{"type":"log","timestamp":1750959205621,"level":"info","message":"Starting rendering request 16","meta":{"rootId":"hzbrx409s9l1t6b","id":"hzbrx409s9l1t6b"},"id":"qyp8z00jc5n8llq","previousOperationId":"ols2p16ve2dzfsg"}
{"type":"log","timestamp":1750959205624,"level":"info","message":"Rendering template { name: nominaDepartamento, recipe: chrome-pdf, engine: jsrender, preview: false }","meta":{"rootId":"hzbrx409s9l1t6b","id":"hzbrx409s9l1t6b"},"id":"7zcp7n53usdnh0o","previousOperationId":"ols2p16ve2dzfsg"}
{"type":"log","timestamp":1750959205624,"level":"debug","message":"Inline data specified.","meta":{"rootId":"hzbrx409s9l1t6b","id":"hzbrx409s9l1t6b"},"id":"9hhc6cxv7usesyx","previousOperationId":"ols2p16ve2dzfsg"}
{"type":"log","timestamp":1750959205627,"level":"debug","message":"Base url not specified, skipping its injection.","meta":{"rootId":"hzbrx409s9l1t6b","id":"hzbrx409s9l1t6b"},"id":"bn9qitc6tio1t4d","previousOperationId":"ols2p16ve2dzfsg"}
{"type":"operationStart","subtype":"engine","name":"jsrender","timestamp":1750959205633,"id":"ijn3fn7hrvte8oy","previousEventId":"ux3k3pbagydfl1j","operationId":"dwnfu1q759a53kt","previousOperationId":"ols2p16ve2dzfsg"}
{"type":"log","timestamp":1750959205633,"level":"debug","message":"Rendering engine jsrender","meta":{"rootId":"hzbrx409s9l1t6b","id":"hzbrx409s9l1t6b"},"id":"xnzrl0i7pcqykn5","previousOperationId":"dwnfu1q759a53kt"}
{"type":"operationEnd","operationId":"dwnfu1q759a53kt","timestamp":1750959205678,"id":"rkhve8mx6po0hl0","previousEventId":"ijn3fn7hrvte8oy","previousOperationId":"dwnfu1q759a53kt"}
{"type":"operationStart","subtype":"recipe","name":"chrome-pdf","timestamp":1750959205679,"id":"xbnic1v1hi66akl","previousEventId":"rkhve8mx6po0hl0","operationId":"pdb9rninyccl9b3","previousOperationId":"dwnfu1q759a53kt"}
{"type":"log","timestamp":1750959205679,"level":"debug","message":"Executing recipe chrome-pdf","meta":{"rootId":"hzbrx409s9l1t6b","id":"hzbrx409s9l1t6b"},"id":"kzd2qyyaqr2dvj5","previousOperationId":"pdb9rninyccl9b3"}
{"type":"log","timestamp":1750959205705,"level":"debug","message":"Converting with chrome Chrome/136.0.7103.49 using chrome-pool strategy","meta":{"rootId":"hzbrx409s9l1t6b","id":"hzbrx409s9l1t6b"},"id":"1ojo4zxo5p08wrl","previousOperationId":"pdb9rninyccl9b3"}
{"type":"log","timestamp":1750959206097,"level":"debug","message":"Page request: GET (document) file:///C:/Users/josem/AppData/Local/Temp/jsreport/autocleanup/abc955c1-5b66-4f7c-b56e-f4e2d517ac19-chrome-pdf.html","meta":{"rootId":"hzbrx409s9l1t6b","id":"hzbrx409s9l1t6b"},"id":"4agx8zsbbixcsjz","previousOperationId":"pdb9rninyccl9b3"}
{"type":"log","timestamp":1750959206152,"level":"debug","message":"Page request finished: GET (document) 200 file:///C:/Users/josem/AppData/Local/Temp/jsreport/autocleanup/abc955c1-5b66-4f7c-b56e-f4e2d517ac19-chrome-pdf.html","meta":{"rootId":"hzbrx409s9l1t6b","id":"hzbrx409s9l1t6b"},"id":"vnj84z4mwzv460r","previousOperationId":"pdb9rninyccl9b3"}
{"type":"log","timestamp":1750959206208,"level":"debug","message":"Running chrome with params {\"printBackground\":true,\"timeout\":59869,\"margin\":{}}","meta":{"rootId":"hzbrx409s9l1t6b","id":"hzbrx409s9l1t6b"},"id":"cve6n860ka6fb5n","previousOperationId":"pdb9rninyccl9b3"}
{"type":"operationEnd","operationId":"pdb9rninyccl9b3","timestamp":1750959206610,"id":"cg33cs9xo34h1dz","previousEventId":"xbnic1v1hi66akl","previousOperationId":"pdb9rninyccl9b3"}
{"type":"log","timestamp":1750959206610,"level":"debug","message":"Skipping storing report.","meta":{"rootId":"hzbrx409s9l1t6b","id":"hzbrx409s9l1t6b"},"id":"iu4bo5j35b8y06f","previousOperationId":"pdb9rninyccl9b3"}
{"type":"log","timestamp":1750959206610,"level":"info","message":"Rendering request 16 finished in 1054 ms","meta":{"rootId":"hzbrx409s9l1t6b","id":"hzbrx409s9l1t6b"},"id":"g6okjze0mmdp4ha","previousOperationId":"pdb9rninyccl9b3"}
{"type":"operationEnd","subtype":"render","operationId":"ols2p16ve2dzfsg","timestamp":1750959206610,"id":"ub3ogbm68uq3kyf","previousEventId":"cg33cs9xo34h1dz","previousOperationId":"pdb9rninyccl9b3"}
{"type":"operationEnd","doDiffs":false,"previousEventId":"corkg2rpjzf3h3y","previousOperationId":"t0i9cbakqvqakla","operationId":"t0i9cbakqvqakla","timestamp":1750959206612,"id":"plpldaheu4muu2s"}
