{"type":"operationStart","subtype":"profile","data":{"_id":"XLm62lzEf9HVYdni","timestamp":"2025-06-26T04:33:01.660Z","state":"queued","mode":"standard","creationDate":"2025-06-26T04:33:01.708Z","modificationDate":"2025-06-26T04:33:01.708Z","shortid":"ytUyYEc","$entitySet":"profiles"},"doDiffs":false,"timestamp":1750912381675,"id":"yv6mf4l4foj7759","previousOperationId":null,"operationId":"u3qzey9wz8jpqwa"}
{"type":"log","level":"info","message":"Render request 1 queued for execution and waiting for available worker","previousOperationId":"u3qzey9wz8jpqwa","timestamp":1750912381676,"id":"e8za5uyyevhsz9u"}
{"type":"operationStart","subtype":"render","name":"nominaDepartamento","previousOperationId":"u3qzey9wz8jpqwa","timestamp":1750912381900,"id":"qt7vvn1b9190qd1","previousEventId":"yv6mf4l4foj7759","operationId":"uft8lsyjtkhlnlh"}
{"type":"log","timestamp":1750912381906,"level":"info","message":"Starting rendering request 1","meta":{"rootId":"molypr7jple7lgj","id":"molypr7jple7lgj"},"id":"je7071kckcripyn","previousOperationId":"uft8lsyjtkhlnlh"}
{"type":"log","timestamp":1750912381912,"level":"info","message":"Rendering template { name: nominaDepartamento, recipe: chrome-pdf, engine: jsrender, preview: false }","meta":{"rootId":"molypr7jple7lgj","id":"molypr7jple7lgj"},"id":"et24oxribggkjcs","previousOperationId":"uft8lsyjtkhlnlh"}
{"type":"log","timestamp":1750912381914,"level":"debug","message":"Inline data specified.","meta":{"rootId":"molypr7jple7lgj","id":"molypr7jple7lgj"},"id":"hrecjkdd4vumclj","previousOperationId":"uft8lsyjtkhlnlh"}
{"type":"log","timestamp":1750912381925,"level":"debug","message":"Base url not specified, skipping its injection.","meta":{"rootId":"molypr7jple7lgj","id":"molypr7jple7lgj"},"id":"f0bcbdrqupnn7l6","previousOperationId":"uft8lsyjtkhlnlh"}
{"type":"operationStart","subtype":"engine","name":"jsrender","timestamp":1750912381938,"id":"hhqtm8lshx0n9hj","previousEventId":"qt7vvn1b9190qd1","operationId":"fzkq0ks3wwv34g2","previousOperationId":"uft8lsyjtkhlnlh"}
{"type":"log","timestamp":1750912381938,"level":"debug","message":"Rendering engine jsrender","meta":{"rootId":"molypr7jple7lgj","id":"molypr7jple7lgj"},"id":"g1uw0o4yx3tgd8b","previousOperationId":"fzkq0ks3wwv34g2"}
{"type":"operationEnd","operationId":"fzkq0ks3wwv34g2","timestamp":1750912388146,"id":"cyaapy10n61eywg","previousEventId":"hhqtm8lshx0n9hj","previousOperationId":"fzkq0ks3wwv34g2"}
{"type":"operationStart","subtype":"recipe","name":"chrome-pdf","timestamp":1750912388148,"id":"vax9kj6kkq9hvj0","previousEventId":"cyaapy10n61eywg","operationId":"828jkoqkq80let0","previousOperationId":"fzkq0ks3wwv34g2"}
{"type":"log","timestamp":1750912388148,"level":"debug","message":"Executing recipe chrome-pdf","meta":{"rootId":"molypr7jple7lgj","id":"molypr7jple7lgj"},"id":"l876fmpi8r5dbd6","previousOperationId":"828jkoqkq80let0"}
{"type":"log","timestamp":1750912399487,"level":"debug","message":"Converting with chrome Chrome/136.0.7103.49 using chrome-pool strategy","meta":{"rootId":"molypr7jple7lgj","id":"molypr7jple7lgj"},"id":"47mww1md0plfwpt","previousOperationId":"828jkoqkq80let0"}
{"type":"log","timestamp":1750912399564,"level":"debug","message":"Page request: GET (document) file:///C:/Users/josem/AppData/Local/Temp/jsreport/autocleanup/e1018f59-fb3f-434b-9e95-a6e2aec1c1b9-chrome-pdf.html","meta":{"rootId":"molypr7jple7lgj","id":"molypr7jple7lgj"},"id":"hk79w0oca1lh9x4","previousOperationId":"828jkoqkq80let0"}
{"type":"log","timestamp":1750912399585,"level":"debug","message":"Page request finished: GET (document) 200 file:///C:/Users/josem/AppData/Local/Temp/jsreport/autocleanup/e1018f59-fb3f-434b-9e95-a6e2aec1c1b9-chrome-pdf.html","meta":{"rootId":"molypr7jple7lgj","id":"molypr7jple7lgj"},"id":"d1kfh0wb6gj88ci","previousOperationId":"828jkoqkq80let0"}
{"type":"log","timestamp":1750912399611,"level":"debug","message":"Running chrome with params {\"printBackground\":true,\"timeout\":53369,\"margin\":{}}","meta":{"rootId":"molypr7jple7lgj","id":"molypr7jple7lgj"},"id":"bl8tlauw3y2ty2l","previousOperationId":"828jkoqkq80let0"}
{"type":"operationEnd","operationId":"828jkoqkq80let0","timestamp":1750912399919,"id":"dx1851geucp0rvi","previousEventId":"vax9kj6kkq9hvj0","previousOperationId":"828jkoqkq80let0"}
{"type":"log","timestamp":1750912399920,"level":"debug","message":"Skipping storing report.","meta":{"rootId":"molypr7jple7lgj","id":"molypr7jple7lgj"},"id":"tam0227yf6luv0j","previousOperationId":"828jkoqkq80let0"}
{"type":"log","timestamp":1750912399920,"level":"info","message":"Rendering request 1 finished in 18275 ms","meta":{"rootId":"molypr7jple7lgj","id":"molypr7jple7lgj"},"id":"fz61fdqtl1alrz2","previousOperationId":"828jkoqkq80let0"}
{"type":"operationEnd","subtype":"render","operationId":"uft8lsyjtkhlnlh","timestamp":1750912399921,"id":"165fbypktls8irp","previousEventId":"dx1851geucp0rvi","previousOperationId":"828jkoqkq80let0"}
{"type":"operationEnd","doDiffs":false,"previousEventId":"yv6mf4l4foj7759","previousOperationId":"u3qzey9wz8jpqwa","operationId":"u3qzey9wz8jpqwa","timestamp":1750912399928,"id":"sheg5j5d9tadjac"}
