{"type":"operationStart","subtype":"profile","data":{"_id":"pL7T8KNMEoI5vmwa","timestamp":"2025-06-25T23:18:37.003Z","state":"queued","mode":"standard","creationDate":"2025-06-25T23:18:37.031Z","modificationDate":"2025-06-25T23:18:37.031Z","shortid":"D-dQEqq","$entitySet":"profiles"},"doDiffs":false,"timestamp":1750893517011,"id":"354ujnzu19kaj1o","previousOperationId":null,"operationId":"8i6uex2u59ysqis"}
{"type":"log","level":"info","message":"Render request 19 queued for execution and waiting for available worker","previousOperationId":"8i6uex2u59ysqis","timestamp":1750893517012,"id":"i73logtau2szjj1"}
{"type":"operationStart","subtype":"render","name":"nominaDepartamento","previousOperationId":"8i6uex2u59ysqis","timestamp":1750893517142,"id":"4c3a1ak6cekx58b","previousEventId":"354ujnzu19kaj1o","operationId":"9t0yhf94xrn3wvk"}
{"type":"log","timestamp":1750893517149,"level":"info","message":"Starting rendering request 19","meta":{"rootId":"nzhttpzh8ajueuv","id":"nzhttpzh8ajueuv"},"id":"x89irm0cj978i68","previousOperationId":"9t0yhf94xrn3wvk"}
{"type":"log","timestamp":1750893517155,"level":"info","message":"Rendering template { name: nominaDepartamento, recipe: chrome-pdf, engine: jsrender, preview: false }","meta":{"rootId":"nzhttpzh8ajueuv","id":"nzhttpzh8ajueuv"},"id":"lzrnd0lczez8st0","previousOperationId":"9t0yhf94xrn3wvk"}
{"type":"log","timestamp":1750893517156,"level":"debug","message":"Inline data specified.","meta":{"rootId":"nzhttpzh8ajueuv","id":"nzhttpzh8ajueuv"},"id":"vz7vpdsb8sbogaf","previousOperationId":"9t0yhf94xrn3wvk"}
{"type":"log","timestamp":1750893517165,"level":"debug","message":"Base url not specified, skipping its injection.","meta":{"rootId":"nzhttpzh8ajueuv","id":"nzhttpzh8ajueuv"},"id":"dbtqeeknbkfs2sc","previousOperationId":"9t0yhf94xrn3wvk"}
{"type":"operationStart","subtype":"engine","name":"jsrender","timestamp":1750893517177,"id":"mj38l5cy5ob0fdq","previousEventId":"4c3a1ak6cekx58b","operationId":"l0q3g9buwlwbxnv","previousOperationId":"9t0yhf94xrn3wvk"}
{"type":"log","timestamp":1750893517177,"level":"debug","message":"Rendering engine jsrender","meta":{"rootId":"nzhttpzh8ajueuv","id":"nzhttpzh8ajueuv"},"id":"j3p57k1ixjiywbr","previousOperationId":"l0q3g9buwlwbxnv"}
{"type":"operationEnd","operationId":"l0q3g9buwlwbxnv","timestamp":1750893517271,"id":"gnafmg3vpig37bk","previousEventId":"mj38l5cy5ob0fdq","previousOperationId":"l0q3g9buwlwbxnv"}
{"type":"operationStart","subtype":"recipe","name":"chrome-pdf","timestamp":1750893517273,"id":"twggbjbs6nzrnqy","previousEventId":"gnafmg3vpig37bk","operationId":"vmiwu4w6auhcfga","previousOperationId":"l0q3g9buwlwbxnv"}
{"type":"log","timestamp":1750893517273,"level":"debug","message":"Executing recipe chrome-pdf","meta":{"rootId":"nzhttpzh8ajueuv","id":"nzhttpzh8ajueuv"},"id":"hrqqvuk2ucdxun0","previousOperationId":"vmiwu4w6auhcfga"}
{"type":"log","timestamp":1750893517362,"level":"debug","message":"Converting with chrome Chrome/136.0.7103.49 using chrome-pool strategy","meta":{"rootId":"nzhttpzh8ajueuv","id":"nzhttpzh8ajueuv"},"id":"5bteoobjtac5522","previousOperationId":"vmiwu4w6auhcfga"}
{"type":"log","timestamp":1750893518036,"level":"debug","message":"Page request: GET (document) file:///C:/Users/josem/AppData/Local/Temp/jsreport/autocleanup/86be065a-d933-4df2-b290-fd1c5d2046df-chrome-pdf.html","meta":{"rootId":"nzhttpzh8ajueuv","id":"nzhttpzh8ajueuv"},"id":"2gjlinaii5dj22i","previousOperationId":"vmiwu4w6auhcfga"}
{"type":"log","timestamp":1750893518102,"level":"debug","message":"Page request finished: GET (document) 200 file:///C:/Users/josem/AppData/Local/Temp/jsreport/autocleanup/86be065a-d933-4df2-b290-fd1c5d2046df-chrome-pdf.html","meta":{"rootId":"nzhttpzh8ajueuv","id":"nzhttpzh8ajueuv"},"id":"1tm29xdwyq7d9hg","previousOperationId":"vmiwu4w6auhcfga"}
{"type":"log","timestamp":1750893518153,"level":"debug","message":"Running chrome with params {\"printBackground\":true,\"timeout\":59687,\"margin\":{}}","meta":{"rootId":"nzhttpzh8ajueuv","id":"nzhttpzh8ajueuv"},"id":"2elqo6oyzbhjhs2","previousOperationId":"vmiwu4w6auhcfga"}
{"type":"operationEnd","operationId":"vmiwu4w6auhcfga","timestamp":1750893518650,"id":"vb1x1tpy88z3k48","previousEventId":"twggbjbs6nzrnqy","previousOperationId":"vmiwu4w6auhcfga"}
{"type":"log","timestamp":1750893518650,"level":"debug","message":"Skipping storing report.","meta":{"rootId":"nzhttpzh8ajueuv","id":"nzhttpzh8ajueuv"},"id":"nlkb0fsza34x88i","previousOperationId":"vmiwu4w6auhcfga"}
{"type":"log","timestamp":1750893518651,"level":"info","message":"Rendering request 19 finished in 1669 ms","meta":{"rootId":"nzhttpzh8ajueuv","id":"nzhttpzh8ajueuv"},"id":"1odcqjfi97tml0j","previousOperationId":"vmiwu4w6auhcfga"}
{"type":"operationEnd","subtype":"render","operationId":"9t0yhf94xrn3wvk","timestamp":1750893518651,"id":"slh38tbqqndw58u","previousEventId":"vb1x1tpy88z3k48","previousOperationId":"vmiwu4w6auhcfga"}
{"type":"operationEnd","doDiffs":false,"previousEventId":"354ujnzu19kaj1o","previousOperationId":"8i6uex2u59ysqis","operationId":"8i6uex2u59ysqis","timestamp":1750893518663,"id":"r4vootzvcsn2lxg"}
