{"type":"operationStart","subtype":"profile","data":{"_id":"2YAANKgGM5OfEhej","timestamp":"2025-06-26T15:10:01.653Z","state":"queued","mode":"standard","creationDate":"2025-06-26T15:10:01.660Z","modificationDate":"2025-06-26T15:10:01.660Z","shortid":"1W3XofC","$entitySet":"profiles"},"doDiffs":false,"timestamp":1750950601658,"id":"7jeawmuib47e2kn","previousOperationId":null,"operationId":"k7jgpshd8co894q"}
{"type":"log","level":"info","message":"Render request 10 queued for execution and waiting for available worker","previousOperationId":"k7jgpshd8co894q","timestamp":1750950601658,"id":"zg1f3g455us84f2"}
{"type":"operationStart","subtype":"render","name":"nominaDepartamento","previousOperationId":"k7jgpshd8co894q","timestamp":1750950601754,"id":"nqqv22ibve8tath","previousEventId":"7jeawmuib47e2kn","operationId":"u8ks16obstknppt"}
{"type":"log","timestamp":1750950601756,"level":"info","message":"Starting rendering request 10","meta":{"rootId":"udnl2968pohp6gh","id":"udnl2968pohp6gh"},"id":"4ycmvpm20r7hnsu","previousOperationId":"u8ks16obstknppt"}
{"type":"log","timestamp":1750950601759,"level":"info","message":"Rendering template { name: nominaDepartamento, recipe: chrome-pdf, engine: jsrender, preview: false }","meta":{"rootId":"udnl2968pohp6gh","id":"udnl2968pohp6gh"},"id":"obztunofaarmlry","previousOperationId":"u8ks16obstknppt"}
{"type":"log","timestamp":1750950601759,"level":"debug","message":"Inline data specified.","meta":{"rootId":"udnl2968pohp6gh","id":"udnl2968pohp6gh"},"id":"q43rcdg8cfh3g3t","previousOperationId":"u8ks16obstknppt"}
{"type":"log","timestamp":1750950601762,"level":"debug","message":"Base url not specified, skipping its injection.","meta":{"rootId":"udnl2968pohp6gh","id":"udnl2968pohp6gh"},"id":"tqofqkwwjw7t89c","previousOperationId":"u8ks16obstknppt"}
{"type":"operationStart","subtype":"engine","name":"jsrender","timestamp":1750950601769,"id":"bhjy7qqblbofvgu","previousEventId":"nqqv22ibve8tath","operationId":"zxpsgim957n8rn8","previousOperationId":"u8ks16obstknppt"}
{"type":"log","timestamp":1750950601769,"level":"debug","message":"Rendering engine jsrender","meta":{"rootId":"udnl2968pohp6gh","id":"udnl2968pohp6gh"},"id":"i6sxpo6xav01gk8","previousOperationId":"zxpsgim957n8rn8"}
{"type":"operationEnd","operationId":"zxpsgim957n8rn8","timestamp":1750950601795,"id":"kaz1b9zhqlbrhvf","previousEventId":"bhjy7qqblbofvgu","previousOperationId":"zxpsgim957n8rn8"}
{"type":"operationStart","subtype":"recipe","name":"chrome-pdf","timestamp":1750950601795,"id":"e8jj4fjwgar6e2i","previousEventId":"kaz1b9zhqlbrhvf","operationId":"105g98n2ztfy3kr","previousOperationId":"zxpsgim957n8rn8"}
{"type":"log","timestamp":1750950601795,"level":"debug","message":"Executing recipe chrome-pdf","meta":{"rootId":"udnl2968pohp6gh","id":"udnl2968pohp6gh"},"id":"zyywomrx5atm6b9","previousOperationId":"105g98n2ztfy3kr"}
{"type":"log","timestamp":1750950601809,"level":"debug","message":"Converting with chrome Chrome/136.0.7103.49 using chrome-pool strategy","meta":{"rootId":"udnl2968pohp6gh","id":"udnl2968pohp6gh"},"id":"xa56qvhowqc4ue0","previousOperationId":"105g98n2ztfy3kr"}
{"type":"log","timestamp":1750950602102,"level":"debug","message":"Page request: GET (document) file:///C:/Users/josem/AppData/Local/Temp/jsreport/autocleanup/d53cc5c8-75cb-4a72-98f5-1e4f7b0481b2-chrome-pdf.html","meta":{"rootId":"udnl2968pohp6gh","id":"udnl2968pohp6gh"},"id":"q4wxoqu0kpkg6br","previousOperationId":"105g98n2ztfy3kr"}
{"type":"log","timestamp":1750950602137,"level":"debug","message":"Page request finished: GET (document) 200 file:///C:/Users/josem/AppData/Local/Temp/jsreport/autocleanup/d53cc5c8-75cb-4a72-98f5-1e4f7b0481b2-chrome-pdf.html","meta":{"rootId":"udnl2968pohp6gh","id":"udnl2968pohp6gh"},"id":"9vwwhlgb6f0kfth","previousOperationId":"105g98n2ztfy3kr"}
{"type":"log","timestamp":1750950602187,"level":"debug","message":"Running chrome with params {\"printBackground\":true,\"timeout\":59853,\"margin\":{}}","meta":{"rootId":"udnl2968pohp6gh","id":"udnl2968pohp6gh"},"id":"v6g4s8br73mtkor","previousOperationId":"105g98n2ztfy3kr"}
{"type":"operationEnd","operationId":"105g98n2ztfy3kr","timestamp":1750950602493,"id":"qo7pv4z4z1su7zq","previousEventId":"e8jj4fjwgar6e2i","previousOperationId":"105g98n2ztfy3kr"}
{"type":"log","timestamp":1750950602493,"level":"debug","message":"Skipping storing report.","meta":{"rootId":"udnl2968pohp6gh","id":"udnl2968pohp6gh"},"id":"f1cwf1vy4jlw2nm","previousOperationId":"105g98n2ztfy3kr"}
{"type":"log","timestamp":1750950602493,"level":"info","message":"Rendering request 10 finished in 842 ms","meta":{"rootId":"udnl2968pohp6gh","id":"udnl2968pohp6gh"},"id":"ylmp6lns057qvwz","previousOperationId":"105g98n2ztfy3kr"}
{"type":"operationEnd","subtype":"render","operationId":"u8ks16obstknppt","timestamp":1750950602493,"id":"cof9qgv5ikfunjd","previousEventId":"qo7pv4z4z1su7zq","previousOperationId":"105g98n2ztfy3kr"}
{"type":"operationEnd","doDiffs":false,"previousEventId":"7jeawmuib47e2kn","previousOperationId":"k7jgpshd8co894q","operationId":"k7jgpshd8co894q","timestamp":1750950602495,"id":"o3oluh2289ktqxl"}
