{"type":"operationStart","subtype":"profile","data":{"_id":"140ydK1Y1qDztPwF","timestamp":"2025-06-26T14:47:21.312Z","state":"queued","mode":"standard","creationDate":"2025-06-26T14:47:21.315Z","modificationDate":"2025-06-26T14:47:21.315Z","shortid":"jwzIVPd","$entitySet":"profiles"},"doDiffs":false,"timestamp":1750949241313,"id":"yqwncs177d3oo2i","previousOperationId":null,"operationId":"iieh7ggiynn8pgb"}
{"type":"log","level":"info","message":"Render request 2 queued for execution and waiting for available worker","previousOperationId":"iieh7ggiynn8pgb","timestamp":1750949241313,"id":"65155vq2y9atbmj"}
{"type":"operationStart","subtype":"render","name":"cuotasAfiliacion","previousOperationId":"iieh7ggiynn8pgb","timestamp":1750949241445,"id":"p6iq50yriswt02l","previousEventId":"yqwncs177d3oo2i","operationId":"r0ta68kzzbuiwbr"}
{"type":"log","timestamp":1750949241457,"level":"info","message":"Starting rendering request 2","meta":{"rootId":"983dus802u071mo","id":"983dus802u071mo"},"id":"r7wxbuw7uyw6bdx","previousOperationId":"r0ta68kzzbuiwbr"}
{"type":"log","timestamp":1750949241469,"level":"info","message":"Rendering template { name: cuotasAfiliacion, recipe: chrome-pdf, engine: jsrender, preview: false }","meta":{"rootId":"983dus802u071mo","id":"983dus802u071mo"},"id":"hs39k8ith6vzwsi","previousOperationId":"r0ta68kzzbuiwbr"}
{"type":"log","timestamp":1750949241470,"level":"debug","message":"Inline data specified.","meta":{"rootId":"983dus802u071mo","id":"983dus802u071mo"},"id":"hjx7nmgu69dn8fs","previousOperationId":"r0ta68kzzbuiwbr"}
{"type":"log","timestamp":1750949241482,"level":"debug","message":"Base url not specified, skipping its injection.","meta":{"rootId":"983dus802u071mo","id":"983dus802u071mo"},"id":"ae9bsvmpdka994e","previousOperationId":"r0ta68kzzbuiwbr"}
{"type":"operationStart","subtype":"engine","name":"jsrender","timestamp":1750949241502,"id":"3rhux1l6jhho343","previousEventId":"p6iq50yriswt02l","operationId":"59lb0gd6acvb7ic","previousOperationId":"r0ta68kzzbuiwbr"}
{"type":"log","timestamp":1750949241502,"level":"debug","message":"Rendering engine jsrender","meta":{"rootId":"983dus802u071mo","id":"983dus802u071mo"},"id":"jexts1o9fsr688m","previousOperationId":"59lb0gd6acvb7ic"}
{"type":"operationEnd","operationId":"59lb0gd6acvb7ic","timestamp":1750949242679,"id":"8y8ghk3i20zbaep","previousEventId":"3rhux1l6jhho343","previousOperationId":"59lb0gd6acvb7ic"}
{"type":"operationStart","subtype":"recipe","name":"chrome-pdf","timestamp":1750949242680,"id":"d3p6b8mnhzgmf10","previousEventId":"8y8ghk3i20zbaep","operationId":"kev1m0l1xicf8yq","previousOperationId":"59lb0gd6acvb7ic"}
{"type":"log","timestamp":1750949242680,"level":"debug","message":"Executing recipe chrome-pdf","meta":{"rootId":"983dus802u071mo","id":"983dus802u071mo"},"id":"ncysdmx0wavuorc","previousOperationId":"kev1m0l1xicf8yq"}
{"type":"log","timestamp":1750949243422,"level":"debug","message":"Converting with chrome Chrome/136.0.7103.49 using chrome-pool strategy","meta":{"rootId":"983dus802u071mo","id":"983dus802u071mo"},"id":"4dalpguityu780y","previousOperationId":"kev1m0l1xicf8yq"}
{"type":"log","timestamp":1750949243748,"level":"debug","message":"Page request: GET (document) file:///C:/Users/josem/AppData/Local/Temp/jsreport/autocleanup/6d2f6cb9-f57e-45b9-8e1e-01bb8474dbfd-chrome-pdf.html","meta":{"rootId":"983dus802u071mo","id":"983dus802u071mo"},"id":"fg0mahgqao0airf","previousOperationId":"kev1m0l1xicf8yq"}
{"type":"log","timestamp":1750949243805,"level":"debug","message":"Page request finished: GET (document) 200 file:///C:/Users/josem/AppData/Local/Temp/jsreport/autocleanup/6d2f6cb9-f57e-45b9-8e1e-01bb8474dbfd-chrome-pdf.html","meta":{"rootId":"983dus802u071mo","id":"983dus802u071mo"},"id":"ofk0xq5jhn96x0r","previousOperationId":"kev1m0l1xicf8yq"}
{"type":"log","timestamp":1750949243828,"level":"debug","message":"Running chrome with params {\"printBackground\":true,\"timeout\":58621,\"margin\":{}}","meta":{"rootId":"983dus802u071mo","id":"983dus802u071mo"},"id":"p91fxpn9duva2pv","previousOperationId":"kev1m0l1xicf8yq"}
{"type":"operationEnd","operationId":"kev1m0l1xicf8yq","timestamp":1750949244480,"id":"i6mhga7cxtda2n4","previousEventId":"d3p6b8mnhzgmf10","previousOperationId":"kev1m0l1xicf8yq"}
{"type":"log","timestamp":1750949244481,"level":"debug","message":"Skipping storing report.","meta":{"rootId":"983dus802u071mo","id":"983dus802u071mo"},"id":"lzsh439o0kv7q0r","previousOperationId":"kev1m0l1xicf8yq"}
{"type":"log","timestamp":1750949244481,"level":"info","message":"Rendering request 2 finished in 3170 ms","meta":{"rootId":"983dus802u071mo","id":"983dus802u071mo"},"id":"exd7ctfsjo5w9ks","previousOperationId":"kev1m0l1xicf8yq"}
{"type":"operationEnd","subtype":"render","operationId":"r0ta68kzzbuiwbr","timestamp":1750949244482,"id":"gx5kpeeo5g4ynz4","previousEventId":"i6mhga7cxtda2n4","previousOperationId":"kev1m0l1xicf8yq"}
{"type":"operationEnd","doDiffs":false,"previousEventId":"yqwncs177d3oo2i","previousOperationId":"iieh7ggiynn8pgb","operationId":"iieh7ggiynn8pgb","timestamp":1750949244485,"id":"xodroiyt8l8x9wf"}
