{"type":"operationStart","subtype":"profile","data":{"_id":"OWlmoC0LFYTvkC6r","timestamp":"2025-06-26T17:31:30.939Z","state":"queued","mode":"standard","creationDate":"2025-06-26T17:31:30.946Z","modificationDate":"2025-06-26T17:31:30.946Z","shortid":"_CkWC8K","$entitySet":"profiles"},"doDiffs":false,"timestamp":1750959090942,"id":"oqh67lsihgo11vr","previousOperationId":null,"operationId":"efs5jvh4cmrgd4l"}
{"type":"log","level":"info","message":"Render request 15 queued for execution and waiting for available worker","previousOperationId":"efs5jvh4cmrgd4l","timestamp":1750959090942,"id":"in1e9r5fnyvb9q0"}
{"type":"operationStart","subtype":"render","name":"cuotasAfiliacion","previousOperationId":"efs5jvh4cmrgd4l","timestamp":1750959090984,"id":"yawo5gtf6exycwz","previousEventId":"oqh67lsihgo11vr","operationId":"kn13u4e6nip1vcw"}
{"type":"log","timestamp":1750959090986,"level":"info","message":"Starting rendering request 15","meta":{"rootId":"e0elcvzg5akj1sd","id":"e0elcvzg5akj1sd"},"id":"ncea4u1ql8zayem","previousOperationId":"kn13u4e6nip1vcw"}
{"type":"log","timestamp":1750959090988,"level":"info","message":"Rendering template { name: cuotasAfiliacion, recipe: chrome-pdf, engine: jsrender, preview: false }","meta":{"rootId":"e0elcvzg5akj1sd","id":"e0elcvzg5akj1sd"},"id":"ppb1nrsmj795kcv","previousOperationId":"kn13u4e6nip1vcw"}
{"type":"log","timestamp":1750959090988,"level":"debug","message":"Inline data specified.","meta":{"rootId":"e0elcvzg5akj1sd","id":"e0elcvzg5akj1sd"},"id":"yn72q6w61bkqc5x","previousOperationId":"kn13u4e6nip1vcw"}
{"type":"log","timestamp":1750959090997,"level":"debug","message":"Base url not specified, skipping its injection.","meta":{"rootId":"e0elcvzg5akj1sd","id":"e0elcvzg5akj1sd"},"id":"ybmjfkdudpa5joh","previousOperationId":"kn13u4e6nip1vcw"}
{"type":"operationStart","subtype":"engine","name":"jsrender","timestamp":1750959091000,"id":"shfyo4txqcs63r1","previousEventId":"yawo5gtf6exycwz","operationId":"0dzio7sqy9si9iw","previousOperationId":"kn13u4e6nip1vcw"}
{"type":"log","timestamp":1750959091000,"level":"debug","message":"Rendering engine jsrender","meta":{"rootId":"e0elcvzg5akj1sd","id":"e0elcvzg5akj1sd"},"id":"j4el8ydbjhbxiw1","previousOperationId":"0dzio7sqy9si9iw"}
{"type":"operationEnd","operationId":"0dzio7sqy9si9iw","timestamp":1750959091033,"id":"fjd0ukvfy3ugaad","previousEventId":"shfyo4txqcs63r1","previousOperationId":"0dzio7sqy9si9iw"}
{"type":"operationStart","subtype":"recipe","name":"chrome-pdf","timestamp":1750959091034,"id":"v9xqwyg00aykxcd","previousEventId":"fjd0ukvfy3ugaad","operationId":"g4ph168gb2biq9s","previousOperationId":"0dzio7sqy9si9iw"}
{"type":"log","timestamp":1750959091034,"level":"debug","message":"Executing recipe chrome-pdf","meta":{"rootId":"e0elcvzg5akj1sd","id":"e0elcvzg5akj1sd"},"id":"j75udhvdy32pjbx","previousOperationId":"g4ph168gb2biq9s"}
{"type":"log","timestamp":1750959091049,"level":"debug","message":"Converting with chrome Chrome/136.0.7103.49 using chrome-pool strategy","meta":{"rootId":"e0elcvzg5akj1sd","id":"e0elcvzg5akj1sd"},"id":"yevghwpzu01xrkt","previousOperationId":"g4ph168gb2biq9s"}
{"type":"log","timestamp":1750959091358,"level":"debug","message":"Page request: GET (document) file:///C:/Users/josem/AppData/Local/Temp/jsreport/autocleanup/9d2487b0-47de-4705-ad16-b1dfe900fa0c-chrome-pdf.html","meta":{"rootId":"e0elcvzg5akj1sd","id":"e0elcvzg5akj1sd"},"id":"gx2ylhc16bo3ei2","previousOperationId":"g4ph168gb2biq9s"}
{"type":"log","timestamp":1750959091411,"level":"debug","message":"Page request finished: GET (document) 200 file:///C:/Users/josem/AppData/Local/Temp/jsreport/autocleanup/9d2487b0-47de-4705-ad16-b1dfe900fa0c-chrome-pdf.html","meta":{"rootId":"e0elcvzg5akj1sd","id":"e0elcvzg5akj1sd"},"id":"tcv8uf03m4jkgdf","previousOperationId":"g4ph168gb2biq9s"}
{"type":"log","timestamp":1750959091471,"level":"debug","message":"Running chrome with params {\"printBackground\":true,\"timeout\":59892,\"margin\":{}}","meta":{"rootId":"e0elcvzg5akj1sd","id":"e0elcvzg5akj1sd"},"id":"4lqr11pjbrywtit","previousOperationId":"g4ph168gb2biq9s"}
{"type":"operationEnd","operationId":"g4ph168gb2biq9s","timestamp":1750959091868,"id":"7784pkf3zz24xre","previousEventId":"v9xqwyg00aykxcd","previousOperationId":"g4ph168gb2biq9s"}
{"type":"log","timestamp":1750959091869,"level":"debug","message":"Skipping storing report.","meta":{"rootId":"e0elcvzg5akj1sd","id":"e0elcvzg5akj1sd"},"id":"3ydj05zzm70f52c","previousOperationId":"g4ph168gb2biq9s"}
{"type":"log","timestamp":1750959091869,"level":"info","message":"Rendering request 15 finished in 937 ms","meta":{"rootId":"e0elcvzg5akj1sd","id":"e0elcvzg5akj1sd"},"id":"ba32ll2kftiqff7","previousOperationId":"g4ph168gb2biq9s"}
{"type":"operationEnd","subtype":"render","operationId":"kn13u4e6nip1vcw","timestamp":1750959091869,"id":"79jw1gtkqmwf7pe","previousEventId":"7784pkf3zz24xre","previousOperationId":"g4ph168gb2biq9s"}
{"type":"operationEnd","doDiffs":false,"previousEventId":"oqh67lsihgo11vr","previousOperationId":"efs5jvh4cmrgd4l","operationId":"efs5jvh4cmrgd4l","timestamp":1750959091872,"id":"8s5pv486oxxzey2"}
