{"type":"operationStart","subtype":"profile","data":{"_id":"sPozAsATRq6GuTzl","timestamp":"2025-06-26T14:47:02.394Z","state":"queued","mode":"standard","creationDate":"2025-06-26T14:47:02.425Z","modificationDate":"2025-06-26T14:47:02.425Z","shortid":"vJWqOjM","$entitySet":"profiles"},"doDiffs":false,"timestamp":1750949222402,"id":"o2qcn64m3tbzcmv","previousOperationId":null,"operationId":"xu2pok4ootghn7u"}
{"type":"log","level":"info","message":"Render request 1 queued for execution and waiting for available worker","previousOperationId":"xu2pok4ootghn7u","timestamp":1750949222402,"id":"kxtsgw098dc3o71"}
{"type":"operationStart","subtype":"render","name":"cuotasAfiliacion","previousOperationId":"xu2pok4ootghn7u","timestamp":1750949222582,"id":"dc4tadj6febvsjk","previousEventId":"o2qcn64m3tbzcmv","operationId":"s9dxhw8dg5n56lu"}
{"type":"log","timestamp":1750949222591,"level":"info","message":"Starting rendering request 1","meta":{"rootId":"fqd9fl11iiuirvp","id":"fqd9fl11iiuirvp"},"id":"3o29wou638u2rxi","previousOperationId":"s9dxhw8dg5n56lu"}
{"type":"log","timestamp":1750949222598,"level":"info","message":"Rendering template { name: cuotasAfiliacion, recipe: chrome-pdf, engine: jsrender, preview: false }","meta":{"rootId":"fqd9fl11iiuirvp","id":"fqd9fl11iiuirvp"},"id":"01h2hitfufu4l4f","previousOperationId":"s9dxhw8dg5n56lu"}
{"type":"log","timestamp":1750949222599,"level":"debug","message":"Inline data specified.","meta":{"rootId":"fqd9fl11iiuirvp","id":"fqd9fl11iiuirvp"},"id":"rzpaujpxe9ebg5q","previousOperationId":"s9dxhw8dg5n56lu"}
{"type":"log","timestamp":1750949222609,"level":"debug","message":"Base url not specified, skipping its injection.","meta":{"rootId":"fqd9fl11iiuirvp","id":"fqd9fl11iiuirvp"},"id":"5hsdqpdo5hyacvp","previousOperationId":"s9dxhw8dg5n56lu"}
{"type":"operationStart","subtype":"engine","name":"jsrender","timestamp":1750949222630,"id":"int01uqtqz8gsvg","previousEventId":"dc4tadj6febvsjk","operationId":"yhgy6n5zone2kq7","previousOperationId":"s9dxhw8dg5n56lu"}
{"type":"log","timestamp":1750949222630,"level":"debug","message":"Rendering engine jsrender","meta":{"rootId":"fqd9fl11iiuirvp","id":"fqd9fl11iiuirvp"},"id":"adv5i0482470vdb","previousOperationId":"yhgy6n5zone2kq7"}
{"type":"operationEnd","operationId":"yhgy6n5zone2kq7","timestamp":1750949228771,"id":"aevunc6cyibrph0","previousEventId":"int01uqtqz8gsvg","previousOperationId":"yhgy6n5zone2kq7"}
{"type":"operationStart","subtype":"recipe","name":"chrome-pdf","timestamp":1750949228772,"id":"ylr60f0j8n26bfx","previousEventId":"aevunc6cyibrph0","operationId":"3simjr0slb7v8s3","previousOperationId":"yhgy6n5zone2kq7"}
{"type":"log","timestamp":1750949228772,"level":"debug","message":"Executing recipe chrome-pdf","meta":{"rootId":"fqd9fl11iiuirvp","id":"fqd9fl11iiuirvp"},"id":"mj4u4sv1y1fg3mx","previousOperationId":"3simjr0slb7v8s3"}
{"type":"log","timestamp":1750949240310,"level":"debug","message":"Converting with chrome Chrome/136.0.7103.49 using chrome-pool strategy","meta":{"rootId":"fqd9fl11iiuirvp","id":"fqd9fl11iiuirvp"},"id":"grw1xehft4hg7d3","previousOperationId":"3simjr0slb7v8s3"}
{"type":"log","timestamp":1750949240467,"level":"debug","message":"Page request: GET (document) file:///C:/Users/josem/AppData/Local/Temp/jsreport/autocleanup/c21c27ba-5620-4f7b-9ba2-4501d1028469-chrome-pdf.html","meta":{"rootId":"fqd9fl11iiuirvp","id":"fqd9fl11iiuirvp"},"id":"5uajeqcltouhpd2","previousOperationId":"3simjr0slb7v8s3"}
{"type":"log","timestamp":1750949240498,"level":"debug","message":"Page request finished: GET (document) 200 file:///C:/Users/josem/AppData/Local/Temp/jsreport/autocleanup/c21c27ba-5620-4f7b-9ba2-4501d1028469-chrome-pdf.html","meta":{"rootId":"fqd9fl11iiuirvp","id":"fqd9fl11iiuirvp"},"id":"djl30hwyk2om0po","previousOperationId":"3simjr0slb7v8s3"}
{"type":"log","timestamp":1750949240531,"level":"debug","message":"Running chrome with params {\"printBackground\":true,\"timeout\":53496,\"margin\":{}}","meta":{"rootId":"fqd9fl11iiuirvp","id":"fqd9fl11iiuirvp"},"id":"l72r8uqthiapiiz","previousOperationId":"3simjr0slb7v8s3"}
{"type":"operationEnd","operationId":"3simjr0slb7v8s3","timestamp":1750949240985,"id":"4j5mmqt2ht7bea3","previousEventId":"ylr60f0j8n26bfx","previousOperationId":"3simjr0slb7v8s3"}
{"type":"log","timestamp":1750949240987,"level":"debug","message":"Skipping storing report.","meta":{"rootId":"fqd9fl11iiuirvp","id":"fqd9fl11iiuirvp"},"id":"9bik14a81psp8nt","previousOperationId":"3simjr0slb7v8s3"}
{"type":"log","timestamp":1750949240987,"level":"info","message":"Rendering request 1 finished in 18608 ms","meta":{"rootId":"fqd9fl11iiuirvp","id":"fqd9fl11iiuirvp"},"id":"mjpcq913fhv0d7n","previousOperationId":"3simjr0slb7v8s3"}
{"type":"operationEnd","subtype":"render","operationId":"s9dxhw8dg5n56lu","timestamp":1750949240987,"id":"y74tatiboq5c1rk","previousEventId":"4j5mmqt2ht7bea3","previousOperationId":"3simjr0slb7v8s3"}
{"type":"operationEnd","doDiffs":false,"previousEventId":"o2qcn64m3tbzcmv","previousOperationId":"xu2pok4ootghn7u","operationId":"xu2pok4ootghn7u","timestamp":1750949240991,"id":"4hstdge6czqps0p"}
