{"type":"operationStart","subtype":"profile","data":{"_id":"VRPwthRSW2T6WbYy","timestamp":"2025-06-25T22:04:47.356Z","state":"queued","mode":"standard","creationDate":"2025-06-25T22:04:47.364Z","modificationDate":"2025-06-25T22:04:47.364Z","shortid":"cIj2Uyy","$entitySet":"profiles"},"doDiffs":false,"timestamp":1750889087363,"id":"01ssxm94odx5tmx","previousOperationId":null,"operationId":"gjz6owvxlvsyrhl"}
{"type":"log","level":"info","message":"Render request 13 queued for execution and waiting for available worker","previousOperationId":"gjz6owvxlvsyrhl","timestamp":1750889087363,"id":"sx4ae7khg1c08xn"}
{"type":"operationStart","subtype":"render","name":"cuotasAfiliacion","previousOperationId":"gjz6owvxlvsyrhl","timestamp":1750889087423,"id":"738ctl1p1d356fg","previousEventId":"01ssxm94odx5tmx","operationId":"x4dqhkob62ut7pw"}
{"type":"log","timestamp":1750889087425,"level":"info","message":"Starting rendering request 13","meta":{"rootId":"p7avll3kqanujci","id":"p7avll3kqanujci"},"id":"fulruvij62yjan6","previousOperationId":"x4dqhkob62ut7pw"}
{"type":"log","timestamp":1750889087426,"level":"info","message":"Rendering template { name: cuotasAfiliacion, recipe: chrome-pdf, engine: jsrender, preview: false }","meta":{"rootId":"p7avll3kqanujci","id":"p7avll3kqanujci"},"id":"xf2vpv6ke5ryot8","previousOperationId":"x4dqhkob62ut7pw"}
{"type":"log","timestamp":1750889087427,"level":"debug","message":"Inline data specified.","meta":{"rootId":"p7avll3kqanujci","id":"p7avll3kqanujci"},"id":"f44xj6xcd4kzzia","previousOperationId":"x4dqhkob62ut7pw"}
{"type":"log","timestamp":1750889087437,"level":"debug","message":"Base url not specified, skipping its injection.","meta":{"rootId":"p7avll3kqanujci","id":"p7avll3kqanujci"},"id":"vfna9h1qnzqhyf3","previousOperationId":"x4dqhkob62ut7pw"}
{"type":"operationStart","subtype":"engine","name":"jsrender","timestamp":1750889087439,"id":"8ukzcdv051maqc4","previousEventId":"738ctl1p1d356fg","operationId":"hnrg46aufgtkere","previousOperationId":"x4dqhkob62ut7pw"}
{"type":"log","timestamp":1750889087439,"level":"debug","message":"Rendering engine jsrender","meta":{"rootId":"p7avll3kqanujci","id":"p7avll3kqanujci"},"id":"c6myoy08q39c0qm","previousOperationId":"hnrg46aufgtkere"}
{"type":"operationEnd","operationId":"hnrg46aufgtkere","timestamp":1750889087463,"id":"hhmrhhqzzhu80wi","previousEventId":"8ukzcdv051maqc4","previousOperationId":"hnrg46aufgtkere"}
{"type":"operationStart","subtype":"recipe","name":"chrome-pdf","timestamp":1750889087463,"id":"qlrov87uj68w4l5","previousEventId":"hhmrhhqzzhu80wi","operationId":"nnjd5z8w48eebsn","previousOperationId":"hnrg46aufgtkere"}
{"type":"log","timestamp":1750889087463,"level":"debug","message":"Executing recipe chrome-pdf","meta":{"rootId":"p7avll3kqanujci","id":"p7avll3kqanujci"},"id":"b3sil79edo8fnbr","previousOperationId":"nnjd5z8w48eebsn"}
{"type":"log","timestamp":1750889087488,"level":"debug","message":"Converting with chrome Chrome/136.0.7103.49 using chrome-pool strategy","meta":{"rootId":"p7avll3kqanujci","id":"p7avll3kqanujci"},"id":"seb5a0j0yxxzu38","previousOperationId":"nnjd5z8w48eebsn"}
{"type":"log","timestamp":1750889087706,"level":"debug","message":"Page request: GET (document) file:///C:/Users/josem/AppData/Local/Temp/jsreport/autocleanup/9ec7b215-6116-441f-8b81-a1129264345e-chrome-pdf.html","meta":{"rootId":"p7avll3kqanujci","id":"p7avll3kqanujci"},"id":"15gqc2yyc8ihgj1","previousOperationId":"nnjd5z8w48eebsn"}
{"type":"log","timestamp":1750889087751,"level":"debug","message":"Page request finished: GET (document) 200 file:///C:/Users/josem/AppData/Local/Temp/jsreport/autocleanup/9ec7b215-6116-441f-8b81-a1129264345e-chrome-pdf.html","meta":{"rootId":"p7avll3kqanujci","id":"p7avll3kqanujci"},"id":"bd9sl34b57owaex","previousOperationId":"nnjd5z8w48eebsn"}
{"type":"log","timestamp":1750889087822,"level":"debug","message":"Running chrome with params {\"printBackground\":true,\"timeout\":59889,\"margin\":{}}","meta":{"rootId":"p7avll3kqanujci","id":"p7avll3kqanujci"},"id":"ma988sy5h26nag6","previousOperationId":"nnjd5z8w48eebsn"}
{"type":"operationEnd","operationId":"nnjd5z8w48eebsn","timestamp":1750889088225,"id":"ylaz7nopkagimn9","previousEventId":"qlrov87uj68w4l5","previousOperationId":"nnjd5z8w48eebsn"}
{"type":"log","timestamp":1750889088225,"level":"debug","message":"Skipping storing report.","meta":{"rootId":"p7avll3kqanujci","id":"p7avll3kqanujci"},"id":"o1r7t266kf6uit4","previousOperationId":"nnjd5z8w48eebsn"}
{"type":"log","timestamp":1750889088225,"level":"info","message":"Rendering request 13 finished in 870 ms","meta":{"rootId":"p7avll3kqanujci","id":"p7avll3kqanujci"},"id":"1jkqfd5i1fq9q0s","previousOperationId":"nnjd5z8w48eebsn"}
{"type":"operationEnd","subtype":"render","operationId":"x4dqhkob62ut7pw","timestamp":1750889088225,"id":"o0ekj7sn7q2112g","previousEventId":"ylaz7nopkagimn9","previousOperationId":"nnjd5z8w48eebsn"}
{"type":"operationEnd","doDiffs":false,"previousEventId":"01ssxm94odx5tmx","previousOperationId":"gjz6owvxlvsyrhl","operationId":"gjz6owvxlvsyrhl","timestamp":1750889088233,"id":"6xc0wntunjl3qb1"}
