2025-06-25T19:48:22.798Z - info: Initializing jsreport (version: 4.9.0, configuration file: jsreport.config.json, nodejs: 22.11.0)
2025-06-25T19:48:22.802Z - info: Searching for available extensions in C:\Users\josem\OneDrive\Documentos\GitHub\proyecto_db\
2025-06-25T19:48:22.807Z - info: Extensions location cache contains up to date information, skipping crawling in C:\Users\josem\OneDrive\Documentos\GitHub\proyecto_db\
2025-06-25T19:48:22.832Z - info: Found 35 extension(s)
2025-06-25T19:48:22.871Z - debug: Writing extension locations cache to C:\Users\josem\AppData\Local\Temp\jsreport\core\locations.json
2025-06-25T19:48:22.874Z - debug: Discovered 35 extensions
2025-06-25T19:48:22.922Z - debug: Extension authentication@4.2.3 is disabled, skipping
2025-06-25T19:48:22.923Z - info: Using extension base@4.0.0
2025-06-25T19:48:22.943Z - info: Using extension child-templates@4.1.0
2025-06-25T19:48:22.963Z - info: Using extension cli@4.1.1
2025-06-25T19:48:22.987Z - info: Using extension components@4.0.2
2025-06-25T19:48:23.013Z - info: Using extension data@4.1.0
2025-06-25T19:48:23.037Z - info: Using extension express@4.2.0
2025-06-25T19:48:31.486Z - info: Using extension freeze@4.0.0
2025-06-25T19:48:31.508Z - info: Using extension fs-store@4.1.1
2025-06-25T19:48:34.402Z - info: Using extension handlebars@4.0.1
2025-06-25T19:48:34.419Z - info: Using extension import-export@4.0.7
2025-06-25T19:48:34.633Z - info: Using extension jsrender@4.0.0
2025-06-25T19:48:34.647Z - info: Using extension licensing@4.0.5
2025-06-25T19:48:34.753Z - info: Using extension localization@4.0.1
2025-06-25T19:48:34.768Z - info: Using extension npm@4.0.0
2025-06-25T19:48:34.790Z - info: Using extension pdf-utils@4.3.0
2025-06-25T19:48:34.814Z - info: Using extension reports@4.1.4
2025-06-25T19:48:34.849Z - info: Using extension tags@4.0.1
2025-06-25T19:48:34.884Z - info: Using extension text@4.0.2
2025-06-25T19:48:34.898Z - info: Using extension version-control@4.1.1
2025-06-25T19:48:35.047Z - info: Using extension assets@4.2.2
2025-06-25T19:48:35.271Z - info: Using extension authorization@4.1.0
2025-06-25T19:48:35.352Z - debug: Extension authorization@4.1.0 was disabled
2025-06-25T19:48:35.353Z - info: Using extension browser-client@4.1.0
2025-06-25T19:48:35.445Z - info: Using extension chrome-pdf@4.2.0
2025-06-25T19:48:35.476Z - debug: Chrome strategy is chrome-pool, numberOfWorkers: 1
2025-06-25T19:48:35.477Z - debug: Chrome custom launch options are protocolTimeout=60000
2025-06-25T19:48:35.478Z - info: Using extension docx@4.8.0
2025-06-25T19:48:35.503Z - info: Using extension html-to-xlsx@4.2.1
2025-06-25T19:48:38.707Z - info: html-to-xlsx detected chrome as available html engine
2025-06-25T19:48:38.707Z - info: Using extension pptx@4.4.1
2025-06-25T19:48:38.727Z - info: Using extension scheduling@4.1.0
2025-06-25T19:48:39.324Z - info: Using extension scripts@4.2.0
2025-06-25T19:48:39.337Z - info: Using extension static-pdf@4.1.0
2025-06-25T19:48:39.360Z - info: Using extension studio@4.3.1
2025-06-25T19:48:40.445Z - info: Using extension xlsx@4.4.1
2025-06-25T19:48:40.465Z - info: Using extension public-templates@4.0.0
2025-06-25T19:48:40.491Z - debug: Extension public-templates@4.0.0 was disabled
2025-06-25T19:48:40.496Z - info: Using extension sample-template@4.0.1
2025-06-25T19:48:40.591Z - info: Using extension studio-theme-dark@4.0.0
2025-06-25T19:48:40.608Z - warn: options.allowLocalFilesAccess is deprecated, use options.trustUserCode instead
2025-06-25T19:48:40.608Z - info: Using general timeout for rendering (reportTimeout: 60000)
2025-06-25T19:48:40.609Z - info: Using fs provider for template store.
2025-06-25T19:48:40.615Z - info: fs store is persisting using fs for C:\Users\josem\OneDrive\Documentos\GitHub\proyecto_db\data
2025-06-25T19:48:40.623Z - info: fs store is loading data
2025-06-25T19:48:40.634Z - info: fs store is initialized successfully
2025-06-25T19:48:40.639Z - debug: studio default theme is: light
2025-06-25T19:48:40.645Z - info: Creating default express app.
2025-06-25T19:48:41.211Z - info: jsreport server successfully started on http port: 5488
2025-06-25T19:48:41.212Z - info: Verifying license key free
2025-06-25T19:48:41.213Z - info: Using free license
2025-06-25T19:48:41.264Z - info: Migrating templates chrome settings (waitForNetworkIddle -> waitForNetworkIdle)
2025-06-25T19:48:41.291Z - info: Migration successful
2025-06-25T19:48:41.293Z - debug: Inserting samples
2025-06-25T19:48:41.333Z - debug: Creating folder "samples" for sample entities
2025-06-25T19:48:41.358Z - debug: Inserting sample entity Invoice (entitySet: folders)
2025-06-25T19:48:41.378Z - debug: Inserting sample entity shared (entitySet: folders)
2025-06-25T19:48:41.398Z - debug: Inserting sample entity Sales (entitySet: folders)
2025-06-25T19:48:41.417Z - debug: Inserting sample entity Orders (entitySet: folders)
2025-06-25T19:48:41.437Z - debug: Inserting sample entity invoice-data (entitySet: data)
2025-06-25T19:48:41.455Z - debug: Inserting sample entity sales-data (entitySet: data)
2025-06-25T19:48:41.475Z - debug: Inserting sample entity sales-main (entitySet: templates)
2025-06-25T19:48:41.507Z - debug: Inserting sample entity invoice-main (entitySet: templates)
2025-06-25T19:48:41.534Z - debug: Inserting sample entity orders-header (entitySet: templates)
2025-06-25T19:48:41.556Z - debug: Inserting sample entity orders-main (entitySet: templates)
2025-06-25T19:48:41.600Z - debug: Inserting sample entity global helpers.js (entitySet: assets)
2025-06-25T19:48:41.618Z - debug: Inserting sample entity invoice-styles.css (entitySet: assets)
2025-06-25T19:48:41.638Z - debug: Inserting sample entity sales-styles.css (entitySet: assets)
2025-06-25T19:48:41.655Z - debug: Inserting sample entity orders-styles.css (entitySet: assets)
2025-06-25T19:48:41.672Z - debug: Inserting sample entity invoice-logo.png (entitySet: assets)
2025-06-25T19:48:41.692Z - debug: Inserting sample entity orders-script (entitySet: scripts)
2025-06-25T19:48:41.720Z - info: Initializing worker threads
2025-06-25T19:48:41.720Z - debug: Extensions in workers: base, child-templates, components, data, express, handlebars, jsrender, localization, npm, pdf-utils, reports, text, version-control, assets, browser-client, chrome-pdf, docx, html-to-xlsx, pptx, scripts, static-pdf, studio, xlsx
2025-06-25T19:48:46.326Z - info: 2 worker threads initialized in 4606ms
2025-06-25T19:48:46.326Z - info: Starting temp files cleanup with 180000ms threshold
2025-06-25T19:48:46.327Z - info: reporter initialized
2025-06-25T19:48:56.037Z - debug: OData query on templates
2025-06-25T19:48:56.055Z - debug: OData query on settings
2025-06-25T19:48:56.060Z - debug: OData query on folders
2025-06-25T19:48:56.069Z - debug: OData query on components
2025-06-25T19:48:56.076Z - debug: OData query on data
2025-06-25T19:48:56.081Z - debug: OData query on tags
2025-06-25T19:48:56.087Z - debug: OData query on assets
2025-06-25T19:48:56.096Z - debug: OData query on scripts
2025-06-25T19:48:56.102Z - debug: OData query on schedules
2025-06-25T19:48:56.207Z - debug: OData query on templates
2025-06-25T19:48:56.235Z - debug: OData query on profiles
2025-06-25T19:48:56.251Z - debug: OData query on profiles
2025-06-25T19:48:56.263Z - debug: OData query on profiles
2025-06-25T19:48:56.270Z - debug: OData query on profiles
2025-06-25T19:48:56.275Z - debug: OData query on profiles
2025-06-25T19:48:56.281Z - debug: OData query on profiles
2025-06-25T19:48:56.285Z - debug: OData query on templates
2025-06-25T19:49:32.137Z - debug: OData query on templates
2025-06-25T19:49:32.158Z - debug: OData query on profiles
2025-06-25T19:49:32.163Z - debug: OData query on profiles
2025-06-25T19:49:32.171Z - debug: OData query on profiles
2025-06-25T19:49:32.177Z - debug: OData query on profiles
2025-06-25T19:49:32.184Z - debug: OData query on profiles
2025-06-25T19:49:32.194Z - debug: OData query on profiles
2025-06-25T19:49:32.199Z - debug: OData query on templates
2025-06-25T19:56:10.925Z - info: Render request 1 queued for execution and waiting for available worker rootId=ac7jfzkt9ttlau7, id=ac7jfzkt9ttlau7
2025-06-25T19:56:11.043Z - info: Starting rendering request 1 rootId=ac7jfzkt9ttlau7, id=ac7jfzkt9ttlau7
2025-06-25T19:56:11.049Z - info: Rendering template { name: productosMasVendidos , recipe: chrome-pdf, engine: jsrender, preview: true } rootId=ac7jfzkt9ttlau7, id=ac7jfzkt9ttlau7
2025-06-25T19:56:11.049Z - debug: Data item not defined for this template. rootId=ac7jfzkt9ttlau7, id=ac7jfzkt9ttlau7
2025-06-25T19:56:11.063Z - debug: Base url not specified, skipping its injection. rootId=ac7jfzkt9ttlau7, id=ac7jfzkt9ttlau7
2025-06-25T19:56:11.074Z - debug: Rendering engine jsrender rootId=ac7jfzkt9ttlau7, id=ac7jfzkt9ttlau7
2025-06-25T19:56:16.758Z - debug: Executing recipe chrome-pdf rootId=ac7jfzkt9ttlau7, id=ac7jfzkt9ttlau7
2025-06-25T19:56:25.253Z - debug: Converting with chrome Chrome/136.0.7103.49 using chrome-pool strategy rootId=ac7jfzkt9ttlau7, id=ac7jfzkt9ttlau7
2025-06-25T19:56:25.363Z - debug: Page request: GET (document) file:///C:/Users/josem/AppData/Local/Temp/jsreport/autocleanup/48f8ab94-84d1-43bd-9b69-d4949bd9c85e-chrome-pdf.html rootId=ac7jfzkt9ttlau7, id=ac7jfzkt9ttlau7
2025-06-25T19:56:25.382Z - debug: Page request finished: GET (document) 200 file:///C:/Users/josem/AppData/Local/Temp/jsreport/autocleanup/48f8ab94-84d1-43bd-9b69-d4949bd9c85e-chrome-pdf.html rootId=ac7jfzkt9ttlau7, id=ac7jfzkt9ttlau7
2025-06-25T19:56:25.389Z - debug: Running chrome with params {"printBackground":true,"timeout":54036,"margin":{}} rootId=ac7jfzkt9ttlau7, id=ac7jfzkt9ttlau7
2025-06-25T19:56:25.560Z - debug: Skipping storing report. rootId=ac7jfzkt9ttlau7, id=ac7jfzkt9ttlau7
2025-06-25T19:56:25.560Z - info: Rendering request 1 finished in 14663 ms rootId=ac7jfzkt9ttlau7, id=ac7jfzkt9ttlau7
2025-06-25T19:57:25.625Z - info: Render request 2 queued for execution and waiting for available worker rootId=slbqjygr49kzu9n, id=slbqjygr49kzu9n
2025-06-25T19:57:25.706Z - info: Starting rendering request 2 rootId=slbqjygr49kzu9n, id=slbqjygr49kzu9n
2025-06-25T19:57:25.718Z - warn: Error when processing render request 2
(because) unable to find specified template (productosMasVendidos)
Error: Unable to find specified template (productosMasVendidos)
  at module.exports (C:\Users\josem\OneDrive\Documentos\GitHub\proyecto_db\node_modules\@jsreport\jsreport-core\lib\shared\createError.js:10:13)
  at WorkerReporter.createError (C:\Users\josem\OneDrive\Documentos\GitHub\proyecto_db\node_modules\@jsreport\jsreport-core\lib\shared\reporter.js:53:12)
  at AsyncFunction.<anonymous> (C:\Users\josem\OneDrive\Documentos\GitHub\proyecto_db\node_modules\@jsreport\jsreport-core\lib\worker\templates.js:51:28)
  at async ListenerCollection.fire (C:\Users\josem\OneDrive\Documentos\GitHub\proyecto_db\node_modules\@jsreport\jsreport-core\lib\shared\listenerCollection.js:157:21)
  at async beforeRender (C:\Users\josem\OneDrive\Documentos\GitHub\proyecto_db\node_modules\@jsreport\jsreport-core\lib\worker\render\render.js:24:5)
  at async WorkerReporter._render (C:\Users\josem\OneDrive\Documentos\GitHub\proyecto_db\node_modules\@jsreport\jsreport-core\lib\worker\render\render.js:147:7)
  at async C:\Users\josem\OneDrive\Documentos\GitHub\proyecto_db\node_modules\@jsreport\jsreport-core\lib\worker\reporter.js:233:24
  at async processAndResponse (C:\Users\josem\OneDrive\Documentos\GitHub\proyecto_db\node_modules\@jsreport\advanced-workers\lib\workerHandler.js:42:17) rootId=slbqjygr49kzu9n, id=slbqjygr49kzu9n
2025-06-25T19:57:25.719Z - warn: Rendering request 2 finished with error in 101 ms rootId=slbqjygr49kzu9n, id=slbqjygr49kzu9n
2025-06-25T19:57:25.729Z - warn: Error during processing request at http://localhost:5488/api/report
2025-06-25T19:57:59.984Z - debug: OData insert into templates
2025-06-25T19:58:27.008Z - info: Render request 3 queued for execution and waiting for available worker rootId=1k6eigc5zc1rril, id=1k6eigc5zc1rril
2025-06-25T19:58:27.066Z - info: Starting rendering request 3 rootId=1k6eigc5zc1rril, id=1k6eigc5zc1rril
2025-06-25T19:58:27.075Z - warn: Error when processing render request 3
(because) unable to find specified template (productosMasVendidos)
Error: Unable to find specified template (productosMasVendidos)
  at module.exports (C:\Users\josem\OneDrive\Documentos\GitHub\proyecto_db\node_modules\@jsreport\jsreport-core\lib\shared\createError.js:10:13)
  at WorkerReporter.createError (C:\Users\josem\OneDrive\Documentos\GitHub\proyecto_db\node_modules\@jsreport\jsreport-core\lib\shared\reporter.js:53:12)
  at AsyncFunction.<anonymous> (C:\Users\josem\OneDrive\Documentos\GitHub\proyecto_db\node_modules\@jsreport\jsreport-core\lib\worker\templates.js:51:28)
  at async ListenerCollection.fire (C:\Users\josem\OneDrive\Documentos\GitHub\proyecto_db\node_modules\@jsreport\jsreport-core\lib\shared\listenerCollection.js:157:21)
  at async beforeRender (C:\Users\josem\OneDrive\Documentos\GitHub\proyecto_db\node_modules\@jsreport\jsreport-core\lib\worker\render\render.js:24:5)
  at async WorkerReporter._render (C:\Users\josem\OneDrive\Documentos\GitHub\proyecto_db\node_modules\@jsreport\jsreport-core\lib\worker\render\render.js:147:7)
  at async C:\Users\josem\OneDrive\Documentos\GitHub\proyecto_db\node_modules\@jsreport\jsreport-core\lib\worker\reporter.js:233:24
  at async processAndResponse (C:\Users\josem\OneDrive\Documentos\GitHub\proyecto_db\node_modules\@jsreport\advanced-workers\lib\workerHandler.js:42:17) rootId=1k6eigc5zc1rril, id=1k6eigc5zc1rril
2025-06-25T19:58:27.075Z - warn: Rendering request 3 finished with error in 69 ms rootId=1k6eigc5zc1rril, id=1k6eigc5zc1rril
2025-06-25T19:58:27.078Z - warn: Error during processing request at http://localhost:5488/api/report
2025-06-25T20:00:32.916Z - debug: OData query on templates
2025-06-25T20:00:32.953Z - debug: OData query on folders
2025-06-25T20:00:32.960Z - debug: OData query on settings
2025-06-25T20:00:32.967Z - debug: OData query on components
2025-06-25T20:00:32.974Z - debug: OData query on data
2025-06-25T20:00:32.979Z - debug: OData query on tags
2025-06-25T20:00:32.985Z - debug: OData query on assets
2025-06-25T20:00:32.995Z - debug: OData query on scripts
2025-06-25T20:00:33.001Z - debug: OData query on schedules
2025-06-25T20:00:33.090Z - debug: OData query on templates
2025-06-25T20:00:33.110Z - debug: OData query on profiles
2025-06-25T20:00:33.123Z - debug: OData query on profiles
2025-06-25T20:00:33.135Z - debug: OData query on profiles
2025-06-25T20:00:33.143Z - debug: OData query on profiles
2025-06-25T20:00:33.147Z - debug: OData query on profiles
2025-06-25T20:00:33.152Z - debug: OData query on profiles
2025-06-25T20:00:33.156Z - debug: OData query on templates
2025-06-25T20:01:59.269Z - debug: OData query on templates
2025-06-25T20:03:29.542Z - info: Render request 4 queued for execution and waiting for available worker rootId=2i0pup4j5qacjno, id=2i0pup4j5qacjno
2025-06-25T20:03:29.577Z - info: Starting rendering request 4 rootId=2i0pup4j5qacjno, id=2i0pup4j5qacjno
2025-06-25T20:03:29.587Z - warn: Error when processing render request 4
(because) unable to find specified template (productosMasVendidos)
Error: Unable to find specified template (productosMasVendidos)
  at module.exports (C:\Users\josem\OneDrive\Documentos\GitHub\proyecto_db\node_modules\@jsreport\jsreport-core\lib\shared\createError.js:10:13)
  at WorkerReporter.createError (C:\Users\josem\OneDrive\Documentos\GitHub\proyecto_db\node_modules\@jsreport\jsreport-core\lib\shared\reporter.js:53:12)
  at AsyncFunction.<anonymous> (C:\Users\josem\OneDrive\Documentos\GitHub\proyecto_db\node_modules\@jsreport\jsreport-core\lib\worker\templates.js:51:28)
  at async ListenerCollection.fire (C:\Users\josem\OneDrive\Documentos\GitHub\proyecto_db\node_modules\@jsreport\jsreport-core\lib\shared\listenerCollection.js:157:21)
  at async beforeRender (C:\Users\josem\OneDrive\Documentos\GitHub\proyecto_db\node_modules\@jsreport\jsreport-core\lib\worker\render\render.js:24:5)
  at async WorkerReporter._render (C:\Users\josem\OneDrive\Documentos\GitHub\proyecto_db\node_modules\@jsreport\jsreport-core\lib\worker\render\render.js:147:7)
  at async C:\Users\josem\OneDrive\Documentos\GitHub\proyecto_db\node_modules\@jsreport\jsreport-core\lib\worker\reporter.js:233:24
  at async processAndResponse (C:\Users\josem\OneDrive\Documentos\GitHub\proyecto_db\node_modules\@jsreport\advanced-workers\lib\workerHandler.js:42:17) rootId=2i0pup4j5qacjno, id=2i0pup4j5qacjno
2025-06-25T20:03:29.587Z - warn: Rendering request 4 finished with error in 52 ms rootId=2i0pup4j5qacjno, id=2i0pup4j5qacjno
2025-06-25T20:03:29.591Z - warn: Error during processing request at http://localhost:5488/api/report
2025-06-25T20:05:08.044Z - info: Render request 5 queued for execution and waiting for available worker rootId=crcdlzzome5bjc1, id=crcdlzzome5bjc1
2025-06-25T20:05:08.087Z - info: Starting rendering request 5 rootId=crcdlzzome5bjc1, id=crcdlzzome5bjc1
2025-06-25T20:05:08.094Z - warn: Error when processing render request 5
(because) unable to find specified template (productosMasVendidos)
Error: Unable to find specified template (productosMasVendidos)
  at module.exports (C:\Users\josem\OneDrive\Documentos\GitHub\proyecto_db\node_modules\@jsreport\jsreport-core\lib\shared\createError.js:10:13)
  at WorkerReporter.createError (C:\Users\josem\OneDrive\Documentos\GitHub\proyecto_db\node_modules\@jsreport\jsreport-core\lib\shared\reporter.js:53:12)
  at AsyncFunction.<anonymous> (C:\Users\josem\OneDrive\Documentos\GitHub\proyecto_db\node_modules\@jsreport\jsreport-core\lib\worker\templates.js:51:28)
  at async ListenerCollection.fire (C:\Users\josem\OneDrive\Documentos\GitHub\proyecto_db\node_modules\@jsreport\jsreport-core\lib\shared\listenerCollection.js:157:21)
  at async beforeRender (C:\Users\josem\OneDrive\Documentos\GitHub\proyecto_db\node_modules\@jsreport\jsreport-core\lib\worker\render\render.js:24:5)
  at async WorkerReporter._render (C:\Users\josem\OneDrive\Documentos\GitHub\proyecto_db\node_modules\@jsreport\jsreport-core\lib\worker\render\render.js:147:7)
  at async C:\Users\josem\OneDrive\Documentos\GitHub\proyecto_db\node_modules\@jsreport\jsreport-core\lib\worker\reporter.js:233:24
  at async processAndResponse (C:\Users\josem\OneDrive\Documentos\GitHub\proyecto_db\node_modules\@jsreport\advanced-workers\lib\workerHandler.js:42:17) rootId=crcdlzzome5bjc1, id=crcdlzzome5bjc1
2025-06-25T20:05:08.095Z - warn: Rendering request 5 finished with error in 53 ms rootId=crcdlzzome5bjc1, id=crcdlzzome5bjc1
2025-06-25T20:05:08.098Z - warn: Error during processing request at http://localhost:5488/api/report
2025-06-25T20:10:15.856Z - info: Initializing jsreport (version: 4.9.0, configuration file: jsreport.config.json, nodejs: 22.11.0)
2025-06-25T20:10:15.860Z - info: Searching for available extensions in C:\Users\josem\OneDrive\Documentos\GitHub\proyecto_db\
2025-06-25T20:10:15.865Z - info: Extensions location cache contains up to date information, skipping crawling in C:\Users\josem\OneDrive\Documentos\GitHub\proyecto_db\
2025-06-25T20:10:17.602Z - info: Found 35 extension(s)
2025-06-25T20:10:17.675Z - debug: Writing extension locations cache to C:\Users\josem\AppData\Local\Temp\jsreport\core\locations.json
2025-06-25T20:10:17.697Z - debug: Discovered 35 extensions
2025-06-25T20:10:17.797Z - debug: Extension authentication@4.2.3 is disabled, skipping
2025-06-25T20:10:17.799Z - info: Using extension base@4.0.0
2025-06-25T20:10:17.810Z - info: Using extension child-templates@4.1.0
2025-06-25T20:10:17.830Z - info: Using extension cli@4.1.1
2025-06-25T20:10:17.858Z - info: Using extension components@4.0.2
2025-06-25T20:10:17.884Z - info: Using extension data@4.1.0
2025-06-25T20:10:17.888Z - info: Using extension express@4.2.0
2025-06-25T20:10:26.169Z - info: Using extension freeze@4.0.0
2025-06-25T20:10:26.197Z - info: Using extension fs-store@4.1.1
2025-06-25T20:10:29.065Z - info: Using extension handlebars@4.0.1
2025-06-25T20:10:29.086Z - info: Using extension import-export@4.0.7
2025-06-25T20:10:29.364Z - info: Using extension jsrender@4.0.0
2025-06-25T20:10:29.380Z - info: Using extension licensing@4.0.5
2025-06-25T20:10:29.509Z - info: Using extension localization@4.0.1
2025-06-25T20:10:29.523Z - info: Using extension npm@4.0.0
2025-06-25T20:10:29.540Z - info: Using extension pdf-utils@4.3.0
2025-06-25T20:10:29.567Z - info: Using extension reports@4.1.4
2025-06-25T20:10:29.598Z - info: Using extension tags@4.0.1
2025-06-25T20:10:29.641Z - info: Using extension text@4.0.2
2025-06-25T20:10:29.658Z - info: Using extension version-control@4.1.1
2025-06-25T20:10:29.838Z - info: Using extension assets@4.2.2
2025-06-25T20:10:30.027Z - info: Using extension authorization@4.1.0
2025-06-25T20:10:30.124Z - debug: Extension authorization@4.1.0 was disabled
2025-06-25T20:10:30.125Z - info: Using extension browser-client@4.1.0
2025-06-25T20:10:30.219Z - info: Using extension chrome-pdf@4.2.0
2025-06-25T20:10:30.247Z - debug: Chrome strategy is chrome-pool, numberOfWorkers: 1
2025-06-25T20:10:30.248Z - debug: Chrome custom launch options are protocolTimeout=60000
2025-06-25T20:10:30.249Z - info: Using extension docx@4.8.0
2025-06-25T20:10:30.271Z - info: Using extension html-to-xlsx@4.2.1
2025-06-25T20:10:35.360Z - info: html-to-xlsx detected chrome as available html engine
2025-06-25T20:10:35.362Z - info: Using extension pptx@4.4.1
2025-06-25T20:10:35.401Z - info: Using extension scheduling@4.1.0
2025-06-25T20:10:36.061Z - info: Using extension scripts@4.2.0
2025-06-25T20:10:36.065Z - info: Using extension static-pdf@4.1.0
2025-06-25T20:10:36.080Z - info: Using extension studio@4.3.1
2025-06-25T20:10:37.353Z - info: Using extension xlsx@4.4.1
2025-06-25T20:10:37.379Z - info: Using extension public-templates@4.0.0
2025-06-25T20:10:37.402Z - debug: Extension public-templates@4.0.0 was disabled
2025-06-25T20:10:37.403Z - info: Using extension sample-template@4.0.1
2025-06-25T20:10:37.426Z - info: Using extension studio-theme-dark@4.0.0
2025-06-25T20:10:37.453Z - warn: options.allowLocalFilesAccess is deprecated, use options.trustUserCode instead
2025-06-25T20:10:37.454Z - info: Using general timeout for rendering (reportTimeout: 60000)
2025-06-25T20:10:37.454Z - info: Using fs provider for template store.
2025-06-25T20:10:37.459Z - info: fs store is persisting using fs for C:\Users\josem\OneDrive\Documentos\GitHub\proyecto_db\data
2025-06-25T20:10:37.477Z - info: fs store is loading data
2025-06-25T20:10:37.523Z - info: fs store is initialized successfully
2025-06-25T20:10:37.527Z - debug: studio default theme is: light
2025-06-25T20:10:37.532Z - info: Creating default express app.
2025-06-25T20:10:38.274Z - info: jsreport server successfully started on http port: 5488
2025-06-25T20:10:38.276Z - info: Verifying license key free
2025-06-25T20:10:38.277Z - info: Using free license
2025-06-25T20:10:38.280Z - info: Initializing worker threads
2025-06-25T20:10:38.281Z - debug: Extensions in workers: base, child-templates, components, data, express, handlebars, jsrender, localization, npm, pdf-utils, reports, text, version-control, assets, browser-client, chrome-pdf, docx, html-to-xlsx, pptx, scripts, static-pdf, studio, xlsx
2025-06-25T20:10:42.292Z - info: 2 worker threads initialized in 4012ms
2025-06-25T20:10:42.293Z - info: Starting temp files cleanup with 180000ms threshold
2025-06-25T20:10:42.294Z - info: reporter initialized
2025-06-25T20:10:47.215Z - debug: OData query on templates
2025-06-25T20:10:47.228Z - debug: OData query on settings
2025-06-25T20:10:47.230Z - debug: OData query on folders
2025-06-25T20:10:47.238Z - debug: OData query on components
2025-06-25T20:10:47.243Z - debug: OData query on data
2025-06-25T20:10:47.249Z - debug: OData query on tags
2025-06-25T20:10:47.253Z - debug: OData query on assets
2025-06-25T20:10:47.260Z - debug: OData query on scripts
2025-06-25T20:10:47.264Z - debug: OData query on schedules
2025-06-25T20:10:47.307Z - debug: OData query on templates
2025-06-25T20:11:06.237Z - debug: OData update on templates
2025-06-25T20:11:06.293Z - debug: OData query on templates
2025-06-25T20:11:47.961Z - info: Render request 1 queued for execution and waiting for available worker rootId=5m1qov8fd5qwiyv, id=5m1qov8fd5qwiyv
2025-06-25T20:11:48.007Z - info: Starting rendering request 1 rootId=5m1qov8fd5qwiyv, id=5m1qov8fd5qwiyv
2025-06-25T20:11:48.009Z - info: Rendering template { name: productosMasVendidos, recipe: chrome-pdf, engine: jsrender, preview: false } rootId=5m1qov8fd5qwiyv, id=5m1qov8fd5qwiyv
2025-06-25T20:11:48.009Z - debug: Inline data specified. rootId=5m1qov8fd5qwiyv, id=5m1qov8fd5qwiyv
2025-06-25T20:11:48.014Z - debug: Base url not specified, skipping its injection. rootId=5m1qov8fd5qwiyv, id=5m1qov8fd5qwiyv
2025-06-25T20:11:48.016Z - debug: Rendering engine jsrender rootId=5m1qov8fd5qwiyv, id=5m1qov8fd5qwiyv
2025-06-25T20:11:48.834Z - debug: Executing recipe chrome-pdf rootId=5m1qov8fd5qwiyv, id=5m1qov8fd5qwiyv
2025-06-25T20:11:50.131Z - debug: Converting with chrome Chrome/136.0.7103.49 using chrome-pool strategy rootId=5m1qov8fd5qwiyv, id=5m1qov8fd5qwiyv
2025-06-25T20:11:50.373Z - debug: Page request: GET (document) file:///C:/Users/josem/AppData/Local/Temp/jsreport/autocleanup/238a1c0e-64e3-4e74-9a0e-52d35394ff85-chrome-pdf.html rootId=5m1qov8fd5qwiyv, id=5m1qov8fd5qwiyv
2025-06-25T20:11:50.393Z - debug: Page request finished: GET (document) 200 file:///C:/Users/josem/AppData/Local/Temp/jsreport/autocleanup/238a1c0e-64e3-4e74-9a0e-52d35394ff85-chrome-pdf.html rootId=5m1qov8fd5qwiyv, id=5m1qov8fd5qwiyv
2025-06-25T20:11:50.415Z - debug: Running chrome with params {"printBackground":true,"timeout":59111,"margin":{}} rootId=5m1qov8fd5qwiyv, id=5m1qov8fd5qwiyv
2025-06-25T20:11:50.640Z - debug: Skipping storing report. rootId=5m1qov8fd5qwiyv, id=5m1qov8fd5qwiyv
2025-06-25T20:11:50.640Z - info: Rendering request 1 finished in 2684 ms rootId=5m1qov8fd5qwiyv, id=5m1qov8fd5qwiyv
2025-06-25T20:58:52.808Z - debug: fs journal was not synced for a while, need full reload
2025-06-25T20:58:52.859Z - info: fs store is loading data
2025-06-25T21:00:28.917Z - debug: OData query on templates
2025-06-25T21:00:28.952Z - debug: OData query on settings
2025-06-25T21:00:28.955Z - debug: OData query on folders
2025-06-25T21:00:28.961Z - debug: OData query on components
2025-06-25T21:00:28.967Z - debug: OData query on data
2025-06-25T21:00:28.975Z - debug: OData query on tags
2025-06-25T21:00:28.981Z - debug: OData query on assets
2025-06-25T21:00:28.995Z - debug: OData query on scripts
2025-06-25T21:00:29.002Z - debug: OData query on schedules
2025-06-25T21:00:29.053Z - debug: OData query on templates
2025-06-25T21:02:29.493Z - info: Render request 2 queued for execution and waiting for available worker rootId=ss1zx31wghxjo8j, id=ss1zx31wghxjo8j
2025-06-25T21:02:29.608Z - info: Starting rendering request 2 rootId=ss1zx31wghxjo8j, id=ss1zx31wghxjo8j
2025-06-25T21:02:29.612Z - info: Rendering template { name: productosMasVendidos, recipe: chrome-pdf, engine: jsrender, preview: false } rootId=ss1zx31wghxjo8j, id=ss1zx31wghxjo8j
2025-06-25T21:02:29.612Z - debug: Inline data specified. rootId=ss1zx31wghxjo8j, id=ss1zx31wghxjo8j
2025-06-25T21:02:29.619Z - debug: Base url not specified, skipping its injection. rootId=ss1zx31wghxjo8j, id=ss1zx31wghxjo8j
2025-06-25T21:02:29.627Z - debug: Rendering engine jsrender rootId=ss1zx31wghxjo8j, id=ss1zx31wghxjo8j
2025-06-25T21:02:30.670Z - debug: Executing recipe chrome-pdf rootId=ss1zx31wghxjo8j, id=ss1zx31wghxjo8j
2025-06-25T21:02:31.699Z - debug: Converting with chrome Chrome/136.0.7103.49 using chrome-pool strategy rootId=ss1zx31wghxjo8j, id=ss1zx31wghxjo8j
2025-06-25T21:02:31.892Z - debug: Page request: GET (document) file:///C:/Users/josem/AppData/Local/Temp/jsreport/autocleanup/3c453c8a-ef34-4994-b92d-1dc3faba4d9a-chrome-pdf.html rootId=ss1zx31wghxjo8j, id=ss1zx31wghxjo8j
2025-06-25T21:02:31.915Z - debug: Page request finished: GET (document) 200 file:///C:/Users/josem/AppData/Local/Temp/jsreport/autocleanup/3c453c8a-ef34-4994-b92d-1dc3faba4d9a-chrome-pdf.html rootId=ss1zx31wghxjo8j, id=ss1zx31wghxjo8j
2025-06-25T21:02:31.931Z - debug: Running chrome with params {"printBackground":true,"timeout":58790,"margin":{}} rootId=ss1zx31wghxjo8j, id=ss1zx31wghxjo8j
2025-06-25T21:02:32.210Z - debug: Skipping storing report. rootId=ss1zx31wghxjo8j, id=ss1zx31wghxjo8j
2025-06-25T21:02:32.210Z - info: Rendering request 2 finished in 2738 ms rootId=ss1zx31wghxjo8j, id=ss1zx31wghxjo8j
2025-06-25T21:03:05.478Z - info: Render request 3 queued for execution and waiting for available worker rootId=u3fyuktaoxp9xr3, id=u3fyuktaoxp9xr3
2025-06-25T21:03:05.556Z - info: Starting rendering request 3 rootId=u3fyuktaoxp9xr3, id=u3fyuktaoxp9xr3
2025-06-25T21:03:05.557Z - info: Rendering template { name: productosMasVendidos, recipe: chrome-pdf, engine: jsrender, preview: false } rootId=u3fyuktaoxp9xr3, id=u3fyuktaoxp9xr3
2025-06-25T21:03:05.558Z - debug: Inline data specified. rootId=u3fyuktaoxp9xr3, id=u3fyuktaoxp9xr3
2025-06-25T21:03:05.563Z - debug: Base url not specified, skipping its injection. rootId=u3fyuktaoxp9xr3, id=u3fyuktaoxp9xr3
2025-06-25T21:03:05.569Z - debug: Rendering engine jsrender rootId=u3fyuktaoxp9xr3, id=u3fyuktaoxp9xr3
2025-06-25T21:03:05.623Z - debug: Executing recipe chrome-pdf rootId=u3fyuktaoxp9xr3, id=u3fyuktaoxp9xr3
2025-06-25T21:03:06.146Z - debug: Converting with chrome Chrome/136.0.7103.49 using chrome-pool strategy rootId=u3fyuktaoxp9xr3, id=u3fyuktaoxp9xr3
2025-06-25T21:03:06.248Z - debug: Page request: GET (document) file:///C:/Users/josem/AppData/Local/Temp/jsreport/autocleanup/10539793-b96d-45bb-af7d-941c91ec81d8-chrome-pdf.html rootId=u3fyuktaoxp9xr3, id=u3fyuktaoxp9xr3
2025-06-25T21:03:06.270Z - debug: Page request finished: GET (document) 200 file:///C:/Users/josem/AppData/Local/Temp/jsreport/autocleanup/10539793-b96d-45bb-af7d-941c91ec81d8-chrome-pdf.html rootId=u3fyuktaoxp9xr3, id=u3fyuktaoxp9xr3
2025-06-25T21:03:06.304Z - debug: Running chrome with params {"printBackground":true,"timeout":59840,"margin":{}} rootId=u3fyuktaoxp9xr3, id=u3fyuktaoxp9xr3
2025-06-25T21:03:06.661Z - debug: Skipping storing report. rootId=u3fyuktaoxp9xr3, id=u3fyuktaoxp9xr3
2025-06-25T21:03:06.661Z - info: Rendering request 3 finished in 1192 ms rootId=u3fyuktaoxp9xr3, id=u3fyuktaoxp9xr3
2025-06-25T21:12:11.718Z - info: Render request 4 queued for execution and waiting for available worker rootId=qqxzszlzmkuk2sx, id=qqxzszlzmkuk2sx
2025-06-25T21:12:11.816Z - info: Starting rendering request 4 rootId=qqxzszlzmkuk2sx, id=qqxzszlzmkuk2sx
2025-06-25T21:12:11.821Z - info: Rendering template { name: productosMasVendidos, recipe: chrome-pdf, engine: jsrender, preview: false } rootId=qqxzszlzmkuk2sx, id=qqxzszlzmkuk2sx
2025-06-25T21:12:11.822Z - debug: Inline data specified. rootId=qqxzszlzmkuk2sx, id=qqxzszlzmkuk2sx
2025-06-25T21:12:11.843Z - debug: Base url not specified, skipping its injection. rootId=qqxzszlzmkuk2sx, id=qqxzszlzmkuk2sx
2025-06-25T21:12:11.852Z - debug: Rendering engine jsrender rootId=qqxzszlzmkuk2sx, id=qqxzszlzmkuk2sx
2025-06-25T21:12:11.940Z - debug: Executing recipe chrome-pdf rootId=qqxzszlzmkuk2sx, id=qqxzszlzmkuk2sx
2025-06-25T21:12:12.009Z - debug: Converting with chrome Chrome/136.0.7103.49 using chrome-pool strategy rootId=qqxzszlzmkuk2sx, id=qqxzszlzmkuk2sx
2025-06-25T21:12:12.713Z - debug: Page request: GET (document) file:///C:/Users/josem/AppData/Local/Temp/jsreport/autocleanup/b5d6f4be-938d-4190-aaf0-ab911a716c94-chrome-pdf.html rootId=qqxzszlzmkuk2sx, id=qqxzszlzmkuk2sx
2025-06-25T21:12:12.781Z - debug: Page request finished: GET (document) 200 file:///C:/Users/josem/AppData/Local/Temp/jsreport/autocleanup/b5d6f4be-938d-4190-aaf0-ab911a716c94-chrome-pdf.html rootId=qqxzszlzmkuk2sx, id=qqxzszlzmkuk2sx
2025-06-25T21:12:12.799Z - debug: Running chrome with params {"printBackground":true,"timeout":59756,"margin":{}} rootId=qqxzszlzmkuk2sx, id=qqxzszlzmkuk2sx
2025-06-25T21:12:13.170Z - debug: Skipping storing report. rootId=qqxzszlzmkuk2sx, id=qqxzszlzmkuk2sx
2025-06-25T21:12:13.171Z - info: Rendering request 4 finished in 1466 ms rootId=qqxzszlzmkuk2sx, id=qqxzszlzmkuk2sx
2025-06-25T21:12:28.210Z - info: Render request 5 queued for execution and waiting for available worker rootId=snobw68klcphcrh, id=snobw68klcphcrh
2025-06-25T21:12:28.309Z - info: Starting rendering request 5 rootId=snobw68klcphcrh, id=snobw68klcphcrh
2025-06-25T21:12:28.316Z - info: Rendering template { name: productosMasVendidos, recipe: chrome-pdf, engine: jsrender, preview: false } rootId=snobw68klcphcrh, id=snobw68klcphcrh
2025-06-25T21:12:28.316Z - debug: Inline data specified. rootId=snobw68klcphcrh, id=snobw68klcphcrh
2025-06-25T21:12:28.323Z - debug: Base url not specified, skipping its injection. rootId=snobw68klcphcrh, id=snobw68klcphcrh
2025-06-25T21:12:28.330Z - debug: Rendering engine jsrender rootId=snobw68klcphcrh, id=snobw68klcphcrh
2025-06-25T21:12:28.376Z - debug: Executing recipe chrome-pdf rootId=snobw68klcphcrh, id=snobw68klcphcrh
2025-06-25T21:12:28.410Z - debug: Converting with chrome Chrome/136.0.7103.49 using chrome-pool strategy rootId=snobw68klcphcrh, id=snobw68klcphcrh
2025-06-25T21:12:28.647Z - debug: Page request: GET (document) file:///C:/Users/josem/AppData/Local/Temp/jsreport/autocleanup/52ab81c9-c573-41dc-b4f7-b09d3ee2d7d0-chrome-pdf.html rootId=snobw68klcphcrh, id=snobw68klcphcrh
2025-06-25T21:12:28.682Z - debug: Page request finished: GET (document) 200 file:///C:/Users/josem/AppData/Local/Temp/jsreport/autocleanup/52ab81c9-c573-41dc-b4f7-b09d3ee2d7d0-chrome-pdf.html rootId=snobw68klcphcrh, id=snobw68klcphcrh
2025-06-25T21:12:28.696Z - debug: Running chrome with params {"printBackground":true,"timeout":59822,"margin":{}} rootId=snobw68klcphcrh, id=snobw68klcphcrh
2025-06-25T21:12:29.018Z - debug: Skipping storing report. rootId=snobw68klcphcrh, id=snobw68klcphcrh
2025-06-25T21:12:29.018Z - info: Rendering request 5 finished in 810 ms rootId=snobw68klcphcrh, id=snobw68klcphcrh
2025-06-25T21:19:59.297Z - debug: OData query on templates
2025-06-25T21:19:59.336Z - debug: OData query on settings
2025-06-25T21:19:59.339Z - debug: OData query on folders
2025-06-25T21:19:59.350Z - debug: OData query on components
2025-06-25T21:19:59.359Z - debug: OData query on data
2025-06-25T21:19:59.366Z - debug: OData query on tags
2025-06-25T21:19:59.371Z - debug: OData query on assets
2025-06-25T21:19:59.380Z - debug: OData query on scripts
2025-06-25T21:19:59.385Z - debug: OData query on schedules
2025-06-25T21:19:59.467Z - debug: OData query on templates
2025-06-25T21:27:03.223Z - info: Render request 6 queued for execution and waiting for available worker rootId=ovjdoukh93950mh, id=ovjdoukh93950mh
2025-06-25T21:27:03.342Z - info: Starting rendering request 6 rootId=ovjdoukh93950mh, id=ovjdoukh93950mh
2025-06-25T21:27:03.347Z - info: Rendering template { name: productosMasVendidos, recipe: chrome-pdf, engine: jsrender, preview: false } rootId=ovjdoukh93950mh, id=ovjdoukh93950mh
2025-06-25T21:27:03.347Z - debug: Inline data specified. rootId=ovjdoukh93950mh, id=ovjdoukh93950mh
2025-06-25T21:27:03.366Z - debug: Base url not specified, skipping its injection. rootId=ovjdoukh93950mh, id=ovjdoukh93950mh
2025-06-25T21:27:03.374Z - debug: Rendering engine jsrender rootId=ovjdoukh93950mh, id=ovjdoukh93950mh
2025-06-25T21:27:03.420Z - debug: Executing recipe chrome-pdf rootId=ovjdoukh93950mh, id=ovjdoukh93950mh
2025-06-25T21:27:03.476Z - debug: Converting with chrome Chrome/136.0.7103.49 using chrome-pool strategy rootId=ovjdoukh93950mh, id=ovjdoukh93950mh
2025-06-25T21:27:04.123Z - debug: Page request: GET (document) file:///C:/Users/josem/AppData/Local/Temp/jsreport/autocleanup/d39c2496-6de5-4419-8853-6e8b5ceafb71-chrome-pdf.html rootId=ovjdoukh93950mh, id=ovjdoukh93950mh
2025-06-25T21:27:04.204Z - debug: Page request finished: GET (document) 200 file:///C:/Users/josem/AppData/Local/Temp/jsreport/autocleanup/d39c2496-6de5-4419-8853-6e8b5ceafb71-chrome-pdf.html rootId=ovjdoukh93950mh, id=ovjdoukh93950mh
2025-06-25T21:27:04.259Z - debug: Running chrome with params {"printBackground":true,"timeout":59770,"margin":{}} rootId=ovjdoukh93950mh, id=ovjdoukh93950mh
2025-06-25T21:27:04.678Z - debug: Skipping storing report. rootId=ovjdoukh93950mh, id=ovjdoukh93950mh
2025-06-25T21:27:04.679Z - info: Rendering request 6 finished in 1472 ms rootId=ovjdoukh93950mh, id=ovjdoukh93950mh
2025-06-25T21:43:26.300Z - debug: OData insert into templates
2025-06-25T21:43:30.385Z - info: Verifying license key free
2025-06-25T21:43:31.307Z - info: Starting one month enterprise trial
2025-06-25T21:46:02.389Z - debug: OData remove from templates
2025-06-25T21:51:20.809Z - debug: OData insert into templates
2025-06-25T21:51:40.953Z - debug: OData insert into templates
2025-06-25T21:52:02.957Z - debug: OData insert into templates
2025-06-25T21:52:29.888Z - debug: OData insert into templates
2025-06-25T21:58:49.617Z - info: Render request 7 queued for execution and waiting for available worker rootId=pyk5zgeodid0iyv, id=pyk5zgeodid0iyv
2025-06-25T21:58:49.728Z - info: Starting rendering request 7 rootId=pyk5zgeodid0iyv, id=pyk5zgeodid0iyv
2025-06-25T21:58:49.731Z - info: Rendering template { name: productosMasVendidos, recipe: chrome-pdf, engine: jsrender, preview: false } rootId=pyk5zgeodid0iyv, id=pyk5zgeodid0iyv
2025-06-25T21:58:49.731Z - debug: Inline data specified. rootId=pyk5zgeodid0iyv, id=pyk5zgeodid0iyv
2025-06-25T21:58:49.738Z - debug: Base url not specified, skipping its injection. rootId=pyk5zgeodid0iyv, id=pyk5zgeodid0iyv
2025-06-25T21:58:49.743Z - debug: Rendering engine jsrender rootId=pyk5zgeodid0iyv, id=pyk5zgeodid0iyv
2025-06-25T21:58:49.794Z - debug: Executing recipe chrome-pdf rootId=pyk5zgeodid0iyv, id=pyk5zgeodid0iyv
2025-06-25T21:58:50.621Z - debug: Converting with chrome Chrome/136.0.7103.49 using chrome-pool strategy rootId=pyk5zgeodid0iyv, id=pyk5zgeodid0iyv
2025-06-25T21:58:50.815Z - debug: Page request: GET (document) file:///C:/Users/josem/AppData/Local/Temp/jsreport/autocleanup/e3a1e002-aac8-4935-a6e3-96b26bf52521-chrome-pdf.html rootId=pyk5zgeodid0iyv, id=pyk5zgeodid0iyv
2025-06-25T21:58:50.861Z - debug: Page request finished: GET (document) 200 file:///C:/Users/josem/AppData/Local/Temp/jsreport/autocleanup/e3a1e002-aac8-4935-a6e3-96b26bf52521-chrome-pdf.html rootId=pyk5zgeodid0iyv, id=pyk5zgeodid0iyv
2025-06-25T21:58:50.882Z - debug: Running chrome with params {"printBackground":true,"timeout":59790,"margin":{}} rootId=pyk5zgeodid0iyv, id=pyk5zgeodid0iyv
2025-06-25T21:58:51.272Z - debug: Skipping storing report. rootId=pyk5zgeodid0iyv, id=pyk5zgeodid0iyv
2025-06-25T21:58:51.272Z - info: Rendering request 7 finished in 1678 ms rootId=pyk5zgeodid0iyv, id=pyk5zgeodid0iyv
2025-06-25T22:01:14.078Z - info: Render request 8 queued for execution and waiting for available worker rootId=b2wvcjzvca1413s, id=b2wvcjzvca1413s
2025-06-25T22:01:14.161Z - info: Starting rendering request 8 rootId=b2wvcjzvca1413s, id=b2wvcjzvca1413s
2025-06-25T22:01:14.165Z - info: Rendering template { name: reposicionAnaqueles, recipe: chrome-pdf, engine: jsrender, preview: false } rootId=b2wvcjzvca1413s, id=b2wvcjzvca1413s
2025-06-25T22:01:14.165Z - debug: Inline data specified. rootId=b2wvcjzvca1413s, id=b2wvcjzvca1413s
2025-06-25T22:01:14.171Z - debug: Base url not specified, skipping its injection. rootId=b2wvcjzvca1413s, id=b2wvcjzvca1413s
2025-06-25T22:01:14.177Z - debug: Rendering engine jsrender rootId=b2wvcjzvca1413s, id=b2wvcjzvca1413s
2025-06-25T22:01:14.227Z - debug: Executing recipe chrome-pdf rootId=b2wvcjzvca1413s, id=b2wvcjzvca1413s
2025-06-25T22:01:14.945Z - debug: Converting with chrome Chrome/136.0.7103.49 using chrome-pool strategy rootId=b2wvcjzvca1413s, id=b2wvcjzvca1413s
2025-06-25T22:01:15.191Z - debug: Page request: GET (document) file:///C:/Users/josem/AppData/Local/Temp/jsreport/autocleanup/62771fcd-ec5d-4933-b91a-36876c8a4218-chrome-pdf.html rootId=b2wvcjzvca1413s, id=b2wvcjzvca1413s
2025-06-25T22:01:15.210Z - debug: Page request finished: GET (document) 200 file:///C:/Users/josem/AppData/Local/Temp/jsreport/autocleanup/62771fcd-ec5d-4933-b91a-36876c8a4218-chrome-pdf.html rootId=b2wvcjzvca1413s, id=b2wvcjzvca1413s
2025-06-25T22:01:15.230Z - debug: Running chrome with params {"printBackground":true,"timeout":59838,"margin":{}} rootId=b2wvcjzvca1413s, id=b2wvcjzvca1413s
2025-06-25T22:01:15.512Z - debug: Skipping storing report. rootId=b2wvcjzvca1413s, id=b2wvcjzvca1413s
2025-06-25T22:01:15.512Z - info: Rendering request 8 finished in 1440 ms rootId=b2wvcjzvca1413s, id=b2wvcjzvca1413s
2025-06-25T22:01:35.613Z - debug: OData query on templates
2025-06-25T22:02:09.963Z - info: Render request 9 queued for execution and waiting for available worker rootId=o8wlgidd21wg1ff, id=o8wlgidd21wg1ff
2025-06-25T22:02:10.003Z - info: Starting rendering request 9 rootId=o8wlgidd21wg1ff, id=o8wlgidd21wg1ff
2025-06-25T22:02:10.005Z - info: Rendering template { name: reposicionAnaqueles, recipe: chrome-pdf, engine: jsrender, preview: false } rootId=o8wlgidd21wg1ff, id=o8wlgidd21wg1ff
2025-06-25T22:02:10.005Z - debug: Inline data specified. rootId=o8wlgidd21wg1ff, id=o8wlgidd21wg1ff
2025-06-25T22:02:10.008Z - debug: Base url not specified, skipping its injection. rootId=o8wlgidd21wg1ff, id=o8wlgidd21wg1ff
2025-06-25T22:02:10.011Z - debug: Rendering engine jsrender rootId=o8wlgidd21wg1ff, id=o8wlgidd21wg1ff
2025-06-25T22:02:10.045Z - debug: Executing recipe chrome-pdf rootId=o8wlgidd21wg1ff, id=o8wlgidd21wg1ff
2025-06-25T22:02:10.061Z - debug: Converting with chrome Chrome/136.0.7103.49 using chrome-pool strategy rootId=o8wlgidd21wg1ff, id=o8wlgidd21wg1ff
2025-06-25T22:02:10.313Z - debug: Page request: GET (document) file:///C:/Users/josem/AppData/Local/Temp/jsreport/autocleanup/d81042a6-cd98-4a0e-a855-8c05a78bc947-chrome-pdf.html rootId=o8wlgidd21wg1ff, id=o8wlgidd21wg1ff
2025-06-25T22:02:10.357Z - debug: Page request finished: GET (document) 200 file:///C:/Users/josem/AppData/Local/Temp/jsreport/autocleanup/d81042a6-cd98-4a0e-a855-8c05a78bc947-chrome-pdf.html rootId=o8wlgidd21wg1ff, id=o8wlgidd21wg1ff
2025-06-25T22:02:10.422Z - debug: Running chrome with params {"printBackground":true,"timeout":59907,"margin":{}} rootId=o8wlgidd21wg1ff, id=o8wlgidd21wg1ff
2025-06-25T22:02:10.755Z - debug: Skipping storing report. rootId=o8wlgidd21wg1ff, id=o8wlgidd21wg1ff
2025-06-25T22:02:10.756Z - info: Rendering request 9 finished in 799 ms rootId=o8wlgidd21wg1ff, id=o8wlgidd21wg1ff
2025-06-25T22:02:16.347Z - debug: OData update on templates
2025-06-25T22:02:16.388Z - debug: OData query on templates
2025-06-25T22:02:18.921Z - info: Render request 10 queued for execution and waiting for available worker rootId=rs4jdm0zf87fkth, id=rs4jdm0zf87fkth
2025-06-25T22:02:18.955Z - info: Starting rendering request 10 rootId=rs4jdm0zf87fkth, id=rs4jdm0zf87fkth
2025-06-25T22:02:18.956Z - info: Rendering template { name: reposicionAnaqueles, recipe: chrome-pdf, engine: jsrender, preview: false } rootId=rs4jdm0zf87fkth, id=rs4jdm0zf87fkth
2025-06-25T22:02:18.956Z - debug: Inline data specified. rootId=rs4jdm0zf87fkth, id=rs4jdm0zf87fkth
2025-06-25T22:02:18.958Z - debug: Base url not specified, skipping its injection. rootId=rs4jdm0zf87fkth, id=rs4jdm0zf87fkth
2025-06-25T22:02:18.961Z - debug: Rendering engine jsrender rootId=rs4jdm0zf87fkth, id=rs4jdm0zf87fkth
2025-06-25T22:02:18.992Z - debug: Executing recipe chrome-pdf rootId=rs4jdm0zf87fkth, id=rs4jdm0zf87fkth
2025-06-25T22:02:19.001Z - debug: Converting with chrome Chrome/136.0.7103.49 using chrome-pool strategy rootId=rs4jdm0zf87fkth, id=rs4jdm0zf87fkth
2025-06-25T22:02:19.174Z - debug: Page request: GET (document) file:///C:/Users/josem/AppData/Local/Temp/jsreport/autocleanup/8c89eae8-06e2-4dfa-bd88-69c9972c28cf-chrome-pdf.html rootId=rs4jdm0zf87fkth, id=rs4jdm0zf87fkth
2025-06-25T22:02:19.211Z - debug: Page request finished: GET (document) 200 file:///C:/Users/josem/AppData/Local/Temp/jsreport/autocleanup/8c89eae8-06e2-4dfa-bd88-69c9972c28cf-chrome-pdf.html rootId=rs4jdm0zf87fkth, id=rs4jdm0zf87fkth
2025-06-25T22:02:19.228Z - debug: Running chrome with params {"printBackground":true,"timeout":59922,"margin":{}} rootId=rs4jdm0zf87fkth, id=rs4jdm0zf87fkth
2025-06-25T22:02:19.499Z - debug: Skipping storing report. rootId=rs4jdm0zf87fkth, id=rs4jdm0zf87fkth
2025-06-25T22:02:19.499Z - info: Rendering request 10 finished in 581 ms rootId=rs4jdm0zf87fkth, id=rs4jdm0zf87fkth
2025-06-25T22:02:33.822Z - debug: OData update on templates
2025-06-25T22:02:33.875Z - debug: OData query on templates
2025-06-25T22:02:36.043Z - info: Render request 11 queued for execution and waiting for available worker rootId=cuuhapssfmicfjt, id=cuuhapssfmicfjt
2025-06-25T22:02:36.072Z - info: Starting rendering request 11 rootId=cuuhapssfmicfjt, id=cuuhapssfmicfjt
2025-06-25T22:02:36.072Z - info: Rendering template { name: reposicionAnaqueles, recipe: chrome-pdf, engine: jsrender, preview: false } rootId=cuuhapssfmicfjt, id=cuuhapssfmicfjt
2025-06-25T22:02:36.072Z - debug: Inline data specified. rootId=cuuhapssfmicfjt, id=cuuhapssfmicfjt
2025-06-25T22:02:36.073Z - debug: Base url not specified, skipping its injection. rootId=cuuhapssfmicfjt, id=cuuhapssfmicfjt
2025-06-25T22:02:36.074Z - debug: Rendering engine jsrender rootId=cuuhapssfmicfjt, id=cuuhapssfmicfjt
2025-06-25T22:02:36.087Z - debug: Executing recipe chrome-pdf rootId=cuuhapssfmicfjt, id=cuuhapssfmicfjt
2025-06-25T22:02:36.089Z - debug: Converting with chrome Chrome/136.0.7103.49 using chrome-pool strategy rootId=cuuhapssfmicfjt, id=cuuhapssfmicfjt
2025-06-25T22:02:36.247Z - debug: Page request: GET (document) file:///C:/Users/josem/AppData/Local/Temp/jsreport/autocleanup/d26dd7da-67d2-445a-8f13-50ff927e0767-chrome-pdf.html rootId=cuuhapssfmicfjt, id=cuuhapssfmicfjt
2025-06-25T22:02:36.281Z - debug: Page request finished: GET (document) 200 file:///C:/Users/josem/AppData/Local/Temp/jsreport/autocleanup/d26dd7da-67d2-445a-8f13-50ff927e0767-chrome-pdf.html rootId=cuuhapssfmicfjt, id=cuuhapssfmicfjt
2025-06-25T22:02:36.301Z - debug: Running chrome with params {"printBackground":true,"timeout":59953,"margin":{}} rootId=cuuhapssfmicfjt, id=cuuhapssfmicfjt
2025-06-25T22:02:36.587Z - debug: Skipping storing report. rootId=cuuhapssfmicfjt, id=cuuhapssfmicfjt
2025-06-25T22:02:36.587Z - info: Rendering request 11 finished in 546 ms rootId=cuuhapssfmicfjt, id=cuuhapssfmicfjt
2025-06-25T22:04:18.077Z - debug: OData update on templates
2025-06-25T22:04:18.179Z - debug: OData query on templates
2025-06-25T22:04:21.902Z - info: Render request 12 queued for execution and waiting for available worker rootId=xwkjk7gpfjpsz5i, id=xwkjk7gpfjpsz5i
2025-06-25T22:04:21.941Z - info: Starting rendering request 12 rootId=xwkjk7gpfjpsz5i, id=xwkjk7gpfjpsz5i
2025-06-25T22:04:21.944Z - info: Rendering template { name: reposicionAnaqueles, recipe: chrome-pdf, engine: jsrender, preview: false } rootId=xwkjk7gpfjpsz5i, id=xwkjk7gpfjpsz5i
2025-06-25T22:04:21.944Z - debug: Inline data specified. rootId=xwkjk7gpfjpsz5i, id=xwkjk7gpfjpsz5i
2025-06-25T22:04:21.948Z - debug: Base url not specified, skipping its injection. rootId=xwkjk7gpfjpsz5i, id=xwkjk7gpfjpsz5i
2025-06-25T22:04:21.952Z - debug: Rendering engine jsrender rootId=xwkjk7gpfjpsz5i, id=xwkjk7gpfjpsz5i
2025-06-25T22:04:22.000Z - debug: Executing recipe chrome-pdf rootId=xwkjk7gpfjpsz5i, id=xwkjk7gpfjpsz5i
2025-06-25T22:04:22.021Z - debug: Converting with chrome Chrome/136.0.7103.49 using chrome-pool strategy rootId=xwkjk7gpfjpsz5i, id=xwkjk7gpfjpsz5i
2025-06-25T22:04:22.444Z - debug: Page request: GET (document) file:///C:/Users/josem/AppData/Local/Temp/jsreport/autocleanup/15cba892-14f8-4087-854a-6db7b247484c-chrome-pdf.html rootId=xwkjk7gpfjpsz5i, id=xwkjk7gpfjpsz5i
2025-06-25T22:04:22.500Z - debug: Page request finished: GET (document) 200 file:///C:/Users/josem/AppData/Local/Temp/jsreport/autocleanup/15cba892-14f8-4087-854a-6db7b247484c-chrome-pdf.html rootId=xwkjk7gpfjpsz5i, id=xwkjk7gpfjpsz5i
2025-06-25T22:04:22.561Z - debug: Running chrome with params {"printBackground":true,"timeout":59886,"margin":{}} rootId=xwkjk7gpfjpsz5i, id=xwkjk7gpfjpsz5i
2025-06-25T22:04:22.966Z - debug: Skipping storing report. rootId=xwkjk7gpfjpsz5i, id=xwkjk7gpfjpsz5i
2025-06-25T22:04:22.966Z - info: Rendering request 12 finished in 1076 ms rootId=xwkjk7gpfjpsz5i, id=xwkjk7gpfjpsz5i
2025-06-25T22:04:47.363Z - info: Render request 13 queued for execution and waiting for available worker rootId=p7avll3kqanujci, id=p7avll3kqanujci
2025-06-25T22:04:47.425Z - info: Starting rendering request 13 rootId=p7avll3kqanujci, id=p7avll3kqanujci
2025-06-25T22:04:47.426Z - info: Rendering template { name: cuotasAfiliacion, recipe: chrome-pdf, engine: jsrender, preview: false } rootId=p7avll3kqanujci, id=p7avll3kqanujci
2025-06-25T22:04:47.427Z - debug: Inline data specified. rootId=p7avll3kqanujci, id=p7avll3kqanujci
2025-06-25T22:04:47.437Z - debug: Base url not specified, skipping its injection. rootId=p7avll3kqanujci, id=p7avll3kqanujci
2025-06-25T22:04:47.439Z - debug: Rendering engine jsrender rootId=p7avll3kqanujci, id=p7avll3kqanujci
2025-06-25T22:04:47.463Z - debug: Executing recipe chrome-pdf rootId=p7avll3kqanujci, id=p7avll3kqanujci
2025-06-25T22:04:47.488Z - debug: Converting with chrome Chrome/136.0.7103.49 using chrome-pool strategy rootId=p7avll3kqanujci, id=p7avll3kqanujci
2025-06-25T22:04:47.706Z - debug: Page request: GET (document) file:///C:/Users/josem/AppData/Local/Temp/jsreport/autocleanup/9ec7b215-6116-441f-8b81-a1129264345e-chrome-pdf.html rootId=p7avll3kqanujci, id=p7avll3kqanujci
2025-06-25T22:04:47.751Z - debug: Page request finished: GET (document) 200 file:///C:/Users/josem/AppData/Local/Temp/jsreport/autocleanup/9ec7b215-6116-441f-8b81-a1129264345e-chrome-pdf.html rootId=p7avll3kqanujci, id=p7avll3kqanujci
2025-06-25T22:04:47.822Z - debug: Running chrome with params {"printBackground":true,"timeout":59889,"margin":{}} rootId=p7avll3kqanujci, id=p7avll3kqanujci
2025-06-25T22:04:48.225Z - debug: Skipping storing report. rootId=p7avll3kqanujci, id=p7avll3kqanujci
2025-06-25T22:04:48.225Z - info: Rendering request 13 finished in 870 ms rootId=p7avll3kqanujci, id=p7avll3kqanujci
2025-06-25T22:04:58.364Z - info: Render request 14 queued for execution and waiting for available worker rootId=a2zfjvywwrctxcu, id=a2zfjvywwrctxcu
2025-06-25T22:04:58.398Z - info: Starting rendering request 14 rootId=a2zfjvywwrctxcu, id=a2zfjvywwrctxcu
2025-06-25T22:04:58.399Z - info: Rendering template { name: nominaDepartamento, recipe: chrome-pdf, engine: jsrender, preview: false } rootId=a2zfjvywwrctxcu, id=a2zfjvywwrctxcu
2025-06-25T22:04:58.399Z - debug: Inline data specified. rootId=a2zfjvywwrctxcu, id=a2zfjvywwrctxcu
2025-06-25T22:04:58.402Z - debug: Base url not specified, skipping its injection. rootId=a2zfjvywwrctxcu, id=a2zfjvywwrctxcu
2025-06-25T22:04:58.404Z - debug: Rendering engine jsrender rootId=a2zfjvywwrctxcu, id=a2zfjvywwrctxcu
2025-06-25T22:04:58.428Z - debug: Executing recipe chrome-pdf rootId=a2zfjvywwrctxcu, id=a2zfjvywwrctxcu
2025-06-25T22:04:58.440Z - debug: Converting with chrome Chrome/136.0.7103.49 using chrome-pool strategy rootId=a2zfjvywwrctxcu, id=a2zfjvywwrctxcu
2025-06-25T22:04:58.607Z - debug: Page request: GET (document) file:///C:/Users/josem/AppData/Local/Temp/jsreport/autocleanup/e3299b4e-800c-431f-a761-a80916084921-chrome-pdf.html rootId=a2zfjvywwrctxcu, id=a2zfjvywwrctxcu
2025-06-25T22:04:58.637Z - debug: Page request finished: GET (document) 200 file:///C:/Users/josem/AppData/Local/Temp/jsreport/autocleanup/e3299b4e-800c-431f-a761-a80916084921-chrome-pdf.html rootId=a2zfjvywwrctxcu, id=a2zfjvywwrctxcu
2025-06-25T22:04:58.661Z - debug: Running chrome with params {"printBackground":true,"timeout":59927,"margin":{}} rootId=a2zfjvywwrctxcu, id=a2zfjvywwrctxcu
2025-06-25T22:04:59.000Z - debug: Skipping storing report. rootId=a2zfjvywwrctxcu, id=a2zfjvywwrctxcu
2025-06-25T22:04:59.000Z - info: Rendering request 14 finished in 637 ms rootId=a2zfjvywwrctxcu, id=a2zfjvywwrctxcu
2025-06-25T22:05:06.449Z - info: Render request 15 queued for execution and waiting for available worker rootId=lx2bbrvlgwhxad7, id=lx2bbrvlgwhxad7
2025-06-25T22:05:06.486Z - info: Starting rendering request 15 rootId=lx2bbrvlgwhxad7, id=lx2bbrvlgwhxad7
2025-06-25T22:05:06.486Z - info: Rendering template { name: historialCompras, recipe: chrome-pdf, engine: jsrender, preview: false } rootId=lx2bbrvlgwhxad7, id=lx2bbrvlgwhxad7
2025-06-25T22:05:06.486Z - debug: Inline data specified. rootId=lx2bbrvlgwhxad7, id=lx2bbrvlgwhxad7
2025-06-25T22:05:06.488Z - debug: Base url not specified, skipping its injection. rootId=lx2bbrvlgwhxad7, id=lx2bbrvlgwhxad7
2025-06-25T22:05:06.489Z - debug: Rendering engine jsrender rootId=lx2bbrvlgwhxad7, id=lx2bbrvlgwhxad7
2025-06-25T22:05:06.508Z - debug: Executing recipe chrome-pdf rootId=lx2bbrvlgwhxad7, id=lx2bbrvlgwhxad7
2025-06-25T22:05:06.512Z - debug: Converting with chrome Chrome/136.0.7103.49 using chrome-pool strategy rootId=lx2bbrvlgwhxad7, id=lx2bbrvlgwhxad7
2025-06-25T22:05:06.681Z - debug: Page request: GET (document) file:///C:/Users/josem/AppData/Local/Temp/jsreport/autocleanup/e0589261-f44d-4f5d-91a1-936047d00a38-chrome-pdf.html rootId=lx2bbrvlgwhxad7, id=lx2bbrvlgwhxad7
2025-06-25T22:05:06.720Z - debug: Page request finished: GET (document) 200 file:///C:/Users/josem/AppData/Local/Temp/jsreport/autocleanup/e0589261-f44d-4f5d-91a1-936047d00a38-chrome-pdf.html rootId=lx2bbrvlgwhxad7, id=lx2bbrvlgwhxad7
2025-06-25T22:05:06.732Z - debug: Running chrome with params {"printBackground":true,"timeout":59937,"margin":{}} rootId=lx2bbrvlgwhxad7, id=lx2bbrvlgwhxad7
2025-06-25T22:05:07.009Z - debug: Skipping storing report. rootId=lx2bbrvlgwhxad7, id=lx2bbrvlgwhxad7
2025-06-25T22:05:07.009Z - info: Rendering request 15 finished in 562 ms rootId=lx2bbrvlgwhxad7, id=lx2bbrvlgwhxad7
2025-06-25T22:12:27.746Z - debug: fs journal was not synced for a while, need full reload
2025-06-25T22:12:28.601Z - info: fs store is loading data
2025-06-25T22:25:33.109Z - debug: fs journal was not synced for a while, need full reload
2025-06-25T22:25:33.206Z - info: fs store is loading data
2025-06-25T22:35:52.676Z - info: Render request 16 queued for execution and waiting for available worker rootId=gvaj8neo0u5i65h, id=gvaj8neo0u5i65h
2025-06-25T22:35:52.784Z - info: Starting rendering request 16 rootId=gvaj8neo0u5i65h, id=gvaj8neo0u5i65h
2025-06-25T22:35:52.789Z - info: Rendering template { name: reposicionAnaqueles, recipe: chrome-pdf, engine: jsrender, preview: false } rootId=gvaj8neo0u5i65h, id=gvaj8neo0u5i65h
2025-06-25T22:35:52.789Z - debug: Inline data specified. rootId=gvaj8neo0u5i65h, id=gvaj8neo0u5i65h
2025-06-25T22:35:52.800Z - debug: Base url not specified, skipping its injection. rootId=gvaj8neo0u5i65h, id=gvaj8neo0u5i65h
2025-06-25T22:35:52.810Z - debug: Rendering engine jsrender rootId=gvaj8neo0u5i65h, id=gvaj8neo0u5i65h
2025-06-25T22:35:52.876Z - debug: Executing recipe chrome-pdf rootId=gvaj8neo0u5i65h, id=gvaj8neo0u5i65h
2025-06-25T22:35:53.613Z - debug: Converting with chrome Chrome/136.0.7103.49 using chrome-pool strategy rootId=gvaj8neo0u5i65h, id=gvaj8neo0u5i65h
2025-06-25T22:35:53.768Z - debug: Page request: GET (document) file:///C:/Users/josem/AppData/Local/Temp/jsreport/autocleanup/dc65912a-edd1-4843-8cee-f4c88292a2d1-chrome-pdf.html rootId=gvaj8neo0u5i65h, id=gvaj8neo0u5i65h
2025-06-25T22:35:53.815Z - debug: Page request finished: GET (document) 200 file:///C:/Users/josem/AppData/Local/Temp/jsreport/autocleanup/dc65912a-edd1-4843-8cee-f4c88292a2d1-chrome-pdf.html rootId=gvaj8neo0u5i65h, id=gvaj8neo0u5i65h
2025-06-25T22:35:53.876Z - debug: Running chrome with params {"printBackground":true,"timeout":59763,"margin":{}} rootId=gvaj8neo0u5i65h, id=gvaj8neo0u5i65h
2025-06-25T22:35:54.264Z - debug: Skipping storing report. rootId=gvaj8neo0u5i65h, id=gvaj8neo0u5i65h
2025-06-25T22:35:54.264Z - info: Rendering request 16 finished in 1610 ms rootId=gvaj8neo0u5i65h, id=gvaj8neo0u5i65h
2025-06-25T22:48:47.129Z - debug: fs journal was not synced for a while, need full reload
2025-06-25T22:48:47.235Z - info: fs store is loading data
2025-06-25T23:01:43.584Z - debug: fs journal was not synced for a while, need full reload
2025-06-25T23:01:43.637Z - info: fs store is loading data
2025-06-25T23:12:37.450Z - info: Render request 17 queued for execution and waiting for available worker rootId=2s70niu2mw6k9eu, id=2s70niu2mw6k9eu
2025-06-25T23:12:37.553Z - info: Starting rendering request 17 rootId=2s70niu2mw6k9eu, id=2s70niu2mw6k9eu
2025-06-25T23:12:37.558Z - info: Rendering template { name: productosMasVendidos, recipe: chrome-pdf, engine: jsrender, preview: false } rootId=2s70niu2mw6k9eu, id=2s70niu2mw6k9eu
2025-06-25T23:12:37.558Z - debug: Inline data specified. rootId=2s70niu2mw6k9eu, id=2s70niu2mw6k9eu
2025-06-25T23:12:37.571Z - debug: Base url not specified, skipping its injection. rootId=2s70niu2mw6k9eu, id=2s70niu2mw6k9eu
2025-06-25T23:12:37.578Z - debug: Rendering engine jsrender rootId=2s70niu2mw6k9eu, id=2s70niu2mw6k9eu
2025-06-25T23:12:37.637Z - debug: Executing recipe chrome-pdf rootId=2s70niu2mw6k9eu, id=2s70niu2mw6k9eu
2025-06-25T23:12:41.295Z - debug: Converting with chrome Chrome/136.0.7103.49 using chrome-pool strategy rootId=2s70niu2mw6k9eu, id=2s70niu2mw6k9eu
2025-06-25T23:12:41.434Z - debug: Page request: GET (document) file:///C:/Users/josem/AppData/Local/Temp/jsreport/autocleanup/e71669db-1e92-4e09-b0a4-ac56e14faa54-chrome-pdf.html rootId=2s70niu2mw6k9eu, id=2s70niu2mw6k9eu
2025-06-25T23:12:41.455Z - debug: Page request finished: GET (document) 200 file:///C:/Users/josem/AppData/Local/Temp/jsreport/autocleanup/e71669db-1e92-4e09-b0a4-ac56e14faa54-chrome-pdf.html rootId=2s70niu2mw6k9eu, id=2s70niu2mw6k9eu
2025-06-25T23:12:41.485Z - debug: Running chrome with params {"printBackground":true,"timeout":59781,"margin":{}} rootId=2s70niu2mw6k9eu, id=2s70niu2mw6k9eu
2025-06-25T23:12:41.863Z - debug: Skipping storing report. rootId=2s70niu2mw6k9eu, id=2s70niu2mw6k9eu
2025-06-25T23:12:41.863Z - info: Rendering request 17 finished in 4433 ms rootId=2s70niu2mw6k9eu, id=2s70niu2mw6k9eu
2025-06-25T23:12:49.277Z - info: Render request 18 queued for execution and waiting for available worker rootId=l00mszb870o7ycz, id=l00mszb870o7ycz
2025-06-25T23:12:49.397Z - info: Starting rendering request 18 rootId=l00mszb870o7ycz, id=l00mszb870o7ycz
2025-06-25T23:12:49.406Z - info: Rendering template { name: reposicionAnaqueles, recipe: chrome-pdf, engine: jsrender, preview: false } rootId=l00mszb870o7ycz, id=l00mszb870o7ycz
2025-06-25T23:12:49.407Z - debug: Inline data specified. rootId=l00mszb870o7ycz, id=l00mszb870o7ycz
2025-06-25T23:12:49.415Z - debug: Base url not specified, skipping its injection. rootId=l00mszb870o7ycz, id=l00mszb870o7ycz
2025-06-25T23:12:49.425Z - debug: Rendering engine jsrender rootId=l00mszb870o7ycz, id=l00mszb870o7ycz
2025-06-25T23:12:49.474Z - debug: Executing recipe chrome-pdf rootId=l00mszb870o7ycz, id=l00mszb870o7ycz
2025-06-25T23:12:50.022Z - debug: Converting with chrome Chrome/136.0.7103.49 using chrome-pool strategy rootId=l00mszb870o7ycz, id=l00mszb870o7ycz
2025-06-25T23:12:50.190Z - debug: Page request: GET (document) file:///C:/Users/josem/AppData/Local/Temp/jsreport/autocleanup/5c5125ba-3cf6-471e-8e4c-11e4b8c66d4b-chrome-pdf.html rootId=l00mszb870o7ycz, id=l00mszb870o7ycz
2025-06-25T23:12:50.225Z - debug: Page request finished: GET (document) 200 file:///C:/Users/josem/AppData/Local/Temp/jsreport/autocleanup/5c5125ba-3cf6-471e-8e4c-11e4b8c66d4b-chrome-pdf.html rootId=l00mszb870o7ycz, id=l00mszb870o7ycz
2025-06-25T23:12:50.276Z - debug: Running chrome with params {"printBackground":true,"timeout":59793,"margin":{}} rootId=l00mszb870o7ycz, id=l00mszb870o7ycz
2025-06-25T23:12:50.969Z - debug: Skipping storing report. rootId=l00mszb870o7ycz, id=l00mszb870o7ycz
2025-06-25T23:12:50.969Z - info: Rendering request 18 finished in 1694 ms rootId=l00mszb870o7ycz, id=l00mszb870o7ycz
2025-06-25T23:18:37.012Z - info: Render request 19 queued for execution and waiting for available worker rootId=nzhttpzh8ajueuv, id=nzhttpzh8ajueuv
2025-06-25T23:18:37.149Z - info: Starting rendering request 19 rootId=nzhttpzh8ajueuv, id=nzhttpzh8ajueuv
2025-06-25T23:18:37.155Z - info: Rendering template { name: nominaDepartamento, recipe: chrome-pdf, engine: jsrender, preview: false } rootId=nzhttpzh8ajueuv, id=nzhttpzh8ajueuv
2025-06-25T23:18:37.156Z - debug: Inline data specified. rootId=nzhttpzh8ajueuv, id=nzhttpzh8ajueuv
2025-06-25T23:18:37.165Z - debug: Base url not specified, skipping its injection. rootId=nzhttpzh8ajueuv, id=nzhttpzh8ajueuv
2025-06-25T23:18:37.177Z - debug: Rendering engine jsrender rootId=nzhttpzh8ajueuv, id=nzhttpzh8ajueuv
2025-06-25T23:18:37.273Z - debug: Executing recipe chrome-pdf rootId=nzhttpzh8ajueuv, id=nzhttpzh8ajueuv
2025-06-25T23:18:37.362Z - debug: Converting with chrome Chrome/136.0.7103.49 using chrome-pool strategy rootId=nzhttpzh8ajueuv, id=nzhttpzh8ajueuv
2025-06-25T23:18:38.036Z - debug: Page request: GET (document) file:///C:/Users/josem/AppData/Local/Temp/jsreport/autocleanup/86be065a-d933-4df2-b290-fd1c5d2046df-chrome-pdf.html rootId=nzhttpzh8ajueuv, id=nzhttpzh8ajueuv
2025-06-25T23:18:38.102Z - debug: Page request finished: GET (document) 200 file:///C:/Users/josem/AppData/Local/Temp/jsreport/autocleanup/86be065a-d933-4df2-b290-fd1c5d2046df-chrome-pdf.html rootId=nzhttpzh8ajueuv, id=nzhttpzh8ajueuv
2025-06-25T23:18:38.153Z - debug: Running chrome with params {"printBackground":true,"timeout":59687,"margin":{}} rootId=nzhttpzh8ajueuv, id=nzhttpzh8ajueuv
2025-06-25T23:18:38.650Z - debug: Skipping storing report. rootId=nzhttpzh8ajueuv, id=nzhttpzh8ajueuv
2025-06-25T23:18:38.651Z - info: Rendering request 19 finished in 1669 ms rootId=nzhttpzh8ajueuv, id=nzhttpzh8ajueuv
