{"type":"operationStart","subtype":"profile","data":{"_id":"3HOH1Ln38lvKsjIz","timestamp":"2025-07-01T01:21:57.226Z","state":"queued","mode":"standard","creationDate":"2025-07-01T01:21:57.242Z","modificationDate":"2025-07-01T01:21:57.242Z","shortid":"bD0S9S3","$entitySet":"profiles"},"doDiffs":false,"timestamp":1751332917231,"id":"fhrb3garil5xwv7","previousOperationId":null,"operationId":"odqi288zsh4rm4y"}
{"type":"log","level":"info","message":"Render request 4 queued for execution and waiting for available worker","previousOperationId":"odqi288zsh4rm4y","timestamp":1751332917231,"id":"0fgmhlibdiq2h7l"}
{"type":"operationStart","subtype":"render","name":"Factura ACAUCAB","previousOperationId":"odqi288zsh4rm4y","timestamp":1751332917341,"id":"nyy70favhdkna4u","previousEventId":"fhrb3garil5xwv7","operationId":"sv55zfbrxwmxx9p"}
{"type":"log","timestamp":1751332917343,"level":"info","message":"Starting rendering request 4","meta":{"rootId":"2tt633atp3wirds","id":"2tt633atp3wirds"},"id":"44soxci02v22bdc","previousOperationId":"sv55zfbrxwmxx9p"}
{"type":"log","timestamp":1751332917347,"level":"info","message":"Rendering template { name: Factura ACAUCAB, recipe: chrome-pdf, engine: handlebars, preview: false }","meta":{"rootId":"2tt633atp3wirds","id":"2tt633atp3wirds"},"id":"veiy307h77xiblr","previousOperationId":"sv55zfbrxwmxx9p"}
{"type":"log","timestamp":1751332917347,"level":"debug","message":"Inline data specified.","meta":{"rootId":"2tt633atp3wirds","id":"2tt633atp3wirds"},"id":"7w40elgll30j6br","previousOperationId":"sv55zfbrxwmxx9p"}
{"type":"log","timestamp":1751332917351,"level":"debug","message":"Base url not specified, skipping its injection.","meta":{"rootId":"2tt633atp3wirds","id":"2tt633atp3wirds"},"id":"83o2coabgc79rx0","previousOperationId":"sv55zfbrxwmxx9p"}
{"type":"operationStart","subtype":"engine","name":"handlebars","timestamp":1751332917357,"id":"vilhdm3xhajprop","previousEventId":"nyy70favhdkna4u","operationId":"qw2b2ura3fbpb5v","previousOperationId":"sv55zfbrxwmxx9p"}
{"type":"log","timestamp":1751332917357,"level":"debug","message":"Rendering engine handlebars","meta":{"rootId":"2tt633atp3wirds","id":"2tt633atp3wirds"},"id":"jtn5hsh48w8xcg0","previousOperationId":"qw2b2ura3fbpb5v"}
{"type":"operationEnd","operationId":"qw2b2ura3fbpb5v","timestamp":1751332917412,"id":"joabadi4p7inhik","previousEventId":"vilhdm3xhajprop","previousOperationId":"qw2b2ura3fbpb5v"}
{"type":"operationStart","subtype":"recipe","name":"chrome-pdf","timestamp":1751332917413,"id":"r8p9o5zabvejitd","previousEventId":"joabadi4p7inhik","operationId":"8p4sz26ql4impo7","previousOperationId":"qw2b2ura3fbpb5v"}
{"type":"log","timestamp":1751332917413,"level":"debug","message":"Executing recipe chrome-pdf","meta":{"rootId":"2tt633atp3wirds","id":"2tt633atp3wirds"},"id":"jg2baxzvshrgajh","previousOperationId":"8p4sz26ql4impo7"}
{"type":"log","timestamp":1751332917458,"level":"debug","message":"Converting with chrome Chrome/136.0.7103.49 using chrome-pool strategy","meta":{"rootId":"2tt633atp3wirds","id":"2tt633atp3wirds"},"id":"5dml8vzqbgs2cl8","previousOperationId":"8p4sz26ql4impo7"}
{"type":"log","timestamp":1751332917987,"level":"debug","message":"Page request: GET (document) file:///C:/Users/josem/AppData/Local/Temp/jsreport/autocleanup/7c93af22-0377-4b9a-bf36-6faad4825053-chrome-pdf.html","meta":{"rootId":"2tt633atp3wirds","id":"2tt633atp3wirds"},"id":"knf1kh9ig712g6v","previousOperationId":"8p4sz26ql4impo7"}
{"type":"log","timestamp":1751332918049,"level":"debug","message":"Page request finished: GET (document) 200 file:///C:/Users/josem/AppData/Local/Temp/jsreport/autocleanup/7c93af22-0377-4b9a-bf36-6faad4825053-chrome-pdf.html","meta":{"rootId":"2tt633atp3wirds","id":"2tt633atp3wirds"},"id":"cb4ciocz6bpuciy","previousOperationId":"8p4sz26ql4impo7"}
{"type":"log","timestamp":1751332918099,"level":"debug","message":"Running chrome with params {\"printBackground\":true,\"timeout\":59800,\"margin\":{}}","meta":{"rootId":"2tt633atp3wirds","id":"2tt633atp3wirds"},"id":"bdzrp2dkwcooult","previousOperationId":"8p4sz26ql4impo7"}
{"type":"operationEnd","operationId":"8p4sz26ql4impo7","timestamp":1751332918440,"id":"bqyk8knk3ydeykk","previousEventId":"r8p9o5zabvejitd","previousOperationId":"8p4sz26ql4impo7"}
{"type":"log","timestamp":1751332918440,"level":"debug","message":"Skipping storing report.","meta":{"rootId":"2tt633atp3wirds","id":"2tt633atp3wirds"},"id":"sa9s4w58cgyvz4g","previousOperationId":"8p4sz26ql4impo7"}
{"type":"log","timestamp":1751332918440,"level":"info","message":"Rendering request 4 finished in 1218 ms","meta":{"rootId":"2tt633atp3wirds","id":"2tt633atp3wirds"},"id":"f17qd49ef1vwl6f","previousOperationId":"8p4sz26ql4impo7"}
{"type":"operationEnd","subtype":"render","operationId":"sv55zfbrxwmxx9p","timestamp":1751332918440,"id":"l89k62tszqcwsbm","previousEventId":"bqyk8knk3ydeykk","previousOperationId":"8p4sz26ql4impo7"}
{"type":"operationEnd","doDiffs":false,"previousEventId":"fhrb3garil5xwv7","previousOperationId":"odqi288zsh4rm4y","operationId":"odqi288zsh4rm4y","timestamp":1751332918444,"id":"b8mez4iyb0g5pw0"}
