{"type":"operationStart","subtype":"profile","data":{"_id":"4XQC1NKVuhkwXBc6","timestamp":"2025-07-08T17:22:05.902Z","state":"queued","mode":"standard","creationDate":"2025-07-08T17:22:05.914Z","modificationDate":"2025-07-08T17:22:05.914Z","shortid":"9eH9MuV","$entitySet":"profiles"},"doDiffs":false,"timestamp":1751995325906,"id":"qmp6uty0cvo3hob","previousOperationId":null,"operationId":"90m2m66i080f1q9"}
{"type":"log","level":"info","message":"Render request 2 queued for execution and waiting for available worker","previousOperationId":"90m2m66i080f1q9","timestamp":1751995325906,"id":"rlf2m5157d7ztun"}
{"type":"operationStart","subtype":"render","name":"Factura ACAUCAB","previousOperationId":"90m2m66i080f1q9","timestamp":1751995326007,"id":"hayipwip9tr5dup","previousEventId":"qmp6uty0cvo3hob","operationId":"e4xezc70c466o4x"}
{"type":"log","timestamp":1751995326013,"level":"info","message":"Starting rendering request 2","meta":{"rootId":"9iwf2yi92nvgf2g","id":"9iwf2yi92nvgf2g"},"id":"zam7r3c7jx373zp","previousOperationId":"e4xezc70c466o4x"}
{"type":"log","timestamp":1751995326017,"level":"info","message":"Rendering template { name: Factura ACAUCAB, recipe: chrome-pdf, engine: handlebars, preview: false }","meta":{"rootId":"9iwf2yi92nvgf2g","id":"9iwf2yi92nvgf2g"},"id":"8pfsa7ah5ro02vm","previousOperationId":"e4xezc70c466o4x"}
{"type":"log","timestamp":1751995326019,"level":"debug","message":"Inline data specified.","meta":{"rootId":"9iwf2yi92nvgf2g","id":"9iwf2yi92nvgf2g"},"id":"217we6tpwqs4f25","previousOperationId":"e4xezc70c466o4x"}
{"type":"log","timestamp":1751995326026,"level":"debug","message":"Base url not specified, skipping its injection.","meta":{"rootId":"9iwf2yi92nvgf2g","id":"9iwf2yi92nvgf2g"},"id":"qm1b5vggi7zb2ic","previousOperationId":"e4xezc70c466o4x"}
{"type":"operationStart","subtype":"engine","name":"handlebars","timestamp":1751995326037,"id":"37dnih8j8ih0sc9","previousEventId":"hayipwip9tr5dup","operationId":"2z23k3zzg9a8pxe","previousOperationId":"e4xezc70c466o4x"}
{"type":"log","timestamp":1751995326037,"level":"debug","message":"Rendering engine handlebars","meta":{"rootId":"9iwf2yi92nvgf2g","id":"9iwf2yi92nvgf2g"},"id":"g34ya5x0zt4g3s4","previousOperationId":"2z23k3zzg9a8pxe"}
{"type":"operationEnd","operationId":"2z23k3zzg9a8pxe","timestamp":1751995327076,"id":"ykaxc6u0ps2ddyc","previousEventId":"37dnih8j8ih0sc9","previousOperationId":"2z23k3zzg9a8pxe"}
{"type":"operationStart","subtype":"recipe","name":"chrome-pdf","timestamp":1751995327077,"id":"itp116hhiic4vsr","previousEventId":"ykaxc6u0ps2ddyc","operationId":"k4r48ncli5ao6al","previousOperationId":"2z23k3zzg9a8pxe"}
{"type":"log","timestamp":1751995327077,"level":"debug","message":"Executing recipe chrome-pdf","meta":{"rootId":"9iwf2yi92nvgf2g","id":"9iwf2yi92nvgf2g"},"id":"uzp9kjpj6ywx90z","previousOperationId":"k4r48ncli5ao6al"}
{"type":"log","timestamp":1751995327888,"level":"debug","message":"Converting with chrome Chrome/136.0.7103.49 using chrome-pool strategy","meta":{"rootId":"9iwf2yi92nvgf2g","id":"9iwf2yi92nvgf2g"},"id":"7rs4omnni54czzv","previousOperationId":"k4r48ncli5ao6al"}
{"type":"log","timestamp":1751995328014,"level":"debug","message":"Page request: GET (document) file:///C:/Users/josem/AppData/Local/Temp/jsreport/autocleanup/f047213c-f90b-46cd-a642-5a030ac9f512-chrome-pdf.html","meta":{"rootId":"9iwf2yi92nvgf2g","id":"9iwf2yi92nvgf2g"},"id":"7cf5d7ubhx566zw","previousOperationId":"k4r48ncli5ao6al"}
{"type":"log","timestamp":1751995328041,"level":"debug","message":"Page request finished: GET (document) 200 file:///C:/Users/josem/AppData/Local/Temp/jsreport/autocleanup/f047213c-f90b-46cd-a642-5a030ac9f512-chrome-pdf.html","meta":{"rootId":"9iwf2yi92nvgf2g","id":"9iwf2yi92nvgf2g"},"id":"e5fun2361dy2s8d","previousOperationId":"k4r48ncli5ao6al"}
{"type":"log","timestamp":1751995328063,"level":"debug","message":"Running chrome with params {\"printBackground\":true,\"timeout\":58808,\"margin\":{}}","meta":{"rootId":"9iwf2yi92nvgf2g","id":"9iwf2yi92nvgf2g"},"id":"lwjjr20apqhmqbi","previousOperationId":"k4r48ncli5ao6al"}
{"type":"operationEnd","operationId":"k4r48ncli5ao6al","timestamp":1751995328379,"id":"dc7t91b1o515kge","previousEventId":"itp116hhiic4vsr","previousOperationId":"k4r48ncli5ao6al"}
{"type":"log","timestamp":1751995328380,"level":"debug","message":"Skipping storing report.","meta":{"rootId":"9iwf2yi92nvgf2g","id":"9iwf2yi92nvgf2g"},"id":"tfxat5qwfmxxyye","previousOperationId":"k4r48ncli5ao6al"}
{"type":"log","timestamp":1751995328380,"level":"info","message":"Rendering request 2 finished in 2483 ms","meta":{"rootId":"9iwf2yi92nvgf2g","id":"9iwf2yi92nvgf2g"},"id":"6ht2t5nhwlnhg7f","previousOperationId":"k4r48ncli5ao6al"}
{"type":"operationEnd","subtype":"render","operationId":"e4xezc70c466o4x","timestamp":1751995328381,"id":"n2os9rqtv6ltvsk","previousEventId":"dc7t91b1o515kge","previousOperationId":"k4r48ncli5ao6al"}
{"type":"operationEnd","doDiffs":false,"previousEventId":"qmp6uty0cvo3hob","previousOperationId":"90m2m66i080f1q9","operationId":"90m2m66i080f1q9","timestamp":1751995328384,"id":"6hm1spg9qovj70i"}
