{"type":"operationStart","subtype":"profile","data":{"_id":"r4OQodxtOWyulTK6","timestamp":"2025-07-01T00:03:10.986Z","state":"queued","mode":"standard","creationDate":"2025-07-01T00:03:11.000Z","modificationDate":"2025-07-01T00:03:11.000Z","shortid":"y-6ac22","$entitySet":"profiles"},"doDiffs":false,"timestamp":1751328190994,"id":"aptp0hbpysqajcw","previousOperationId":null,"operationId":"pp2p41yufk94p04"}
{"type":"log","level":"info","message":"Render request 1 queued for execution and waiting for available worker","previousOperationId":"pp2p41yufk94p04","timestamp":1751328190995,"id":"cbln20onwlsw5oz"}
{"type":"operationStart","subtype":"render","name":"Factura ACAUCAB","previousOperationId":"pp2p41yufk94p04","timestamp":1751328191100,"id":"0wgjcmcvrg8ou0m","previousEventId":"aptp0hbpysqajcw","operationId":"9pvyb9jkw55yb9x"}
{"type":"log","timestamp":1751328191106,"level":"info","message":"Starting rendering request 1","meta":{"rootId":"ak4ldh20zvhxzlj","id":"ak4ldh20zvhxzlj"},"id":"m6t0ot2hgpay9m6","previousOperationId":"9pvyb9jkw55yb9x"}
{"type":"log","timestamp":1751328191113,"level":"info","message":"Rendering template { name: Factura ACAUCAB, recipe: chrome-pdf, engine: handlebars, preview: false }","meta":{"rootId":"ak4ldh20zvhxzlj","id":"ak4ldh20zvhxzlj"},"id":"mhsu5o9vc2vlwmv","previousOperationId":"9pvyb9jkw55yb9x"}
{"type":"log","timestamp":1751328191113,"level":"debug","message":"Inline data specified.","meta":{"rootId":"ak4ldh20zvhxzlj","id":"ak4ldh20zvhxzlj"},"id":"56zu9uzptx2wscc","previousOperationId":"9pvyb9jkw55yb9x"}
{"type":"log","timestamp":1751328191124,"level":"debug","message":"Base url not specified, skipping its injection.","meta":{"rootId":"ak4ldh20zvhxzlj","id":"ak4ldh20zvhxzlj"},"id":"i980isbku2exaly","previousOperationId":"9pvyb9jkw55yb9x"}
{"type":"operationStart","subtype":"engine","name":"handlebars","timestamp":1751328191129,"id":"2im2ca4lz44e218","previousEventId":"0wgjcmcvrg8ou0m","operationId":"d2vgwvmzka3uwmy","previousOperationId":"9pvyb9jkw55yb9x"}
{"type":"log","timestamp":1751328191129,"level":"debug","message":"Rendering engine handlebars","meta":{"rootId":"ak4ldh20zvhxzlj","id":"ak4ldh20zvhxzlj"},"id":"lfuy2yxs8i82127","previousOperationId":"d2vgwvmzka3uwmy"}
{"type":"operationEnd","operationId":"d2vgwvmzka3uwmy","timestamp":1751328197473,"id":"evp0uyzbpdqu519","previousEventId":"2im2ca4lz44e218","previousOperationId":"d2vgwvmzka3uwmy"}
{"type":"operationStart","subtype":"recipe","name":"chrome-pdf","timestamp":1751328197474,"id":"5jbflpvoy614e62","previousEventId":"evp0uyzbpdqu519","operationId":"u8yugck4po1swir","previousOperationId":"d2vgwvmzka3uwmy"}
{"type":"log","timestamp":1751328197474,"level":"debug","message":"Executing recipe chrome-pdf","meta":{"rootId":"ak4ldh20zvhxzlj","id":"ak4ldh20zvhxzlj"},"id":"7b4tybygcwhbs85","previousOperationId":"u8yugck4po1swir"}
{"type":"log","timestamp":1751328208867,"level":"debug","message":"Converting with chrome Chrome/136.0.7103.49 using chrome-pool strategy","meta":{"rootId":"ak4ldh20zvhxzlj","id":"ak4ldh20zvhxzlj"},"id":"9wgizk2ydoh7kgp","previousOperationId":"u8yugck4po1swir"}
{"type":"log","timestamp":1751328208998,"level":"debug","message":"Page request: GET (document) file:///C:/Users/josem/AppData/Local/Temp/jsreport/autocleanup/c6d4f87b-973a-4f1b-bf53-b9a035c59c0d-chrome-pdf.html","meta":{"rootId":"ak4ldh20zvhxzlj","id":"ak4ldh20zvhxzlj"},"id":"vmf0g3bbcwnb91m","previousOperationId":"u8yugck4po1swir"}
{"type":"log","timestamp":1751328209022,"level":"debug","message":"Page request finished: GET (document) 200 file:///C:/Users/josem/AppData/Local/Temp/jsreport/autocleanup/c6d4f87b-973a-4f1b-bf53-b9a035c59c0d-chrome-pdf.html","meta":{"rootId":"ak4ldh20zvhxzlj","id":"ak4ldh20zvhxzlj"},"id":"8nmp6gn7mn2676d","previousOperationId":"u8yugck4po1swir"}
{"type":"log","timestamp":1751328209048,"level":"debug","message":"Running chrome with params {\"printBackground\":true,\"timeout\":53385,\"margin\":{}}","meta":{"rootId":"ak4ldh20zvhxzlj","id":"ak4ldh20zvhxzlj"},"id":"gzkiz9yjck02kcr","previousOperationId":"u8yugck4po1swir"}
{"type":"operationEnd","operationId":"u8yugck4po1swir","timestamp":1751328209360,"id":"zi2gm58bol1elxj","previousEventId":"5jbflpvoy614e62","previousOperationId":"u8yugck4po1swir"}
{"type":"log","timestamp":1751328209362,"level":"debug","message":"Skipping storing report.","meta":{"rootId":"ak4ldh20zvhxzlj","id":"ak4ldh20zvhxzlj"},"id":"1b86j3mkt9vsd0c","previousOperationId":"u8yugck4po1swir"}
{"type":"log","timestamp":1751328209362,"level":"info","message":"Rendering request 1 finished in 18381 ms","meta":{"rootId":"ak4ldh20zvhxzlj","id":"ak4ldh20zvhxzlj"},"id":"x6uxezvj284gtjl","previousOperationId":"u8yugck4po1swir"}
{"type":"operationEnd","subtype":"render","operationId":"9pvyb9jkw55yb9x","timestamp":1751328209362,"id":"88gqegga4x5zydu","previousEventId":"zi2gm58bol1elxj","previousOperationId":"u8yugck4po1swir"}
{"type":"operationEnd","doDiffs":false,"previousEventId":"aptp0hbpysqajcw","previousOperationId":"pp2p41yufk94p04","operationId":"pp2p41yufk94p04","timestamp":1751328209367,"id":"oril2egv758p0qw"}
