{"type":"operationStart","subtype":"profile","data":{"_id":"UlvbsZrzYE2rcNKe","timestamp":"2025-07-01T01:10:53.168Z","state":"queued","mode":"standard","creationDate":"2025-07-01T01:10:53.196Z","modificationDate":"2025-07-01T01:10:53.196Z","shortid":"1NM1O_n","$entitySet":"profiles"},"doDiffs":false,"timestamp":1751332253177,"id":"x8ija1xfk1g962w","previousOperationId":null,"operationId":"da1l0i8xg59ct33"}
{"type":"log","level":"info","message":"Render request 3 queued for execution and waiting for available worker","previousOperationId":"da1l0i8xg59ct33","timestamp":1751332253179,"id":"wpvbvnn4fpioiyq"}
{"type":"operationStart","subtype":"render","name":"Factura ACAUCAB","previousOperationId":"da1l0i8xg59ct33","timestamp":1751332253304,"id":"dk4pyixwynr6ltx","previousEventId":"x8ija1xfk1g962w","operationId":"bf9p2a8lz0rokbu"}
{"type":"log","timestamp":1751332253307,"level":"info","message":"Starting rendering request 3","meta":{"rootId":"cnip3kbfapg48j9","id":"cnip3kbfapg48j9"},"id":"rgngwfrqhd7tcyp","previousOperationId":"bf9p2a8lz0rokbu"}
{"type":"log","timestamp":1751332253312,"level":"info","message":"Rendering template { name: Factura ACAUCAB, recipe: chrome-pdf, engine: handlebars, preview: false }","meta":{"rootId":"cnip3kbfapg48j9","id":"cnip3kbfapg48j9"},"id":"cj1epdko9umlz8t","previousOperationId":"bf9p2a8lz0rokbu"}
{"type":"log","timestamp":1751332253312,"level":"debug","message":"Inline data specified.","meta":{"rootId":"cnip3kbfapg48j9","id":"cnip3kbfapg48j9"},"id":"x7v2lljy12hao6f","previousOperationId":"bf9p2a8lz0rokbu"}
{"type":"log","timestamp":1751332253321,"level":"debug","message":"Base url not specified, skipping its injection.","meta":{"rootId":"cnip3kbfapg48j9","id":"cnip3kbfapg48j9"},"id":"9y2kzjgbuw84m7w","previousOperationId":"bf9p2a8lz0rokbu"}
{"type":"operationStart","subtype":"engine","name":"handlebars","timestamp":1751332253334,"id":"omuxtihbdt2je5q","previousEventId":"dk4pyixwynr6ltx","operationId":"wawx6q2n6p8tg1o","previousOperationId":"bf9p2a8lz0rokbu"}
{"type":"log","timestamp":1751332253334,"level":"debug","message":"Rendering engine handlebars","meta":{"rootId":"cnip3kbfapg48j9","id":"cnip3kbfapg48j9"},"id":"u1mghsqii8pju7k","previousOperationId":"wawx6q2n6p8tg1o"}
{"type":"operationEnd","operationId":"wawx6q2n6p8tg1o","timestamp":1751332253432,"id":"wuzbydlq47l8t7d","previousEventId":"omuxtihbdt2je5q","previousOperationId":"wawx6q2n6p8tg1o"}
{"type":"operationStart","subtype":"recipe","name":"chrome-pdf","timestamp":1751332253434,"id":"uekqauo4ivy5umi","previousEventId":"wuzbydlq47l8t7d","operationId":"bsn2tcwc64thamf","previousOperationId":"wawx6q2n6p8tg1o"}
{"type":"log","timestamp":1751332253434,"level":"debug","message":"Executing recipe chrome-pdf","meta":{"rootId":"cnip3kbfapg48j9","id":"cnip3kbfapg48j9"},"id":"0r35758ro3wpbea","previousOperationId":"bsn2tcwc64thamf"}
{"type":"log","timestamp":1751332253498,"level":"debug","message":"Converting with chrome Chrome/136.0.7103.49 using chrome-pool strategy","meta":{"rootId":"cnip3kbfapg48j9","id":"cnip3kbfapg48j9"},"id":"1416azd9v8zhd32","previousOperationId":"bsn2tcwc64thamf"}
{"type":"log","timestamp":1751332254155,"level":"debug","message":"Page request: GET (document) file:///C:/Users/josem/AppData/Local/Temp/jsreport/autocleanup/f8ebb438-8a18-454b-8d74-a3a2525c5642-chrome-pdf.html","meta":{"rootId":"cnip3kbfapg48j9","id":"cnip3kbfapg48j9"},"id":"39me9yvw24g2w38","previousOperationId":"bsn2tcwc64thamf"}
{"type":"log","timestamp":1751332254224,"level":"debug","message":"Page request finished: GET (document) 200 file:///C:/Users/josem/AppData/Local/Temp/jsreport/autocleanup/f8ebb438-8a18-454b-8d74-a3a2525c5642-chrome-pdf.html","meta":{"rootId":"cnip3kbfapg48j9","id":"cnip3kbfapg48j9"},"id":"7xczks08rwd581u","previousOperationId":"bsn2tcwc64thamf"}
{"type":"log","timestamp":1751332254277,"level":"debug","message":"Running chrome with params {\"printBackground\":true,\"timeout\":59709,\"margin\":{}}","meta":{"rootId":"cnip3kbfapg48j9","id":"cnip3kbfapg48j9"},"id":"ycc996r7knp6ms6","previousOperationId":"bsn2tcwc64thamf"}
{"type":"operationEnd","operationId":"bsn2tcwc64thamf","timestamp":1751332254603,"id":"07y7lba5b1flvpx","previousEventId":"uekqauo4ivy5umi","previousOperationId":"bsn2tcwc64thamf"}
{"type":"log","timestamp":1751332254604,"level":"debug","message":"Skipping storing report.","meta":{"rootId":"cnip3kbfapg48j9","id":"cnip3kbfapg48j9"},"id":"pbs85d9ryt11p9m","previousOperationId":"bsn2tcwc64thamf"}
{"type":"log","timestamp":1751332254604,"level":"info","message":"Rendering request 3 finished in 1447 ms","meta":{"rootId":"cnip3kbfapg48j9","id":"cnip3kbfapg48j9"},"id":"wyvirkx0iyqxow7","previousOperationId":"bsn2tcwc64thamf"}
{"type":"operationEnd","subtype":"render","operationId":"bf9p2a8lz0rokbu","timestamp":1751332254604,"id":"bg87qgfdw5r23w5","previousEventId":"07y7lba5b1flvpx","previousOperationId":"bsn2tcwc64thamf"}
{"type":"operationEnd","doDiffs":false,"previousEventId":"x8ija1xfk1g962w","previousOperationId":"da1l0i8xg59ct33","operationId":"da1l0i8xg59ct33","timestamp":1751332254608,"id":"nrt5rorvpp9ke66"}
