{"type":"operationStart","subtype":"profile","data":{"_id":"ZZp2XjP9Cnwueze9","timestamp":"2025-06-29T15:42:39.446Z","state":"queued","mode":"standard","creationDate":"2025-06-29T15:42:39.493Z","modificationDate":"2025-06-29T15:42:39.493Z","shortid":"PBpbilQ","$entitySet":"profiles"},"doDiffs":false,"timestamp":1751211759458,"id":"vhjus0pfqrqfxdm","previousOperationId":null,"operationId":"izq8q06an0159ao"}
{"type":"log","level":"info","message":"Render request 2 queued for execution and waiting for available worker","previousOperationId":"izq8q06an0159ao","timestamp":1751211759459,"id":"43voiqehl89lni5"}
{"type":"operationStart","subtype":"render","name":"Factura ACAUCAB","previousOperationId":"izq8q06an0159ao","timestamp":1751211759626,"id":"bn4dxgdsobhwcav","previousEventId":"vhjus0pfqrqfxdm","operationId":"630j4hsgk44o0az"}
{"type":"log","timestamp":1751211759639,"level":"info","message":"Starting rendering request 2","meta":{"rootId":"dvcldnrwmk93aod","id":"dvcldnrwmk93aod"},"id":"8kfhfb1hj2vqx4i","previousOperationId":"630j4hsgk44o0az"}
{"type":"log","timestamp":1751211759647,"level":"info","message":"Rendering template { name: Factura ACAUCAB, recipe: chrome-pdf, engine: handlebars, preview: false }","meta":{"rootId":"dvcldnrwmk93aod","id":"dvcldnrwmk93aod"},"id":"croygf9aurd59zq","previousOperationId":"630j4hsgk44o0az"}
{"type":"log","timestamp":1751211759649,"level":"debug","message":"Inline data specified.","meta":{"rootId":"dvcldnrwmk93aod","id":"dvcldnrwmk93aod"},"id":"3i5mhaxy194als4","previousOperationId":"630j4hsgk44o0az"}
{"type":"log","timestamp":1751211759667,"level":"debug","message":"Base url not specified, skipping its injection.","meta":{"rootId":"dvcldnrwmk93aod","id":"dvcldnrwmk93aod"},"id":"m8qwqfromgzeutp","previousOperationId":"630j4hsgk44o0az"}
{"type":"operationStart","subtype":"engine","name":"handlebars","timestamp":1751211759682,"id":"6u3kkfabsmq8dxj","previousEventId":"bn4dxgdsobhwcav","operationId":"ehsgrx99ap417hf","previousOperationId":"630j4hsgk44o0az"}
{"type":"log","timestamp":1751211759682,"level":"debug","message":"Rendering engine handlebars","meta":{"rootId":"dvcldnrwmk93aod","id":"dvcldnrwmk93aod"},"id":"oslxyvjw069g4mw","previousOperationId":"ehsgrx99ap417hf"}
{"type":"operationEnd","operationId":"ehsgrx99ap417hf","timestamp":1751211761057,"id":"zp78x7u163vohkc","previousEventId":"6u3kkfabsmq8dxj","previousOperationId":"ehsgrx99ap417hf"}
{"type":"operationStart","subtype":"recipe","name":"chrome-pdf","timestamp":1751211761058,"id":"xhr511hcigeqqow","previousEventId":"zp78x7u163vohkc","operationId":"dvnb24w15afc8g2","previousOperationId":"ehsgrx99ap417hf"}
{"type":"log","timestamp":1751211761058,"level":"debug","message":"Executing recipe chrome-pdf","meta":{"rootId":"dvcldnrwmk93aod","id":"dvcldnrwmk93aod"},"id":"ir0ijt9tcc0ald7","previousOperationId":"dvnb24w15afc8g2"}
{"type":"log","timestamp":1751211761815,"level":"debug","message":"Converting with chrome Chrome/136.0.7103.49 using chrome-pool strategy","meta":{"rootId":"dvcldnrwmk93aod","id":"dvcldnrwmk93aod"},"id":"mkbirnj2626fkvc","previousOperationId":"dvnb24w15afc8g2"}
{"type":"log","timestamp":1751211761929,"level":"debug","message":"Page request: GET (document) file:///C:/Users/josem/AppData/Local/Temp/jsreport/autocleanup/8e276f40-27f8-4355-ba34-5d0135a9dc3a-chrome-pdf.html","meta":{"rootId":"dvcldnrwmk93aod","id":"dvcldnrwmk93aod"},"id":"t3tojybgha5ywbk","previousOperationId":"dvnb24w15afc8g2"}
{"type":"log","timestamp":1751211761954,"level":"debug","message":"Page request finished: GET (document) 200 file:///C:/Users/josem/AppData/Local/Temp/jsreport/autocleanup/8e276f40-27f8-4355-ba34-5d0135a9dc3a-chrome-pdf.html","meta":{"rootId":"dvcldnrwmk93aod","id":"dvcldnrwmk93aod"},"id":"z3lvkpvkf5t22rr","previousOperationId":"dvnb24w15afc8g2"}
{"type":"log","timestamp":1751211761986,"level":"debug","message":"Running chrome with params {\"printBackground\":true,\"timeout\":58359,\"margin\":{}}","meta":{"rootId":"dvcldnrwmk93aod","id":"dvcldnrwmk93aod"},"id":"lhep7ae4vc591v9","previousOperationId":"dvnb24w15afc8g2"}
{"type":"operationEnd","operationId":"dvnb24w15afc8g2","timestamp":1751211762310,"id":"kihk9k2v4bkzcgz","previousEventId":"xhr511hcigeqqow","previousOperationId":"dvnb24w15afc8g2"}
{"type":"log","timestamp":1751211762311,"level":"debug","message":"Skipping storing report.","meta":{"rootId":"dvcldnrwmk93aod","id":"dvcldnrwmk93aod"},"id":"w4ktnaphobnhki7","previousOperationId":"dvnb24w15afc8g2"}
{"type":"log","timestamp":1751211762311,"level":"info","message":"Rendering request 2 finished in 2877 ms","meta":{"rootId":"dvcldnrwmk93aod","id":"dvcldnrwmk93aod"},"id":"ra9lwewlsa4snfs","previousOperationId":"dvnb24w15afc8g2"}
{"type":"operationEnd","subtype":"render","operationId":"630j4hsgk44o0az","timestamp":1751211762311,"id":"27y7kk8fd3sjxm9","previousEventId":"kihk9k2v4bkzcgz","previousOperationId":"dvnb24w15afc8g2"}
{"type":"operationEnd","doDiffs":false,"previousEventId":"vhjus0pfqrqfxdm","previousOperationId":"izq8q06an0159ao","operationId":"izq8q06an0159ao","timestamp":1751211762316,"id":"5zbnv7ntg9d910z"}
