{"type":"operationStart","subtype":"profile","data":{"_id":"o0NWJ0rCIqUwkV8I","timestamp":"2025-07-08T17:20:17.170Z","state":"queued","mode":"standard","creationDate":"2025-07-08T17:20:17.187Z","modificationDate":"2025-07-08T17:20:17.187Z","shortid":"U-_0T-t","$entitySet":"profiles"},"doDiffs":false,"timestamp":1751995217176,"id":"rlrla9552e7pu35","previousOperationId":null,"operationId":"mf58fmhylik2p6k"}
{"type":"log","level":"info","message":"Render request 1 queued for execution and waiting for available worker","previousOperationId":"mf58fmhylik2p6k","timestamp":1751995217176,"id":"h127ghqi8y1yfpm"}
{"type":"operationStart","subtype":"render","name":"Factura ACAUCAB","previousOperationId":"mf58fmhylik2p6k","timestamp":1751995217303,"id":"lk1u27p6s62eclr","previousEventId":"rlrla9552e7pu35","operationId":"ttgewhgetuuaadx"}
{"type":"log","timestamp":1751995217308,"level":"info","message":"Starting rendering request 1","meta":{"rootId":"gwar9vxfq7x8do7","id":"gwar9vxfq7x8do7"},"id":"3v5e3iw717ppn2b","previousOperationId":"ttgewhgetuuaadx"}
{"type":"log","timestamp":1751995217312,"level":"info","message":"Rendering template { name: Factura ACAUCAB, recipe: chrome-pdf, engine: handlebars, preview: false }","meta":{"rootId":"gwar9vxfq7x8do7","id":"gwar9vxfq7x8do7"},"id":"gb7s2p3yco553lu","previousOperationId":"ttgewhgetuuaadx"}
{"type":"log","timestamp":1751995217313,"level":"debug","message":"Inline data specified.","meta":{"rootId":"gwar9vxfq7x8do7","id":"gwar9vxfq7x8do7"},"id":"760c2394144cf79","previousOperationId":"ttgewhgetuuaadx"}
{"type":"log","timestamp":1751995217321,"level":"debug","message":"Base url not specified, skipping its injection.","meta":{"rootId":"gwar9vxfq7x8do7","id":"gwar9vxfq7x8do7"},"id":"rjeseqqhranyphe","previousOperationId":"ttgewhgetuuaadx"}
{"type":"operationStart","subtype":"engine","name":"handlebars","timestamp":1751995217328,"id":"rpd9qjh9bzkvmqa","previousEventId":"lk1u27p6s62eclr","operationId":"1kvin6z2xvkkx89","previousOperationId":"ttgewhgetuuaadx"}
{"type":"log","timestamp":1751995217328,"level":"debug","message":"Rendering engine handlebars","meta":{"rootId":"gwar9vxfq7x8do7","id":"gwar9vxfq7x8do7"},"id":"au283nil4s23oum","previousOperationId":"1kvin6z2xvkkx89"}
{"type":"operationEnd","operationId":"1kvin6z2xvkkx89","timestamp":1751995224313,"id":"6ufg83pluycq6se","previousEventId":"rpd9qjh9bzkvmqa","previousOperationId":"1kvin6z2xvkkx89"}
{"type":"operationStart","subtype":"recipe","name":"chrome-pdf","timestamp":1751995224313,"id":"cpt0ytz2dieznup","previousEventId":"6ufg83pluycq6se","operationId":"if4n3oiz54ct97b","previousOperationId":"1kvin6z2xvkkx89"}
{"type":"log","timestamp":1751995224314,"level":"debug","message":"Executing recipe chrome-pdf","meta":{"rootId":"gwar9vxfq7x8do7","id":"gwar9vxfq7x8do7"},"id":"xkbwv0eulmp8c72","previousOperationId":"if4n3oiz54ct97b"}
{"type":"log","timestamp":1751995228398,"level":"debug","message":"Converting with chrome Chrome/136.0.7103.49 using chrome-pool strategy","meta":{"rootId":"gwar9vxfq7x8do7","id":"gwar9vxfq7x8do7"},"id":"tj7q1tudqvm6ovc","previousOperationId":"if4n3oiz54ct97b"}
{"type":"log","timestamp":1751995228541,"level":"debug","message":"Page request: GET (document) file:///C:/Users/josem/AppData/Local/Temp/jsreport/autocleanup/c7dea430-2bd1-4135-97ad-0cc07ec7a35b-chrome-pdf.html","meta":{"rootId":"gwar9vxfq7x8do7","id":"gwar9vxfq7x8do7"},"id":"qiojdapcou3f5st","previousOperationId":"if4n3oiz54ct97b"}
{"type":"log","timestamp":1751995228573,"level":"debug","message":"Page request finished: GET (document) 200 file:///C:/Users/josem/AppData/Local/Temp/jsreport/autocleanup/c7dea430-2bd1-4135-97ad-0cc07ec7a35b-chrome-pdf.html","meta":{"rootId":"gwar9vxfq7x8do7","id":"gwar9vxfq7x8do7"},"id":"n2avqblfrrxidz1","previousOperationId":"if4n3oiz54ct97b"}
{"type":"log","timestamp":1751995228609,"level":"debug","message":"Running chrome with params {\"printBackground\":true,\"timeout\":52748,\"margin\":{}}","meta":{"rootId":"gwar9vxfq7x8do7","id":"gwar9vxfq7x8do7"},"id":"38gwpmge52djn9r","previousOperationId":"if4n3oiz54ct97b"}
{"type":"operationEnd","operationId":"if4n3oiz54ct97b","timestamp":1751995228929,"id":"y5qfyus2sy0uj42","previousEventId":"cpt0ytz2dieznup","previousOperationId":"if4n3oiz54ct97b"}
{"type":"log","timestamp":1751995228930,"level":"debug","message":"Skipping storing report.","meta":{"rootId":"gwar9vxfq7x8do7","id":"gwar9vxfq7x8do7"},"id":"4jigbnz1o93iim9","previousOperationId":"if4n3oiz54ct97b"}
{"type":"log","timestamp":1751995228930,"level":"info","message":"Rendering request 1 finished in 11766 ms","meta":{"rootId":"gwar9vxfq7x8do7","id":"gwar9vxfq7x8do7"},"id":"sbht1czirpj9nta","previousOperationId":"if4n3oiz54ct97b"}
{"type":"operationEnd","subtype":"render","operationId":"ttgewhgetuuaadx","timestamp":1751995228930,"id":"aezfx6g3lrp960s","previousEventId":"y5qfyus2sy0uj42","previousOperationId":"if4n3oiz54ct97b"}
{"type":"operationEnd","doDiffs":false,"previousEventId":"rlrla9552e7pu35","previousOperationId":"mf58fmhylik2p6k","operationId":"mf58fmhylik2p6k","timestamp":1751995228934,"id":"te9xy0sw8737ahp"}
