{"type":"operationStart","subtype":"profile","data":{"_id":"53M1LNo05d0jWkKu","timestamp":"2025-07-08T19:09:30.924Z","state":"queued","mode":"standard","creationDate":"2025-07-08T19:09:30.928Z","modificationDate":"2025-07-08T19:09:30.928Z","shortid":"wS9xQRb","$entitySet":"profiles"},"doDiffs":false,"timestamp":1752001770926,"id":"j4tt54khzw4mqle","previousOperationId":null,"operationId":"oa4gpdibv3lhvmp"}
{"type":"log","level":"info","message":"Render request 1 queued for execution and waiting for available worker","previousOperationId":"oa4gpdibv3lhvmp","timestamp":1752001770927,"id":"c3angs1rq8fknpl"}
{"type":"operationStart","subtype":"render","name":"Factura ACAUCAB","previousOperationId":"oa4gpdibv3lhvmp","timestamp":1752001770985,"id":"xidspntux9cjrr2","previousEventId":"j4tt54khzw4mqle","operationId":"l5ot77b0w48cnx0"}
{"type":"log","timestamp":1752001770987,"level":"info","message":"Starting rendering request 1","meta":{"rootId":"ja62rwa8yopmcog","id":"ja62rwa8yopmcog"},"id":"sfbtz1puhx8etiz","previousOperationId":"l5ot77b0w48cnx0"}
{"type":"log","timestamp":1752001770988,"level":"info","message":"Rendering template { name: Factura ACAUCAB, recipe: chrome-pdf, engine: handlebars, preview: false }","meta":{"rootId":"ja62rwa8yopmcog","id":"ja62rwa8yopmcog"},"id":"cgjw8qfpy3svvjj","previousOperationId":"l5ot77b0w48cnx0"}
{"type":"log","timestamp":1752001770988,"level":"debug","message":"Inline data specified.","meta":{"rootId":"ja62rwa8yopmcog","id":"ja62rwa8yopmcog"},"id":"6v2vlrsnycsty1t","previousOperationId":"l5ot77b0w48cnx0"}
{"type":"log","timestamp":1752001770992,"level":"debug","message":"Base url not specified, skipping its injection.","meta":{"rootId":"ja62rwa8yopmcog","id":"ja62rwa8yopmcog"},"id":"1x0f5p6kgiyziiy","previousOperationId":"l5ot77b0w48cnx0"}
{"type":"operationStart","subtype":"engine","name":"handlebars","timestamp":1752001770994,"id":"x5i3empd5bvzkte","previousEventId":"xidspntux9cjrr2","operationId":"rtu3yh3jaga6fu7","previousOperationId":"l5ot77b0w48cnx0"}
{"type":"log","timestamp":1752001770994,"level":"debug","message":"Rendering engine handlebars","meta":{"rootId":"ja62rwa8yopmcog","id":"ja62rwa8yopmcog"},"id":"0i7ahiw7shmmwxc","previousOperationId":"rtu3yh3jaga6fu7"}
{"type":"operationEnd","operationId":"rtu3yh3jaga6fu7","timestamp":1752001777564,"id":"ojqcbf466kir0tb","previousEventId":"x5i3empd5bvzkte","previousOperationId":"rtu3yh3jaga6fu7"}
{"type":"operationStart","subtype":"recipe","name":"chrome-pdf","timestamp":1752001777565,"id":"0yevn04hl26rhcr","previousEventId":"ojqcbf466kir0tb","operationId":"bk3vxri01zz059s","previousOperationId":"rtu3yh3jaga6fu7"}
{"type":"log","timestamp":1752001777565,"level":"debug","message":"Executing recipe chrome-pdf","meta":{"rootId":"ja62rwa8yopmcog","id":"ja62rwa8yopmcog"},"id":"rmc5rxpiz7odr1c","previousOperationId":"bk3vxri01zz059s"}
{"type":"log","timestamp":1752001781954,"level":"debug","message":"Converting with chrome Chrome/136.0.7103.49 using chrome-pool strategy","meta":{"rootId":"ja62rwa8yopmcog","id":"ja62rwa8yopmcog"},"id":"33s5w4fxi56bf46","previousOperationId":"bk3vxri01zz059s"}
{"type":"log","timestamp":1752001782109,"level":"debug","message":"Page request: GET (document) file:///C:/Users/josem/AppData/Local/Temp/jsreport/autocleanup/b0d0b23b-d304-48c7-bb87-ef70a75894b6-chrome-pdf.html","meta":{"rootId":"ja62rwa8yopmcog","id":"ja62rwa8yopmcog"},"id":"h5p5ssyz22e4nvs","previousOperationId":"bk3vxri01zz059s"}
{"type":"log","timestamp":1752001782143,"level":"debug","message":"Page request finished: GET (document) 200 file:///C:/Users/josem/AppData/Local/Temp/jsreport/autocleanup/b0d0b23b-d304-48c7-bb87-ef70a75894b6-chrome-pdf.html","meta":{"rootId":"ja62rwa8yopmcog","id":"ja62rwa8yopmcog"},"id":"nh65w25e53qsl4t","previousOperationId":"bk3vxri01zz059s"}
{"type":"log","timestamp":1752001782157,"level":"debug","message":"Running chrome with params {\"printBackground\":true,\"timeout\":53259,\"margin\":{}}","meta":{"rootId":"ja62rwa8yopmcog","id":"ja62rwa8yopmcog"},"id":"rnpxzwo024jvgl5","previousOperationId":"bk3vxri01zz059s"}
{"type":"operationEnd","operationId":"bk3vxri01zz059s","timestamp":1752001782448,"id":"j7h85iozrrrzr3m","previousEventId":"0yevn04hl26rhcr","previousOperationId":"bk3vxri01zz059s"}
{"type":"log","timestamp":1752001782449,"level":"debug","message":"Skipping storing report.","meta":{"rootId":"ja62rwa8yopmcog","id":"ja62rwa8yopmcog"},"id":"lcf83kj6bbhm33p","previousOperationId":"bk3vxri01zz059s"}
{"type":"log","timestamp":1752001782449,"level":"info","message":"Rendering request 1 finished in 11526 ms","meta":{"rootId":"ja62rwa8yopmcog","id":"ja62rwa8yopmcog"},"id":"qan7mc62i2dd7qe","previousOperationId":"bk3vxri01zz059s"}
{"type":"operationEnd","subtype":"render","operationId":"l5ot77b0w48cnx0","timestamp":1752001782449,"id":"nf22fi3yz8ovfe3","previousEventId":"j7h85iozrrrzr3m","previousOperationId":"bk3vxri01zz059s"}
{"type":"operationEnd","doDiffs":false,"previousEventId":"j4tt54khzw4mqle","previousOperationId":"oa4gpdibv3lhvmp","operationId":"oa4gpdibv3lhvmp","timestamp":1752001782452,"id":"njl7g6abk3hyuf3"}
