{"type":"operationStart","subtype":"profile","data":{"_id":"DIEjkj4YQQmGyGMM","timestamp":"2025-07-09T13:50:04.503Z","state":"queued","mode":"standard","creationDate":"2025-07-09T13:50:04.528Z","modificationDate":"2025-07-09T13:50:04.528Z","shortid":"A1cnhCC","$entitySet":"profiles"},"doDiffs":false,"timestamp":1752069004510,"id":"imtnb0waiwpmguq","previousOperationId":null,"operationId":"gi31stcj2j1rgc6"}
{"type":"log","level":"info","message":"Render request 2 queued for execution and waiting for available worker","previousOperationId":"gi31stcj2j1rgc6","timestamp":1752069004512,"id":"azle6pkps1kqlre"}
{"type":"operationStart","subtype":"render","name":"Factura ACAUCAB","previousOperationId":"gi31stcj2j1rgc6","timestamp":1752069004636,"id":"zi829vu47cy4nyd","previousEventId":"imtnb0waiwpmguq","operationId":"reufobxx0je43j0"}
{"type":"log","timestamp":1752069004645,"level":"info","message":"Starting rendering request 2","meta":{"rootId":"md4ccdbxtoipnny","id":"md4ccdbxtoipnny"},"id":"7s9w7obfd0p5wq9","previousOperationId":"reufobxx0je43j0"}
{"type":"log","timestamp":1752069004651,"level":"info","message":"Rendering template { name: Factura ACAUCAB, recipe: chrome-pdf, engine: handlebars, preview: false }","meta":{"rootId":"md4ccdbxtoipnny","id":"md4ccdbxtoipnny"},"id":"7ot3xj8tfjk6ayc","previousOperationId":"reufobxx0je43j0"}
{"type":"log","timestamp":1752069004653,"level":"debug","message":"Inline data specified.","meta":{"rootId":"md4ccdbxtoipnny","id":"md4ccdbxtoipnny"},"id":"fe79frjmqkcodqy","previousOperationId":"reufobxx0je43j0"}
{"type":"log","timestamp":1752069004672,"level":"debug","message":"Base url not specified, skipping its injection.","meta":{"rootId":"md4ccdbxtoipnny","id":"md4ccdbxtoipnny"},"id":"699nkkztx3wphel","previousOperationId":"reufobxx0je43j0"}
{"type":"operationStart","subtype":"engine","name":"handlebars","timestamp":1752069004686,"id":"l1a28ej6oquky9d","previousEventId":"zi829vu47cy4nyd","operationId":"nst0haccdqrrx0v","previousOperationId":"reufobxx0je43j0"}
{"type":"log","timestamp":1752069004686,"level":"debug","message":"Rendering engine handlebars","meta":{"rootId":"md4ccdbxtoipnny","id":"md4ccdbxtoipnny"},"id":"9am7y9kg08tkkth","previousOperationId":"nst0haccdqrrx0v"}
{"type":"operationEnd","operationId":"nst0haccdqrrx0v","timestamp":1752069011842,"id":"c201i47e5roxu24","previousEventId":"l1a28ej6oquky9d","previousOperationId":"nst0haccdqrrx0v"}
{"type":"operationStart","subtype":"recipe","name":"chrome-pdf","timestamp":1752069011844,"id":"5s4qpum21ghulvc","previousEventId":"c201i47e5roxu24","operationId":"x0b3h0mic3qkzoi","previousOperationId":"nst0haccdqrrx0v"}
{"type":"log","timestamp":1752069011844,"level":"debug","message":"Executing recipe chrome-pdf","meta":{"rootId":"md4ccdbxtoipnny","id":"md4ccdbxtoipnny"},"id":"bdr56xslkbobqlk","previousOperationId":"x0b3h0mic3qkzoi"}
{"type":"log","timestamp":1752069015725,"level":"debug","message":"Converting with chrome Chrome/136.0.7103.49 using chrome-pool strategy","meta":{"rootId":"md4ccdbxtoipnny","id":"md4ccdbxtoipnny"},"id":"q2bfj0yz1fk5n7g","previousOperationId":"x0b3h0mic3qkzoi"}
{"type":"log","timestamp":1752069015821,"level":"debug","message":"Page request: GET (document) file:///C:/Users/josem/AppData/Local/Temp/jsreport/autocleanup/946e3274-22c9-4504-bbeb-fa464a70a43a-chrome-pdf.html","meta":{"rootId":"md4ccdbxtoipnny","id":"md4ccdbxtoipnny"},"id":"l6dib2kqbfsef0a","previousOperationId":"x0b3h0mic3qkzoi"}
{"type":"log","timestamp":1752069015845,"level":"debug","message":"Page request finished: GET (document) 200 file:///C:/Users/josem/AppData/Local/Temp/jsreport/autocleanup/946e3274-22c9-4504-bbeb-fa464a70a43a-chrome-pdf.html","meta":{"rootId":"md4ccdbxtoipnny","id":"md4ccdbxtoipnny"},"id":"ozcb47t4d129qp3","previousOperationId":"x0b3h0mic3qkzoi"}
{"type":"log","timestamp":1752069015864,"level":"debug","message":"Running chrome with params {\"printBackground\":true,\"timeout\":52542,\"margin\":{}}","meta":{"rootId":"md4ccdbxtoipnny","id":"md4ccdbxtoipnny"},"id":"wdoc96h1yvbsjgi","previousOperationId":"x0b3h0mic3qkzoi"}
{"type":"operationEnd","operationId":"x0b3h0mic3qkzoi","timestamp":1752069016204,"id":"2bgk7wklslxzc6k","previousEventId":"5s4qpum21ghulvc","previousOperationId":"x0b3h0mic3qkzoi"}
{"type":"log","timestamp":1752069016205,"level":"debug","message":"Skipping storing report.","meta":{"rootId":"md4ccdbxtoipnny","id":"md4ccdbxtoipnny"},"id":"crggbqp82kb0nay","previousOperationId":"x0b3h0mic3qkzoi"}
{"type":"log","timestamp":1752069016205,"level":"info","message":"Rendering request 2 finished in 11715 ms","meta":{"rootId":"md4ccdbxtoipnny","id":"md4ccdbxtoipnny"},"id":"uzqh9fvr41bge3s","previousOperationId":"x0b3h0mic3qkzoi"}
{"type":"operationEnd","subtype":"render","operationId":"reufobxx0je43j0","timestamp":1752069016205,"id":"bu6d93dk1gv3eu0","previousEventId":"2bgk7wklslxzc6k","previousOperationId":"x0b3h0mic3qkzoi"}
{"type":"operationEnd","doDiffs":false,"previousEventId":"imtnb0waiwpmguq","previousOperationId":"gi31stcj2j1rgc6","operationId":"gi31stcj2j1rgc6","timestamp":1752069016209,"id":"y7qddeqn7zg4sdy"}
