{"type":"operationStart","subtype":"profile","data":{"_id":"2uQVhsZEffgUIBbp","timestamp":"2025-07-01T00:17:32.358Z","state":"queued","mode":"standard","creationDate":"2025-07-01T00:17:32.380Z","modificationDate":"2025-07-01T00:17:32.380Z","shortid":"7QrRqhc","$entitySet":"profiles"},"doDiffs":false,"timestamp":1751329052367,"id":"xjqh08s1dik6no4","previousOperationId":null,"operationId":"52qkknlpi9831gj"}
{"type":"log","level":"info","message":"Render request 2 queued for execution and waiting for available worker","previousOperationId":"52qkknlpi9831gj","timestamp":1751329052367,"id":"o8xcqwklr817lkg"}
{"type":"operationStart","subtype":"render","name":"Factura ACAUCAB","previousOperationId":"52qkknlpi9831gj","timestamp":1751329052461,"id":"ydcq1z0uw1myp5f","previousEventId":"xjqh08s1dik6no4","operationId":"o8bwgawhbsmz0bz"}
{"type":"log","timestamp":1751329052467,"level":"info","message":"Starting rendering request 2","meta":{"rootId":"qr1acsr2y9jto5c","id":"qr1acsr2y9jto5c"},"id":"jmj3wa4m2vzw46r","previousOperationId":"o8bwgawhbsmz0bz"}
{"type":"log","timestamp":1751329052471,"level":"info","message":"Rendering template { name: Factura ACAUCAB, recipe: chrome-pdf, engine: handlebars, preview: false }","meta":{"rootId":"qr1acsr2y9jto5c","id":"qr1acsr2y9jto5c"},"id":"hzci4p70z7metmz","previousOperationId":"o8bwgawhbsmz0bz"}
{"type":"log","timestamp":1751329052473,"level":"debug","message":"Inline data specified.","meta":{"rootId":"qr1acsr2y9jto5c","id":"qr1acsr2y9jto5c"},"id":"qteemc4nqb9sx2x","previousOperationId":"o8bwgawhbsmz0bz"}
{"type":"log","timestamp":1751329052482,"level":"debug","message":"Base url not specified, skipping its injection.","meta":{"rootId":"qr1acsr2y9jto5c","id":"qr1acsr2y9jto5c"},"id":"npi49xxc5z1cyw2","previousOperationId":"o8bwgawhbsmz0bz"}
{"type":"operationStart","subtype":"engine","name":"handlebars","timestamp":1751329052491,"id":"51j1xy2yxmajs4w","previousEventId":"ydcq1z0uw1myp5f","operationId":"8vm5d1d0lqzh7bw","previousOperationId":"o8bwgawhbsmz0bz"}
{"type":"log","timestamp":1751329052491,"level":"debug","message":"Rendering engine handlebars","meta":{"rootId":"qr1acsr2y9jto5c","id":"qr1acsr2y9jto5c"},"id":"0kcda51kb8x6h0f","previousOperationId":"8vm5d1d0lqzh7bw"}
{"type":"operationEnd","operationId":"8vm5d1d0lqzh7bw","timestamp":1751329053607,"id":"9wl8ytkj8duajyw","previousEventId":"51j1xy2yxmajs4w","previousOperationId":"8vm5d1d0lqzh7bw"}
{"type":"operationStart","subtype":"recipe","name":"chrome-pdf","timestamp":1751329053608,"id":"3m3iq4f7onwwbts","previousEventId":"9wl8ytkj8duajyw","operationId":"zr506pleibp4yg2","previousOperationId":"8vm5d1d0lqzh7bw"}
{"type":"log","timestamp":1751329053608,"level":"debug","message":"Executing recipe chrome-pdf","meta":{"rootId":"qr1acsr2y9jto5c","id":"qr1acsr2y9jto5c"},"id":"qq8pj2cw0uzjdxm","previousOperationId":"zr506pleibp4yg2"}
{"type":"log","timestamp":1751329054707,"level":"debug","message":"Converting with chrome Chrome/136.0.7103.49 using chrome-pool strategy","meta":{"rootId":"qr1acsr2y9jto5c","id":"qr1acsr2y9jto5c"},"id":"bo48u8khtckwg8o","previousOperationId":"zr506pleibp4yg2"}
{"type":"log","timestamp":1751329054943,"level":"debug","message":"Page request: GET (document) file:///C:/Users/josem/AppData/Local/Temp/jsreport/autocleanup/491aaee3-6b75-4dff-83a7-62d2f8572429-chrome-pdf.html","meta":{"rootId":"qr1acsr2y9jto5c","id":"qr1acsr2y9jto5c"},"id":"6hmys3no4oxh74d","previousOperationId":"zr506pleibp4yg2"}
{"type":"log","timestamp":1751329054970,"level":"debug","message":"Page request finished: GET (document) 200 file:///C:/Users/josem/AppData/Local/Temp/jsreport/autocleanup/491aaee3-6b75-4dff-83a7-62d2f8572429-chrome-pdf.html","meta":{"rootId":"qr1acsr2y9jto5c","id":"qr1acsr2y9jto5c"},"id":"yv8p2id77ab2ou7","previousOperationId":"zr506pleibp4yg2"}
{"type":"log","timestamp":1751329054992,"level":"debug","message":"Running chrome with params {\"printBackground\":true,\"timeout\":58728,\"margin\":{}}","meta":{"rootId":"qr1acsr2y9jto5c","id":"qr1acsr2y9jto5c"},"id":"i82j8xb9fh6itg3","previousOperationId":"zr506pleibp4yg2"}
{"type":"operationEnd","operationId":"zr506pleibp4yg2","timestamp":1751329055492,"id":"epz6hmy43xmhydp","previousEventId":"3m3iq4f7onwwbts","previousOperationId":"zr506pleibp4yg2"}
{"type":"log","timestamp":1751329055499,"level":"debug","message":"Skipping storing report.","meta":{"rootId":"qr1acsr2y9jto5c","id":"qr1acsr2y9jto5c"},"id":"25y8xn8k2sg2udi","previousOperationId":"zr506pleibp4yg2"}
{"type":"log","timestamp":1751329055499,"level":"info","message":"Rendering request 2 finished in 3147 ms","meta":{"rootId":"qr1acsr2y9jto5c","id":"qr1acsr2y9jto5c"},"id":"x585smjnc8kkqd5","previousOperationId":"zr506pleibp4yg2"}
{"type":"operationEnd","subtype":"render","operationId":"o8bwgawhbsmz0bz","timestamp":1751329055503,"id":"djpdki4xqwloz9u","previousEventId":"epz6hmy43xmhydp","previousOperationId":"zr506pleibp4yg2"}
{"type":"operationEnd","doDiffs":false,"previousEventId":"xjqh08s1dik6no4","previousOperationId":"52qkknlpi9831gj","operationId":"52qkknlpi9831gj","timestamp":1751329055523,"id":"mvhkuqqq904k68k"}
