{"type":"operationStart","subtype":"profile","data":{"_id":"ixCSA9oR0NUcWxp4","timestamp":"2025-06-29T15:47:14.651Z","state":"queued","mode":"standard","creationDate":"2025-06-29T15:47:14.671Z","modificationDate":"2025-06-29T15:47:14.671Z","shortid":"pLB-N-6","$entitySet":"profiles"},"doDiffs":false,"timestamp":1751212034657,"id":"2l9dl6ybbuzzsng","previousOperationId":null,"operationId":"szw0hmsst0p65i6"}
{"type":"log","level":"info","message":"Render request 3 queued for execution and waiting for available worker","previousOperationId":"szw0hmsst0p65i6","timestamp":1751212034657,"id":"l0tyucq1ddtztu8"}
{"type":"operationStart","subtype":"render","name":"Factura ACAUCAB","previousOperationId":"szw0hmsst0p65i6","timestamp":1751212034796,"id":"0wpgkternji5sh0","previousEventId":"2l9dl6ybbuzzsng","operationId":"hjmmkuwoofxsxmz"}
{"type":"log","timestamp":1751212034802,"level":"info","message":"Starting rendering request 3","meta":{"rootId":"rayqambmjexvmqn","id":"rayqambmjexvmqn"},"id":"hc847641z1975qb","previousOperationId":"hjmmkuwoofxsxmz"}
{"type":"log","timestamp":1751212034809,"level":"info","message":"Rendering template { name: Factura ACAUCAB, recipe: chrome-pdf, engine: handlebars, preview: false }","meta":{"rootId":"rayqambmjexvmqn","id":"rayqambmjexvmqn"},"id":"z5d1j6z23vet3kl","previousOperationId":"hjmmkuwoofxsxmz"}
{"type":"log","timestamp":1751212034810,"level":"debug","message":"Inline data specified.","meta":{"rootId":"rayqambmjexvmqn","id":"rayqambmjexvmqn"},"id":"yf117b7n5a5xhb3","previousOperationId":"hjmmkuwoofxsxmz"}
{"type":"log","timestamp":1751212034819,"level":"debug","message":"Base url not specified, skipping its injection.","meta":{"rootId":"rayqambmjexvmqn","id":"rayqambmjexvmqn"},"id":"0hb45y14iy53bv4","previousOperationId":"hjmmkuwoofxsxmz"}
{"type":"operationStart","subtype":"engine","name":"handlebars","timestamp":1751212034829,"id":"dqrxz8gr2enrj2d","previousEventId":"0wpgkternji5sh0","operationId":"mlm1rwcdf1hf9u1","previousOperationId":"hjmmkuwoofxsxmz"}
{"type":"log","timestamp":1751212034829,"level":"debug","message":"Rendering engine handlebars","meta":{"rootId":"rayqambmjexvmqn","id":"rayqambmjexvmqn"},"id":"514vsdz57odw5az","previousOperationId":"mlm1rwcdf1hf9u1"}
{"type":"operationEnd","operationId":"mlm1rwcdf1hf9u1","timestamp":1751212034943,"id":"sxspauwf3ja03ul","previousEventId":"dqrxz8gr2enrj2d","previousOperationId":"mlm1rwcdf1hf9u1"}
{"type":"operationStart","subtype":"recipe","name":"chrome-pdf","timestamp":1751212034946,"id":"bnh18qubbzpdcfw","previousEventId":"sxspauwf3ja03ul","operationId":"14z68jzqef288ty","previousOperationId":"mlm1rwcdf1hf9u1"}
{"type":"log","timestamp":1751212034946,"level":"debug","message":"Executing recipe chrome-pdf","meta":{"rootId":"rayqambmjexvmqn","id":"rayqambmjexvmqn"},"id":"9702wlc7m5uwofq","previousOperationId":"14z68jzqef288ty"}
{"type":"log","timestamp":1751212035010,"level":"debug","message":"Converting with chrome Chrome/136.0.7103.49 using chrome-pool strategy","meta":{"rootId":"rayqambmjexvmqn","id":"rayqambmjexvmqn"},"id":"u2awu0uq37ck3wy","previousOperationId":"14z68jzqef288ty"}
{"type":"log","timestamp":1751212035665,"level":"debug","message":"Page request: GET (document) file:///C:/Users/josem/AppData/Local/Temp/jsreport/autocleanup/49b60724-46d3-4936-8ee1-bd4b978d98d5-chrome-pdf.html","meta":{"rootId":"rayqambmjexvmqn","id":"rayqambmjexvmqn"},"id":"ct4fn15l5jf0101","previousOperationId":"14z68jzqef288ty"}
{"type":"log","timestamp":1751212035732,"level":"debug","message":"Page request finished: GET (document) 200 file:///C:/Users/josem/AppData/Local/Temp/jsreport/autocleanup/49b60724-46d3-4936-8ee1-bd4b978d98d5-chrome-pdf.html","meta":{"rootId":"rayqambmjexvmqn","id":"rayqambmjexvmqn"},"id":"xm0m7k4ry28gdgw","previousOperationId":"14z68jzqef288ty"}
{"type":"log","timestamp":1751212035790,"level":"debug","message":"Running chrome with params {\"printBackground\":true,\"timeout\":59682,\"margin\":{}}","meta":{"rootId":"rayqambmjexvmqn","id":"rayqambmjexvmqn"},"id":"8jumxksbazmo1yx","previousOperationId":"14z68jzqef288ty"}
{"type":"operationEnd","operationId":"14z68jzqef288ty","timestamp":1751212036184,"id":"g1fbwfxmza2fma3","previousEventId":"bnh18qubbzpdcfw","previousOperationId":"14z68jzqef288ty"}
{"type":"log","timestamp":1751212036185,"level":"debug","message":"Skipping storing report.","meta":{"rootId":"rayqambmjexvmqn","id":"rayqambmjexvmqn"},"id":"q4re6lh8x5eltan","previousOperationId":"14z68jzqef288ty"}
{"type":"log","timestamp":1751212036185,"level":"info","message":"Rendering request 3 finished in 1543 ms","meta":{"rootId":"rayqambmjexvmqn","id":"rayqambmjexvmqn"},"id":"3pcz9rdh5eeiyuu","previousOperationId":"14z68jzqef288ty"}
{"type":"operationEnd","subtype":"render","operationId":"hjmmkuwoofxsxmz","timestamp":1751212036185,"id":"xbxiwgeb333uzaa","previousEventId":"g1fbwfxmza2fma3","previousOperationId":"14z68jzqef288ty"}
{"type":"operationEnd","doDiffs":false,"previousEventId":"2l9dl6ybbuzzsng","previousOperationId":"szw0hmsst0p65i6","operationId":"szw0hmsst0p65i6","timestamp":1751212036188,"id":"b7pfpokpddqv9ib"}
