{"type":"operationStart","subtype":"profile","data":{"_id":"19F2bkmr3CSsfnlv","timestamp":"2025-06-29T15:10:39.851Z","state":"queued","mode":"standard","creationDate":"2025-06-29T15:10:39.855Z","modificationDate":"2025-06-29T15:10:39.855Z","shortid":"wFhnys7","$entitySet":"profiles"},"doDiffs":false,"timestamp":1751209839852,"id":"mm342upc7zzgelw","previousOperationId":null,"operationId":"g3jtygo2herc7f3"}
{"type":"log","level":"info","message":"Render request 1 queued for execution and waiting for available worker","previousOperationId":"g3jtygo2herc7f3","timestamp":1751209839853,"id":"eylb4owvw1myh1b"}
{"type":"operationStart","subtype":"render","name":"Factura ACAUCAB","previousOperationId":"g3jtygo2herc7f3","timestamp":1751209839906,"id":"t5jzv8lk4vgejwu","previousEventId":"mm342upc7zzgelw","operationId":"uvclbc9ewlsbz30"}
{"type":"log","timestamp":1751209839906,"level":"info","message":"Starting rendering request 1","meta":{"rootId":"uogta5m8x9o9z1o","id":"uogta5m8x9o9z1o"},"id":"h8zip3bv4ym5s0q","previousOperationId":"uvclbc9ewlsbz30"}
{"type":"log","timestamp":1751209839907,"level":"info","message":"Rendering template { name: Factura ACAUCAB, recipe: chrome-pdf, engine: handlebars, preview: false }","meta":{"rootId":"uogta5m8x9o9z1o","id":"uogta5m8x9o9z1o"},"id":"x17wzw7ioub2ydc","previousOperationId":"uvclbc9ewlsbz30"}
{"type":"log","timestamp":1751209839908,"level":"debug","message":"Inline data specified.","meta":{"rootId":"uogta5m8x9o9z1o","id":"uogta5m8x9o9z1o"},"id":"6bsby6sioxn158z","previousOperationId":"uvclbc9ewlsbz30"}
{"type":"log","timestamp":1751209839913,"level":"debug","message":"Base url not specified, skipping its injection.","meta":{"rootId":"uogta5m8x9o9z1o","id":"uogta5m8x9o9z1o"},"id":"fdicfdd8ewn5w3s","previousOperationId":"uvclbc9ewlsbz30"}
{"type":"operationStart","subtype":"engine","name":"handlebars","timestamp":1751209839915,"id":"580x1ij8pvgt2mc","previousEventId":"t5jzv8lk4vgejwu","operationId":"je72dinxl3j6t6u","previousOperationId":"uvclbc9ewlsbz30"}
{"type":"log","timestamp":1751209839915,"level":"debug","message":"Rendering engine handlebars","meta":{"rootId":"uogta5m8x9o9z1o","id":"uogta5m8x9o9z1o"},"id":"f7il1jav62n1njx","previousOperationId":"je72dinxl3j6t6u"}
{"type":"operationEnd","operationId":"je72dinxl3j6t6u","timestamp":1751209846996,"id":"4n7pgk3hozwhxcq","previousEventId":"580x1ij8pvgt2mc","previousOperationId":"je72dinxl3j6t6u"}
{"type":"operationStart","subtype":"recipe","name":"chrome-pdf","timestamp":1751209846998,"id":"08hhirn1jnx1zdb","previousEventId":"4n7pgk3hozwhxcq","operationId":"5y5i91dgfek5mih","previousOperationId":"je72dinxl3j6t6u"}
{"type":"log","timestamp":1751209846998,"level":"debug","message":"Executing recipe chrome-pdf","meta":{"rootId":"uogta5m8x9o9z1o","id":"uogta5m8x9o9z1o"},"id":"fhilur2g2u7minq","previousOperationId":"5y5i91dgfek5mih"}
{"type":"log","timestamp":1751209851106,"level":"debug","message":"Converting with chrome Chrome/136.0.7103.49 using chrome-pool strategy","meta":{"rootId":"uogta5m8x9o9z1o","id":"uogta5m8x9o9z1o"},"id":"ozdepzjdeat29zm","previousOperationId":"5y5i91dgfek5mih"}
{"type":"log","timestamp":1751209851226,"level":"debug","message":"Page request: GET (document) file:///C:/Users/josem/AppData/Local/Temp/jsreport/autocleanup/fc94ab0b-c838-4099-a3f7-a35a6af88241-chrome-pdf.html","meta":{"rootId":"uogta5m8x9o9z1o","id":"uogta5m8x9o9z1o"},"id":"vw5efiz661a8z9r","previousOperationId":"5y5i91dgfek5mih"}
{"type":"log","timestamp":1751209851248,"level":"debug","message":"Page request finished: GET (document) 200 file:///C:/Users/josem/AppData/Local/Temp/jsreport/autocleanup/fc94ab0b-c838-4099-a3f7-a35a6af88241-chrome-pdf.html","meta":{"rootId":"uogta5m8x9o9z1o","id":"uogta5m8x9o9z1o"},"id":"lp1wlqahpesiwqz","previousOperationId":"5y5i91dgfek5mih"}
{"type":"log","timestamp":1751209851264,"level":"debug","message":"Running chrome with params {\"printBackground\":true,\"timeout\":52743,\"margin\":{}}","meta":{"rootId":"uogta5m8x9o9z1o","id":"uogta5m8x9o9z1o"},"id":"pxkcltayv0jgint","previousOperationId":"5y5i91dgfek5mih"}
{"type":"operationEnd","operationId":"5y5i91dgfek5mih","timestamp":1751209851585,"id":"9cxa5hrf6qqt4ku","previousEventId":"08hhirn1jnx1zdb","previousOperationId":"5y5i91dgfek5mih"}
{"type":"log","timestamp":1751209851586,"level":"debug","message":"Skipping storing report.","meta":{"rootId":"uogta5m8x9o9z1o","id":"uogta5m8x9o9z1o"},"id":"qwp2nwfw10xejui","previousOperationId":"5y5i91dgfek5mih"}
{"type":"log","timestamp":1751209851586,"level":"info","message":"Rendering request 1 finished in 11737 ms","meta":{"rootId":"uogta5m8x9o9z1o","id":"uogta5m8x9o9z1o"},"id":"d0zzh3wshgyacpr","previousOperationId":"5y5i91dgfek5mih"}
{"type":"operationEnd","subtype":"render","operationId":"uvclbc9ewlsbz30","timestamp":1751209851587,"id":"7t6sk4xr5c3r7vd","previousEventId":"9cxa5hrf6qqt4ku","previousOperationId":"5y5i91dgfek5mih"}
{"type":"operationEnd","doDiffs":false,"previousEventId":"mm342upc7zzgelw","previousOperationId":"g3jtygo2herc7f3","operationId":"g3jtygo2herc7f3","timestamp":1751209851591,"id":"pgpo0289jnsp8x7"}
