{"type":"operationStart","subtype":"profile","data":{"_id":"sA9wJKrb6Y9Bjo7c","timestamp":"2025-07-05T20:56:08.923Z","state":"queued","mode":"standard","creationDate":"2025-07-05T20:56:08.927Z","modificationDate":"2025-07-05T20:56:08.927Z","shortid":"_4YJCWV","$entitySet":"profiles"},"doDiffs":false,"timestamp":1751748968925,"id":"m4itw80mofb5sd2","previousOperationId":null,"operationId":"hfzaw6bcteaodv3"}
{"type":"log","level":"info","message":"Render request 1 queued for execution and waiting for available worker","previousOperationId":"hfzaw6bcteaodv3","timestamp":1751748968926,"id":"d7x6ckj3w954s09"}
{"type":"operationStart","subtype":"render","name":"Factura ACAUCAB","previousOperationId":"hfzaw6bcteaodv3","timestamp":1751748968977,"id":"tf44ny1v3ggd60r","previousEventId":"m4itw80mofb5sd2","operationId":"e1cskgdxh6mypvh"}
{"type":"log","timestamp":1751748968978,"level":"info","message":"Starting rendering request 1","meta":{"rootId":"wv5npnmeo6c269g","id":"wv5npnmeo6c269g"},"id":"nkwjvoizujjxjux","previousOperationId":"e1cskgdxh6mypvh"}
{"type":"log","timestamp":1751748968979,"level":"info","message":"Rendering template { name: Factura ACAUCAB, recipe: chrome-pdf, engine: handlebars, preview: false }","meta":{"rootId":"wv5npnmeo6c269g","id":"wv5npnmeo6c269g"},"id":"vidmw620tjqmnnw","previousOperationId":"e1cskgdxh6mypvh"}
{"type":"log","timestamp":1751748968980,"level":"debug","message":"Inline data specified.","meta":{"rootId":"wv5npnmeo6c269g","id":"wv5npnmeo6c269g"},"id":"kpmfjfnh1t469yn","previousOperationId":"e1cskgdxh6mypvh"}
{"type":"log","timestamp":1751748968984,"level":"debug","message":"Base url not specified, skipping its injection.","meta":{"rootId":"wv5npnmeo6c269g","id":"wv5npnmeo6c269g"},"id":"vhuqp14ce5y5fj9","previousOperationId":"e1cskgdxh6mypvh"}
{"type":"operationStart","subtype":"engine","name":"handlebars","timestamp":1751748968988,"id":"nqxqfl9aij336ml","previousEventId":"tf44ny1v3ggd60r","operationId":"2tt36m0qbyo22l2","previousOperationId":"e1cskgdxh6mypvh"}
{"type":"log","timestamp":1751748968988,"level":"debug","message":"Rendering engine handlebars","meta":{"rootId":"wv5npnmeo6c269g","id":"wv5npnmeo6c269g"},"id":"4o60y2tl8c9f75d","previousOperationId":"2tt36m0qbyo22l2"}
{"type":"operationEnd","operationId":"2tt36m0qbyo22l2","timestamp":1751748975140,"id":"a16fllj2tat53i9","previousEventId":"nqxqfl9aij336ml","previousOperationId":"2tt36m0qbyo22l2"}
{"type":"operationStart","subtype":"recipe","name":"chrome-pdf","timestamp":1751748975141,"id":"ukoz3mx0qqja0rx","previousEventId":"a16fllj2tat53i9","operationId":"bbms2vai47w0vyv","previousOperationId":"2tt36m0qbyo22l2"}
{"type":"log","timestamp":1751748975141,"level":"debug","message":"Executing recipe chrome-pdf","meta":{"rootId":"wv5npnmeo6c269g","id":"wv5npnmeo6c269g"},"id":"t6z11jxxxa7ah67","previousOperationId":"bbms2vai47w0vyv"}
{"type":"log","timestamp":1751748983619,"level":"debug","message":"Converting with chrome Chrome/136.0.7103.49 using chrome-pool strategy","meta":{"rootId":"wv5npnmeo6c269g","id":"wv5npnmeo6c269g"},"id":"ayvxm46kzr3im85","previousOperationId":"bbms2vai47w0vyv"}
{"type":"log","timestamp":1751748983757,"level":"debug","message":"Page request: GET (document) file:///C:/Users/josem/AppData/Local/Temp/jsreport/autocleanup/2bbd1996-fd2a-4e03-9a3d-1e0577005445-chrome-pdf.html","meta":{"rootId":"wv5npnmeo6c269g","id":"wv5npnmeo6c269g"},"id":"cd4hvqt08xnxmoc","previousOperationId":"bbms2vai47w0vyv"}
{"type":"log","timestamp":1751748983788,"level":"debug","message":"Page request finished: GET (document) 200 file:///C:/Users/josem/AppData/Local/Temp/jsreport/autocleanup/2bbd1996-fd2a-4e03-9a3d-1e0577005445-chrome-pdf.html","meta":{"rootId":"wv5npnmeo6c269g","id":"wv5npnmeo6c269g"},"id":"qmc23on7hjm3k5g","previousOperationId":"bbms2vai47w0vyv"}
{"type":"log","timestamp":1751748983822,"level":"debug","message":"Running chrome with params {\"printBackground\":true,\"timeout\":53703,\"margin\":{}}","meta":{"rootId":"wv5npnmeo6c269g","id":"wv5npnmeo6c269g"},"id":"rmr395axflch1vt","previousOperationId":"bbms2vai47w0vyv"}
{"type":"operationEnd","operationId":"bbms2vai47w0vyv","timestamp":1751748984123,"id":"9u05a4xiqrbatg6","previousEventId":"ukoz3mx0qqja0rx","previousOperationId":"bbms2vai47w0vyv"}
{"type":"log","timestamp":1751748984124,"level":"debug","message":"Skipping storing report.","meta":{"rootId":"wv5npnmeo6c269g","id":"wv5npnmeo6c269g"},"id":"br19it4kihyrld6","previousOperationId":"bbms2vai47w0vyv"}
{"type":"log","timestamp":1751748984124,"level":"info","message":"Rendering request 1 finished in 15203 ms","meta":{"rootId":"wv5npnmeo6c269g","id":"wv5npnmeo6c269g"},"id":"10jpap1z4dsd96o","previousOperationId":"bbms2vai47w0vyv"}
{"type":"operationEnd","subtype":"render","operationId":"e1cskgdxh6mypvh","timestamp":1751748984124,"id":"yhna8b29hcq7l3t","previousEventId":"9u05a4xiqrbatg6","previousOperationId":"bbms2vai47w0vyv"}
{"type":"operationEnd","doDiffs":false,"previousEventId":"m4itw80mofb5sd2","previousOperationId":"hfzaw6bcteaodv3","operationId":"hfzaw6bcteaodv3","timestamp":1751748984128,"id":"a76d69v5ljfixv8"}
