{"type":"operationStart","subtype":"profile","data":{"_id":"N1hM70v6yOktRpU3","timestamp":"2025-06-25T23:12:37.439Z","state":"queued","mode":"standard","creationDate":"2025-06-25T23:12:37.461Z","modificationDate":"2025-06-25T23:12:37.461Z","shortid":"eXhrLZd","$entitySet":"profiles"},"doDiffs":false,"timestamp":1750893157449,"id":"g5rzi469jdykek5","previousOperationId":null,"operationId":"cn7qi8uynx47e21"}
{"type":"log","level":"info","message":"Render request 17 queued for execution and waiting for available worker","previousOperationId":"cn7qi8uynx47e21","timestamp":1750893157450,"id":"k6knspf823iy8sm"}
{"type":"operationStart","subtype":"render","name":"productosMasVendidos","previousOperationId":"cn7qi8uynx47e21","timestamp":1750893157549,"id":"kbzku47idkggxqb","previousEventId":"g5rzi469jdykek5","operationId":"786e92c1v9alyeb"}
{"type":"log","timestamp":1750893157553,"level":"info","message":"Starting rendering request 17","meta":{"rootId":"2s70niu2mw6k9eu","id":"2s70niu2mw6k9eu"},"id":"4i48cgjjw2yvx7e","previousOperationId":"786e92c1v9alyeb"}
{"type":"log","timestamp":1750893157558,"level":"info","message":"Rendering template { name: productosMasVendidos, recipe: chrome-pdf, engine: jsrender, preview: false }","meta":{"rootId":"2s70niu2mw6k9eu","id":"2s70niu2mw6k9eu"},"id":"4xql30i0g0y2tq0","previousOperationId":"786e92c1v9alyeb"}
{"type":"log","timestamp":1750893157558,"level":"debug","message":"Inline data specified.","meta":{"rootId":"2s70niu2mw6k9eu","id":"2s70niu2mw6k9eu"},"id":"wp0vwohfs1yem82","previousOperationId":"786e92c1v9alyeb"}
{"type":"log","timestamp":1750893157571,"level":"debug","message":"Base url not specified, skipping its injection.","meta":{"rootId":"2s70niu2mw6k9eu","id":"2s70niu2mw6k9eu"},"id":"d2d1pvzpp3itays","previousOperationId":"786e92c1v9alyeb"}
{"type":"operationStart","subtype":"engine","name":"jsrender","timestamp":1750893157578,"id":"fotah3mz3bui5l7","previousEventId":"kbzku47idkggxqb","operationId":"jyhawi43tq1ypte","previousOperationId":"786e92c1v9alyeb"}
{"type":"log","timestamp":1750893157578,"level":"debug","message":"Rendering engine jsrender","meta":{"rootId":"2s70niu2mw6k9eu","id":"2s70niu2mw6k9eu"},"id":"ak1cje7mbl4441g","previousOperationId":"jyhawi43tq1ypte"}
{"type":"operationEnd","operationId":"jyhawi43tq1ypte","timestamp":1750893157636,"id":"vt6subpzdmoy0je","previousEventId":"fotah3mz3bui5l7","previousOperationId":"jyhawi43tq1ypte"}
{"type":"operationStart","subtype":"recipe","name":"chrome-pdf","timestamp":1750893157637,"id":"k7p08bfdpdcfzwo","previousEventId":"vt6subpzdmoy0je","operationId":"hs1kfjhnmgsxuu6","previousOperationId":"jyhawi43tq1ypte"}
{"type":"log","timestamp":1750893157637,"level":"debug","message":"Executing recipe chrome-pdf","meta":{"rootId":"2s70niu2mw6k9eu","id":"2s70niu2mw6k9eu"},"id":"80at3lk4xp14jaw","previousOperationId":"hs1kfjhnmgsxuu6"}
{"type":"log","timestamp":1750893161295,"level":"debug","message":"Converting with chrome Chrome/136.0.7103.49 using chrome-pool strategy","meta":{"rootId":"2s70niu2mw6k9eu","id":"2s70niu2mw6k9eu"},"id":"dizccrq1iab8uwc","previousOperationId":"hs1kfjhnmgsxuu6"}
{"type":"log","timestamp":1750893161434,"level":"debug","message":"Page request: GET (document) file:///C:/Users/josem/AppData/Local/Temp/jsreport/autocleanup/e71669db-1e92-4e09-b0a4-ac56e14faa54-chrome-pdf.html","meta":{"rootId":"2s70niu2mw6k9eu","id":"2s70niu2mw6k9eu"},"id":"zerw4kspo547uk4","previousOperationId":"hs1kfjhnmgsxuu6"}
{"type":"log","timestamp":1750893161455,"level":"debug","message":"Page request finished: GET (document) 200 file:///C:/Users/josem/AppData/Local/Temp/jsreport/autocleanup/e71669db-1e92-4e09-b0a4-ac56e14faa54-chrome-pdf.html","meta":{"rootId":"2s70niu2mw6k9eu","id":"2s70niu2mw6k9eu"},"id":"b0qrkxk7erkv6ad","previousOperationId":"hs1kfjhnmgsxuu6"}
{"type":"log","timestamp":1750893161485,"level":"debug","message":"Running chrome with params {\"printBackground\":true,\"timeout\":59781,\"margin\":{}}","meta":{"rootId":"2s70niu2mw6k9eu","id":"2s70niu2mw6k9eu"},"id":"oi010wmm3la56j7","previousOperationId":"hs1kfjhnmgsxuu6"}
{"type":"operationEnd","operationId":"hs1kfjhnmgsxuu6","timestamp":1750893161862,"id":"3fukdaz5uhi3i12","previousEventId":"k7p08bfdpdcfzwo","previousOperationId":"hs1kfjhnmgsxuu6"}
{"type":"log","timestamp":1750893161863,"level":"debug","message":"Skipping storing report.","meta":{"rootId":"2s70niu2mw6k9eu","id":"2s70niu2mw6k9eu"},"id":"8yyoweu5snaiepm","previousOperationId":"hs1kfjhnmgsxuu6"}
{"type":"log","timestamp":1750893161863,"level":"info","message":"Rendering request 17 finished in 4433 ms","meta":{"rootId":"2s70niu2mw6k9eu","id":"2s70niu2mw6k9eu"},"id":"22vv7b5pe769fra","previousOperationId":"hs1kfjhnmgsxuu6"}
{"type":"operationEnd","subtype":"render","operationId":"786e92c1v9alyeb","timestamp":1750893161863,"id":"lxs9a9ba3walem0","previousEventId":"3fukdaz5uhi3i12","previousOperationId":"hs1kfjhnmgsxuu6"}
{"type":"operationEnd","doDiffs":false,"previousEventId":"g5rzi469jdykek5","previousOperationId":"cn7qi8uynx47e21","operationId":"cn7qi8uynx47e21","timestamp":1750893161870,"id":"houtlso9wvz2qsn"}
