{"type":"operationStart","subtype":"profile","data":{"_id":"LLgkJS7FXqNoT2KO","timestamp":"2025-06-25T20:11:47.959Z","state":"queued","mode":"standard","creationDate":"2025-06-25T20:11:47.964Z","modificationDate":"2025-06-25T20:11:47.964Z","shortid":"cXx4KJ8","$entitySet":"profiles"},"doDiffs":false,"timestamp":1750882307961,"id":"hwdtxs8l7g7ji2g","previousOperationId":null,"operationId":"g2fy829dl1smkow"}
{"type":"log","level":"info","message":"Render request 1 queued for execution and waiting for available worker","previousOperationId":"g2fy829dl1smkow","timestamp":1750882307961,"id":"7qfbid0sn443p6i"}
{"type":"operationStart","subtype":"render","name":"productosMasVendidos","previousOperationId":"g2fy829dl1smkow","timestamp":1750882308005,"id":"urhnt9zmiz99nmr","previousEventId":"hwdtxs8l7g7ji2g","operationId":"g5ow9k3w3u601tz"}
{"type":"log","timestamp":1750882308007,"level":"info","message":"Starting rendering request 1","meta":{"rootId":"5m1qov8fd5qwiyv","id":"5m1qov8fd5qwiyv"},"id":"gglkr38fh92aex3","previousOperationId":"g5ow9k3w3u601tz"}
{"type":"log","timestamp":1750882308009,"level":"info","message":"Rendering template { name: productosMasVendidos, recipe: chrome-pdf, engine: jsrender, preview: false }","meta":{"rootId":"5m1qov8fd5qwiyv","id":"5m1qov8fd5qwiyv"},"id":"4l4ckw7jid9otq3","previousOperationId":"g5ow9k3w3u601tz"}
{"type":"log","timestamp":1750882308009,"level":"debug","message":"Inline data specified.","meta":{"rootId":"5m1qov8fd5qwiyv","id":"5m1qov8fd5qwiyv"},"id":"u44c36dxcnw53er","previousOperationId":"g5ow9k3w3u601tz"}
{"type":"log","timestamp":1750882308014,"level":"debug","message":"Base url not specified, skipping its injection.","meta":{"rootId":"5m1qov8fd5qwiyv","id":"5m1qov8fd5qwiyv"},"id":"ldxqkvvkgd53yxr","previousOperationId":"g5ow9k3w3u601tz"}
{"type":"operationStart","subtype":"engine","name":"jsrender","timestamp":1750882308016,"id":"dprfhncqttmojzi","previousEventId":"urhnt9zmiz99nmr","operationId":"9xtkml4s5ljf17c","previousOperationId":"g5ow9k3w3u601tz"}
{"type":"log","timestamp":1750882308016,"level":"debug","message":"Rendering engine jsrender","meta":{"rootId":"5m1qov8fd5qwiyv","id":"5m1qov8fd5qwiyv"},"id":"072htyf0kwjv6w7","previousOperationId":"9xtkml4s5ljf17c"}
{"type":"operationEnd","operationId":"9xtkml4s5ljf17c","timestamp":1750882308832,"id":"3757hvnkavvmrr5","previousEventId":"dprfhncqttmojzi","previousOperationId":"9xtkml4s5ljf17c"}
{"type":"operationStart","subtype":"recipe","name":"chrome-pdf","timestamp":1750882308834,"id":"h216v5euktc2h8r","previousEventId":"3757hvnkavvmrr5","operationId":"q60ngjcy82pupf2","previousOperationId":"9xtkml4s5ljf17c"}
{"type":"log","timestamp":1750882308834,"level":"debug","message":"Executing recipe chrome-pdf","meta":{"rootId":"5m1qov8fd5qwiyv","id":"5m1qov8fd5qwiyv"},"id":"zmd9n1xqxy6jdgu","previousOperationId":"q60ngjcy82pupf2"}
{"type":"log","timestamp":1750882310131,"level":"debug","message":"Converting with chrome Chrome/136.0.7103.49 using chrome-pool strategy","meta":{"rootId":"5m1qov8fd5qwiyv","id":"5m1qov8fd5qwiyv"},"id":"su71jrfwsv8feec","previousOperationId":"q60ngjcy82pupf2"}
{"type":"log","timestamp":1750882310373,"level":"debug","message":"Page request: GET (document) file:///C:/Users/josem/AppData/Local/Temp/jsreport/autocleanup/238a1c0e-64e3-4e74-9a0e-52d35394ff85-chrome-pdf.html","meta":{"rootId":"5m1qov8fd5qwiyv","id":"5m1qov8fd5qwiyv"},"id":"3cmsm3i2lhi9o16","previousOperationId":"q60ngjcy82pupf2"}
{"type":"log","timestamp":1750882310393,"level":"debug","message":"Page request finished: GET (document) 200 file:///C:/Users/josem/AppData/Local/Temp/jsreport/autocleanup/238a1c0e-64e3-4e74-9a0e-52d35394ff85-chrome-pdf.html","meta":{"rootId":"5m1qov8fd5qwiyv","id":"5m1qov8fd5qwiyv"},"id":"sf3tr8uvsxbdlan","previousOperationId":"q60ngjcy82pupf2"}
{"type":"log","timestamp":1750882310415,"level":"debug","message":"Running chrome with params {\"printBackground\":true,\"timeout\":59111,\"margin\":{}}","meta":{"rootId":"5m1qov8fd5qwiyv","id":"5m1qov8fd5qwiyv"},"id":"mvd3ny89ily6avq","previousOperationId":"q60ngjcy82pupf2"}
{"type":"operationEnd","operationId":"q60ngjcy82pupf2","timestamp":1750882310639,"id":"q496ufesjrzf9ia","previousEventId":"h216v5euktc2h8r","previousOperationId":"q60ngjcy82pupf2"}
{"type":"log","timestamp":1750882310640,"level":"debug","message":"Skipping storing report.","meta":{"rootId":"5m1qov8fd5qwiyv","id":"5m1qov8fd5qwiyv"},"id":"05se2k70ozdp4w0","previousOperationId":"q60ngjcy82pupf2"}
{"type":"log","timestamp":1750882310640,"level":"info","message":"Rendering request 1 finished in 2684 ms","meta":{"rootId":"5m1qov8fd5qwiyv","id":"5m1qov8fd5qwiyv"},"id":"igeozdrwfrv75z5","previousOperationId":"q60ngjcy82pupf2"}
{"type":"operationEnd","subtype":"render","operationId":"g5ow9k3w3u601tz","timestamp":1750882310640,"id":"ry9qb009i0gzoyu","previousEventId":"q496ufesjrzf9ia","previousOperationId":"q60ngjcy82pupf2"}
{"type":"operationEnd","doDiffs":false,"previousEventId":"hwdtxs8l7g7ji2g","previousOperationId":"g2fy829dl1smkow","operationId":"g2fy829dl1smkow","timestamp":1750882310647,"id":"t0htn3npo8dp7vg"}
