{"type":"operationStart","subtype":"profile","data":{"_id":"wNKPI18XKkcMXSNx","timestamp":"2025-06-25T21:27:03.214Z","state":"queued","mode":"standard","creationDate":"2025-06-25T21:27:03.237Z","modificationDate":"2025-06-25T21:27:03.237Z","shortid":"WvVfIOg","$entitySet":"profiles"},"doDiffs":false,"timestamp":1750886823222,"id":"hm50wwo3gkesip4","previousOperationId":null,"operationId":"vtsly0og8co4uks"}
{"type":"log","level":"info","message":"Render request 6 queued for execution and waiting for available worker","previousOperationId":"vtsly0og8co4uks","timestamp":1750886823223,"id":"li3szmni8qb1i2v"}
{"type":"operationStart","subtype":"render","name":"productosMasVendidos","previousOperationId":"vtsly0og8co4uks","timestamp":1750886823333,"id":"ud4zgjtjfsjuq62","previousEventId":"hm50wwo3gkesip4","operationId":"txg8dmvzr9zx88v"}
{"type":"log","timestamp":1750886823342,"level":"info","message":"Starting rendering request 6","meta":{"rootId":"ovjdoukh93950mh","id":"ovjdoukh93950mh"},"id":"qg1drebvum67nge","previousOperationId":"txg8dmvzr9zx88v"}
{"type":"log","timestamp":1750886823347,"level":"info","message":"Rendering template { name: productosMasVendidos, recipe: chrome-pdf, engine: jsrender, preview: false }","meta":{"rootId":"ovjdoukh93950mh","id":"ovjdoukh93950mh"},"id":"ifihbw3qnv004h6","previousOperationId":"txg8dmvzr9zx88v"}
{"type":"log","timestamp":1750886823347,"level":"debug","message":"Inline data specified.","meta":{"rootId":"ovjdoukh93950mh","id":"ovjdoukh93950mh"},"id":"ls0ufkx9lk7wdto","previousOperationId":"txg8dmvzr9zx88v"}
{"type":"log","timestamp":1750886823366,"level":"debug","message":"Base url not specified, skipping its injection.","meta":{"rootId":"ovjdoukh93950mh","id":"ovjdoukh93950mh"},"id":"wsplhe0qi8eozxm","previousOperationId":"txg8dmvzr9zx88v"}
{"type":"operationStart","subtype":"engine","name":"jsrender","timestamp":1750886823374,"id":"v3i4jbh5df3k7mn","previousEventId":"ud4zgjtjfsjuq62","operationId":"jtu80syjhpbtubt","previousOperationId":"txg8dmvzr9zx88v"}
{"type":"log","timestamp":1750886823374,"level":"debug","message":"Rendering engine jsrender","meta":{"rootId":"ovjdoukh93950mh","id":"ovjdoukh93950mh"},"id":"vkf6d5dhmc8d36n","previousOperationId":"jtu80syjhpbtubt"}
{"type":"operationEnd","operationId":"jtu80syjhpbtubt","timestamp":1750886823419,"id":"m6v967ecihd836h","previousEventId":"v3i4jbh5df3k7mn","previousOperationId":"jtu80syjhpbtubt"}
{"type":"operationStart","subtype":"recipe","name":"chrome-pdf","timestamp":1750886823420,"id":"scn7urx7smn6swb","previousEventId":"m6v967ecihd836h","operationId":"skc9mdkipw8w2ig","previousOperationId":"jtu80syjhpbtubt"}
{"type":"log","timestamp":1750886823420,"level":"debug","message":"Executing recipe chrome-pdf","meta":{"rootId":"ovjdoukh93950mh","id":"ovjdoukh93950mh"},"id":"rk5gefb1qvfxyvu","previousOperationId":"skc9mdkipw8w2ig"}
{"type":"log","timestamp":1750886823476,"level":"debug","message":"Converting with chrome Chrome/136.0.7103.49 using chrome-pool strategy","meta":{"rootId":"ovjdoukh93950mh","id":"ovjdoukh93950mh"},"id":"6sgo48yyjbq6yhw","previousOperationId":"skc9mdkipw8w2ig"}
{"type":"log","timestamp":1750886824123,"level":"debug","message":"Page request: GET (document) file:///C:/Users/josem/AppData/Local/Temp/jsreport/autocleanup/d39c2496-6de5-4419-8853-6e8b5ceafb71-chrome-pdf.html","meta":{"rootId":"ovjdoukh93950mh","id":"ovjdoukh93950mh"},"id":"ujt05j41i0ipqfo","previousOperationId":"skc9mdkipw8w2ig"}
{"type":"log","timestamp":1750886824204,"level":"debug","message":"Page request finished: GET (document) 200 file:///C:/Users/josem/AppData/Local/Temp/jsreport/autocleanup/d39c2496-6de5-4419-8853-6e8b5ceafb71-chrome-pdf.html","meta":{"rootId":"ovjdoukh93950mh","id":"ovjdoukh93950mh"},"id":"m94vhzfw1a2ckv9","previousOperationId":"skc9mdkipw8w2ig"}
{"type":"log","timestamp":1750886824259,"level":"debug","message":"Running chrome with params {\"printBackground\":true,\"timeout\":59770,\"margin\":{}}","meta":{"rootId":"ovjdoukh93950mh","id":"ovjdoukh93950mh"},"id":"2s39tkg4wr73fvk","previousOperationId":"skc9mdkipw8w2ig"}
{"type":"operationEnd","operationId":"skc9mdkipw8w2ig","timestamp":1750886824678,"id":"ssccl2ygxb53ldw","previousEventId":"scn7urx7smn6swb","previousOperationId":"skc9mdkipw8w2ig"}
{"type":"log","timestamp":1750886824678,"level":"debug","message":"Skipping storing report.","meta":{"rootId":"ovjdoukh93950mh","id":"ovjdoukh93950mh"},"id":"d84i207mu1gmul1","previousOperationId":"skc9mdkipw8w2ig"}
{"type":"log","timestamp":1750886824679,"level":"info","message":"Rendering request 6 finished in 1472 ms","meta":{"rootId":"ovjdoukh93950mh","id":"ovjdoukh93950mh"},"id":"bmd9qugcafpgweb","previousOperationId":"skc9mdkipw8w2ig"}
{"type":"operationEnd","subtype":"render","operationId":"txg8dmvzr9zx88v","timestamp":1750886824679,"id":"c9tfhl8dj5rqoi3","previousEventId":"ssccl2ygxb53ldw","previousOperationId":"skc9mdkipw8w2ig"}
{"type":"operationEnd","doDiffs":false,"previousEventId":"hm50wwo3gkesip4","previousOperationId":"vtsly0og8co4uks","operationId":"vtsly0og8co4uks","timestamp":1750886824684,"id":"pws73xrfxg30yfy"}
