{"type":"operationStart","subtype":"profile","data":{"_id":"LL5X7C21ZaLgVA2W","timestamp":"2025-06-25T21:58:49.602Z","state":"queued","mode":"standard","creationDate":"2025-06-25T21:58:49.629Z","modificationDate":"2025-06-25T21:58:49.629Z","shortid":"O88f1_D","$entitySet":"profiles"},"doDiffs":false,"timestamp":1750888729616,"id":"04wcrpmwaq5iix5","previousOperationId":null,"operationId":"r4uzim14vgbmwg3"}
{"type":"log","level":"info","message":"Render request 7 queued for execution and waiting for available worker","previousOperationId":"r4uzim14vgbmwg3","timestamp":1750888729617,"id":"s4updiu4opgnnox"}
{"type":"operationStart","subtype":"render","name":"productosMasVendidos","previousOperationId":"r4uzim14vgbmwg3","timestamp":1750888729723,"id":"yrwcg4btdyolg1o","previousEventId":"04wcrpmwaq5iix5","operationId":"ql7ho6hkmedmtsw"}
{"type":"log","timestamp":1750888729728,"level":"info","message":"Starting rendering request 7","meta":{"rootId":"pyk5zgeodid0iyv","id":"pyk5zgeodid0iyv"},"id":"03l3x6led4m12c4","previousOperationId":"ql7ho6hkmedmtsw"}
{"type":"log","timestamp":1750888729731,"level":"info","message":"Rendering template { name: productosMasVendidos, recipe: chrome-pdf, engine: jsrender, preview: false }","meta":{"rootId":"pyk5zgeodid0iyv","id":"pyk5zgeodid0iyv"},"id":"h4zdxawucttha3u","previousOperationId":"ql7ho6hkmedmtsw"}
{"type":"log","timestamp":1750888729731,"level":"debug","message":"Inline data specified.","meta":{"rootId":"pyk5zgeodid0iyv","id":"pyk5zgeodid0iyv"},"id":"jtziludqlyft3uo","previousOperationId":"ql7ho6hkmedmtsw"}
{"type":"log","timestamp":1750888729738,"level":"debug","message":"Base url not specified, skipping its injection.","meta":{"rootId":"pyk5zgeodid0iyv","id":"pyk5zgeodid0iyv"},"id":"38krt82ye2bjbzs","previousOperationId":"ql7ho6hkmedmtsw"}
{"type":"operationStart","subtype":"engine","name":"jsrender","timestamp":1750888729743,"id":"v0hm4fdoma59lxj","previousEventId":"yrwcg4btdyolg1o","operationId":"6le83yx55l9i3d7","previousOperationId":"ql7ho6hkmedmtsw"}
{"type":"log","timestamp":1750888729743,"level":"debug","message":"Rendering engine jsrender","meta":{"rootId":"pyk5zgeodid0iyv","id":"pyk5zgeodid0iyv"},"id":"c8klbvhln7phfwu","previousOperationId":"6le83yx55l9i3d7"}
{"type":"operationEnd","operationId":"6le83yx55l9i3d7","timestamp":1750888729794,"id":"abiulaf149b01l4","previousEventId":"v0hm4fdoma59lxj","previousOperationId":"6le83yx55l9i3d7"}
{"type":"operationStart","subtype":"recipe","name":"chrome-pdf","timestamp":1750888729794,"id":"wdkfty3sye8wl2q","previousEventId":"abiulaf149b01l4","operationId":"a101cojmwlp0au8","previousOperationId":"6le83yx55l9i3d7"}
{"type":"log","timestamp":1750888729794,"level":"debug","message":"Executing recipe chrome-pdf","meta":{"rootId":"pyk5zgeodid0iyv","id":"pyk5zgeodid0iyv"},"id":"y959smsvlvyohle","previousOperationId":"a101cojmwlp0au8"}
{"type":"log","timestamp":1750888730621,"level":"debug","message":"Converting with chrome Chrome/136.0.7103.49 using chrome-pool strategy","meta":{"rootId":"pyk5zgeodid0iyv","id":"pyk5zgeodid0iyv"},"id":"e7fc93z4ts9mzm9","previousOperationId":"a101cojmwlp0au8"}
{"type":"log","timestamp":1750888730815,"level":"debug","message":"Page request: GET (document) file:///C:/Users/josem/AppData/Local/Temp/jsreport/autocleanup/e3a1e002-aac8-4935-a6e3-96b26bf52521-chrome-pdf.html","meta":{"rootId":"pyk5zgeodid0iyv","id":"pyk5zgeodid0iyv"},"id":"91zd09mdlnvwm9h","previousOperationId":"a101cojmwlp0au8"}
{"type":"log","timestamp":1750888730861,"level":"debug","message":"Page request finished: GET (document) 200 file:///C:/Users/josem/AppData/Local/Temp/jsreport/autocleanup/e3a1e002-aac8-4935-a6e3-96b26bf52521-chrome-pdf.html","meta":{"rootId":"pyk5zgeodid0iyv","id":"pyk5zgeodid0iyv"},"id":"gt1x4jazobtw0b1","previousOperationId":"a101cojmwlp0au8"}
{"type":"log","timestamp":1750888730882,"level":"debug","message":"Running chrome with params {\"printBackground\":true,\"timeout\":59790,\"margin\":{}}","meta":{"rootId":"pyk5zgeodid0iyv","id":"pyk5zgeodid0iyv"},"id":"ushonstjdgua7sb","previousOperationId":"a101cojmwlp0au8"}
{"type":"operationEnd","operationId":"a101cojmwlp0au8","timestamp":1750888731272,"id":"rlnef68j4hhg3oa","previousEventId":"wdkfty3sye8wl2q","previousOperationId":"a101cojmwlp0au8"}
{"type":"log","timestamp":1750888731272,"level":"debug","message":"Skipping storing report.","meta":{"rootId":"pyk5zgeodid0iyv","id":"pyk5zgeodid0iyv"},"id":"p3a56x2c01v9znu","previousOperationId":"a101cojmwlp0au8"}
{"type":"log","timestamp":1750888731272,"level":"info","message":"Rendering request 7 finished in 1678 ms","meta":{"rootId":"pyk5zgeodid0iyv","id":"pyk5zgeodid0iyv"},"id":"q5hg3s2yapva9nx","previousOperationId":"a101cojmwlp0au8"}
{"type":"operationEnd","subtype":"render","operationId":"ql7ho6hkmedmtsw","timestamp":1750888731272,"id":"b01lbxjwuun7u1z","previousEventId":"rlnef68j4hhg3oa","previousOperationId":"a101cojmwlp0au8"}
{"type":"operationEnd","doDiffs":false,"previousEventId":"04wcrpmwaq5iix5","previousOperationId":"r4uzim14vgbmwg3","operationId":"r4uzim14vgbmwg3","timestamp":1750888731278,"id":"xbs3bdahh6x0z62"}
