{"type":"operationStart","subtype":"profile","data":{"_id":"WlZXXeOmmhaLuRT9","timestamp":"2025-06-25T21:12:11.714Z","state":"queued","mode":"standard","creationDate":"2025-06-25T21:12:11.734Z","modificationDate":"2025-06-25T21:12:11.734Z","shortid":"_33BmWd","$entitySet":"profiles"},"doDiffs":false,"timestamp":1750885931718,"id":"59mmc4obbl0vqno","previousOperationId":null,"operationId":"mguxeacvtlxn44j"}
{"type":"log","level":"info","message":"Render request 4 queued for execution and waiting for available worker","previousOperationId":"mguxeacvtlxn44j","timestamp":1750885931718,"id":"n97cdl3sr86m1fh"}
{"type":"operationStart","subtype":"render","name":"productosMasVendidos","previousOperationId":"mguxeacvtlxn44j","timestamp":1750885931814,"id":"z6zpkv5jrjh2kzr","previousEventId":"59mmc4obbl0vqno","operationId":"0hdmwhjyedtqu6p"}
{"type":"log","timestamp":1750885931816,"level":"info","message":"Starting rendering request 4","meta":{"rootId":"qqxzszlzmkuk2sx","id":"qqxzszlzmkuk2sx"},"id":"5ksxo0bliih6wgt","previousOperationId":"0hdmwhjyedtqu6p"}
{"type":"log","timestamp":1750885931821,"level":"info","message":"Rendering template { name: productosMasVendidos, recipe: chrome-pdf, engine: jsrender, preview: false }","meta":{"rootId":"qqxzszlzmkuk2sx","id":"qqxzszlzmkuk2sx"},"id":"25r549gl0qbchm2","previousOperationId":"0hdmwhjyedtqu6p"}
{"type":"log","timestamp":1750885931822,"level":"debug","message":"Inline data specified.","meta":{"rootId":"qqxzszlzmkuk2sx","id":"qqxzszlzmkuk2sx"},"id":"axqar8qpylyvyqm","previousOperationId":"0hdmwhjyedtqu6p"}
{"type":"log","timestamp":1750885931843,"level":"debug","message":"Base url not specified, skipping its injection.","meta":{"rootId":"qqxzszlzmkuk2sx","id":"qqxzszlzmkuk2sx"},"id":"sluklg60hp9d5o3","previousOperationId":"0hdmwhjyedtqu6p"}
{"type":"operationStart","subtype":"engine","name":"jsrender","timestamp":1750885931852,"id":"lwgddky3c5i9sw7","previousEventId":"z6zpkv5jrjh2kzr","operationId":"m69uhzq4ypbedhs","previousOperationId":"0hdmwhjyedtqu6p"}
{"type":"log","timestamp":1750885931852,"level":"debug","message":"Rendering engine jsrender","meta":{"rootId":"qqxzszlzmkuk2sx","id":"qqxzszlzmkuk2sx"},"id":"1brzkwuq35qqhxm","previousOperationId":"m69uhzq4ypbedhs"}
{"type":"operationEnd","operationId":"m69uhzq4ypbedhs","timestamp":1750885931939,"id":"gett7vk1obnpzn0","previousEventId":"lwgddky3c5i9sw7","previousOperationId":"m69uhzq4ypbedhs"}
{"type":"operationStart","subtype":"recipe","name":"chrome-pdf","timestamp":1750885931940,"id":"4u66cg6r0neoc39","previousEventId":"gett7vk1obnpzn0","operationId":"45da56r7m580te7","previousOperationId":"m69uhzq4ypbedhs"}
{"type":"log","timestamp":1750885931940,"level":"debug","message":"Executing recipe chrome-pdf","meta":{"rootId":"qqxzszlzmkuk2sx","id":"qqxzszlzmkuk2sx"},"id":"yxq9ing9y2j1qxn","previousOperationId":"45da56r7m580te7"}
{"type":"log","timestamp":1750885932009,"level":"debug","message":"Converting with chrome Chrome/136.0.7103.49 using chrome-pool strategy","meta":{"rootId":"qqxzszlzmkuk2sx","id":"qqxzszlzmkuk2sx"},"id":"lis7sn2puo2i9gg","previousOperationId":"45da56r7m580te7"}
{"type":"log","timestamp":1750885932713,"level":"debug","message":"Page request: GET (document) file:///C:/Users/josem/AppData/Local/Temp/jsreport/autocleanup/b5d6f4be-938d-4190-aaf0-ab911a716c94-chrome-pdf.html","meta":{"rootId":"qqxzszlzmkuk2sx","id":"qqxzszlzmkuk2sx"},"id":"k8oay0dr5l5wy9b","previousOperationId":"45da56r7m580te7"}
{"type":"log","timestamp":1750885932781,"level":"debug","message":"Page request finished: GET (document) 200 file:///C:/Users/josem/AppData/Local/Temp/jsreport/autocleanup/b5d6f4be-938d-4190-aaf0-ab911a716c94-chrome-pdf.html","meta":{"rootId":"qqxzszlzmkuk2sx","id":"qqxzszlzmkuk2sx"},"id":"04v3mzuvs6pfrwa","previousOperationId":"45da56r7m580te7"}
{"type":"log","timestamp":1750885932799,"level":"debug","message":"Running chrome with params {\"printBackground\":true,\"timeout\":59756,\"margin\":{}}","meta":{"rootId":"qqxzszlzmkuk2sx","id":"qqxzszlzmkuk2sx"},"id":"8irnhncj6a0qa8e","previousOperationId":"45da56r7m580te7"}
{"type":"operationEnd","operationId":"45da56r7m580te7","timestamp":1750885933170,"id":"wuxhv5p4uyp7gpo","previousEventId":"4u66cg6r0neoc39","previousOperationId":"45da56r7m580te7"}
{"type":"log","timestamp":1750885933170,"level":"debug","message":"Skipping storing report.","meta":{"rootId":"qqxzszlzmkuk2sx","id":"qqxzszlzmkuk2sx"},"id":"qptyc90ro06xb5v","previousOperationId":"45da56r7m580te7"}
{"type":"log","timestamp":1750885933171,"level":"info","message":"Rendering request 4 finished in 1466 ms","meta":{"rootId":"qqxzszlzmkuk2sx","id":"qqxzszlzmkuk2sx"},"id":"5a029jqi0qx2yz7","previousOperationId":"45da56r7m580te7"}
{"type":"operationEnd","subtype":"render","operationId":"0hdmwhjyedtqu6p","timestamp":1750885933171,"id":"199j6k446mejt59","previousEventId":"wuxhv5p4uyp7gpo","previousOperationId":"45da56r7m580te7"}
{"type":"operationEnd","doDiffs":false,"previousEventId":"59mmc4obbl0vqno","previousOperationId":"mguxeacvtlxn44j","operationId":"mguxeacvtlxn44j","timestamp":1750885933175,"id":"4uf2q7wa89afc3o"}
