{"type":"operationStart","subtype":"profile","data":{"_id":"ZPN0ZKKKo2ZU7417","timestamp":"2025-06-25T21:12:28.209Z","state":"queued","mode":"standard","creationDate":"2025-06-25T21:12:28.211Z","modificationDate":"2025-06-25T21:12:28.211Z","shortid":"tyn7bdG","$entitySet":"profiles"},"doDiffs":false,"timestamp":1750885948210,"id":"3njksyvj7miuuuh","previousOperationId":null,"operationId":"bx2qcaf5moaq82t"}
{"type":"log","level":"info","message":"Render request 5 queued for execution and waiting for available worker","previousOperationId":"bx2qcaf5moaq82t","timestamp":1750885948210,"id":"tfdfk70p4nud4n7"}
{"type":"operationStart","subtype":"render","name":"productosMasVendidos","previousOperationId":"bx2qcaf5moaq82t","timestamp":1750885948301,"id":"ulykqa3qh8n3oor","previousEventId":"3njksyvj7miuuuh","operationId":"y3nmtpcp9kj3l4g"}
{"type":"log","timestamp":1750885948309,"level":"info","message":"Starting rendering request 5","meta":{"rootId":"snobw68klcphcrh","id":"snobw68klcphcrh"},"id":"jgel4iufmdjxt69","previousOperationId":"y3nmtpcp9kj3l4g"}
{"type":"log","timestamp":1750885948316,"level":"info","message":"Rendering template { name: productosMasVendidos, recipe: chrome-pdf, engine: jsrender, preview: false }","meta":{"rootId":"snobw68klcphcrh","id":"snobw68klcphcrh"},"id":"frcy6uu8kt8ed69","previousOperationId":"y3nmtpcp9kj3l4g"}
{"type":"log","timestamp":1750885948316,"level":"debug","message":"Inline data specified.","meta":{"rootId":"snobw68klcphcrh","id":"snobw68klcphcrh"},"id":"bcqybe8v3a6ghha","previousOperationId":"y3nmtpcp9kj3l4g"}
{"type":"log","timestamp":1750885948323,"level":"debug","message":"Base url not specified, skipping its injection.","meta":{"rootId":"snobw68klcphcrh","id":"snobw68klcphcrh"},"id":"h3lyd5sthoon43k","previousOperationId":"y3nmtpcp9kj3l4g"}
{"type":"operationStart","subtype":"engine","name":"jsrender","timestamp":1750885948329,"id":"ayib7b28rvmyfln","previousEventId":"ulykqa3qh8n3oor","operationId":"yl8gxau0xs2kpbu","previousOperationId":"y3nmtpcp9kj3l4g"}
{"type":"log","timestamp":1750885948330,"level":"debug","message":"Rendering engine jsrender","meta":{"rootId":"snobw68klcphcrh","id":"snobw68klcphcrh"},"id":"c1spcdp819fvva1","previousOperationId":"yl8gxau0xs2kpbu"}
{"type":"operationEnd","operationId":"yl8gxau0xs2kpbu","timestamp":1750885948375,"id":"76onzu1u121o981","previousEventId":"ayib7b28rvmyfln","previousOperationId":"yl8gxau0xs2kpbu"}
{"type":"operationStart","subtype":"recipe","name":"chrome-pdf","timestamp":1750885948375,"id":"o5u8u2kxsn75a33","previousEventId":"76onzu1u121o981","operationId":"ftavfg55gwhm09j","previousOperationId":"yl8gxau0xs2kpbu"}
{"type":"log","timestamp":1750885948376,"level":"debug","message":"Executing recipe chrome-pdf","meta":{"rootId":"snobw68klcphcrh","id":"snobw68klcphcrh"},"id":"b68qynvyis2ep6u","previousOperationId":"ftavfg55gwhm09j"}
{"type":"log","timestamp":1750885948410,"level":"debug","message":"Converting with chrome Chrome/136.0.7103.49 using chrome-pool strategy","meta":{"rootId":"snobw68klcphcrh","id":"snobw68klcphcrh"},"id":"7ugbonznbrhkf5t","previousOperationId":"ftavfg55gwhm09j"}
{"type":"log","timestamp":1750885948647,"level":"debug","message":"Page request: GET (document) file:///C:/Users/josem/AppData/Local/Temp/jsreport/autocleanup/52ab81c9-c573-41dc-b4f7-b09d3ee2d7d0-chrome-pdf.html","meta":{"rootId":"snobw68klcphcrh","id":"snobw68klcphcrh"},"id":"kgbj5eujjakqojo","previousOperationId":"ftavfg55gwhm09j"}
{"type":"log","timestamp":1750885948682,"level":"debug","message":"Page request finished: GET (document) 200 file:///C:/Users/josem/AppData/Local/Temp/jsreport/autocleanup/52ab81c9-c573-41dc-b4f7-b09d3ee2d7d0-chrome-pdf.html","meta":{"rootId":"snobw68klcphcrh","id":"snobw68klcphcrh"},"id":"cjrspj32sieghn0","previousOperationId":"ftavfg55gwhm09j"}
{"type":"log","timestamp":1750885948696,"level":"debug","message":"Running chrome with params {\"printBackground\":true,\"timeout\":59822,\"margin\":{}}","meta":{"rootId":"snobw68klcphcrh","id":"snobw68klcphcrh"},"id":"20r5whw5gsuirnk","previousOperationId":"ftavfg55gwhm09j"}
{"type":"operationEnd","operationId":"ftavfg55gwhm09j","timestamp":1750885949017,"id":"pvgcolqmerfxb7s","previousEventId":"o5u8u2kxsn75a33","previousOperationId":"ftavfg55gwhm09j"}
{"type":"log","timestamp":1750885949018,"level":"debug","message":"Skipping storing report.","meta":{"rootId":"snobw68klcphcrh","id":"snobw68klcphcrh"},"id":"ctx0or3xokbb136","previousOperationId":"ftavfg55gwhm09j"}
{"type":"log","timestamp":1750885949018,"level":"info","message":"Rendering request 5 finished in 810 ms","meta":{"rootId":"snobw68klcphcrh","id":"snobw68klcphcrh"},"id":"huutc3ri4p69v35","previousOperationId":"ftavfg55gwhm09j"}
{"type":"operationEnd","subtype":"render","operationId":"y3nmtpcp9kj3l4g","timestamp":1750885949018,"id":"47r5cdhgp3dhno4","previousEventId":"pvgcolqmerfxb7s","previousOperationId":"ftavfg55gwhm09j"}
{"type":"operationEnd","doDiffs":false,"previousEventId":"3njksyvj7miuuuh","previousOperationId":"bx2qcaf5moaq82t","operationId":"bx2qcaf5moaq82t","timestamp":1750885949021,"id":"l1bnkiypdc93uuo"}
