{"type":"operationStart","subtype":"profile","data":{"_id":"Iys2d1FRtmIrWDgW","timestamp":"2025-06-25T21:02:29.484Z","state":"queued","mode":"standard","creationDate":"2025-06-25T21:02:29.505Z","modificationDate":"2025-06-25T21:02:29.505Z","shortid":"dDc9tDu","$entitySet":"profiles"},"doDiffs":false,"timestamp":1750885349493,"id":"ie3wbh8fcdfgobg","previousOperationId":null,"operationId":"jditln94oagmx5e"}
{"type":"log","level":"info","message":"Render request 2 queued for execution and waiting for available worker","previousOperationId":"jditln94oagmx5e","timestamp":1750885349493,"id":"ve8lh7pnvbtx8il"}
{"type":"operationStart","subtype":"render","name":"productosMasVendidos","previousOperationId":"jditln94oagmx5e","timestamp":1750885349601,"id":"63uhk12lk9evzht","previousEventId":"ie3wbh8fcdfgobg","operationId":"4u26nss8ke6znts"}
{"type":"log","timestamp":1750885349608,"level":"info","message":"Starting rendering request 2","meta":{"rootId":"ss1zx31wghxjo8j","id":"ss1zx31wghxjo8j"},"id":"995dqcgpkedz6st","previousOperationId":"4u26nss8ke6znts"}
{"type":"log","timestamp":1750885349612,"level":"info","message":"Rendering template { name: productosMasVendidos, recipe: chrome-pdf, engine: jsrender, preview: false }","meta":{"rootId":"ss1zx31wghxjo8j","id":"ss1zx31wghxjo8j"},"id":"bak67pzr5ygx8kq","previousOperationId":"4u26nss8ke6znts"}
{"type":"log","timestamp":1750885349612,"level":"debug","message":"Inline data specified.","meta":{"rootId":"ss1zx31wghxjo8j","id":"ss1zx31wghxjo8j"},"id":"z55j59tn6ppzuwb","previousOperationId":"4u26nss8ke6znts"}
{"type":"log","timestamp":1750885349619,"level":"debug","message":"Base url not specified, skipping its injection.","meta":{"rootId":"ss1zx31wghxjo8j","id":"ss1zx31wghxjo8j"},"id":"d6ml2y4lcgrv7et","previousOperationId":"4u26nss8ke6znts"}
{"type":"operationStart","subtype":"engine","name":"jsrender","timestamp":1750885349627,"id":"n7533fprv0pgt8q","previousEventId":"63uhk12lk9evzht","operationId":"ggwos00b5l393ix","previousOperationId":"4u26nss8ke6znts"}
{"type":"log","timestamp":1750885349627,"level":"debug","message":"Rendering engine jsrender","meta":{"rootId":"ss1zx31wghxjo8j","id":"ss1zx31wghxjo8j"},"id":"cv170j0rp27dxcp","previousOperationId":"ggwos00b5l393ix"}
{"type":"operationEnd","operationId":"ggwos00b5l393ix","timestamp":1750885350668,"id":"ezsqh8lnkjx11k2","previousEventId":"n7533fprv0pgt8q","previousOperationId":"ggwos00b5l393ix"}
{"type":"operationStart","subtype":"recipe","name":"chrome-pdf","timestamp":1750885350669,"id":"bhpbyrtewwcbxei","previousEventId":"ezsqh8lnkjx11k2","operationId":"n4saou87yyrtdkk","previousOperationId":"ggwos00b5l393ix"}
{"type":"log","timestamp":1750885350670,"level":"debug","message":"Executing recipe chrome-pdf","meta":{"rootId":"ss1zx31wghxjo8j","id":"ss1zx31wghxjo8j"},"id":"pzo73mysa7opbz5","previousOperationId":"n4saou87yyrtdkk"}
{"type":"log","timestamp":1750885351699,"level":"debug","message":"Converting with chrome Chrome/136.0.7103.49 using chrome-pool strategy","meta":{"rootId":"ss1zx31wghxjo8j","id":"ss1zx31wghxjo8j"},"id":"2clby9g4vkdaj8i","previousOperationId":"n4saou87yyrtdkk"}
{"type":"log","timestamp":1750885351892,"level":"debug","message":"Page request: GET (document) file:///C:/Users/josem/AppData/Local/Temp/jsreport/autocleanup/3c453c8a-ef34-4994-b92d-1dc3faba4d9a-chrome-pdf.html","meta":{"rootId":"ss1zx31wghxjo8j","id":"ss1zx31wghxjo8j"},"id":"nkeuaos146wwhkh","previousOperationId":"n4saou87yyrtdkk"}
{"type":"log","timestamp":1750885351915,"level":"debug","message":"Page request finished: GET (document) 200 file:///C:/Users/josem/AppData/Local/Temp/jsreport/autocleanup/3c453c8a-ef34-4994-b92d-1dc3faba4d9a-chrome-pdf.html","meta":{"rootId":"ss1zx31wghxjo8j","id":"ss1zx31wghxjo8j"},"id":"md4kkup5zs75i64","previousOperationId":"n4saou87yyrtdkk"}
{"type":"log","timestamp":1750885351931,"level":"debug","message":"Running chrome with params {\"printBackground\":true,\"timeout\":58790,\"margin\":{}}","meta":{"rootId":"ss1zx31wghxjo8j","id":"ss1zx31wghxjo8j"},"id":"12ecvlxmfipvqj6","previousOperationId":"n4saou87yyrtdkk"}
{"type":"operationEnd","operationId":"n4saou87yyrtdkk","timestamp":1750885352209,"id":"239tqohosspi6wv","previousEventId":"bhpbyrtewwcbxei","previousOperationId":"n4saou87yyrtdkk"}
{"type":"log","timestamp":1750885352210,"level":"debug","message":"Skipping storing report.","meta":{"rootId":"ss1zx31wghxjo8j","id":"ss1zx31wghxjo8j"},"id":"rs1z06guyw88v24","previousOperationId":"n4saou87yyrtdkk"}
{"type":"log","timestamp":1750885352210,"level":"info","message":"Rendering request 2 finished in 2738 ms","meta":{"rootId":"ss1zx31wghxjo8j","id":"ss1zx31wghxjo8j"},"id":"y5y40nzyh0r2cna","previousOperationId":"n4saou87yyrtdkk"}
{"type":"operationEnd","subtype":"render","operationId":"4u26nss8ke6znts","timestamp":1750885352210,"id":"tzic0ie9hjp6bpu","previousEventId":"239tqohosspi6wv","previousOperationId":"n4saou87yyrtdkk"}
{"type":"operationEnd","doDiffs":false,"previousEventId":"ie3wbh8fcdfgobg","previousOperationId":"jditln94oagmx5e","operationId":"jditln94oagmx5e","timestamp":1750885352216,"id":"v1ugfbh9qbpfwlh"}
