{"type":"operationStart","subtype":"profile","data":{"_id":"mvazHvIQEweRevjw","timestamp":"2025-06-25T21:03:05.475Z","state":"queued","mode":"standard","creationDate":"2025-06-25T21:03:05.480Z","modificationDate":"2025-06-25T21:03:05.480Z","shortid":"XCVC060","$entitySet":"profiles"},"doDiffs":false,"timestamp":1750885385477,"id":"ca3bt90poh0dq8b","previousOperationId":null,"operationId":"9i4k6vjd1c81y6f"}
{"type":"log","level":"info","message":"Render request 3 queued for execution and waiting for available worker","previousOperationId":"9i4k6vjd1c81y6f","timestamp":1750885385478,"id":"voc56k7dt7h6c85"}
{"type":"operationStart","subtype":"render","name":"productosMasVendidos","previousOperationId":"9i4k6vjd1c81y6f","timestamp":1750885385553,"id":"9yd7t8oshuxibcb","previousEventId":"ca3bt90poh0dq8b","operationId":"yfs3l6iua0vs3cz"}
{"type":"log","timestamp":1750885385556,"level":"info","message":"Starting rendering request 3","meta":{"rootId":"u3fyuktaoxp9xr3","id":"u3fyuktaoxp9xr3"},"id":"omie6pyn0sc0xg2","previousOperationId":"yfs3l6iua0vs3cz"}
{"type":"log","timestamp":1750885385557,"level":"info","message":"Rendering template { name: productosMasVendidos, recipe: chrome-pdf, engine: jsrender, preview: false }","meta":{"rootId":"u3fyuktaoxp9xr3","id":"u3fyuktaoxp9xr3"},"id":"lmynrx9uruubx7n","previousOperationId":"yfs3l6iua0vs3cz"}
{"type":"log","timestamp":1750885385558,"level":"debug","message":"Inline data specified.","meta":{"rootId":"u3fyuktaoxp9xr3","id":"u3fyuktaoxp9xr3"},"id":"k2884olunr28l75","previousOperationId":"yfs3l6iua0vs3cz"}
{"type":"log","timestamp":1750885385563,"level":"debug","message":"Base url not specified, skipping its injection.","meta":{"rootId":"u3fyuktaoxp9xr3","id":"u3fyuktaoxp9xr3"},"id":"dthg8dqoe3xkglh","previousOperationId":"yfs3l6iua0vs3cz"}
{"type":"operationStart","subtype":"engine","name":"jsrender","timestamp":1750885385569,"id":"7xr9gu226oy6sb5","previousEventId":"9yd7t8oshuxibcb","operationId":"sk3gspo1vbfjk99","previousOperationId":"yfs3l6iua0vs3cz"}
{"type":"log","timestamp":1750885385569,"level":"debug","message":"Rendering engine jsrender","meta":{"rootId":"u3fyuktaoxp9xr3","id":"u3fyuktaoxp9xr3"},"id":"s4lyad4wusnvrds","previousOperationId":"sk3gspo1vbfjk99"}
{"type":"operationEnd","operationId":"sk3gspo1vbfjk99","timestamp":1750885385621,"id":"fep2okt08k7fjno","previousEventId":"7xr9gu226oy6sb5","previousOperationId":"sk3gspo1vbfjk99"}
{"type":"operationStart","subtype":"recipe","name":"chrome-pdf","timestamp":1750885385623,"id":"jc58wpr0pp29pdp","previousEventId":"fep2okt08k7fjno","operationId":"ekbdk3lu6jga2uf","previousOperationId":"sk3gspo1vbfjk99"}
{"type":"log","timestamp":1750885385623,"level":"debug","message":"Executing recipe chrome-pdf","meta":{"rootId":"u3fyuktaoxp9xr3","id":"u3fyuktaoxp9xr3"},"id":"jb9hvf5myshjpkn","previousOperationId":"ekbdk3lu6jga2uf"}
{"type":"log","timestamp":1750885386146,"level":"debug","message":"Converting with chrome Chrome/136.0.7103.49 using chrome-pool strategy","meta":{"rootId":"u3fyuktaoxp9xr3","id":"u3fyuktaoxp9xr3"},"id":"tdhqmuz2cwvga27","previousOperationId":"ekbdk3lu6jga2uf"}
{"type":"log","timestamp":1750885386248,"level":"debug","message":"Page request: GET (document) file:///C:/Users/josem/AppData/Local/Temp/jsreport/autocleanup/10539793-b96d-45bb-af7d-941c91ec81d8-chrome-pdf.html","meta":{"rootId":"u3fyuktaoxp9xr3","id":"u3fyuktaoxp9xr3"},"id":"0jisp51xmv4thp8","previousOperationId":"ekbdk3lu6jga2uf"}
{"type":"log","timestamp":1750885386270,"level":"debug","message":"Page request finished: GET (document) 200 file:///C:/Users/josem/AppData/Local/Temp/jsreport/autocleanup/10539793-b96d-45bb-af7d-941c91ec81d8-chrome-pdf.html","meta":{"rootId":"u3fyuktaoxp9xr3","id":"u3fyuktaoxp9xr3"},"id":"ex184nszto37drt","previousOperationId":"ekbdk3lu6jga2uf"}
{"type":"log","timestamp":1750885386304,"level":"debug","message":"Running chrome with params {\"printBackground\":true,\"timeout\":59840,\"margin\":{}}","meta":{"rootId":"u3fyuktaoxp9xr3","id":"u3fyuktaoxp9xr3"},"id":"rw6th9a8thptzqg","previousOperationId":"ekbdk3lu6jga2uf"}
{"type":"operationEnd","operationId":"ekbdk3lu6jga2uf","timestamp":1750885386660,"id":"lh4wguix3c9jj1t","previousEventId":"jc58wpr0pp29pdp","previousOperationId":"ekbdk3lu6jga2uf"}
{"type":"log","timestamp":1750885386661,"level":"debug","message":"Skipping storing report.","meta":{"rootId":"u3fyuktaoxp9xr3","id":"u3fyuktaoxp9xr3"},"id":"vd3284pd8a9krqs","previousOperationId":"ekbdk3lu6jga2uf"}
{"type":"log","timestamp":1750885386661,"level":"info","message":"Rendering request 3 finished in 1192 ms","meta":{"rootId":"u3fyuktaoxp9xr3","id":"u3fyuktaoxp9xr3"},"id":"eph0eahww9xepv3","previousOperationId":"ekbdk3lu6jga2uf"}
{"type":"operationEnd","subtype":"render","operationId":"yfs3l6iua0vs3cz","timestamp":1750885386661,"id":"4bq83vf6t2zuh15","previousEventId":"lh4wguix3c9jj1t","previousOperationId":"ekbdk3lu6jga2uf"}
{"type":"operationEnd","doDiffs":false,"previousEventId":"ca3bt90poh0dq8b","previousOperationId":"9i4k6vjd1c81y6f","operationId":"9i4k6vjd1c81y6f","timestamp":1750885386664,"id":"g7f9bt4q61aa57j"}
