{"type":"operationStart","subtype":"profile","data":{"_id":"doIoD9bVPTMl1ecw","timestamp":"2025-06-26T17:29:36.106Z","state":"queued","mode":"standard","creationDate":"2025-06-26T17:29:36.130Z","modificationDate":"2025-06-26T17:29:36.130Z","shortid":"PXHPQO6","$entitySet":"profiles"},"doDiffs":false,"timestamp":1750958976121,"id":"521pw4jqcuq3e6h","previousOperationId":null,"operationId":"lls60mpn9qew2q7"}
{"type":"log","level":"info","message":"Render request 13 queued for execution and waiting for available worker","previousOperationId":"lls60mpn9qew2q7","timestamp":1750958976123,"id":"xikzjvzmaavdpvg"}
{"type":"operationStart","subtype":"render","name":"productosMasVendidos","previousOperationId":"lls60mpn9qew2q7","timestamp":1750958976273,"id":"t3kmasdvxfvv87x","previousEventId":"521pw4jqcuq3e6h","operationId":"ete05sngzn648l1"}
{"type":"log","timestamp":1750958976281,"level":"info","message":"Starting rendering request 13","meta":{"rootId":"ywsccu34hhxc35n","id":"ywsccu34hhxc35n"},"id":"2zbray6ym0m346e","previousOperationId":"ete05sngzn648l1"}
{"type":"log","timestamp":1750958976285,"level":"info","message":"Rendering template { name: productosMasVendidos, recipe: chrome-pdf, engine: jsrender, preview: false }","meta":{"rootId":"ywsccu34hhxc35n","id":"ywsccu34hhxc35n"},"id":"if1xs19z5coy1qt","previousOperationId":"ete05sngzn648l1"}
{"type":"log","timestamp":1750958976286,"level":"debug","message":"Inline data specified.","meta":{"rootId":"ywsccu34hhxc35n","id":"ywsccu34hhxc35n"},"id":"y4tvb151wi7ynrx","previousOperationId":"ete05sngzn648l1"}
{"type":"log","timestamp":1750958976299,"level":"debug","message":"Base url not specified, skipping its injection.","meta":{"rootId":"ywsccu34hhxc35n","id":"ywsccu34hhxc35n"},"id":"ind729myy1pr1jh","previousOperationId":"ete05sngzn648l1"}
{"type":"operationStart","subtype":"engine","name":"jsrender","timestamp":1750958976309,"id":"fu3xu7fr07pdsnj","previousEventId":"t3kmasdvxfvv87x","operationId":"jpzcdmo5by576ho","previousOperationId":"ete05sngzn648l1"}
{"type":"log","timestamp":1750958976309,"level":"debug","message":"Rendering engine jsrender","meta":{"rootId":"ywsccu34hhxc35n","id":"ywsccu34hhxc35n"},"id":"kd8onpqg6fwzfmx","previousOperationId":"jpzcdmo5by576ho"}
{"type":"operationEnd","operationId":"jpzcdmo5by576ho","timestamp":1750958976436,"id":"rshyjtiu31v5cxh","previousEventId":"fu3xu7fr07pdsnj","previousOperationId":"jpzcdmo5by576ho"}
{"type":"operationStart","subtype":"recipe","name":"chrome-pdf","timestamp":1750958976437,"id":"j66jk9e939m0jd8","previousEventId":"rshyjtiu31v5cxh","operationId":"0qd8kei7qh9no2d","previousOperationId":"jpzcdmo5by576ho"}
{"type":"log","timestamp":1750958976437,"level":"debug","message":"Executing recipe chrome-pdf","meta":{"rootId":"ywsccu34hhxc35n","id":"ywsccu34hhxc35n"},"id":"84wlbmasr617toe","previousOperationId":"0qd8kei7qh9no2d"}
{"type":"log","timestamp":1750958977588,"level":"debug","message":"Converting with chrome Chrome/136.0.7103.49 using chrome-pool strategy","meta":{"rootId":"ywsccu34hhxc35n","id":"ywsccu34hhxc35n"},"id":"jzqx5qbdopffyi0","previousOperationId":"0qd8kei7qh9no2d"}
{"type":"log","timestamp":1750958977781,"level":"debug","message":"Page request: GET (document) file:///C:/Users/josem/AppData/Local/Temp/jsreport/autocleanup/6ee6dbbb-8ea0-4784-94c5-657ab2b97c5a-chrome-pdf.html","meta":{"rootId":"ywsccu34hhxc35n","id":"ywsccu34hhxc35n"},"id":"z991hrv7tcpy8dk","previousOperationId":"0qd8kei7qh9no2d"}
{"type":"log","timestamp":1750958977817,"level":"debug","message":"Page request finished: GET (document) 200 file:///C:/Users/josem/AppData/Local/Temp/jsreport/autocleanup/6ee6dbbb-8ea0-4784-94c5-657ab2b97c5a-chrome-pdf.html","meta":{"rootId":"ywsccu34hhxc35n","id":"ywsccu34hhxc35n"},"id":"t8tx893bz7ph4hj","previousOperationId":"0qd8kei7qh9no2d"}
{"type":"log","timestamp":1750958977841,"level":"debug","message":"Running chrome with params {\"printBackground\":true,\"timeout\":59633,\"margin\":{}}","meta":{"rootId":"ywsccu34hhxc35n","id":"ywsccu34hhxc35n"},"id":"q8rejrrs1887chp","previousOperationId":"0qd8kei7qh9no2d"}
{"type":"operationEnd","operationId":"0qd8kei7qh9no2d","timestamp":1750958978189,"id":"gohdfg5ww9frs96","previousEventId":"j66jk9e939m0jd8","previousOperationId":"0qd8kei7qh9no2d"}
{"type":"log","timestamp":1750958978190,"level":"debug","message":"Skipping storing report.","meta":{"rootId":"ywsccu34hhxc35n","id":"ywsccu34hhxc35n"},"id":"19uyz9xeeo5gpuw","previousOperationId":"0qd8kei7qh9no2d"}
{"type":"log","timestamp":1750958978190,"level":"info","message":"Rendering request 13 finished in 2101 ms","meta":{"rootId":"ywsccu34hhxc35n","id":"ywsccu34hhxc35n"},"id":"njkkw38zqaxokrc","previousOperationId":"0qd8kei7qh9no2d"}
{"type":"operationEnd","subtype":"render","operationId":"ete05sngzn648l1","timestamp":1750958978190,"id":"g6r9rwi3ikad088","previousEventId":"gohdfg5ww9frs96","previousOperationId":"0qd8kei7qh9no2d"}
{"type":"operationEnd","doDiffs":false,"previousEventId":"521pw4jqcuq3e6h","previousOperationId":"lls60mpn9qew2q7","operationId":"lls60mpn9qew2q7","timestamp":1750958978196,"id":"19adlkp26atc435"}
