2025-07-02T01:11:32.071Z - info: Initializing jsreport (version: 4.9.0, configuration file: jsreport.config.json, nodejs: 22.11.0)
2025-07-02T01:11:32.084Z - info: Searching for available extensions in C:\Users\josem\OneDrive\Documentos\GitHub\proyecto_db\nextjs-dashboard\
2025-07-02T01:11:32.108Z - info: Extensions location cache doesn't contain entry yet, crawling
2025-07-02T01:11:40.589Z - info: Found 35 extension(s)
2025-07-02T01:11:41.766Z - debug: Writing extension locations cache to C:\Users\josem\AppData\Local\Temp\jsreport\core\locations.json
2025-07-02T01:11:41.770Z - debug: Discovered 35 extensions
2025-07-02T01:11:41.850Z - debug: Extension authentication@4.2.3 is disabled, skipping
2025-07-02T01:11:41.852Z - info: Using extension base@4.0.0
2025-07-02T01:11:41.876Z - info: Using extension child-templates@4.1.0
2025-07-02T01:11:41.897Z - info: Using extension cli@4.1.1
2025-07-02T01:11:41.978Z - info: Using extension components@4.0.2
2025-07-02T01:11:42.008Z - info: Using extension data@4.1.0
2025-07-02T01:11:42.028Z - info: Using extension express@4.2.0
2025-07-02T01:11:54.045Z - info: Using extension freeze@4.0.0
2025-07-02T01:11:54.076Z - info: Using extension fs-store@4.1.1
2025-07-02T01:11:58.278Z - info: Using extension handlebars@4.0.1
2025-07-02T01:11:58.302Z - info: Using extension import-export@4.0.7
2025-07-02T01:11:58.572Z - info: Using extension jsrender@4.0.0
2025-07-02T01:11:58.587Z - info: Using extension licensing@4.0.5
2025-07-02T01:11:59.181Z - info: Using extension localization@4.0.1
2025-07-02T01:11:59.198Z - info: Using extension npm@4.0.0
2025-07-02T01:11:59.226Z - info: Using extension pdf-utils@4.3.0
2025-07-02T01:11:59.254Z - info: Using extension reports@4.1.4
2025-07-02T01:11:59.289Z - info: Using extension tags@4.0.1
2025-07-02T01:11:59.337Z - info: Using extension text@4.0.2
2025-07-02T01:11:59.356Z - info: Using extension version-control@4.1.1
2025-07-02T01:11:59.616Z - info: Using extension assets@4.2.2
2025-07-02T01:11:59.957Z - info: Using extension authorization@4.1.0
2025-07-02T01:12:00.076Z - debug: Extension authorization@4.1.0 was disabled
2025-07-02T01:12:00.078Z - info: Using extension browser-client@4.1.0
2025-07-02T01:12:00.174Z - info: Using extension chrome-pdf@4.2.0
2025-07-02T01:12:00.204Z - debug: Chrome strategy is chrome-pool, numberOfWorkers: 1
2025-07-02T01:12:00.205Z - debug: Chrome custom launch options are protocolTimeout=60000
2025-07-02T01:12:00.206Z - info: Using extension docx@4.8.0
2025-07-02T01:12:00.231Z - info: Using extension html-to-xlsx@4.2.1
2025-07-02T01:12:04.201Z - info: html-to-xlsx detected chrome as available html engine
2025-07-02T01:12:04.202Z - info: Using extension pptx@4.4.1
2025-07-02T01:12:04.230Z - info: Using extension scheduling@4.1.0
2025-07-02T01:12:04.965Z - info: Using extension scripts@4.2.0
2025-07-02T01:12:04.985Z - info: Using extension static-pdf@4.1.0
2025-07-02T01:12:05.005Z - info: Using extension studio@4.3.1
2025-07-02T01:12:06.902Z - info: Using extension xlsx@4.4.1
2025-07-02T01:12:06.927Z - info: Using extension public-templates@4.0.0
2025-07-02T01:12:06.951Z - debug: Extension public-templates@4.0.0 was disabled
2025-07-02T01:12:06.952Z - info: Using extension sample-template@4.0.1
2025-07-02T01:12:06.982Z - info: Using extension studio-theme-dark@4.0.0
2025-07-02T01:12:07.015Z - warn: options.allowLocalFilesAccess is deprecated, use options.trustUserCode instead
2025-07-02T01:12:07.016Z - info: Using general timeout for rendering (reportTimeout: 60000)
2025-07-02T01:12:07.016Z - info: Using fs provider for template store.
2025-07-02T01:12:07.025Z - info: fs store is persisting using fs for C:\Users\josem\OneDrive\Documentos\GitHub\proyecto_db\nextjs-dashboard\data
2025-07-02T01:12:07.039Z - info: fs store is loading data
2025-07-02T01:12:07.063Z - info: fs store is initialized successfully
2025-07-02T01:12:07.074Z - debug: studio default theme is: light
2025-07-02T01:12:07.087Z - info: Creating default express app.
2025-07-02T01:12:07.738Z - info: jsreport server successfully started on http port: 5488
2025-07-02T01:12:07.740Z - info: Verifying license key free
2025-07-02T01:12:07.741Z - info: Using free license
2025-07-02T01:12:07.812Z - info: Migrating templates chrome settings (waitForNetworkIddle -> waitForNetworkIdle)
2025-07-02T01:12:07.837Z - info: Migration successful
2025-07-02T01:12:07.838Z - debug: Inserting samples
2025-07-02T01:12:07.884Z - debug: Creating folder "samples" for sample entities
2025-07-02T01:12:07.913Z - debug: Inserting sample entity Invoice (entitySet: folders)
2025-07-02T01:12:07.937Z - debug: Inserting sample entity shared (entitySet: folders)
2025-07-02T01:12:07.967Z - debug: Inserting sample entity Sales (entitySet: folders)
2025-07-02T01:12:07.989Z - debug: Inserting sample entity Orders (entitySet: folders)
2025-07-02T01:12:08.015Z - debug: Inserting sample entity invoice-data (entitySet: data)
2025-07-02T01:12:08.043Z - debug: Inserting sample entity sales-data (entitySet: data)
2025-07-02T01:12:08.071Z - debug: Inserting sample entity sales-main (entitySet: templates)
2025-07-02T01:12:08.122Z - debug: Inserting sample entity invoice-main (entitySet: templates)
2025-07-02T01:12:08.162Z - debug: Inserting sample entity orders-header (entitySet: templates)
2025-07-02T01:12:08.196Z - debug: Inserting sample entity orders-main (entitySet: templates)
2025-07-02T01:12:08.253Z - debug: Inserting sample entity global helpers.js (entitySet: assets)
2025-07-02T01:12:08.286Z - debug: Inserting sample entity invoice-styles.css (entitySet: assets)
2025-07-02T01:12:08.317Z - debug: Inserting sample entity sales-styles.css (entitySet: assets)
2025-07-02T01:12:08.349Z - debug: Inserting sample entity orders-styles.css (entitySet: assets)
2025-07-02T01:12:08.386Z - debug: Inserting sample entity invoice-logo.png (entitySet: assets)
2025-07-02T01:12:08.413Z - debug: Inserting sample entity orders-script (entitySet: scripts)
2025-07-02T01:12:08.450Z - info: Initializing worker threads
2025-07-02T01:12:08.452Z - debug: Extensions in workers: base, child-templates, components, data, express, handlebars, jsrender, localization, npm, pdf-utils, reports, text, version-control, assets, browser-client, chrome-pdf, docx, html-to-xlsx, pptx, scripts, static-pdf, studio, xlsx
2025-07-02T01:12:14.608Z - info: 2 worker threads initialized in 6158ms
2025-07-02T01:12:14.609Z - info: Starting temp files cleanup with 180000ms threshold
2025-07-02T01:12:14.611Z - info: reporter initialized
2025-07-02T02:01:23.736Z - debug: OData query on templates
2025-07-02T02:01:23.836Z - debug: OData query on settings
2025-07-02T02:01:23.844Z - debug: OData query on folders
2025-07-02T02:01:23.862Z - debug: OData query on components
2025-07-02T02:01:23.979Z - debug: OData query on data
2025-07-02T02:01:23.992Z - debug: OData query on tags
2025-07-02T02:01:24.006Z - debug: OData query on assets
2025-07-02T02:01:24.069Z - debug: OData query on scripts
2025-07-02T02:01:24.082Z - debug: OData query on schedules
2025-07-02T02:01:24.179Z - debug: OData query on templates
2025-07-02T02:01:24.237Z - debug: OData query on profiles
2025-07-02T02:01:24.254Z - debug: OData query on profiles
2025-07-02T02:01:24.266Z - debug: OData query on profiles
2025-07-02T02:01:24.273Z - debug: OData query on profiles
2025-07-02T02:01:24.280Z - debug: OData query on profiles
2025-07-02T02:01:24.285Z - debug: OData query on profiles
2025-07-02T02:01:24.291Z - debug: OData query on templates
2025-07-02T02:01:33.461Z - debug: OData query on templates
2025-07-02T02:01:33.471Z - debug: OData query on settings
2025-07-02T02:01:33.478Z - debug: OData query on folders
2025-07-02T02:01:33.488Z - debug: OData query on components
2025-07-02T02:01:33.493Z - debug: OData query on data
2025-07-02T02:01:33.499Z - debug: OData query on tags
2025-07-02T02:01:33.505Z - debug: OData query on assets
2025-07-02T02:01:33.511Z - debug: OData query on scripts
2025-07-02T02:01:33.518Z - debug: OData query on schedules
2025-07-02T02:01:33.538Z - debug: OData query on templates
2025-07-02T02:01:33.546Z - debug: OData query on profiles
2025-07-02T02:01:33.552Z - debug: OData query on profiles
2025-07-02T02:01:33.559Z - debug: OData query on profiles
2025-07-02T02:01:33.566Z - debug: OData query on profiles
2025-07-02T02:01:33.572Z - debug: OData query on profiles
2025-07-02T02:01:33.578Z - debug: OData query on profiles
2025-07-02T02:01:33.584Z - debug: OData query on templates
2025-07-02T02:02:08.151Z - debug: OData query on templates
2025-07-02T02:02:08.176Z - debug: OData query on settings
2025-07-02T02:02:08.180Z - debug: OData query on folders
2025-07-02T02:02:08.200Z - debug: OData query on components
2025-07-02T02:02:08.208Z - debug: OData query on data
2025-07-02T02:02:08.216Z - debug: OData query on tags
2025-07-02T02:02:08.223Z - debug: OData query on assets
2025-07-02T02:02:08.232Z - debug: OData query on scripts
2025-07-02T02:02:08.240Z - debug: OData query on schedules
2025-07-02T02:02:08.312Z - debug: OData query on templates
2025-07-02T02:02:08.360Z - debug: OData query on profiles
2025-07-02T02:02:08.383Z - debug: OData query on profiles
2025-07-02T02:02:08.391Z - debug: OData query on profiles
2025-07-02T02:02:08.397Z - debug: OData query on profiles
2025-07-02T02:02:08.404Z - debug: OData query on profiles
2025-07-02T02:02:08.412Z - debug: OData query on profiles
2025-07-02T02:02:08.419Z - debug: OData query on templates
2025-07-02T02:02:17.895Z - debug: OData query on data
2025-07-02T03:34:13.728Z - debug: fs journal was not synced for a while, need full reload
2025-07-02T03:34:13.920Z - info: fs store is loading data
2025-07-05T21:44:30.273Z - info: Initializing jsreport (version: 4.9.0, configuration file: jsreport.config.json, nodejs: 22.11.0)
2025-07-05T21:44:30.278Z - info: Searching for available extensions in C:\Users\josem\OneDrive\Documentos\GitHub\proyecto_db\nextjs-dashboard\
2025-07-05T21:44:30.304Z - info: Extensions location cache C:\Users\josem\AppData\Local\Temp\jsreport\core\locations.json contains older information, crawling
2025-07-05T21:44:37.203Z - info: Found 35 extension(s)
2025-07-05T21:44:38.078Z - debug: Writing extension locations cache to C:\Users\josem\AppData\Local\Temp\jsreport\core\locations.json
2025-07-05T21:44:38.081Z - debug: Discovered 35 extensions
2025-07-05T21:44:38.132Z - debug: Extension authentication@4.2.3 is disabled, skipping
2025-07-05T21:44:38.134Z - info: Using extension base@4.0.0
2025-07-05T21:44:38.151Z - info: Using extension child-templates@4.1.0
2025-07-05T21:44:38.168Z - info: Using extension cli@4.1.1
2025-07-05T21:44:38.227Z - info: Using extension components@4.0.2
2025-07-05T21:44:38.255Z - info: Using extension data@4.1.0
2025-07-05T21:44:38.278Z - info: Using extension express@4.2.0
2025-07-05T21:44:47.924Z - info: Using extension freeze@4.0.0
2025-07-05T21:44:47.929Z - info: Using extension fs-store@4.1.1
2025-07-05T21:44:51.458Z - info: Using extension handlebars@4.0.1
2025-07-05T21:44:51.462Z - info: Using extension import-export@4.0.7
2025-07-05T21:44:51.732Z - info: Using extension jsrender@4.0.0
2025-07-05T21:44:51.735Z - info: Using extension licensing@4.0.5
2025-07-05T21:44:52.388Z - info: Using extension localization@4.0.1
2025-07-05T21:44:52.413Z - info: Using extension npm@4.0.0
2025-07-05T21:44:52.464Z - info: Using extension pdf-utils@4.3.0
2025-07-05T21:44:52.511Z - info: Using extension reports@4.1.4
2025-07-05T21:44:52.555Z - info: Using extension tags@4.0.1
2025-07-05T21:44:52.612Z - info: Using extension text@4.0.2
2025-07-05T21:44:52.617Z - info: Using extension version-control@4.1.1
2025-07-05T21:44:52.870Z - info: Using extension assets@4.2.2
2025-07-05T21:44:53.116Z - info: Using extension authorization@4.1.0
2025-07-05T21:44:53.196Z - debug: Extension authorization@4.1.0 was disabled
2025-07-05T21:44:53.196Z - info: Using extension browser-client@4.1.0
2025-07-05T21:44:53.271Z - info: Using extension chrome-pdf@4.2.0
2025-07-05T21:44:53.297Z - debug: Chrome strategy is chrome-pool, numberOfWorkers: 1
2025-07-05T21:44:53.297Z - debug: Chrome custom launch options are protocolTimeout=60000
2025-07-05T21:44:53.298Z - info: Using extension docx@4.8.0
2025-07-05T21:44:53.303Z - info: Using extension html-to-xlsx@4.2.1
2025-07-05T21:44:58.873Z - info: html-to-xlsx detected chrome as available html engine
2025-07-05T21:44:58.874Z - info: Using extension pptx@4.4.1
2025-07-05T21:44:58.893Z - info: Using extension scheduling@4.1.0
2025-07-05T21:44:59.622Z - info: Using extension scripts@4.2.0
2025-07-05T21:44:59.644Z - info: Using extension static-pdf@4.1.0
2025-07-05T21:44:59.668Z - info: Using extension studio@4.3.1
2025-07-05T21:45:01.449Z - info: Using extension xlsx@4.4.1
2025-07-05T21:45:01.454Z - info: Using extension public-templates@4.0.0
2025-07-05T21:45:01.458Z - debug: Extension public-templates@4.0.0 was disabled
2025-07-05T21:45:01.458Z - info: Using extension sample-template@4.0.1
2025-07-05T21:45:01.463Z - info: Using extension studio-theme-dark@4.0.0
2025-07-05T21:45:01.497Z - warn: options.allowLocalFilesAccess is deprecated, use options.trustUserCode instead
2025-07-05T21:45:01.497Z - info: Using general timeout for rendering (reportTimeout: 60000)
2025-07-05T21:45:01.497Z - info: Using fs provider for template store.
2025-07-05T21:45:01.503Z - info: fs store is persisting using fs for C:\Users\josem\OneDrive\Documentos\GitHub\proyecto_db\nextjs-dashboard\data
2025-07-05T21:45:01.510Z - info: fs store is loading data
2025-07-05T21:45:01.541Z - info: fs store is initialized successfully
2025-07-05T21:45:01.546Z - debug: studio default theme is: light
2025-07-05T21:45:01.552Z - info: Creating default express app.
2025-07-05T21:45:02.310Z - info: jsreport server successfully started on http port: 5488
2025-07-05T21:45:02.312Z - info: Verifying license key free
2025-07-05T21:45:02.313Z - info: Using free license
2025-07-05T21:45:02.321Z - info: Initializing worker threads
2025-07-05T21:45:02.322Z - debug: Extensions in workers: base, child-templates, components, data, express, handlebars, jsrender, localization, npm, pdf-utils, reports, text, version-control, assets, browser-client, chrome-pdf, docx, html-to-xlsx, pptx, scripts, static-pdf, studio, xlsx
2025-07-05T21:45:07.597Z - info: 2 worker threads initialized in 5276ms
2025-07-05T21:45:07.598Z - info: Starting temp files cleanup with 180000ms threshold
2025-07-05T21:45:07.599Z - info: reporter initialized
