{"type":"operationStart","subtype":"profile","data":{"_id":"uUu9ACfSBp90RFZ6","timestamp":"2025-06-25T19:56:10.913Z","state":"queued","mode":"standard","creationDate":"2025-06-25T19:56:10.934Z","modificationDate":"2025-06-25T19:56:10.934Z","shortid":"5YnLxRM","$entitySet":"profiles"},"doDiffs":false,"timestamp":1750881370922,"id":"is1sk84jalzabw9","previousOperationId":null,"operationId":"85hn0kq226bqpq8"}
{"type":"log","level":"info","message":"Render request 1 queued for execution and waiting for available worker","previousOperationId":"85hn0kq226bqpq8","timestamp":1750881370925,"id":"6umaj4voubw6xt5"}
{"type":"operationStart","subtype":"render","name":"anonymous","previousOperationId":"85hn0kq226bqpq8","timestamp":1750881371036,"id":"uksnf7vaa79y3nw","previousEventId":"is1sk84jalzabw9","operationId":"zuoc4rlo1ayzmgn"}
{"type":"log","timestamp":1750881371043,"level":"info","message":"Starting rendering request 1","meta":{"rootId":"ac7jfzkt9ttlau7","id":"ac7jfzkt9ttlau7"},"id":"4y8jicb358odgwf","previousOperationId":"zuoc4rlo1ayzmgn"}
{"type":"log","timestamp":1750881371049,"level":"info","message":"Rendering template { name: productosMasVendidos , recipe: chrome-pdf, engine: jsrender, preview: true }","meta":{"rootId":"ac7jfzkt9ttlau7","id":"ac7jfzkt9ttlau7"},"id":"8sgb2wippcqooi1","previousOperationId":"zuoc4rlo1ayzmgn"}
{"type":"log","timestamp":1750881371049,"level":"debug","message":"Data item not defined for this template.","meta":{"rootId":"ac7jfzkt9ttlau7","id":"ac7jfzkt9ttlau7"},"id":"es4sgd8s3s4nzsp","previousOperationId":"zuoc4rlo1ayzmgn"}
{"type":"log","timestamp":1750881371063,"level":"debug","message":"Base url not specified, skipping its injection.","meta":{"rootId":"ac7jfzkt9ttlau7","id":"ac7jfzkt9ttlau7"},"id":"7l3g13k1o2d35ap","previousOperationId":"zuoc4rlo1ayzmgn"}
{"type":"operationStart","subtype":"engine","name":"jsrender","timestamp":1750881371074,"id":"ocw5qlg2itnmjrz","previousEventId":"uksnf7vaa79y3nw","operationId":"5twvhguldtd0380","previousOperationId":"zuoc4rlo1ayzmgn"}
{"type":"log","timestamp":1750881371074,"level":"debug","message":"Rendering engine jsrender","meta":{"rootId":"ac7jfzkt9ttlau7","id":"ac7jfzkt9ttlau7"},"id":"eu6g14yk2mznoba","previousOperationId":"5twvhguldtd0380"}
{"type":"operationEnd","operationId":"5twvhguldtd0380","timestamp":1750881376757,"id":"ni0kecigqfsrn4i","previousEventId":"ocw5qlg2itnmjrz","previousOperationId":"5twvhguldtd0380"}
{"type":"operationStart","subtype":"recipe","name":"chrome-pdf","timestamp":1750881376758,"id":"jyvuy7xsiywifa0","previousEventId":"ni0kecigqfsrn4i","operationId":"9soatu6rvnosf9b","previousOperationId":"5twvhguldtd0380"}
{"type":"log","timestamp":1750881376758,"level":"debug","message":"Executing recipe chrome-pdf","meta":{"rootId":"ac7jfzkt9ttlau7","id":"ac7jfzkt9ttlau7"},"id":"ml3em6vm8quvyab","previousOperationId":"9soatu6rvnosf9b"}
{"type":"log","timestamp":1750881385253,"level":"debug","message":"Converting with chrome Chrome/136.0.7103.49 using chrome-pool strategy","meta":{"rootId":"ac7jfzkt9ttlau7","id":"ac7jfzkt9ttlau7"},"id":"xil2lii7fd2sosd","previousOperationId":"9soatu6rvnosf9b"}
{"type":"log","timestamp":1750881385363,"level":"debug","message":"Page request: GET (document) file:///C:/Users/josem/AppData/Local/Temp/jsreport/autocleanup/48f8ab94-84d1-43bd-9b69-d4949bd9c85e-chrome-pdf.html","meta":{"rootId":"ac7jfzkt9ttlau7","id":"ac7jfzkt9ttlau7"},"id":"nblswuodnpjpyr9","previousOperationId":"9soatu6rvnosf9b"}
{"type":"log","timestamp":1750881385382,"level":"debug","message":"Page request finished: GET (document) 200 file:///C:/Users/josem/AppData/Local/Temp/jsreport/autocleanup/48f8ab94-84d1-43bd-9b69-d4949bd9c85e-chrome-pdf.html","meta":{"rootId":"ac7jfzkt9ttlau7","id":"ac7jfzkt9ttlau7"},"id":"odc3pqcn4h8nm7v","previousOperationId":"9soatu6rvnosf9b"}
{"type":"log","timestamp":1750881385389,"level":"debug","message":"Running chrome with params {\"printBackground\":true,\"timeout\":54036,\"margin\":{}}","meta":{"rootId":"ac7jfzkt9ttlau7","id":"ac7jfzkt9ttlau7"},"id":"zeaph9aqxwm8sk3","previousOperationId":"9soatu6rvnosf9b"}
{"type":"operationEnd","operationId":"9soatu6rvnosf9b","timestamp":1750881385559,"id":"36pb85uehl15wfe","previousEventId":"jyvuy7xsiywifa0","previousOperationId":"9soatu6rvnosf9b"}
{"type":"log","timestamp":1750881385560,"level":"debug","message":"Skipping storing report.","meta":{"rootId":"ac7jfzkt9ttlau7","id":"ac7jfzkt9ttlau7"},"id":"hfhmzpsy20kmn7a","previousOperationId":"9soatu6rvnosf9b"}
{"type":"log","timestamp":1750881385560,"level":"info","message":"Rendering request 1 finished in 14663 ms","meta":{"rootId":"ac7jfzkt9ttlau7","id":"ac7jfzkt9ttlau7"},"id":"4y5kcyxjivgqlew","previousOperationId":"9soatu6rvnosf9b"}
{"type":"operationEnd","subtype":"render","operationId":"zuoc4rlo1ayzmgn","timestamp":1750881385560,"id":"a8a0klpurp96nwd","previousEventId":"36pb85uehl15wfe","previousOperationId":"9soatu6rvnosf9b"}
{"type":"operationEnd","doDiffs":false,"previousEventId":"is1sk84jalzabw9","previousOperationId":"85hn0kq226bqpq8","operationId":"85hn0kq226bqpq8","timestamp":1750881385567,"id":"xaxjso9h9aw35rh"}
